<?xml version="1.0" encoding="UTF-8"?>
<testsuite xmlns:xsi="http://www.w3.org/2001/XMLSchema-instance" xsi:noNamespaceSchemaLocation="https://maven.apache.org/surefire/maven-surefire-plugin/xsd/surefire-test-report-3.0.xsd" version="3.0" name="sn.ept.git.seminaire.cicd.demo.E_FirstPrincipalTest$Fast" time="1.769" tests="1000" errors="0" skipped="0" failures="0">
  <properties>
    <property name="sun.desktop" value="windows"/>
    <property name="awt.toolkit" value="sun.awt.windows.WToolkit"/>
    <property name="file.encoding.pkg" value="sun.io"/>
    <property name="java.specification.version" value="1.8"/>
    <property name="sun.cpu.isalist" value="amd64"/>
    <property name="sun.jnu.encoding" value="Cp1252"/>
    <property name="java.class.path" value="C:\dev\apps\java\todos\target\test-classes;C:\dev\apps\java\todos\target\classes;C:\Users\ibou.sene\.m2\repository\org\jacoco\jacoco-maven-plugin\0.8.6\jacoco-maven-plugin-0.8.6.jar;C:\Users\ibou.sene\.m2\repository\org\apache\maven\maven-plugin-api\3.0\maven-plugin-api-3.0.jar;C:\Users\ibou.sene\.m2\repository\org\apache\maven\maven-model\3.0\maven-model-3.0.jar;C:\Users\ibou.sene\.m2\repository\org\apache\maven\maven-artifact\3.0\maven-artifact-3.0.jar;C:\Users\ibou.sene\.m2\repository\org\sonatype\sisu\sisu-inject-plexus\1.4.2\sisu-inject-plexus-1.4.2.jar;C:\Users\ibou.sene\.m2\repository\org\sonatype\sisu\sisu-inject-bean\1.4.2\sisu-inject-bean-1.4.2.jar;C:\Users\ibou.sene\.m2\repository\org\sonatype\sisu\sisu-guice\2.1.7\sisu-guice-2.1.7-noaop.jar;C:\Users\ibou.sene\.m2\repository\org\apache\maven\maven-core\3.0\maven-core-3.0.jar;C:\Users\ibou.sene\.m2\repository\org\apache\maven\maven-settings\3.0\maven-settings-3.0.jar;C:\Users\ibou.sene\.m2\repository\org\apache\maven\maven-settings-builder\3.0\maven-settings-builder-3.0.jar;C:\Users\ibou.sene\.m2\repository\org\apache\maven\maven-repository-metadata\3.0\maven-repository-metadata-3.0.jar;C:\Users\ibou.sene\.m2\repository\org\apache\maven\maven-model-builder\3.0\maven-model-builder-3.0.jar;C:\Users\ibou.sene\.m2\repository\org\apache\maven\maven-aether-provider\3.0\maven-aether-provider-3.0.jar;C:\Users\ibou.sene\.m2\repository\org\sonatype\aether\aether-impl\1.7\aether-impl-1.7.jar;C:\Users\ibou.sene\.m2\repository\org\sonatype\aether\aether-spi\1.7\aether-spi-1.7.jar;C:\Users\ibou.sene\.m2\repository\org\sonatype\aether\aether-api\1.7\aether-api-1.7.jar;C:\Users\ibou.sene\.m2\repository\org\sonatype\aether\aether-util\1.7\aether-util-1.7.jar;C:\Users\ibou.sene\.m2\repository\org\codehaus\plexus\plexus-interpolation\1.14\plexus-interpolation-1.14.jar;C:\Users\ibou.sene\.m2\repository\org\codehaus\plexus\plexus-classworlds\2.2.3\plexus-classworlds-2.2.3.jar;C:\Users\ibou.sene\.m2\repository\org\codehaus\plexus\plexus-component-annotations\1.5.5\plexus-component-annotations-1.5.5.jar;C:\Users\ibou.sene\.m2\repository\org\sonatype\plexus\plexus-sec-dispatcher\1.3\plexus-sec-dispatcher-1.3.jar;C:\Users\ibou.sene\.m2\repository\org\sonatype\plexus\plexus-cipher\1.4\plexus-cipher-1.4.jar;C:\Users\ibou.sene\.m2\repository\org\codehaus\plexus\plexus-utils\3.0.22\plexus-utils-3.0.22.jar;C:\Users\ibou.sene\.m2\repository\org\apache\maven\shared\file-management\1.2.1\file-management-1.2.1.jar;C:\Users\ibou.sene\.m2\repository\org\apache\maven\shared\maven-shared-io\1.1\maven-shared-io-1.1.jar;C:\Users\ibou.sene\.m2\repository\org\apache\maven\maven-artifact-manager\2.0.2\maven-artifact-manager-2.0.2.jar;C:\Users\ibou.sene\.m2\repository\org\apache\maven\wagon\wagon-provider-api\1.0-alpha-6\wagon-provider-api-1.0-alpha-6.jar;C:\Users\ibou.sene\.m2\repository\org\codehaus\plexus\plexus-container-default\1.0-alpha-9\plexus-container-default-1.0-alpha-9.jar;C:\Users\ibou.sene\.m2\repository\junit\junit\4.13.2\junit-4.13.2.jar;C:\Users\ibou.sene\.m2\repository\org\hamcrest\hamcrest-core\2.2\hamcrest-core-2.2.jar;C:\Users\ibou.sene\.m2\repository\classworlds\classworlds\1.1-alpha-2\classworlds-1.1-alpha-2.jar;C:\Users\ibou.sene\.m2\repository\org\apache\maven\reporting\maven-reporting-api\3.0\maven-reporting-api-3.0.jar;C:\Users\ibou.sene\.m2\repository\org\apache\maven\doxia\doxia-sink-api\1.0\doxia-sink-api-1.0.jar;C:\Users\ibou.sene\.m2\repository\org\apache\maven\reporting\maven-reporting-impl\2.1\maven-reporting-impl-2.1.jar;C:\Users\ibou.sene\.m2\repository\org\apache\maven\maven-project\2.0.10\maven-project-2.0.10.jar;C:\Users\ibou.sene\.m2\repository\org\apache\maven\maven-profile\2.0.10\maven-profile-2.0.10.jar;C:\Users\ibou.sene\.m2\repository\org\apache\maven\maven-plugin-registry\2.0.10\maven-plugin-registry-2.0.10.jar;C:\Users\ibou.sene\.m2\repository\org\apache\maven\doxia\doxia-core\1.1.2\doxia-core-1.1.2.jar;C:\Users\ibou.sene\.m2\repository\org\apache\maven\doxia\doxia-logging-api\1.1.2\doxia-logging-api-1.1.2.jar;C:\Users\ibou.sene\.m2\repository\xerces\xercesImpl\2.8.1\xercesImpl-2.8.1.jar;C:\Users\ibou.sene\.m2\repository\commons-httpclient\commons-httpclient\3.1\commons-httpclient-3.1.jar;C:\Users\ibou.sene\.m2\repository\commons-codec\commons-codec\1.15\commons-codec-1.15.jar;C:\Users\ibou.sene\.m2\repository\org\apache\maven\doxia\doxia-site-renderer\1.1.2\doxia-site-renderer-1.1.2.jar;C:\Users\ibou.sene\.m2\repository\org\apache\maven\doxia\doxia-decoration-model\1.1.2\doxia-decoration-model-1.1.2.jar;C:\Users\ibou.sene\.m2\repository\org\apache\maven\doxia\doxia-module-xhtml\1.1.2\doxia-module-xhtml-1.1.2.jar;C:\Users\ibou.sene\.m2\repository\org\apache\maven\doxia\doxia-module-fml\1.1.2\doxia-module-fml-1.1.2.jar;C:\Users\ibou.sene\.m2\repository\org\codehaus\plexus\plexus-i18n\1.0-beta-7\plexus-i18n-1.0-beta-7.jar;C:\Users\ibou.sene\.m2\repository\org\codehaus\plexus\plexus-velocity\1.1.7\plexus-velocity-1.1.7.jar;C:\Users\ibou.sene\.m2\repository\org\apache\velocity\velocity\1.5\velocity-1.5.jar;C:\Users\ibou.sene\.m2\repository\commons-collections\commons-collections\3.2\commons-collections-3.2.jar;C:\Users\ibou.sene\.m2\repository\commons-validator\commons-validator\1.2.0\commons-validator-1.2.0.jar;C:\Users\ibou.sene\.m2\repository\commons-beanutils\commons-beanutils\1.7.0\commons-beanutils-1.7.0.jar;C:\Users\ibou.sene\.m2\repository\commons-digester\commons-digester\1.6\commons-digester-1.6.jar;C:\Users\ibou.sene\.m2\repository\commons-logging\commons-logging\1.0.4\commons-logging-1.0.4.jar;C:\Users\ibou.sene\.m2\repository\oro\oro\2.0.8\oro-2.0.8.jar;C:\Users\ibou.sene\.m2\repository\xml-apis\xml-apis\1.0.b2\xml-apis-1.0.b2.jar;C:\Users\ibou.sene\.m2\repository\org\jacoco\org.jacoco.agent\0.8.6\org.jacoco.agent-0.8.6-runtime.jar;C:\Users\ibou.sene\.m2\repository\org\jacoco\org.jacoco.core\0.8.6\org.jacoco.core-0.8.6.jar;C:\Users\ibou.sene\.m2\repository\org\ow2\asm\asm\8.0.1\asm-8.0.1.jar;C:\Users\ibou.sene\.m2\repository\org\ow2\asm\asm-commons\8.0.1\asm-commons-8.0.1.jar;C:\Users\ibou.sene\.m2\repository\org\ow2\asm\asm-analysis\8.0.1\asm-analysis-8.0.1.jar;C:\Users\ibou.sene\.m2\repository\org\ow2\asm\asm-tree\8.0.1\asm-tree-8.0.1.jar;C:\Users\ibou.sene\.m2\repository\org\jacoco\org.jacoco.report\0.8.6\org.jacoco.report-0.8.6.jar;C:\Users\ibou.sene\.m2\repository\com\tngtech\archunit\archunit-junit5-api\0.14.1\archunit-junit5-api-0.14.1.jar;C:\Users\ibou.sene\.m2\repository\com\tngtech\archunit\archunit\0.14.1\archunit-0.14.1.jar;C:\Users\ibou.sene\.m2\repository\org\slf4j\slf4j-api\1.7.31\slf4j-api-1.7.31.jar;C:\Users\ibou.sene\.m2\repository\com\tngtech\archunit\archunit-junit5-engine\0.14.1\archunit-junit5-engine-0.14.1.jar;C:\Users\ibou.sene\.m2\repository\com\tngtech\archunit\archunit-junit5-engine-api\0.14.1\archunit-junit5-engine-api-0.14.1.jar;C:\Users\ibou.sene\.m2\repository\org\junit\platform\junit-platform-engine\1.7.2\junit-platform-engine-1.7.2.jar;C:\Users\ibou.sene\.m2\repository\org\springframework\boot\spring-boot-starter-data-jpa\2.5.2\spring-boot-starter-data-jpa-2.5.2.jar;C:\Users\ibou.sene\.m2\repository\org\springframework\boot\spring-boot-starter-aop\2.5.2\spring-boot-starter-aop-2.5.2.jar;C:\Users\ibou.sene\.m2\repository\org\springframework\spring-aop\5.3.8\spring-aop-5.3.8.jar;C:\Users\ibou.sene\.m2\repository\org\aspectj\aspectjweaver\1.9.6\aspectjweaver-1.9.6.jar;C:\Users\ibou.sene\.m2\repository\org\springframework\boot\spring-boot-starter-jdbc\2.5.2\spring-boot-starter-jdbc-2.5.2.jar;C:\Users\ibou.sene\.m2\repository\com\zaxxer\HikariCP\4.0.3\HikariCP-4.0.3.jar;C:\Users\ibou.sene\.m2\repository\org\springframework\spring-jdbc\5.3.8\spring-jdbc-5.3.8.jar;C:\Users\ibou.sene\.m2\repository\jakarta\transaction\jakarta.transaction-api\1.3.3\jakarta.transaction-api-1.3.3.jar;C:\Users\ibou.sene\.m2\repository\jakarta\persistence\jakarta.persistence-api\2.2.3\jakarta.persistence-api-2.2.3.jar;C:\Users\ibou.sene\.m2\repository\org\hibernate\hibernate-core\5.4.32.Final\hibernate-core-5.4.32.Final.jar;C:\Users\ibou.sene\.m2\repository\org\jboss\logging\jboss-logging\3.4.2.Final\jboss-logging-3.4.2.Final.jar;C:\Users\ibou.sene\.m2\repository\org\javassist\javassist\3.27.0-GA\javassist-3.27.0-GA.jar;C:\Users\ibou.sene\.m2\repository\antlr\antlr\2.7.7\antlr-2.7.7.jar;C:\Users\ibou.sene\.m2\repository\org\jboss\jandex\2.2.3.Final\jandex-2.2.3.Final.jar;C:\Users\ibou.sene\.m2\repository\com\fasterxml\classmate\1.5.1\classmate-1.5.1.jar;C:\Users\ibou.sene\.m2\repository\org\dom4j\dom4j\2.1.3\dom4j-2.1.3.jar;C:\Users\ibou.sene\.m2\repository\org\hibernate\common\hibernate-commons-annotations\5.1.2.Final\hibernate-commons-annotations-5.1.2.Final.jar;C:\Users\ibou.sene\.m2\repository\org\glassfish\jaxb\jaxb-runtime\2.3.4\jaxb-runtime-2.3.4.jar;C:\Users\ibou.sene\.m2\repository\org\glassfish\jaxb\txw2\2.3.4\txw2-2.3.4.jar;C:\Users\ibou.sene\.m2\repository\com\sun\istack\istack-commons-runtime\3.0.12\istack-commons-runtime-3.0.12.jar;C:\Users\ibou.sene\.m2\repository\com\sun\activation\jakarta.activation\1.2.2\jakarta.activation-1.2.2.jar;C:\Users\ibou.sene\.m2\repository\org\springframework\data\spring-data-jpa\2.5.2\spring-data-jpa-2.5.2.jar;C:\Users\ibou.sene\.m2\repository\org\springframework\data\spring-data-commons\2.5.2\spring-data-commons-2.5.2.jar;C:\Users\ibou.sene\.m2\repository\org\springframework\spring-orm\5.3.8\spring-orm-5.3.8.jar;C:\Users\ibou.sene\.m2\repository\org\springframework\spring-context\5.3.8\spring-context-5.3.8.jar;C:\Users\ibou.sene\.m2\repository\org\springframework\spring-tx\5.3.8\spring-tx-5.3.8.jar;C:\Users\ibou.sene\.m2\repository\org\springframework\spring-beans\5.3.8\spring-beans-5.3.8.jar;C:\Users\ibou.sene\.m2\repository\org\springframework\spring-aspects\5.3.8\spring-aspects-5.3.8.jar;C:\Users\ibou.sene\.m2\repository\org\springframework\boot\spring-boot-starter-web\2.5.2\spring-boot-starter-web-2.5.2.jar;C:\Users\ibou.sene\.m2\repository\org\springframework\boot\spring-boot-starter\2.5.2\spring-boot-starter-2.5.2.jar;C:\Users\ibou.sene\.m2\repository\org\springframework\boot\spring-boot\2.5.2\spring-boot-2.5.2.jar;C:\Users\ibou.sene\.m2\repository\org\springframework\boot\spring-boot-autoconfigure\2.5.2\spring-boot-autoconfigure-2.5.2.jar;C:\Users\ibou.sene\.m2\repository\org\springframework\boot\spring-boot-starter-logging\2.5.2\spring-boot-starter-logging-2.5.2.jar;C:\Users\ibou.sene\.m2\repository\ch\qos\logback\logback-classic\1.2.3\logback-classic-1.2.3.jar;C:\Users\ibou.sene\.m2\repository\ch\qos\logback\logback-core\1.2.3\logback-core-1.2.3.jar;C:\Users\ibou.sene\.m2\repository\org\slf4j\jul-to-slf4j\1.7.31\jul-to-slf4j-1.7.31.jar;C:\Users\ibou.sene\.m2\repository\jakarta\annotation\jakarta.annotation-api\1.3.5\jakarta.annotation-api-1.3.5.jar;C:\Users\ibou.sene\.m2\repository\org\yaml\snakeyaml\1.28\snakeyaml-1.28.jar;C:\Users\ibou.sene\.m2\repository\org\springframework\boot\spring-boot-starter-json\2.5.2\spring-boot-starter-json-2.5.2.jar;C:\Users\ibou.sene\.m2\repository\com\fasterxml\jackson\core\jackson-databind\2.12.3\jackson-databind-2.12.3.jar;C:\Users\ibou.sene\.m2\repository\com\fasterxml\jackson\core\jackson-annotations\2.12.3\jackson-annotations-2.12.3.jar;C:\Users\ibou.sene\.m2\repository\com\fasterxml\jackson\core\jackson-core\2.12.3\jackson-core-2.12.3.jar;C:\Users\ibou.sene\.m2\repository\com\fasterxml\jackson\datatype\jackson-datatype-jdk8\2.12.3\jackson-datatype-jdk8-2.12.3.jar;C:\Users\ibou.sene\.m2\repository\com\fasterxml\jackson\datatype\jackson-datatype-jsr310\2.12.3\jackson-datatype-jsr310-2.12.3.jar;C:\Users\ibou.sene\.m2\repository\com\fasterxml\jackson\module\jackson-module-parameter-names\2.12.3\jackson-module-parameter-names-2.12.3.jar;C:\Users\ibou.sene\.m2\repository\org\springframework\boot\spring-boot-starter-tomcat\2.5.2\spring-boot-starter-tomcat-2.5.2.jar;C:\Users\ibou.sene\.m2\repository\org\apache\tomcat\embed\tomcat-embed-core\9.0.48\tomcat-embed-core-9.0.48.jar;C:\Users\ibou.sene\.m2\repository\org\apache\tomcat\embed\tomcat-embed-websocket\9.0.48\tomcat-embed-websocket-9.0.48.jar;C:\Users\ibou.sene\.m2\repository\org\springframework\spring-web\5.3.8\spring-web-5.3.8.jar;C:\Users\ibou.sene\.m2\repository\org\springframework\spring-webmvc\5.3.8\spring-webmvc-5.3.8.jar;C:\Users\ibou.sene\.m2\repository\org\springframework\spring-expression\5.3.8\spring-expression-5.3.8.jar;C:\Users\ibou.sene\.m2\repository\com\microsoft\sqlserver\mssql-jdbc\9.2.1.jre8\mssql-jdbc-9.2.1.jre8.jar;C:\Users\ibou.sene\.m2\repository\mysql\mysql-connector-java\8.0.25\mysql-connector-java-8.0.25.jar;C:\Users\ibou.sene\.m2\repository\org\mapstruct\mapstruct-processor\1.3.1.Final\mapstruct-processor-1.3.1.Final.jar;C:\Users\ibou.sene\.m2\repository\org\mapstruct\mapstruct\1.3.1.Final\mapstruct-1.3.1.Final.jar;C:\Users\ibou.sene\.m2\repository\org\projectlombok\lombok\1.18.10\lombok-1.18.10.jar;C:\Users\ibou.sene\.m2\repository\org\springframework\boot\spring-boot-starter-test\2.5.2\spring-boot-starter-test-2.5.2.jar;C:\Users\ibou.sene\.m2\repository\org\springframework\boot\spring-boot-test\2.5.2\spring-boot-test-2.5.2.jar;C:\Users\ibou.sene\.m2\repository\org\springframework\boot\spring-boot-test-autoconfigure\2.5.2\spring-boot-test-autoconfigure-2.5.2.jar;C:\Users\ibou.sene\.m2\repository\com\jayway\jsonpath\json-path\2.5.0\json-path-2.5.0.jar;C:\Users\ibou.sene\.m2\repository\net\minidev\json-smart\2.4.7\json-smart-2.4.7.jar;C:\Users\ibou.sene\.m2\repository\net\minidev\accessors-smart\2.4.7\accessors-smart-2.4.7.jar;C:\Users\ibou.sene\.m2\repository\jakarta\xml\bind\jakarta.xml.bind-api\2.3.3\jakarta.xml.bind-api-2.3.3.jar;C:\Users\ibou.sene\.m2\repository\jakarta\activation\jakarta.activation-api\1.2.2\jakarta.activation-api-1.2.2.jar;C:\Users\ibou.sene\.m2\repository\org\assertj\assertj-core\3.19.0\assertj-core-3.19.0.jar;C:\Users\ibou.sene\.m2\repository\org\hamcrest\hamcrest\2.2\hamcrest-2.2.jar;C:\Users\ibou.sene\.m2\repository\org\junit\jupiter\junit-jupiter\5.7.2\junit-jupiter-5.7.2.jar;C:\Users\ibou.sene\.m2\repository\org\junit\jupiter\junit-jupiter-params\5.7.2\junit-jupiter-params-5.7.2.jar;C:\Users\ibou.sene\.m2\repository\org\junit\jupiter\junit-jupiter-engine\5.7.2\junit-jupiter-engine-5.7.2.jar;C:\Users\ibou.sene\.m2\repository\org\mockito\mockito-junit-jupiter\3.9.0\mockito-junit-jupiter-3.9.0.jar;C:\Users\ibou.sene\.m2\repository\org\skyscreamer\jsonassert\1.5.0\jsonassert-1.5.0.jar;C:\Users\ibou.sene\.m2\repository\com\vaadin\external\google\android-json\0.0.20131108.vaadin1\android-json-0.0.20131108.vaadin1.jar;C:\Users\ibou.sene\.m2\repository\org\springframework\spring-core\5.3.8\spring-core-5.3.8.jar;C:\Users\ibou.sene\.m2\repository\org\springframework\spring-jcl\5.3.8\spring-jcl-5.3.8.jar;C:\Users\ibou.sene\.m2\repository\org\springframework\spring-test\5.3.8\spring-test-5.3.8.jar;C:\Users\ibou.sene\.m2\repository\org\xmlunit\xmlunit-core\2.8.2\xmlunit-core-2.8.2.jar;C:\Users\ibou.sene\.m2\repository\org\hamcrest\hamcrest-all\1.3\hamcrest-all-1.3.jar;C:\Users\ibou.sene\.m2\repository\org\mockito\mockito-core\3.9.0\mockito-core-3.9.0.jar;C:\Users\ibou.sene\.m2\repository\net\bytebuddy\byte-buddy\1.10.22\byte-buddy-1.10.22.jar;C:\Users\ibou.sene\.m2\repository\net\bytebuddy\byte-buddy-agent\1.10.22\byte-buddy-agent-1.10.22.jar;C:\Users\ibou.sene\.m2\repository\org\objenesis\objenesis\3.2\objenesis-3.2.jar;C:\Users\ibou.sene\.m2\repository\org\junit\jupiter\junit-jupiter-api\5.8.1\junit-jupiter-api-5.8.1.jar;C:\Users\ibou.sene\.m2\repository\org\opentest4j\opentest4j\1.2.0\opentest4j-1.2.0.jar;C:\Users\ibou.sene\.m2\repository\org\junit\platform\junit-platform-commons\1.7.2\junit-platform-commons-1.7.2.jar;C:\Users\ibou.sene\.m2\repository\org\apiguardian\apiguardian-api\1.1.2\apiguardian-api-1.1.2.jar;C:\Users\ibou.sene\.m2\repository\com\h2database\h2\1.4.200\h2-1.4.200.jar;C:\Users\ibou.sene\.m2\repository\org\springframework\boot\spring-boot-starter-validation\2.5.2\spring-boot-starter-validation-2.5.2.jar;C:\Users\ibou.sene\.m2\repository\org\apache\tomcat\embed\tomcat-embed-el\9.0.48\tomcat-embed-el-9.0.48.jar;C:\Users\ibou.sene\.m2\repository\org\hibernate\validator\hibernate-validator\6.2.0.Final\hibernate-validator-6.2.0.Final.jar;C:\Users\ibou.sene\.m2\repository\jakarta\validation\jakarta.validation-api\2.0.2\jakarta.validation-api-2.0.2.jar;C:\Users\ibou.sene\.m2\repository\commons-lang\commons-lang\2.5\commons-lang-2.5.jar;"/>
    <property name="java.vm.vendor" value="Oracle Corporation"/>
    <property name="sun.arch.data.model" value="64"/>
    <property name="user.variant" value=""/>
    <property name="java.vendor.url" value="http://java.oracle.com/"/>
    <property name="user.timezone" value="UTC"/>
    <property name="java.vm.specification.version" value="1.8"/>
    <property name="os.name" value="Windows 10"/>
    <property name="user.country" value="FR"/>
    <property name="sun.java.launcher" value="SUN_STANDARD"/>
    <property name="sun.boot.library.path" value="C:\Program Files\Java\jdk1.8.0_261\jre\bin"/>
    <property name="sun.java.command" value="C:\Users\ibou.sene\AppData\Local\Temp\surefire6442626094974564489\surefirebooter2044618815835092215.jar C:\Users\ibou.sene\AppData\Local\Temp\surefire6442626094974564489 2022-08-11T16-18-24_642-jvmRun1 surefire8729040781764959487tmp surefire_55037636296389092401tmp"/>
    <property name="surefire.test.class.path" value="C:\dev\apps\java\todos\target\test-classes;C:\dev\apps\java\todos\target\classes;C:\Users\ibou.sene\.m2\repository\org\jacoco\jacoco-maven-plugin\0.8.6\jacoco-maven-plugin-0.8.6.jar;C:\Users\ibou.sene\.m2\repository\org\apache\maven\maven-plugin-api\3.0\maven-plugin-api-3.0.jar;C:\Users\ibou.sene\.m2\repository\org\apache\maven\maven-model\3.0\maven-model-3.0.jar;C:\Users\ibou.sene\.m2\repository\org\apache\maven\maven-artifact\3.0\maven-artifact-3.0.jar;C:\Users\ibou.sene\.m2\repository\org\sonatype\sisu\sisu-inject-plexus\1.4.2\sisu-inject-plexus-1.4.2.jar;C:\Users\ibou.sene\.m2\repository\org\sonatype\sisu\sisu-inject-bean\1.4.2\sisu-inject-bean-1.4.2.jar;C:\Users\ibou.sene\.m2\repository\org\sonatype\sisu\sisu-guice\2.1.7\sisu-guice-2.1.7-noaop.jar;C:\Users\ibou.sene\.m2\repository\org\apache\maven\maven-core\3.0\maven-core-3.0.jar;C:\Users\ibou.sene\.m2\repository\org\apache\maven\maven-settings\3.0\maven-settings-3.0.jar;C:\Users\ibou.sene\.m2\repository\org\apache\maven\maven-settings-builder\3.0\maven-settings-builder-3.0.jar;C:\Users\ibou.sene\.m2\repository\org\apache\maven\maven-repository-metadata\3.0\maven-repository-metadata-3.0.jar;C:\Users\ibou.sene\.m2\repository\org\apache\maven\maven-model-builder\3.0\maven-model-builder-3.0.jar;C:\Users\ibou.sene\.m2\repository\org\apache\maven\maven-aether-provider\3.0\maven-aether-provider-3.0.jar;C:\Users\ibou.sene\.m2\repository\org\sonatype\aether\aether-impl\1.7\aether-impl-1.7.jar;C:\Users\ibou.sene\.m2\repository\org\sonatype\aether\aether-spi\1.7\aether-spi-1.7.jar;C:\Users\ibou.sene\.m2\repository\org\sonatype\aether\aether-api\1.7\aether-api-1.7.jar;C:\Users\ibou.sene\.m2\repository\org\sonatype\aether\aether-util\1.7\aether-util-1.7.jar;C:\Users\ibou.sene\.m2\repository\org\codehaus\plexus\plexus-interpolation\1.14\plexus-interpolation-1.14.jar;C:\Users\ibou.sene\.m2\repository\org\codehaus\plexus\plexus-classworlds\2.2.3\plexus-classworlds-2.2.3.jar;C:\Users\ibou.sene\.m2\repository\org\codehaus\plexus\plexus-component-annotations\1.5.5\plexus-component-annotations-1.5.5.jar;C:\Users\ibou.sene\.m2\repository\org\sonatype\plexus\plexus-sec-dispatcher\1.3\plexus-sec-dispatcher-1.3.jar;C:\Users\ibou.sene\.m2\repository\org\sonatype\plexus\plexus-cipher\1.4\plexus-cipher-1.4.jar;C:\Users\ibou.sene\.m2\repository\org\codehaus\plexus\plexus-utils\3.0.22\plexus-utils-3.0.22.jar;C:\Users\ibou.sene\.m2\repository\org\apache\maven\shared\file-management\1.2.1\file-management-1.2.1.jar;C:\Users\ibou.sene\.m2\repository\org\apache\maven\shared\maven-shared-io\1.1\maven-shared-io-1.1.jar;C:\Users\ibou.sene\.m2\repository\org\apache\maven\maven-artifact-manager\2.0.2\maven-artifact-manager-2.0.2.jar;C:\Users\ibou.sene\.m2\repository\org\apache\maven\wagon\wagon-provider-api\1.0-alpha-6\wagon-provider-api-1.0-alpha-6.jar;C:\Users\ibou.sene\.m2\repository\org\codehaus\plexus\plexus-container-default\1.0-alpha-9\plexus-container-default-1.0-alpha-9.jar;C:\Users\ibou.sene\.m2\repository\junit\junit\4.13.2\junit-4.13.2.jar;C:\Users\ibou.sene\.m2\repository\org\hamcrest\hamcrest-core\2.2\hamcrest-core-2.2.jar;C:\Users\ibou.sene\.m2\repository\classworlds\classworlds\1.1-alpha-2\classworlds-1.1-alpha-2.jar;C:\Users\ibou.sene\.m2\repository\org\apache\maven\reporting\maven-reporting-api\3.0\maven-reporting-api-3.0.jar;C:\Users\ibou.sene\.m2\repository\org\apache\maven\doxia\doxia-sink-api\1.0\doxia-sink-api-1.0.jar;C:\Users\ibou.sene\.m2\repository\org\apache\maven\reporting\maven-reporting-impl\2.1\maven-reporting-impl-2.1.jar;C:\Users\ibou.sene\.m2\repository\org\apache\maven\maven-project\2.0.10\maven-project-2.0.10.jar;C:\Users\ibou.sene\.m2\repository\org\apache\maven\maven-profile\2.0.10\maven-profile-2.0.10.jar;C:\Users\ibou.sene\.m2\repository\org\apache\maven\maven-plugin-registry\2.0.10\maven-plugin-registry-2.0.10.jar;C:\Users\ibou.sene\.m2\repository\org\apache\maven\doxia\doxia-core\1.1.2\doxia-core-1.1.2.jar;C:\Users\ibou.sene\.m2\repository\org\apache\maven\doxia\doxia-logging-api\1.1.2\doxia-logging-api-1.1.2.jar;C:\Users\ibou.sene\.m2\repository\xerces\xercesImpl\2.8.1\xercesImpl-2.8.1.jar;C:\Users\ibou.sene\.m2\repository\commons-httpclient\commons-httpclient\3.1\commons-httpclient-3.1.jar;C:\Users\ibou.sene\.m2\repository\commons-codec\commons-codec\1.15\commons-codec-1.15.jar;C:\Users\ibou.sene\.m2\repository\org\apache\maven\doxia\doxia-site-renderer\1.1.2\doxia-site-renderer-1.1.2.jar;C:\Users\ibou.sene\.m2\repository\org\apache\maven\doxia\doxia-decoration-model\1.1.2\doxia-decoration-model-1.1.2.jar;C:\Users\ibou.sene\.m2\repository\org\apache\maven\doxia\doxia-module-xhtml\1.1.2\doxia-module-xhtml-1.1.2.jar;C:\Users\ibou.sene\.m2\repository\org\apache\maven\doxia\doxia-module-fml\1.1.2\doxia-module-fml-1.1.2.jar;C:\Users\ibou.sene\.m2\repository\org\codehaus\plexus\plexus-i18n\1.0-beta-7\plexus-i18n-1.0-beta-7.jar;C:\Users\ibou.sene\.m2\repository\org\codehaus\plexus\plexus-velocity\1.1.7\plexus-velocity-1.1.7.jar;C:\Users\ibou.sene\.m2\repository\org\apache\velocity\velocity\1.5\velocity-1.5.jar;C:\Users\ibou.sene\.m2\repository\commons-collections\commons-collections\3.2\commons-collections-3.2.jar;C:\Users\ibou.sene\.m2\repository\commons-validator\commons-validator\1.2.0\commons-validator-1.2.0.jar;C:\Users\ibou.sene\.m2\repository\commons-beanutils\commons-beanutils\1.7.0\commons-beanutils-1.7.0.jar;C:\Users\ibou.sene\.m2\repository\commons-digester\commons-digester\1.6\commons-digester-1.6.jar;C:\Users\ibou.sene\.m2\repository\commons-logging\commons-logging\1.0.4\commons-logging-1.0.4.jar;C:\Users\ibou.sene\.m2\repository\oro\oro\2.0.8\oro-2.0.8.jar;C:\Users\ibou.sene\.m2\repository\xml-apis\xml-apis\1.0.b2\xml-apis-1.0.b2.jar;C:\Users\ibou.sene\.m2\repository\org\jacoco\org.jacoco.agent\0.8.6\org.jacoco.agent-0.8.6-runtime.jar;C:\Users\ibou.sene\.m2\repository\org\jacoco\org.jacoco.core\0.8.6\org.jacoco.core-0.8.6.jar;C:\Users\ibou.sene\.m2\repository\org\ow2\asm\asm\8.0.1\asm-8.0.1.jar;C:\Users\ibou.sene\.m2\repository\org\ow2\asm\asm-commons\8.0.1\asm-commons-8.0.1.jar;C:\Users\ibou.sene\.m2\repository\org\ow2\asm\asm-analysis\8.0.1\asm-analysis-8.0.1.jar;C:\Users\ibou.sene\.m2\repository\org\ow2\asm\asm-tree\8.0.1\asm-tree-8.0.1.jar;C:\Users\ibou.sene\.m2\repository\org\jacoco\org.jacoco.report\0.8.6\org.jacoco.report-0.8.6.jar;C:\Users\ibou.sene\.m2\repository\com\tngtech\archunit\archunit-junit5-api\0.14.1\archunit-junit5-api-0.14.1.jar;C:\Users\ibou.sene\.m2\repository\com\tngtech\archunit\archunit\0.14.1\archunit-0.14.1.jar;C:\Users\ibou.sene\.m2\repository\org\slf4j\slf4j-api\1.7.31\slf4j-api-1.7.31.jar;C:\Users\ibou.sene\.m2\repository\com\tngtech\archunit\archunit-junit5-engine\0.14.1\archunit-junit5-engine-0.14.1.jar;C:\Users\ibou.sene\.m2\repository\com\tngtech\archunit\archunit-junit5-engine-api\0.14.1\archunit-junit5-engine-api-0.14.1.jar;C:\Users\ibou.sene\.m2\repository\org\junit\platform\junit-platform-engine\1.7.2\junit-platform-engine-1.7.2.jar;C:\Users\ibou.sene\.m2\repository\org\springframework\boot\spring-boot-starter-data-jpa\2.5.2\spring-boot-starter-data-jpa-2.5.2.jar;C:\Users\ibou.sene\.m2\repository\org\springframework\boot\spring-boot-starter-aop\2.5.2\spring-boot-starter-aop-2.5.2.jar;C:\Users\ibou.sene\.m2\repository\org\springframework\spring-aop\5.3.8\spring-aop-5.3.8.jar;C:\Users\ibou.sene\.m2\repository\org\aspectj\aspectjweaver\1.9.6\aspectjweaver-1.9.6.jar;C:\Users\ibou.sene\.m2\repository\org\springframework\boot\spring-boot-starter-jdbc\2.5.2\spring-boot-starter-jdbc-2.5.2.jar;C:\Users\ibou.sene\.m2\repository\com\zaxxer\HikariCP\4.0.3\HikariCP-4.0.3.jar;C:\Users\ibou.sene\.m2\repository\org\springframework\spring-jdbc\5.3.8\spring-jdbc-5.3.8.jar;C:\Users\ibou.sene\.m2\repository\jakarta\transaction\jakarta.transaction-api\1.3.3\jakarta.transaction-api-1.3.3.jar;C:\Users\ibou.sene\.m2\repository\jakarta\persistence\jakarta.persistence-api\2.2.3\jakarta.persistence-api-2.2.3.jar;C:\Users\ibou.sene\.m2\repository\org\hibernate\hibernate-core\5.4.32.Final\hibernate-core-5.4.32.Final.jar;C:\Users\ibou.sene\.m2\repository\org\jboss\logging\jboss-logging\3.4.2.Final\jboss-logging-3.4.2.Final.jar;C:\Users\ibou.sene\.m2\repository\org\javassist\javassist\3.27.0-GA\javassist-3.27.0-GA.jar;C:\Users\ibou.sene\.m2\repository\antlr\antlr\2.7.7\antlr-2.7.7.jar;C:\Users\ibou.sene\.m2\repository\org\jboss\jandex\2.2.3.Final\jandex-2.2.3.Final.jar;C:\Users\ibou.sene\.m2\repository\com\fasterxml\classmate\1.5.1\classmate-1.5.1.jar;C:\Users\ibou.sene\.m2\repository\org\dom4j\dom4j\2.1.3\dom4j-2.1.3.jar;C:\Users\ibou.sene\.m2\repository\org\hibernate\common\hibernate-commons-annotations\5.1.2.Final\hibernate-commons-annotations-5.1.2.Final.jar;C:\Users\ibou.sene\.m2\repository\org\glassfish\jaxb\jaxb-runtime\2.3.4\jaxb-runtime-2.3.4.jar;C:\Users\ibou.sene\.m2\repository\org\glassfish\jaxb\txw2\2.3.4\txw2-2.3.4.jar;C:\Users\ibou.sene\.m2\repository\com\sun\istack\istack-commons-runtime\3.0.12\istack-commons-runtime-3.0.12.jar;C:\Users\ibou.sene\.m2\repository\com\sun\activation\jakarta.activation\1.2.2\jakarta.activation-1.2.2.jar;C:\Users\ibou.sene\.m2\repository\org\springframework\data\spring-data-jpa\2.5.2\spring-data-jpa-2.5.2.jar;C:\Users\ibou.sene\.m2\repository\org\springframework\data\spring-data-commons\2.5.2\spring-data-commons-2.5.2.jar;C:\Users\ibou.sene\.m2\repository\org\springframework\spring-orm\5.3.8\spring-orm-5.3.8.jar;C:\Users\ibou.sene\.m2\repository\org\springframework\spring-context\5.3.8\spring-context-5.3.8.jar;C:\Users\ibou.sene\.m2\repository\org\springframework\spring-tx\5.3.8\spring-tx-5.3.8.jar;C:\Users\ibou.sene\.m2\repository\org\springframework\spring-beans\5.3.8\spring-beans-5.3.8.jar;C:\Users\ibou.sene\.m2\repository\org\springframework\spring-aspects\5.3.8\spring-aspects-5.3.8.jar;C:\Users\ibou.sene\.m2\repository\org\springframework\boot\spring-boot-starter-web\2.5.2\spring-boot-starter-web-2.5.2.jar;C:\Users\ibou.sene\.m2\repository\org\springframework\boot\spring-boot-starter\2.5.2\spring-boot-starter-2.5.2.jar;C:\Users\ibou.sene\.m2\repository\org\springframework\boot\spring-boot\2.5.2\spring-boot-2.5.2.jar;C:\Users\ibou.sene\.m2\repository\org\springframework\boot\spring-boot-autoconfigure\2.5.2\spring-boot-autoconfigure-2.5.2.jar;C:\Users\ibou.sene\.m2\repository\org\springframework\boot\spring-boot-starter-logging\2.5.2\spring-boot-starter-logging-2.5.2.jar;C:\Users\ibou.sene\.m2\repository\ch\qos\logback\logback-classic\1.2.3\logback-classic-1.2.3.jar;C:\Users\ibou.sene\.m2\repository\ch\qos\logback\logback-core\1.2.3\logback-core-1.2.3.jar;C:\Users\ibou.sene\.m2\repository\org\slf4j\jul-to-slf4j\1.7.31\jul-to-slf4j-1.7.31.jar;C:\Users\ibou.sene\.m2\repository\jakarta\annotation\jakarta.annotation-api\1.3.5\jakarta.annotation-api-1.3.5.jar;C:\Users\ibou.sene\.m2\repository\org\yaml\snakeyaml\1.28\snakeyaml-1.28.jar;C:\Users\ibou.sene\.m2\repository\org\springframework\boot\spring-boot-starter-json\2.5.2\spring-boot-starter-json-2.5.2.jar;C:\Users\ibou.sene\.m2\repository\com\fasterxml\jackson\core\jackson-databind\2.12.3\jackson-databind-2.12.3.jar;C:\Users\ibou.sene\.m2\repository\com\fasterxml\jackson\core\jackson-annotations\2.12.3\jackson-annotations-2.12.3.jar;C:\Users\ibou.sene\.m2\repository\com\fasterxml\jackson\core\jackson-core\2.12.3\jackson-core-2.12.3.jar;C:\Users\ibou.sene\.m2\repository\com\fasterxml\jackson\datatype\jackson-datatype-jdk8\2.12.3\jackson-datatype-jdk8-2.12.3.jar;C:\Users\ibou.sene\.m2\repository\com\fasterxml\jackson\datatype\jackson-datatype-jsr310\2.12.3\jackson-datatype-jsr310-2.12.3.jar;C:\Users\ibou.sene\.m2\repository\com\fasterxml\jackson\module\jackson-module-parameter-names\2.12.3\jackson-module-parameter-names-2.12.3.jar;C:\Users\ibou.sene\.m2\repository\org\springframework\boot\spring-boot-starter-tomcat\2.5.2\spring-boot-starter-tomcat-2.5.2.jar;C:\Users\ibou.sene\.m2\repository\org\apache\tomcat\embed\tomcat-embed-core\9.0.48\tomcat-embed-core-9.0.48.jar;C:\Users\ibou.sene\.m2\repository\org\apache\tomcat\embed\tomcat-embed-websocket\9.0.48\tomcat-embed-websocket-9.0.48.jar;C:\Users\ibou.sene\.m2\repository\org\springframework\spring-web\5.3.8\spring-web-5.3.8.jar;C:\Users\ibou.sene\.m2\repository\org\springframework\spring-webmvc\5.3.8\spring-webmvc-5.3.8.jar;C:\Users\ibou.sene\.m2\repository\org\springframework\spring-expression\5.3.8\spring-expression-5.3.8.jar;C:\Users\ibou.sene\.m2\repository\com\microsoft\sqlserver\mssql-jdbc\9.2.1.jre8\mssql-jdbc-9.2.1.jre8.jar;C:\Users\ibou.sene\.m2\repository\mysql\mysql-connector-java\8.0.25\mysql-connector-java-8.0.25.jar;C:\Users\ibou.sene\.m2\repository\org\mapstruct\mapstruct-processor\1.3.1.Final\mapstruct-processor-1.3.1.Final.jar;C:\Users\ibou.sene\.m2\repository\org\mapstruct\mapstruct\1.3.1.Final\mapstruct-1.3.1.Final.jar;C:\Users\ibou.sene\.m2\repository\org\projectlombok\lombok\1.18.10\lombok-1.18.10.jar;C:\Users\ibou.sene\.m2\repository\org\springframework\boot\spring-boot-starter-test\2.5.2\spring-boot-starter-test-2.5.2.jar;C:\Users\ibou.sene\.m2\repository\org\springframework\boot\spring-boot-test\2.5.2\spring-boot-test-2.5.2.jar;C:\Users\ibou.sene\.m2\repository\org\springframework\boot\spring-boot-test-autoconfigure\2.5.2\spring-boot-test-autoconfigure-2.5.2.jar;C:\Users\ibou.sene\.m2\repository\com\jayway\jsonpath\json-path\2.5.0\json-path-2.5.0.jar;C:\Users\ibou.sene\.m2\repository\net\minidev\json-smart\2.4.7\json-smart-2.4.7.jar;C:\Users\ibou.sene\.m2\repository\net\minidev\accessors-smart\2.4.7\accessors-smart-2.4.7.jar;C:\Users\ibou.sene\.m2\repository\jakarta\xml\bind\jakarta.xml.bind-api\2.3.3\jakarta.xml.bind-api-2.3.3.jar;C:\Users\ibou.sene\.m2\repository\jakarta\activation\jakarta.activation-api\1.2.2\jakarta.activation-api-1.2.2.jar;C:\Users\ibou.sene\.m2\repository\org\assertj\assertj-core\3.19.0\assertj-core-3.19.0.jar;C:\Users\ibou.sene\.m2\repository\org\hamcrest\hamcrest\2.2\hamcrest-2.2.jar;C:\Users\ibou.sene\.m2\repository\org\junit\jupiter\junit-jupiter\5.7.2\junit-jupiter-5.7.2.jar;C:\Users\ibou.sene\.m2\repository\org\junit\jupiter\junit-jupiter-params\5.7.2\junit-jupiter-params-5.7.2.jar;C:\Users\ibou.sene\.m2\repository\org\junit\jupiter\junit-jupiter-engine\5.7.2\junit-jupiter-engine-5.7.2.jar;C:\Users\ibou.sene\.m2\repository\org\mockito\mockito-junit-jupiter\3.9.0\mockito-junit-jupiter-3.9.0.jar;C:\Users\ibou.sene\.m2\repository\org\skyscreamer\jsonassert\1.5.0\jsonassert-1.5.0.jar;C:\Users\ibou.sene\.m2\repository\com\vaadin\external\google\android-json\0.0.20131108.vaadin1\android-json-0.0.20131108.vaadin1.jar;C:\Users\ibou.sene\.m2\repository\org\springframework\spring-core\5.3.8\spring-core-5.3.8.jar;C:\Users\ibou.sene\.m2\repository\org\springframework\spring-jcl\5.3.8\spring-jcl-5.3.8.jar;C:\Users\ibou.sene\.m2\repository\org\springframework\spring-test\5.3.8\spring-test-5.3.8.jar;C:\Users\ibou.sene\.m2\repository\org\xmlunit\xmlunit-core\2.8.2\xmlunit-core-2.8.2.jar;C:\Users\ibou.sene\.m2\repository\org\hamcrest\hamcrest-all\1.3\hamcrest-all-1.3.jar;C:\Users\ibou.sene\.m2\repository\org\mockito\mockito-core\3.9.0\mockito-core-3.9.0.jar;C:\Users\ibou.sene\.m2\repository\net\bytebuddy\byte-buddy\1.10.22\byte-buddy-1.10.22.jar;C:\Users\ibou.sene\.m2\repository\net\bytebuddy\byte-buddy-agent\1.10.22\byte-buddy-agent-1.10.22.jar;C:\Users\ibou.sene\.m2\repository\org\objenesis\objenesis\3.2\objenesis-3.2.jar;C:\Users\ibou.sene\.m2\repository\org\junit\jupiter\junit-jupiter-api\5.8.1\junit-jupiter-api-5.8.1.jar;C:\Users\ibou.sene\.m2\repository\org\opentest4j\opentest4j\1.2.0\opentest4j-1.2.0.jar;C:\Users\ibou.sene\.m2\repository\org\junit\platform\junit-platform-commons\1.7.2\junit-platform-commons-1.7.2.jar;C:\Users\ibou.sene\.m2\repository\org\apiguardian\apiguardian-api\1.1.2\apiguardian-api-1.1.2.jar;C:\Users\ibou.sene\.m2\repository\com\h2database\h2\1.4.200\h2-1.4.200.jar;C:\Users\ibou.sene\.m2\repository\org\springframework\boot\spring-boot-starter-validation\2.5.2\spring-boot-starter-validation-2.5.2.jar;C:\Users\ibou.sene\.m2\repository\org\apache\tomcat\embed\tomcat-embed-el\9.0.48\tomcat-embed-el-9.0.48.jar;C:\Users\ibou.sene\.m2\repository\org\hibernate\validator\hibernate-validator\6.2.0.Final\hibernate-validator-6.2.0.Final.jar;C:\Users\ibou.sene\.m2\repository\jakarta\validation\jakarta.validation-api\2.0.2\jakarta.validation-api-2.0.2.jar;C:\Users\ibou.sene\.m2\repository\commons-lang\commons-lang\2.5\commons-lang-2.5.jar;"/>
    <property name="sun.cpu.endian" value="little"/>
    <property name="user.home" value="C:\Users\ibou.sene"/>
    <property name="user.language" value="fr"/>
    <property name="java.specification.vendor" value="Oracle Corporation"/>
    <property name="java.home" value="C:\Program Files\Java\jdk1.8.0_261\jre"/>
    <property name="basedir" value="C:\dev\apps\java\todos"/>
    <property name="file.separator" value="\"/>
    <property name="line.separator" value="&#10;"/>
    <property name="java.vm.specification.vendor" value="Oracle Corporation"/>
    <property name="java.specification.name" value="Java Platform API Specification"/>
    <property name="java.awt.graphicsenv" value="sun.awt.Win32GraphicsEnvironment"/>
    <property name="surefire.real.class.path" value="C:\Users\ibou.sene\AppData\Local\Temp\surefire6442626094974564489\surefirebooter2044618815835092215.jar"/>
    <property name="sun.boot.class.path" value="C:\Program Files\Java\jdk1.8.0_261\jre\lib\resources.jar;C:\Program Files\Java\jdk1.8.0_261\jre\lib\rt.jar;C:\Program Files\Java\jdk1.8.0_261\jre\lib\sunrsasign.jar;C:\Program Files\Java\jdk1.8.0_261\jre\lib\jsse.jar;C:\Program Files\Java\jdk1.8.0_261\jre\lib\jce.jar;C:\Program Files\Java\jdk1.8.0_261\jre\lib\charsets.jar;C:\Program Files\Java\jdk1.8.0_261\jre\lib\jfr.jar;C:\Program Files\Java\jdk1.8.0_261\jre\classes"/>
    <property name="user.script" value=""/>
    <property name="sun.management.compiler" value="HotSpot 64-Bit Tiered Compilers"/>
    <property name="java.runtime.version" value="1.8.0_261-b12"/>
    <property name="user.name" value="ibou.sene"/>
    <property name="path.separator" value=";"/>
    <property name="os.version" value="10.0"/>
    <property name="java.endorsed.dirs" value="C:\Program Files\Java\jdk1.8.0_261\jre\lib\endorsed"/>
    <property name="java.runtime.name" value="Java(TM) SE Runtime Environment"/>
    <property name="file.encoding" value="Cp1252"/>
    <property name="java.vm.name" value="Java HotSpot(TM) 64-Bit Server VM"/>
    <property name="localRepository" value="C:\Users\ibou.sene\.m2\repository"/>
    <property name="java.vendor.url.bug" value="http://bugreport.sun.com/bugreport/"/>
    <property name="java.io.tmpdir" value="C:\Users\IBOU~1.SEN\AppData\Local\Temp\"/>
    <property name="java.version" value="1.8.0_261"/>
    <property name="user.dir" value="C:\dev\apps\java\todos"/>
    <property name="os.arch" value="amd64"/>
    <property name="java.vm.specification.name" value="Java Virtual Machine Specification"/>
    <property name="java.awt.printerjob" value="sun.awt.windows.WPrinterJob"/>
    <property name="sun.os.patch.level" value=""/>
    <property name="java.library.path" value="C:\Program Files\Java\jdk1.8.0_261\jre\bin;C:\WINDOWS\Sun\Java\bin;C:\WINDOWS\system32;C:\WINDOWS;C:\Python310\Scripts\;C:\Python310\;C:\Program Files (x86)\Microsoft SDKs\Azure\CLI2\wbin;C:\Program Files (x86)\Python38-32\Scripts\;C:\Program Files (x86)\Python38-32\;C:\Python38\Scripts\;C:\Python38\;C:\Program Files (x86)\Common Files\Oracle\Java\javapath;C:\WINDOWS\system32;C:\WINDOWS;C:\WINDOWS\System32\Wbem;C:\WINDOWS\System32\WindowsPowerShell\v1.0\;C:\WINDOWS\System32\OpenSSH\;C:\Program Files (x86)\Intel\Intel(R) Management Engine Components\DAL;C:\Program Files\Intel\Intel(R) Management Engine Components\DAL;C:\tools\maven\bin;C:\Program Files\Java\jdk1.8.0_261\bin;C:\ProgramData\chocolatey\bin;C:\tools\nodejs;C:\Program Files (x86)\Yarn\bin\;C:\Python38\;c:\Program Files\Microsoft SQL Server\110\Tools\Binn\;c:\Program Files (x86)\Microsoft SQL Server\110\Tools\Binn\;c:\Program Files\Microsoft SQL Server\110\DTS\Binn\;c:\Program Files (x86)\Microsoft SQL Server\110\Tools\Binn\ManagementStudio\;c:\Program Files (x86)\Microsoft Visual Studio 10.0\Common7\IDE\PrivateAssemblies\;c:\Program Files (x86)\Microsoft SQL Server\110\DTS\Binn\;C:\Program Files\Git\cmd;C:\tools\gradle-2.8\bin;;C:\Program Files (x86)\PuTTY\;C:\tools\nodejs\;C:\Program Files\Docker\Docker\resources\bin;C:\ProgramData\DockerDesktop\version-bin;C:\texlive\2021\bin\win32;C:\texlive\2020\bin\win32;C:\Users\ibou.sene\AppData\Local\Microsoft\WindowsApps;C:\Users\ibou.sene\AppData\Local\Yarn\bin;\\ELSDC1\Users$\ibou.sene\AppData\Roaming\npm;C:\Program Files\Oracle\VirtualBox;C:\Users\ibou.sene\AppData\Roaming\npm;."/>
    <property name="java.vm.info" value="mixed mode"/>
    <property name="java.vendor" value="Oracle Corporation"/>
    <property name="java.vm.version" value="25.261-b12"/>
    <property name="java.ext.dirs" value="C:\Program Files\Java\jdk1.8.0_261\jre\lib\ext;C:\WINDOWS\Sun\Java\lib\ext"/>
    <property name="sun.io.unicode.encoding" value="UnicodeLittle"/>
    <property name="java.class.version" value="52.0"/>
  </properties>
  <testcase name="addShouldReturnTheSumOfPositiveNumbers" classname="sn.ept.git.seminaire.cicd.demo.E_FirstPrincipalTest$Fast" time="0">
    <system-out><![CDATA[16:18:51.090 [main] INFO sn.ept.git.seminaire.cicd.demo.E_FirstPrincipalTest - Something to do before each test
]]></system-out>
  </testcase>
  <testcase name="addShouldReturnTheSumOfPositiveNumbers" classname="sn.ept.git.seminaire.cicd.demo.E_FirstPrincipalTest$Fast" time="0">
    <system-out><![CDATA[16:18:51.090 [main] INFO sn.ept.git.seminaire.cicd.demo.E_FirstPrincipalTest - Something to do before each test
]]></system-out>
  </testcase>
  <testcase name="addShouldReturnTheSumOfPositiveNumbers" classname="sn.ept.git.seminaire.cicd.demo.E_FirstPrincipalTest$Fast" time="0">
    <system-out><![CDATA[16:18:51.090 [main] INFO sn.ept.git.seminaire.cicd.demo.E_FirstPrincipalTest - Something to do before each test
]]></system-out>
  </testcase>
  <testcase name="addShouldReturnTheSumOfPositiveNumbers" classname="sn.ept.git.seminaire.cicd.demo.E_FirstPrincipalTest$Fast" time="0.016">
    <system-out><![CDATA[16:18:51.090 [main] INFO sn.ept.git.seminaire.cicd.demo.E_FirstPrincipalTest - Something to do before each test
]]></system-out>
  </testcase>
  <testcase name="addShouldReturnTheSumOfPositiveNumbers" classname="sn.ept.git.seminaire.cicd.demo.E_FirstPrincipalTest$Fast" time="0">
    <system-out><![CDATA[16:18:51.106 [main] INFO sn.ept.git.seminaire.cicd.demo.E_FirstPrincipalTest - Something to do before each test
]]></system-out>
  </testcase>
  <testcase name="addShouldReturnTheSumOfPositiveNumbers" classname="sn.ept.git.seminaire.cicd.demo.E_FirstPrincipalTest$Fast" time="0">
    <system-out><![CDATA[16:18:51.106 [main] INFO sn.ept.git.seminaire.cicd.demo.E_FirstPrincipalTest - Something to do before each test
]]></system-out>
  </testcase>
  <testcase name="addShouldReturnTheSumOfPositiveNumbers" classname="sn.ept.git.seminaire.cicd.demo.E_FirstPrincipalTest$Fast" time="0">
    <system-out><![CDATA[16:18:51.106 [main] INFO sn.ept.git.seminaire.cicd.demo.E_FirstPrincipalTest - Something to do before each test
]]></system-out>
  </testcase>
  <testcase name="addShouldReturnTheSumOfPositiveNumbers" classname="sn.ept.git.seminaire.cicd.demo.E_FirstPrincipalTest$Fast" time="0">
    <system-out><![CDATA[16:18:51.106 [main] INFO sn.ept.git.seminaire.cicd.demo.E_FirstPrincipalTest - Something to do before each test
]]></system-out>
  </testcase>
  <testcase name="addShouldReturnTheSumOfPositiveNumbers" classname="sn.ept.git.seminaire.cicd.demo.E_FirstPrincipalTest$Fast" time="0">
    <system-out><![CDATA[16:18:51.106 [main] INFO sn.ept.git.seminaire.cicd.demo.E_FirstPrincipalTest - Something to do before each test
]]></system-out>
  </testcase>
  <testcase name="addShouldReturnTheSumOfPositiveNumbers" classname="sn.ept.git.seminaire.cicd.demo.E_FirstPrincipalTest$Fast" time="0">
    <system-out><![CDATA[16:18:51.106 [main] INFO sn.ept.git.seminaire.cicd.demo.E_FirstPrincipalTest - Something to do before each test
]]></system-out>
  </testcase>
  <testcase name="addShouldReturnTheSumOfPositiveNumbers" classname="sn.ept.git.seminaire.cicd.demo.E_FirstPrincipalTest$Fast" time="0">
    <system-out><![CDATA[16:18:51.121 [main] INFO sn.ept.git.seminaire.cicd.demo.E_FirstPrincipalTest - Something to do before each test
]]></system-out>
  </testcase>
  <testcase name="addShouldReturnTheSumOfPositiveNumbers" classname="sn.ept.git.seminaire.cicd.demo.E_FirstPrincipalTest$Fast" time="0">
    <system-out><![CDATA[16:18:51.121 [main] INFO sn.ept.git.seminaire.cicd.demo.E_FirstPrincipalTest - Something to do before each test
]]></system-out>
  </testcase>
  <testcase name="addShouldReturnTheSumOfPositiveNumbers" classname="sn.ept.git.seminaire.cicd.demo.E_FirstPrincipalTest$Fast" time="0">
    <system-out><![CDATA[16:18:51.121 [main] INFO sn.ept.git.seminaire.cicd.demo.E_FirstPrincipalTest - Something to do before each test
]]></system-out>
  </testcase>
  <testcase name="addShouldReturnTheSumOfPositiveNumbers" classname="sn.ept.git.seminaire.cicd.demo.E_FirstPrincipalTest$Fast" time="0">
    <system-out><![CDATA[16:18:51.121 [main] INFO sn.ept.git.seminaire.cicd.demo.E_FirstPrincipalTest - Something to do before each test
]]></system-out>
  </testcase>
  <testcase name="addShouldReturnTheSumOfPositiveNumbers" classname="sn.ept.git.seminaire.cicd.demo.E_FirstPrincipalTest$Fast" time="0">
    <system-out><![CDATA[16:18:51.121 [main] INFO sn.ept.git.seminaire.cicd.demo.E_FirstPrincipalTest - Something to do before each test
]]></system-out>
  </testcase>
  <testcase name="addShouldReturnTheSumOfPositiveNumbers" classname="sn.ept.git.seminaire.cicd.demo.E_FirstPrincipalTest$Fast" time="0">
    <system-out><![CDATA[16:18:51.121 [main] INFO sn.ept.git.seminaire.cicd.demo.E_FirstPrincipalTest - Something to do before each test
]]></system-out>
  </testcase>
  <testcase name="addShouldReturnTheSumOfPositiveNumbers" classname="sn.ept.git.seminaire.cicd.demo.E_FirstPrincipalTest$Fast" time="0.016">
    <system-out><![CDATA[16:18:51.137 [main] INFO sn.ept.git.seminaire.cicd.demo.E_FirstPrincipalTest - Something to do before each test
]]></system-out>
  </testcase>
  <testcase name="addShouldReturnTheSumOfPositiveNumbers" classname="sn.ept.git.seminaire.cicd.demo.E_FirstPrincipalTest$Fast" time="0">
    <system-out><![CDATA[16:18:51.137 [main] INFO sn.ept.git.seminaire.cicd.demo.E_FirstPrincipalTest - Something to do before each test
]]></system-out>
  </testcase>
  <testcase name="addShouldReturnTheSumOfPositiveNumbers" classname="sn.ept.git.seminaire.cicd.demo.E_FirstPrincipalTest$Fast" time="0">
    <system-out><![CDATA[16:18:51.137 [main] INFO sn.ept.git.seminaire.cicd.demo.E_FirstPrincipalTest - Something to do before each test
]]></system-out>
  </testcase>
  <testcase name="addShouldReturnTheSumOfPositiveNumbers" classname="sn.ept.git.seminaire.cicd.demo.E_FirstPrincipalTest$Fast" time="0">
    <system-out><![CDATA[16:18:51.137 [main] INFO sn.ept.git.seminaire.cicd.demo.E_FirstPrincipalTest - Something to do before each test
]]></system-out>
  </testcase>
  <testcase name="addShouldReturnTheSumOfPositiveNumbers" classname="sn.ept.git.seminaire.cicd.demo.E_FirstPrincipalTest$Fast" time="0">
    <system-out><![CDATA[16:18:51.137 [main] INFO sn.ept.git.seminaire.cicd.demo.E_FirstPrincipalTest - Something to do before each test
]]></system-out>
  </testcase>
  <testcase name="addShouldReturnTheSumOfPositiveNumbers" classname="sn.ept.git.seminaire.cicd.demo.E_FirstPrincipalTest$Fast" time="0">
    <system-out><![CDATA[16:18:51.137 [main] INFO sn.ept.git.seminaire.cicd.demo.E_FirstPrincipalTest - Something to do before each test
]]></system-out>
  </testcase>
  <testcase name="addShouldReturnTheSumOfPositiveNumbers" classname="sn.ept.git.seminaire.cicd.demo.E_FirstPrincipalTest$Fast" time="0">
    <system-out><![CDATA[16:18:51.152 [main] INFO sn.ept.git.seminaire.cicd.demo.E_FirstPrincipalTest - Something to do before each test
]]></system-out>
  </testcase>
  <testcase name="addShouldReturnTheSumOfPositiveNumbers" classname="sn.ept.git.seminaire.cicd.demo.E_FirstPrincipalTest$Fast" time="0">
    <system-out><![CDATA[16:18:51.152 [main] INFO sn.ept.git.seminaire.cicd.demo.E_FirstPrincipalTest - Something to do before each test
]]></system-out>
  </testcase>
  <testcase name="addShouldReturnTheSumOfPositiveNumbers" classname="sn.ept.git.seminaire.cicd.demo.E_FirstPrincipalTest$Fast" time="0">
    <system-out><![CDATA[16:18:51.152 [main] INFO sn.ept.git.seminaire.cicd.demo.E_FirstPrincipalTest - Something to do before each test
]]></system-out>
  </testcase>
  <testcase name="addShouldReturnTheSumOfPositiveNumbers" classname="sn.ept.git.seminaire.cicd.demo.E_FirstPrincipalTest$Fast" time="0">
    <system-out><![CDATA[16:18:51.152 [main] INFO sn.ept.git.seminaire.cicd.demo.E_FirstPrincipalTest - Something to do before each test
]]></system-out>
  </testcase>
  <testcase name="addShouldReturnTheSumOfPositiveNumbers" classname="sn.ept.git.seminaire.cicd.demo.E_FirstPrincipalTest$Fast" time="0">
    <system-out><![CDATA[16:18:51.152 [main] INFO sn.ept.git.seminaire.cicd.demo.E_FirstPrincipalTest - Something to do before each test
]]></system-out>
  </testcase>
  <testcase name="addShouldReturnTheSumOfPositiveNumbers" classname="sn.ept.git.seminaire.cicd.demo.E_FirstPrincipalTest$Fast" time="0">
    <system-out><![CDATA[16:18:51.152 [main] INFO sn.ept.git.seminaire.cicd.demo.E_FirstPrincipalTest - Something to do before each test
]]></system-out>
  </testcase>
  <testcase name="addShouldReturnTheSumOfPositiveNumbers" classname="sn.ept.git.seminaire.cicd.demo.E_FirstPrincipalTest$Fast" time="0.016">
    <system-out><![CDATA[16:18:51.152 [main] INFO sn.ept.git.seminaire.cicd.demo.E_FirstPrincipalTest - Something to do before each test
]]></system-out>
  </testcase>
  <testcase name="addShouldReturnTheSumOfPositiveNumbers" classname="sn.ept.git.seminaire.cicd.demo.E_FirstPrincipalTest$Fast" time="0">
    <system-out><![CDATA[16:18:51.168 [main] INFO sn.ept.git.seminaire.cicd.demo.E_FirstPrincipalTest - Something to do before each test
]]></system-out>
  </testcase>
  <testcase name="addShouldReturnTheSumOfPositiveNumbers" classname="sn.ept.git.seminaire.cicd.demo.E_FirstPrincipalTest$Fast" time="0">
    <system-out><![CDATA[16:18:51.168 [main] INFO sn.ept.git.seminaire.cicd.demo.E_FirstPrincipalTest - Something to do before each test
]]></system-out>
  </testcase>
  <testcase name="addShouldReturnTheSumOfPositiveNumbers" classname="sn.ept.git.seminaire.cicd.demo.E_FirstPrincipalTest$Fast" time="0">
    <system-out><![CDATA[16:18:51.168 [main] INFO sn.ept.git.seminaire.cicd.demo.E_FirstPrincipalTest - Something to do before each test
]]></system-out>
  </testcase>
  <testcase name="addShouldReturnTheSumOfPositiveNumbers" classname="sn.ept.git.seminaire.cicd.demo.E_FirstPrincipalTest$Fast" time="0">
    <system-out><![CDATA[16:18:51.168 [main] INFO sn.ept.git.seminaire.cicd.demo.E_FirstPrincipalTest - Something to do before each test
]]></system-out>
  </testcase>
  <testcase name="addShouldReturnTheSumOfPositiveNumbers" classname="sn.ept.git.seminaire.cicd.demo.E_FirstPrincipalTest$Fast" time="0">
    <system-out><![CDATA[16:18:51.168 [main] INFO sn.ept.git.seminaire.cicd.demo.E_FirstPrincipalTest - Something to do before each test
]]></system-out>
  </testcase>
  <testcase name="addShouldReturnTheSumOfPositiveNumbers" classname="sn.ept.git.seminaire.cicd.demo.E_FirstPrincipalTest$Fast" time="0.016">
    <system-out><![CDATA[16:18:51.168 [main] INFO sn.ept.git.seminaire.cicd.demo.E_FirstPrincipalTest - Something to do before each test
]]></system-out>
  </testcase>
  <testcase name="addShouldReturnTheSumOfPositiveNumbers" classname="sn.ept.git.seminaire.cicd.demo.E_FirstPrincipalTest$Fast" time="0">
    <system-out><![CDATA[16:18:51.184 [main] INFO sn.ept.git.seminaire.cicd.demo.E_FirstPrincipalTest - Something to do before each test
]]></system-out>
  </testcase>
  <testcase name="addShouldReturnTheSumOfPositiveNumbers" classname="sn.ept.git.seminaire.cicd.demo.E_FirstPrincipalTest$Fast" time="0">
    <system-out><![CDATA[16:18:51.184 [main] INFO sn.ept.git.seminaire.cicd.demo.E_FirstPrincipalTest - Something to do before each test
]]></system-out>
  </testcase>
  <testcase name="addShouldReturnTheSumOfPositiveNumbers" classname="sn.ept.git.seminaire.cicd.demo.E_FirstPrincipalTest$Fast" time="0">
    <system-out><![CDATA[16:18:51.184 [main] INFO sn.ept.git.seminaire.cicd.demo.E_FirstPrincipalTest - Something to do before each test
]]></system-out>
  </testcase>
  <testcase name="addShouldReturnTheSumOfPositiveNumbers" classname="sn.ept.git.seminaire.cicd.demo.E_FirstPrincipalTest$Fast" time="0">
    <system-out><![CDATA[16:18:51.184 [main] INFO sn.ept.git.seminaire.cicd.demo.E_FirstPrincipalTest - Something to do before each test
]]></system-out>
  </testcase>
  <testcase name="addShouldReturnTheSumOfPositiveNumbers" classname="sn.ept.git.seminaire.cicd.demo.E_FirstPrincipalTest$Fast" time="0">
    <system-out><![CDATA[16:18:51.184 [main] INFO sn.ept.git.seminaire.cicd.demo.E_FirstPrincipalTest - Something to do before each test
]]></system-out>
  </testcase>
  <testcase name="addShouldReturnTheSumOfPositiveNumbers" classname="sn.ept.git.seminaire.cicd.demo.E_FirstPrincipalTest$Fast" time="0">
    <system-out><![CDATA[16:18:51.184 [main] INFO sn.ept.git.seminaire.cicd.demo.E_FirstPrincipalTest - Something to do before each test
]]></system-out>
  </testcase>
  <testcase name="addShouldReturnTheSumOfPositiveNumbers" classname="sn.ept.git.seminaire.cicd.demo.E_FirstPrincipalTest$Fast" time="0">
    <system-out><![CDATA[16:18:51.199 [main] INFO sn.ept.git.seminaire.cicd.demo.E_FirstPrincipalTest - Something to do before each test
]]></system-out>
  </testcase>
  <testcase name="addShouldReturnTheSumOfPositiveNumbers" classname="sn.ept.git.seminaire.cicd.demo.E_FirstPrincipalTest$Fast" time="0">
    <system-out><![CDATA[16:18:51.199 [main] INFO sn.ept.git.seminaire.cicd.demo.E_FirstPrincipalTest - Something to do before each test
]]></system-out>
  </testcase>
  <testcase name="addShouldReturnTheSumOfPositiveNumbers" classname="sn.ept.git.seminaire.cicd.demo.E_FirstPrincipalTest$Fast" time="0">
    <system-out><![CDATA[16:18:51.199 [main] INFO sn.ept.git.seminaire.cicd.demo.E_FirstPrincipalTest - Something to do before each test
]]></system-out>
  </testcase>
  <testcase name="addShouldReturnTheSumOfPositiveNumbers" classname="sn.ept.git.seminaire.cicd.demo.E_FirstPrincipalTest$Fast" time="0">
    <system-out><![CDATA[16:18:51.199 [main] INFO sn.ept.git.seminaire.cicd.demo.E_FirstPrincipalTest - Something to do before each test
]]></system-out>
  </testcase>
  <testcase name="addShouldReturnTheSumOfPositiveNumbers" classname="sn.ept.git.seminaire.cicd.demo.E_FirstPrincipalTest$Fast" time="0">
    <system-out><![CDATA[16:18:51.199 [main] INFO sn.ept.git.seminaire.cicd.demo.E_FirstPrincipalTest - Something to do before each test
]]></system-out>
  </testcase>
  <testcase name="addShouldReturnTheSumOfPositiveNumbers" classname="sn.ept.git.seminaire.cicd.demo.E_FirstPrincipalTest$Fast" time="0">
    <system-out><![CDATA[16:18:51.199 [main] INFO sn.ept.git.seminaire.cicd.demo.E_FirstPrincipalTest - Something to do before each test
]]></system-out>
  </testcase>
  <testcase name="addShouldReturnTheSumOfPositiveNumbers" classname="sn.ept.git.seminaire.cicd.demo.E_FirstPrincipalTest$Fast" time="0.016">
    <system-out><![CDATA[16:18:51.215 [main] INFO sn.ept.git.seminaire.cicd.demo.E_FirstPrincipalTest - Something to do before each test
]]></system-out>
  </testcase>
  <testcase name="addShouldReturnTheSumOfPositiveNumbers" classname="sn.ept.git.seminaire.cicd.demo.E_FirstPrincipalTest$Fast" time="0">
    <system-out><![CDATA[16:18:51.215 [main] INFO sn.ept.git.seminaire.cicd.demo.E_FirstPrincipalTest - Something to do before each test
]]></system-out>
  </testcase>
  <testcase name="addShouldReturnTheSumOfPositiveNumbers" classname="sn.ept.git.seminaire.cicd.demo.E_FirstPrincipalTest$Fast" time="0">
    <system-out><![CDATA[16:18:51.215 [main] INFO sn.ept.git.seminaire.cicd.demo.E_FirstPrincipalTest - Something to do before each test
]]></system-out>
  </testcase>
  <testcase name="addShouldReturnTheSumOfPositiveNumbers" classname="sn.ept.git.seminaire.cicd.demo.E_FirstPrincipalTest$Fast" time="0">
    <system-out><![CDATA[16:18:51.215 [main] INFO sn.ept.git.seminaire.cicd.demo.E_FirstPrincipalTest - Something to do before each test
]]></system-out>
  </testcase>
  <testcase name="addShouldReturnTheSumOfPositiveNumbers" classname="sn.ept.git.seminaire.cicd.demo.E_FirstPrincipalTest$Fast" time="0">
    <system-out><![CDATA[16:18:51.215 [main] INFO sn.ept.git.seminaire.cicd.demo.E_FirstPrincipalTest - Something to do before each test
]]></system-out>
  </testcase>
  <testcase name="addShouldReturnTheSumOfPositiveNumbers" classname="sn.ept.git.seminaire.cicd.demo.E_FirstPrincipalTest$Fast" time="0">
    <system-out><![CDATA[16:18:51.215 [main] INFO sn.ept.git.seminaire.cicd.demo.E_FirstPrincipalTest - Something to do before each test
]]></system-out>
  </testcase>
  <testcase name="addShouldReturnTheSumOfPositiveNumbers" classname="sn.ept.git.seminaire.cicd.demo.E_FirstPrincipalTest$Fast" time="0">
    <system-out><![CDATA[16:18:51.215 [main] INFO sn.ept.git.seminaire.cicd.demo.E_FirstPrincipalTest - Something to do before each test
]]></system-out>
  </testcase>
  <testcase name="addShouldReturnTheSumOfPositiveNumbers" classname="sn.ept.git.seminaire.cicd.demo.E_FirstPrincipalTest$Fast" time="0">
    <system-out><![CDATA[16:18:51.215 [main] INFO sn.ept.git.seminaire.cicd.demo.E_FirstPrincipalTest - Something to do before each test
]]></system-out>
  </testcase>
  <testcase name="addShouldReturnTheSumOfPositiveNumbers" classname="sn.ept.git.seminaire.cicd.demo.E_FirstPrincipalTest$Fast" time="0">
    <system-out><![CDATA[16:18:51.231 [main] INFO sn.ept.git.seminaire.cicd.demo.E_FirstPrincipalTest - Something to do before each test
]]></system-out>
  </testcase>
  <testcase name="addShouldReturnTheSumOfPositiveNumbers" classname="sn.ept.git.seminaire.cicd.demo.E_FirstPrincipalTest$Fast" time="0">
    <system-out><![CDATA[16:18:51.231 [main] INFO sn.ept.git.seminaire.cicd.demo.E_FirstPrincipalTest - Something to do before each test
]]></system-out>
  </testcase>
  <testcase name="addShouldReturnTheSumOfPositiveNumbers" classname="sn.ept.git.seminaire.cicd.demo.E_FirstPrincipalTest$Fast" time="0">
    <system-out><![CDATA[16:18:51.231 [main] INFO sn.ept.git.seminaire.cicd.demo.E_FirstPrincipalTest - Something to do before each test
]]></system-out>
  </testcase>
  <testcase name="addShouldReturnTheSumOfPositiveNumbers" classname="sn.ept.git.seminaire.cicd.demo.E_FirstPrincipalTest$Fast" time="0">
    <system-out><![CDATA[16:18:51.231 [main] INFO sn.ept.git.seminaire.cicd.demo.E_FirstPrincipalTest - Something to do before each test
]]></system-out>
  </testcase>
  <testcase name="addShouldReturnTheSumOfPositiveNumbers" classname="sn.ept.git.seminaire.cicd.demo.E_FirstPrincipalTest$Fast" time="0">
    <system-out><![CDATA[16:18:51.231 [main] INFO sn.ept.git.seminaire.cicd.demo.E_FirstPrincipalTest - Something to do before each test
]]></system-out>
  </testcase>
  <testcase name="addShouldReturnTheSumOfPositiveNumbers" classname="sn.ept.git.seminaire.cicd.demo.E_FirstPrincipalTest$Fast" time="0">
    <system-out><![CDATA[16:18:51.231 [main] INFO sn.ept.git.seminaire.cicd.demo.E_FirstPrincipalTest - Something to do before each test
]]></system-out>
  </testcase>
  <testcase name="addShouldReturnTheSumOfPositiveNumbers" classname="sn.ept.git.seminaire.cicd.demo.E_FirstPrincipalTest$Fast" time="0.015">
    <system-out><![CDATA[16:18:51.231 [main] INFO sn.ept.git.seminaire.cicd.demo.E_FirstPrincipalTest - Something to do before each test
]]></system-out>
  </testcase>
  <testcase name="addShouldReturnTheSumOfPositiveNumbers" classname="sn.ept.git.seminaire.cicd.demo.E_FirstPrincipalTest$Fast" time="0">
    <system-out><![CDATA[16:18:51.246 [main] INFO sn.ept.git.seminaire.cicd.demo.E_FirstPrincipalTest - Something to do before each test
]]></system-out>
  </testcase>
  <testcase name="addShouldReturnTheSumOfPositiveNumbers" classname="sn.ept.git.seminaire.cicd.demo.E_FirstPrincipalTest$Fast" time="0">
    <system-out><![CDATA[16:18:51.246 [main] INFO sn.ept.git.seminaire.cicd.demo.E_FirstPrincipalTest - Something to do before each test
]]></system-out>
  </testcase>
  <testcase name="addShouldReturnTheSumOfPositiveNumbers" classname="sn.ept.git.seminaire.cicd.demo.E_FirstPrincipalTest$Fast" time="0">
    <system-out><![CDATA[16:18:51.246 [main] INFO sn.ept.git.seminaire.cicd.demo.E_FirstPrincipalTest - Something to do before each test
]]></system-out>
  </testcase>
  <testcase name="addShouldReturnTheSumOfPositiveNumbers" classname="sn.ept.git.seminaire.cicd.demo.E_FirstPrincipalTest$Fast" time="0">
    <system-out><![CDATA[16:18:51.246 [main] INFO sn.ept.git.seminaire.cicd.demo.E_FirstPrincipalTest - Something to do before each test
]]></system-out>
  </testcase>
  <testcase name="addShouldReturnTheSumOfPositiveNumbers" classname="sn.ept.git.seminaire.cicd.demo.E_FirstPrincipalTest$Fast" time="0">
    <system-out><![CDATA[16:18:51.246 [main] INFO sn.ept.git.seminaire.cicd.demo.E_FirstPrincipalTest - Something to do before each test
]]></system-out>
  </testcase>
  <testcase name="addShouldReturnTheSumOfPositiveNumbers" classname="sn.ept.git.seminaire.cicd.demo.E_FirstPrincipalTest$Fast" time="0">
    <system-out><![CDATA[16:18:51.246 [main] INFO sn.ept.git.seminaire.cicd.demo.E_FirstPrincipalTest - Something to do before each test
]]></system-out>
  </testcase>
  <testcase name="addShouldReturnTheSumOfPositiveNumbers" classname="sn.ept.git.seminaire.cicd.demo.E_FirstPrincipalTest$Fast" time="0.016">
    <system-out><![CDATA[16:18:51.262 [main] INFO sn.ept.git.seminaire.cicd.demo.E_FirstPrincipalTest - Something to do before each test
]]></system-out>
  </testcase>
  <testcase name="addShouldReturnTheSumOfPositiveNumbers" classname="sn.ept.git.seminaire.cicd.demo.E_FirstPrincipalTest$Fast" time="0">
    <system-out><![CDATA[16:18:51.262 [main] INFO sn.ept.git.seminaire.cicd.demo.E_FirstPrincipalTest - Something to do before each test
]]></system-out>
  </testcase>
  <testcase name="addShouldReturnTheSumOfPositiveNumbers" classname="sn.ept.git.seminaire.cicd.demo.E_FirstPrincipalTest$Fast" time="0">
    <system-out><![CDATA[16:18:51.262 [main] INFO sn.ept.git.seminaire.cicd.demo.E_FirstPrincipalTest - Something to do before each test
]]></system-out>
  </testcase>
  <testcase name="addShouldReturnTheSumOfPositiveNumbers" classname="sn.ept.git.seminaire.cicd.demo.E_FirstPrincipalTest$Fast" time="0">
    <system-out><![CDATA[16:18:51.262 [main] INFO sn.ept.git.seminaire.cicd.demo.E_FirstPrincipalTest - Something to do before each test
]]></system-out>
  </testcase>
  <testcase name="addShouldReturnTheSumOfPositiveNumbers" classname="sn.ept.git.seminaire.cicd.demo.E_FirstPrincipalTest$Fast" time="0">
    <system-out><![CDATA[16:18:51.262 [main] INFO sn.ept.git.seminaire.cicd.demo.E_FirstPrincipalTest - Something to do before each test
]]></system-out>
  </testcase>
  <testcase name="addShouldReturnTheSumOfPositiveNumbers" classname="sn.ept.git.seminaire.cicd.demo.E_FirstPrincipalTest$Fast" time="0">
    <system-out><![CDATA[16:18:51.262 [main] INFO sn.ept.git.seminaire.cicd.demo.E_FirstPrincipalTest - Something to do before each test
]]></system-out>
  </testcase>
  <testcase name="addShouldReturnTheSumOfPositiveNumbers" classname="sn.ept.git.seminaire.cicd.demo.E_FirstPrincipalTest$Fast" time="0">
    <system-out><![CDATA[16:18:51.277 [main] INFO sn.ept.git.seminaire.cicd.demo.E_FirstPrincipalTest - Something to do before each test
]]></system-out>
  </testcase>
  <testcase name="addShouldReturnTheSumOfPositiveNumbers" classname="sn.ept.git.seminaire.cicd.demo.E_FirstPrincipalTest$Fast" time="0">
    <system-out><![CDATA[16:18:51.277 [main] INFO sn.ept.git.seminaire.cicd.demo.E_FirstPrincipalTest - Something to do before each test
]]></system-out>
  </testcase>
  <testcase name="addShouldReturnTheSumOfPositiveNumbers" classname="sn.ept.git.seminaire.cicd.demo.E_FirstPrincipalTest$Fast" time="0">
    <system-out><![CDATA[16:18:51.277 [main] INFO sn.ept.git.seminaire.cicd.demo.E_FirstPrincipalTest - Something to do before each test
]]></system-out>
  </testcase>
  <testcase name="addShouldReturnTheSumOfPositiveNumbers" classname="sn.ept.git.seminaire.cicd.demo.E_FirstPrincipalTest$Fast" time="0">
    <system-out><![CDATA[16:18:51.277 [main] INFO sn.ept.git.seminaire.cicd.demo.E_FirstPrincipalTest - Something to do before each test
]]></system-out>
  </testcase>
  <testcase name="addShouldReturnTheSumOfPositiveNumbers" classname="sn.ept.git.seminaire.cicd.demo.E_FirstPrincipalTest$Fast" time="0">
    <system-out><![CDATA[16:18:51.277 [main] INFO sn.ept.git.seminaire.cicd.demo.E_FirstPrincipalTest - Something to do before each test
]]></system-out>
  </testcase>
  <testcase name="addShouldReturnTheSumOfPositiveNumbers" classname="sn.ept.git.seminaire.cicd.demo.E_FirstPrincipalTest$Fast" time="0">
    <system-out><![CDATA[16:18:51.277 [main] INFO sn.ept.git.seminaire.cicd.demo.E_FirstPrincipalTest - Something to do before each test
]]></system-out>
  </testcase>
  <testcase name="addShouldReturnTheSumOfPositiveNumbers" classname="sn.ept.git.seminaire.cicd.demo.E_FirstPrincipalTest$Fast" time="0">
    <system-out><![CDATA[16:18:51.277 [main] INFO sn.ept.git.seminaire.cicd.demo.E_FirstPrincipalTest - Something to do before each test
]]></system-out>
  </testcase>
  <testcase name="addShouldReturnTheSumOfPositiveNumbers" classname="sn.ept.git.seminaire.cicd.demo.E_FirstPrincipalTest$Fast" time="0">
    <system-out><![CDATA[16:18:51.277 [main] INFO sn.ept.git.seminaire.cicd.demo.E_FirstPrincipalTest - Something to do before each test
]]></system-out>
  </testcase>
  <testcase name="addShouldReturnTheSumOfPositiveNumbers" classname="sn.ept.git.seminaire.cicd.demo.E_FirstPrincipalTest$Fast" time="0">
    <system-out><![CDATA[16:18:51.293 [main] INFO sn.ept.git.seminaire.cicd.demo.E_FirstPrincipalTest - Something to do before each test
]]></system-out>
  </testcase>
  <testcase name="addShouldReturnTheSumOfPositiveNumbers" classname="sn.ept.git.seminaire.cicd.demo.E_FirstPrincipalTest$Fast" time="0">
    <system-out><![CDATA[16:18:51.293 [main] INFO sn.ept.git.seminaire.cicd.demo.E_FirstPrincipalTest - Something to do before each test
]]></system-out>
  </testcase>
  <testcase name="addShouldReturnTheSumOfPositiveNumbers" classname="sn.ept.git.seminaire.cicd.demo.E_FirstPrincipalTest$Fast" time="0">
    <system-out><![CDATA[16:18:51.293 [main] INFO sn.ept.git.seminaire.cicd.demo.E_FirstPrincipalTest - Something to do before each test
]]></system-out>
  </testcase>
  <testcase name="addShouldReturnTheSumOfPositiveNumbers" classname="sn.ept.git.seminaire.cicd.demo.E_FirstPrincipalTest$Fast" time="0">
    <system-out><![CDATA[16:18:51.293 [main] INFO sn.ept.git.seminaire.cicd.demo.E_FirstPrincipalTest - Something to do before each test
]]></system-out>
  </testcase>
  <testcase name="addShouldReturnTheSumOfPositiveNumbers" classname="sn.ept.git.seminaire.cicd.demo.E_FirstPrincipalTest$Fast" time="0">
    <system-out><![CDATA[16:18:51.309 [main] INFO sn.ept.git.seminaire.cicd.demo.E_FirstPrincipalTest - Something to do before each test
]]></system-out>
  </testcase>
  <testcase name="addShouldReturnTheSumOfPositiveNumbers" classname="sn.ept.git.seminaire.cicd.demo.E_FirstPrincipalTest$Fast" time="0">
    <system-out><![CDATA[16:18:51.309 [main] INFO sn.ept.git.seminaire.cicd.demo.E_FirstPrincipalTest - Something to do before each test
]]></system-out>
  </testcase>
  <testcase name="addShouldReturnTheSumOfPositiveNumbers" classname="sn.ept.git.seminaire.cicd.demo.E_FirstPrincipalTest$Fast" time="0">
    <system-out><![CDATA[16:18:51.309 [main] INFO sn.ept.git.seminaire.cicd.demo.E_FirstPrincipalTest - Something to do before each test
]]></system-out>
  </testcase>
  <testcase name="addShouldReturnTheSumOfPositiveNumbers" classname="sn.ept.git.seminaire.cicd.demo.E_FirstPrincipalTest$Fast" time="0">
    <system-out><![CDATA[16:18:51.309 [main] INFO sn.ept.git.seminaire.cicd.demo.E_FirstPrincipalTest - Something to do before each test
]]></system-out>
  </testcase>
  <testcase name="addShouldReturnTheSumOfPositiveNumbers" classname="sn.ept.git.seminaire.cicd.demo.E_FirstPrincipalTest$Fast" time="0">
    <system-out><![CDATA[16:18:51.309 [main] INFO sn.ept.git.seminaire.cicd.demo.E_FirstPrincipalTest - Something to do before each test
]]></system-out>
  </testcase>
  <testcase name="addShouldReturnTheSumOfPositiveNumbers" classname="sn.ept.git.seminaire.cicd.demo.E_FirstPrincipalTest$Fast" time="0">
    <system-out><![CDATA[16:18:51.309 [main] INFO sn.ept.git.seminaire.cicd.demo.E_FirstPrincipalTest - Something to do before each test
]]></system-out>
  </testcase>
  <testcase name="addShouldReturnTheSumOfPositiveNumbers" classname="sn.ept.git.seminaire.cicd.demo.E_FirstPrincipalTest$Fast" time="0">
    <system-out><![CDATA[16:18:51.309 [main] INFO sn.ept.git.seminaire.cicd.demo.E_FirstPrincipalTest - Something to do before each test
]]></system-out>
  </testcase>
  <testcase name="addShouldReturnTheSumOfPositiveNumbers" classname="sn.ept.git.seminaire.cicd.demo.E_FirstPrincipalTest$Fast" time="0">
    <system-out><![CDATA[16:18:51.309 [main] INFO sn.ept.git.seminaire.cicd.demo.E_FirstPrincipalTest - Something to do before each test
]]></system-out>
  </testcase>
  <testcase name="addShouldReturnTheSumOfPositiveNumbers" classname="sn.ept.git.seminaire.cicd.demo.E_FirstPrincipalTest$Fast" time="0">
    <system-out><![CDATA[16:18:51.324 [main] INFO sn.ept.git.seminaire.cicd.demo.E_FirstPrincipalTest - Something to do before each test
]]></system-out>
  </testcase>
  <testcase name="addShouldReturnTheSumOfPositiveNumbers" classname="sn.ept.git.seminaire.cicd.demo.E_FirstPrincipalTest$Fast" time="0">
    <system-out><![CDATA[16:18:51.324 [main] INFO sn.ept.git.seminaire.cicd.demo.E_FirstPrincipalTest - Something to do before each test
]]></system-out>
  </testcase>
  <testcase name="addShouldReturnTheSumOfPositiveNumbers" classname="sn.ept.git.seminaire.cicd.demo.E_FirstPrincipalTest$Fast" time="0">
    <system-out><![CDATA[16:18:51.324 [main] INFO sn.ept.git.seminaire.cicd.demo.E_FirstPrincipalTest - Something to do before each test
]]></system-out>
  </testcase>
  <testcase name="addShouldReturnTheSumOfPositiveNumbers" classname="sn.ept.git.seminaire.cicd.demo.E_FirstPrincipalTest$Fast" time="0">
    <system-out><![CDATA[16:18:51.324 [main] INFO sn.ept.git.seminaire.cicd.demo.E_FirstPrincipalTest - Something to do before each test
]]></system-out>
  </testcase>
  <testcase name="addShouldReturnTheSumOfPositiveNumbers" classname="sn.ept.git.seminaire.cicd.demo.E_FirstPrincipalTest$Fast" time="0">
    <system-out><![CDATA[16:18:51.324 [main] INFO sn.ept.git.seminaire.cicd.demo.E_FirstPrincipalTest - Something to do before each test
]]></system-out>
  </testcase>
  <testcase name="addShouldReturnTheSumOfPositiveNumbers" classname="sn.ept.git.seminaire.cicd.demo.E_FirstPrincipalTest$Fast" time="0">
    <system-out><![CDATA[16:18:51.324 [main] INFO sn.ept.git.seminaire.cicd.demo.E_FirstPrincipalTest - Something to do before each test
]]></system-out>
  </testcase>
  <testcase name="addShouldReturnTheSumOfPositiveNumbers" classname="sn.ept.git.seminaire.cicd.demo.E_FirstPrincipalTest$Fast" time="0">
    <system-out><![CDATA[16:18:51.324 [main] INFO sn.ept.git.seminaire.cicd.demo.E_FirstPrincipalTest - Something to do before each test
]]></system-out>
  </testcase>
  <testcase name="addShouldReturnTheSumOfPositiveNumbers" classname="sn.ept.git.seminaire.cicd.demo.E_FirstPrincipalTest$Fast" time="0">
    <system-out><![CDATA[16:18:51.324 [main] INFO sn.ept.git.seminaire.cicd.demo.E_FirstPrincipalTest - Something to do before each test
]]></system-out>
  </testcase>
  <testcase name="addShouldReturnTheSumOfPositiveNumbers" classname="sn.ept.git.seminaire.cicd.demo.E_FirstPrincipalTest$Fast" time="0">
    <system-out><![CDATA[16:18:51.340 [main] INFO sn.ept.git.seminaire.cicd.demo.E_FirstPrincipalTest - Something to do before each test
]]></system-out>
  </testcase>
  <testcase name="addShouldReturnTheSumOfPositiveNumbers" classname="sn.ept.git.seminaire.cicd.demo.E_FirstPrincipalTest$Fast" time="0">
    <system-out><![CDATA[16:18:51.340 [main] INFO sn.ept.git.seminaire.cicd.demo.E_FirstPrincipalTest - Something to do before each test
]]></system-out>
  </testcase>
  <testcase name="addShouldReturnTheSumOfPositiveNumbers" classname="sn.ept.git.seminaire.cicd.demo.E_FirstPrincipalTest$Fast" time="0">
    <system-out><![CDATA[16:18:51.340 [main] INFO sn.ept.git.seminaire.cicd.demo.E_FirstPrincipalTest - Something to do before each test
]]></system-out>
  </testcase>
  <testcase name="addShouldReturnTheSumOfPositiveNumbers" classname="sn.ept.git.seminaire.cicd.demo.E_FirstPrincipalTest$Fast" time="0">
    <system-out><![CDATA[16:18:51.340 [main] INFO sn.ept.git.seminaire.cicd.demo.E_FirstPrincipalTest - Something to do before each test
]]></system-out>
  </testcase>
  <testcase name="addShouldReturnTheSumOfPositiveNumbers" classname="sn.ept.git.seminaire.cicd.demo.E_FirstPrincipalTest$Fast" time="0">
    <system-out><![CDATA[16:18:51.340 [main] INFO sn.ept.git.seminaire.cicd.demo.E_FirstPrincipalTest - Something to do before each test
]]></system-out>
  </testcase>
  <testcase name="addShouldReturnTheSumOfPositiveNumbers" classname="sn.ept.git.seminaire.cicd.demo.E_FirstPrincipalTest$Fast" time="0">
    <system-out><![CDATA[16:18:51.340 [main] INFO sn.ept.git.seminaire.cicd.demo.E_FirstPrincipalTest - Something to do before each test
]]></system-out>
  </testcase>
  <testcase name="addShouldReturnTheSumOfPositiveNumbers" classname="sn.ept.git.seminaire.cicd.demo.E_FirstPrincipalTest$Fast" time="0">
    <system-out><![CDATA[16:18:51.340 [main] INFO sn.ept.git.seminaire.cicd.demo.E_FirstPrincipalTest - Something to do before each test
]]></system-out>
  </testcase>
  <testcase name="addShouldReturnTheSumOfPositiveNumbers" classname="sn.ept.git.seminaire.cicd.demo.E_FirstPrincipalTest$Fast" time="0">
    <system-out><![CDATA[16:18:51.340 [main] INFO sn.ept.git.seminaire.cicd.demo.E_FirstPrincipalTest - Something to do before each test
]]></system-out>
  </testcase>
  <testcase name="addShouldReturnTheSumOfPositiveNumbers" classname="sn.ept.git.seminaire.cicd.demo.E_FirstPrincipalTest$Fast" time="0">
    <system-out><![CDATA[16:18:51.340 [main] INFO sn.ept.git.seminaire.cicd.demo.E_FirstPrincipalTest - Something to do before each test
]]></system-out>
  </testcase>
  <testcase name="addShouldReturnTheSumOfPositiveNumbers" classname="sn.ept.git.seminaire.cicd.demo.E_FirstPrincipalTest$Fast" time="0">
    <system-out><![CDATA[16:18:51.356 [main] INFO sn.ept.git.seminaire.cicd.demo.E_FirstPrincipalTest - Something to do before each test
]]></system-out>
  </testcase>
  <testcase name="addShouldReturnTheSumOfPositiveNumbers" classname="sn.ept.git.seminaire.cicd.demo.E_FirstPrincipalTest$Fast" time="0">
    <system-out><![CDATA[16:18:51.356 [main] INFO sn.ept.git.seminaire.cicd.demo.E_FirstPrincipalTest - Something to do before each test
]]></system-out>
  </testcase>
  <testcase name="addShouldReturnTheSumOfPositiveNumbers" classname="sn.ept.git.seminaire.cicd.demo.E_FirstPrincipalTest$Fast" time="0">
    <system-out><![CDATA[16:18:51.356 [main] INFO sn.ept.git.seminaire.cicd.demo.E_FirstPrincipalTest - Something to do before each test
]]></system-out>
  </testcase>
  <testcase name="addShouldReturnTheSumOfPositiveNumbers" classname="sn.ept.git.seminaire.cicd.demo.E_FirstPrincipalTest$Fast" time="0">
    <system-out><![CDATA[16:18:51.356 [main] INFO sn.ept.git.seminaire.cicd.demo.E_FirstPrincipalTest - Something to do before each test
]]></system-out>
  </testcase>
  <testcase name="addShouldReturnTheSumOfPositiveNumbers" classname="sn.ept.git.seminaire.cicd.demo.E_FirstPrincipalTest$Fast" time="0">
    <system-out><![CDATA[16:18:51.356 [main] INFO sn.ept.git.seminaire.cicd.demo.E_FirstPrincipalTest - Something to do before each test
]]></system-out>
  </testcase>
  <testcase name="addShouldReturnTheSumOfPositiveNumbers" classname="sn.ept.git.seminaire.cicd.demo.E_FirstPrincipalTest$Fast" time="0">
    <system-out><![CDATA[16:18:51.356 [main] INFO sn.ept.git.seminaire.cicd.demo.E_FirstPrincipalTest - Something to do before each test
]]></system-out>
  </testcase>
  <testcase name="addShouldReturnTheSumOfPositiveNumbers" classname="sn.ept.git.seminaire.cicd.demo.E_FirstPrincipalTest$Fast" time="0">
    <system-out><![CDATA[16:18:51.356 [main] INFO sn.ept.git.seminaire.cicd.demo.E_FirstPrincipalTest - Something to do before each test
]]></system-out>
  </testcase>
  <testcase name="addShouldReturnTheSumOfPositiveNumbers" classname="sn.ept.git.seminaire.cicd.demo.E_FirstPrincipalTest$Fast" time="0">
    <system-out><![CDATA[16:18:51.356 [main] INFO sn.ept.git.seminaire.cicd.demo.E_FirstPrincipalTest - Something to do before each test
]]></system-out>
  </testcase>
  <testcase name="addShouldReturnTheSumOfPositiveNumbers" classname="sn.ept.git.seminaire.cicd.demo.E_FirstPrincipalTest$Fast" time="0">
    <system-out><![CDATA[16:18:51.371 [main] INFO sn.ept.git.seminaire.cicd.demo.E_FirstPrincipalTest - Something to do before each test
]]></system-out>
  </testcase>
  <testcase name="addShouldReturnTheSumOfPositiveNumbers" classname="sn.ept.git.seminaire.cicd.demo.E_FirstPrincipalTest$Fast" time="0">
    <system-out><![CDATA[16:18:51.371 [main] INFO sn.ept.git.seminaire.cicd.demo.E_FirstPrincipalTest - Something to do before each test
]]></system-out>
  </testcase>
  <testcase name="addShouldReturnTheSumOfPositiveNumbers" classname="sn.ept.git.seminaire.cicd.demo.E_FirstPrincipalTest$Fast" time="0">
    <system-out><![CDATA[16:18:51.371 [main] INFO sn.ept.git.seminaire.cicd.demo.E_FirstPrincipalTest - Something to do before each test
]]></system-out>
  </testcase>
  <testcase name="addShouldReturnTheSumOfPositiveNumbers" classname="sn.ept.git.seminaire.cicd.demo.E_FirstPrincipalTest$Fast" time="0">
    <system-out><![CDATA[16:18:51.371 [main] INFO sn.ept.git.seminaire.cicd.demo.E_FirstPrincipalTest - Something to do before each test
]]></system-out>
  </testcase>
  <testcase name="addShouldReturnTheSumOfPositiveNumbers" classname="sn.ept.git.seminaire.cicd.demo.E_FirstPrincipalTest$Fast" time="0">
    <system-out><![CDATA[16:18:51.371 [main] INFO sn.ept.git.seminaire.cicd.demo.E_FirstPrincipalTest - Something to do before each test
]]></system-out>
  </testcase>
  <testcase name="addShouldReturnTheSumOfPositiveNumbers" classname="sn.ept.git.seminaire.cicd.demo.E_FirstPrincipalTest$Fast" time="0">
    <system-out><![CDATA[16:18:51.371 [main] INFO sn.ept.git.seminaire.cicd.demo.E_FirstPrincipalTest - Something to do before each test
]]></system-out>
  </testcase>
  <testcase name="addShouldReturnTheSumOfPositiveNumbers" classname="sn.ept.git.seminaire.cicd.demo.E_FirstPrincipalTest$Fast" time="0">
    <system-out><![CDATA[16:18:51.371 [main] INFO sn.ept.git.seminaire.cicd.demo.E_FirstPrincipalTest - Something to do before each test
]]></system-out>
  </testcase>
  <testcase name="addShouldReturnTheSumOfPositiveNumbers" classname="sn.ept.git.seminaire.cicd.demo.E_FirstPrincipalTest$Fast" time="0">
    <system-out><![CDATA[16:18:51.371 [main] INFO sn.ept.git.seminaire.cicd.demo.E_FirstPrincipalTest - Something to do before each test
]]></system-out>
  </testcase>
  <testcase name="addShouldReturnTheSumOfPositiveNumbers" classname="sn.ept.git.seminaire.cicd.demo.E_FirstPrincipalTest$Fast" time="0">
    <system-out><![CDATA[16:18:51.371 [main] INFO sn.ept.git.seminaire.cicd.demo.E_FirstPrincipalTest - Something to do before each test
]]></system-out>
  </testcase>
  <testcase name="addShouldReturnTheSumOfPositiveNumbers" classname="sn.ept.git.seminaire.cicd.demo.E_FirstPrincipalTest$Fast" time="0">
    <system-out><![CDATA[16:18:51.387 [main] INFO sn.ept.git.seminaire.cicd.demo.E_FirstPrincipalTest - Something to do before each test
]]></system-out>
  </testcase>
  <testcase name="addShouldReturnTheSumOfPositiveNumbers" classname="sn.ept.git.seminaire.cicd.demo.E_FirstPrincipalTest$Fast" time="0">
    <system-out><![CDATA[16:18:51.387 [main] INFO sn.ept.git.seminaire.cicd.demo.E_FirstPrincipalTest - Something to do before each test
]]></system-out>
  </testcase>
  <testcase name="addShouldReturnTheSumOfPositiveNumbers" classname="sn.ept.git.seminaire.cicd.demo.E_FirstPrincipalTest$Fast" time="0">
    <system-out><![CDATA[16:18:51.387 [main] INFO sn.ept.git.seminaire.cicd.demo.E_FirstPrincipalTest - Something to do before each test
]]></system-out>
  </testcase>
  <testcase name="addShouldReturnTheSumOfPositiveNumbers" classname="sn.ept.git.seminaire.cicd.demo.E_FirstPrincipalTest$Fast" time="0">
    <system-out><![CDATA[16:18:51.387 [main] INFO sn.ept.git.seminaire.cicd.demo.E_FirstPrincipalTest - Something to do before each test
]]></system-out>
  </testcase>
  <testcase name="addShouldReturnTheSumOfPositiveNumbers" classname="sn.ept.git.seminaire.cicd.demo.E_FirstPrincipalTest$Fast" time="0">
    <system-out><![CDATA[16:18:51.387 [main] INFO sn.ept.git.seminaire.cicd.demo.E_FirstPrincipalTest - Something to do before each test
]]></system-out>
  </testcase>
  <testcase name="addShouldReturnTheSumOfPositiveNumbers" classname="sn.ept.git.seminaire.cicd.demo.E_FirstPrincipalTest$Fast" time="0">
    <system-out><![CDATA[16:18:51.387 [main] INFO sn.ept.git.seminaire.cicd.demo.E_FirstPrincipalTest - Something to do before each test
]]></system-out>
  </testcase>
  <testcase name="addShouldReturnTheSumOfPositiveNumbers" classname="sn.ept.git.seminaire.cicd.demo.E_FirstPrincipalTest$Fast" time="0.015">
    <system-out><![CDATA[16:18:51.387 [main] INFO sn.ept.git.seminaire.cicd.demo.E_FirstPrincipalTest - Something to do before each test
]]></system-out>
  </testcase>
  <testcase name="addShouldReturnTheSumOfPositiveNumbers" classname="sn.ept.git.seminaire.cicd.demo.E_FirstPrincipalTest$Fast" time="0">
    <system-out><![CDATA[16:18:51.402 [main] INFO sn.ept.git.seminaire.cicd.demo.E_FirstPrincipalTest - Something to do before each test
]]></system-out>
  </testcase>
  <testcase name="addShouldReturnTheSumOfPositiveNumbers" classname="sn.ept.git.seminaire.cicd.demo.E_FirstPrincipalTest$Fast" time="0">
    <system-out><![CDATA[16:18:51.402 [main] INFO sn.ept.git.seminaire.cicd.demo.E_FirstPrincipalTest - Something to do before each test
]]></system-out>
  </testcase>
  <testcase name="addShouldReturnTheSumOfPositiveNumbers" classname="sn.ept.git.seminaire.cicd.demo.E_FirstPrincipalTest$Fast" time="0">
    <system-out><![CDATA[16:18:51.402 [main] INFO sn.ept.git.seminaire.cicd.demo.E_FirstPrincipalTest - Something to do before each test
]]></system-out>
  </testcase>
  <testcase name="addShouldReturnTheSumOfPositiveNumbers" classname="sn.ept.git.seminaire.cicd.demo.E_FirstPrincipalTest$Fast" time="0">
    <system-out><![CDATA[16:18:51.402 [main] INFO sn.ept.git.seminaire.cicd.demo.E_FirstPrincipalTest - Something to do before each test
]]></system-out>
  </testcase>
  <testcase name="addShouldReturnTheSumOfPositiveNumbers" classname="sn.ept.git.seminaire.cicd.demo.E_FirstPrincipalTest$Fast" time="0">
    <system-out><![CDATA[16:18:51.402 [main] INFO sn.ept.git.seminaire.cicd.demo.E_FirstPrincipalTest - Something to do before each test
]]></system-out>
  </testcase>
  <testcase name="addShouldReturnTheSumOfPositiveNumbers" classname="sn.ept.git.seminaire.cicd.demo.E_FirstPrincipalTest$Fast" time="0">
    <system-out><![CDATA[16:18:51.402 [main] INFO sn.ept.git.seminaire.cicd.demo.E_FirstPrincipalTest - Something to do before each test
]]></system-out>
  </testcase>
  <testcase name="addShouldReturnTheSumOfPositiveNumbers" classname="sn.ept.git.seminaire.cicd.demo.E_FirstPrincipalTest$Fast" time="0">
    <system-out><![CDATA[16:18:51.402 [main] INFO sn.ept.git.seminaire.cicd.demo.E_FirstPrincipalTest - Something to do before each test
]]></system-out>
  </testcase>
  <testcase name="addShouldReturnTheSumOfPositiveNumbers" classname="sn.ept.git.seminaire.cicd.demo.E_FirstPrincipalTest$Fast" time="0">
    <system-out><![CDATA[16:18:51.402 [main] INFO sn.ept.git.seminaire.cicd.demo.E_FirstPrincipalTest - Something to do before each test
]]></system-out>
  </testcase>
  <testcase name="addShouldReturnTheSumOfPositiveNumbers" classname="sn.ept.git.seminaire.cicd.demo.E_FirstPrincipalTest$Fast" time="0">
    <system-out><![CDATA[16:18:51.418 [main] INFO sn.ept.git.seminaire.cicd.demo.E_FirstPrincipalTest - Something to do before each test
]]></system-out>
  </testcase>
  <testcase name="addShouldReturnTheSumOfPositiveNumbers" classname="sn.ept.git.seminaire.cicd.demo.E_FirstPrincipalTest$Fast" time="0">
    <system-out><![CDATA[16:18:51.418 [main] INFO sn.ept.git.seminaire.cicd.demo.E_FirstPrincipalTest - Something to do before each test
]]></system-out>
  </testcase>
  <testcase name="addShouldReturnTheSumOfPositiveNumbers" classname="sn.ept.git.seminaire.cicd.demo.E_FirstPrincipalTest$Fast" time="0">
    <system-out><![CDATA[16:18:51.418 [main] INFO sn.ept.git.seminaire.cicd.demo.E_FirstPrincipalTest - Something to do before each test
]]></system-out>
  </testcase>
  <testcase name="addShouldReturnTheSumOfPositiveNumbers" classname="sn.ept.git.seminaire.cicd.demo.E_FirstPrincipalTest$Fast" time="0">
    <system-out><![CDATA[16:18:51.418 [main] INFO sn.ept.git.seminaire.cicd.demo.E_FirstPrincipalTest - Something to do before each test
]]></system-out>
  </testcase>
  <testcase name="addShouldReturnTheSumOfPositiveNumbers" classname="sn.ept.git.seminaire.cicd.demo.E_FirstPrincipalTest$Fast" time="0">
    <system-out><![CDATA[16:18:51.418 [main] INFO sn.ept.git.seminaire.cicd.demo.E_FirstPrincipalTest - Something to do before each test
]]></system-out>
  </testcase>
  <testcase name="addShouldReturnTheSumOfPositiveNumbers" classname="sn.ept.git.seminaire.cicd.demo.E_FirstPrincipalTest$Fast" time="0">
    <system-out><![CDATA[16:18:51.418 [main] INFO sn.ept.git.seminaire.cicd.demo.E_FirstPrincipalTest - Something to do before each test
]]></system-out>
  </testcase>
  <testcase name="addShouldReturnTheSumOfPositiveNumbers" classname="sn.ept.git.seminaire.cicd.demo.E_FirstPrincipalTest$Fast" time="0">
    <system-out><![CDATA[16:18:51.418 [main] INFO sn.ept.git.seminaire.cicd.demo.E_FirstPrincipalTest - Something to do before each test
]]></system-out>
  </testcase>
  <testcase name="addShouldReturnTheSumOfPositiveNumbers" classname="sn.ept.git.seminaire.cicd.demo.E_FirstPrincipalTest$Fast" time="0">
    <system-out><![CDATA[16:18:51.418 [main] INFO sn.ept.git.seminaire.cicd.demo.E_FirstPrincipalTest - Something to do before each test
]]></system-out>
  </testcase>
  <testcase name="addShouldReturnTheSumOfPositiveNumbers" classname="sn.ept.git.seminaire.cicd.demo.E_FirstPrincipalTest$Fast" time="0.016">
    <system-out><![CDATA[16:18:51.434 [main] INFO sn.ept.git.seminaire.cicd.demo.E_FirstPrincipalTest - Something to do before each test
]]></system-out>
  </testcase>
  <testcase name="addShouldReturnTheSumOfPositiveNumbers" classname="sn.ept.git.seminaire.cicd.demo.E_FirstPrincipalTest$Fast" time="0">
    <system-out><![CDATA[16:18:51.434 [main] INFO sn.ept.git.seminaire.cicd.demo.E_FirstPrincipalTest - Something to do before each test
]]></system-out>
  </testcase>
  <testcase name="addShouldReturnTheSumOfPositiveNumbers" classname="sn.ept.git.seminaire.cicd.demo.E_FirstPrincipalTest$Fast" time="0">
    <system-out><![CDATA[16:18:51.434 [main] INFO sn.ept.git.seminaire.cicd.demo.E_FirstPrincipalTest - Something to do before each test
]]></system-out>
  </testcase>
  <testcase name="addShouldReturnTheSumOfPositiveNumbers" classname="sn.ept.git.seminaire.cicd.demo.E_FirstPrincipalTest$Fast" time="0">
    <system-out><![CDATA[16:18:51.434 [main] INFO sn.ept.git.seminaire.cicd.demo.E_FirstPrincipalTest - Something to do before each test
]]></system-out>
  </testcase>
  <testcase name="addShouldReturnTheSumOfPositiveNumbers" classname="sn.ept.git.seminaire.cicd.demo.E_FirstPrincipalTest$Fast" time="0">
    <system-out><![CDATA[16:18:51.434 [main] INFO sn.ept.git.seminaire.cicd.demo.E_FirstPrincipalTest - Something to do before each test
]]></system-out>
  </testcase>
  <testcase name="addShouldReturnTheSumOfPositiveNumbers" classname="sn.ept.git.seminaire.cicd.demo.E_FirstPrincipalTest$Fast" time="0">
    <system-out><![CDATA[16:18:51.434 [main] INFO sn.ept.git.seminaire.cicd.demo.E_FirstPrincipalTest - Something to do before each test
]]></system-out>
  </testcase>
  <testcase name="addShouldReturnTheSumOfPositiveNumbers" classname="sn.ept.git.seminaire.cicd.demo.E_FirstPrincipalTest$Fast" time="0">
    <system-out><![CDATA[16:18:51.434 [main] INFO sn.ept.git.seminaire.cicd.demo.E_FirstPrincipalTest - Something to do before each test
]]></system-out>
  </testcase>
  <testcase name="addShouldReturnTheSumOfPositiveNumbers" classname="sn.ept.git.seminaire.cicd.demo.E_FirstPrincipalTest$Fast" time="0">
    <system-out><![CDATA[16:18:51.434 [main] INFO sn.ept.git.seminaire.cicd.demo.E_FirstPrincipalTest - Something to do before each test
]]></system-out>
  </testcase>
  <testcase name="addShouldReturnTheSumOfPositiveNumbers" classname="sn.ept.git.seminaire.cicd.demo.E_FirstPrincipalTest$Fast" time="0">
    <system-out><![CDATA[16:18:51.434 [main] INFO sn.ept.git.seminaire.cicd.demo.E_FirstPrincipalTest - Something to do before each test
]]></system-out>
  </testcase>
  <testcase name="addShouldReturnTheSumOfPositiveNumbers" classname="sn.ept.git.seminaire.cicd.demo.E_FirstPrincipalTest$Fast" time="0">
    <system-out><![CDATA[16:18:51.434 [main] INFO sn.ept.git.seminaire.cicd.demo.E_FirstPrincipalTest - Something to do before each test
]]></system-out>
  </testcase>
  <testcase name="addShouldReturnTheSumOfPositiveNumbers" classname="sn.ept.git.seminaire.cicd.demo.E_FirstPrincipalTest$Fast" time="0">
    <system-out><![CDATA[16:18:51.449 [main] INFO sn.ept.git.seminaire.cicd.demo.E_FirstPrincipalTest - Something to do before each test
]]></system-out>
  </testcase>
  <testcase name="addShouldReturnTheSumOfPositiveNumbers" classname="sn.ept.git.seminaire.cicd.demo.E_FirstPrincipalTest$Fast" time="0">
    <system-out><![CDATA[16:18:51.449 [main] INFO sn.ept.git.seminaire.cicd.demo.E_FirstPrincipalTest - Something to do before each test
]]></system-out>
  </testcase>
  <testcase name="addShouldReturnTheSumOfPositiveNumbers" classname="sn.ept.git.seminaire.cicd.demo.E_FirstPrincipalTest$Fast" time="0">
    <system-out><![CDATA[16:18:51.449 [main] INFO sn.ept.git.seminaire.cicd.demo.E_FirstPrincipalTest - Something to do before each test
]]></system-out>
  </testcase>
  <testcase name="addShouldReturnTheSumOfPositiveNumbers" classname="sn.ept.git.seminaire.cicd.demo.E_FirstPrincipalTest$Fast" time="0">
    <system-out><![CDATA[16:18:51.449 [main] INFO sn.ept.git.seminaire.cicd.demo.E_FirstPrincipalTest - Something to do before each test
]]></system-out>
  </testcase>
  <testcase name="addShouldReturnTheSumOfPositiveNumbers" classname="sn.ept.git.seminaire.cicd.demo.E_FirstPrincipalTest$Fast" time="0">
    <system-out><![CDATA[16:18:51.449 [main] INFO sn.ept.git.seminaire.cicd.demo.E_FirstPrincipalTest - Something to do before each test
]]></system-out>
  </testcase>
  <testcase name="addShouldReturnTheSumOfPositiveNumbers" classname="sn.ept.git.seminaire.cicd.demo.E_FirstPrincipalTest$Fast" time="0">
    <system-out><![CDATA[16:18:51.449 [main] INFO sn.ept.git.seminaire.cicd.demo.E_FirstPrincipalTest - Something to do before each test
]]></system-out>
  </testcase>
  <testcase name="addShouldReturnTheSumOfPositiveNumbers" classname="sn.ept.git.seminaire.cicd.demo.E_FirstPrincipalTest$Fast" time="0.016">
    <system-out><![CDATA[16:18:51.465 [main] INFO sn.ept.git.seminaire.cicd.demo.E_FirstPrincipalTest - Something to do before each test
]]></system-out>
  </testcase>
  <testcase name="addShouldReturnTheSumOfPositiveNumbers" classname="sn.ept.git.seminaire.cicd.demo.E_FirstPrincipalTest$Fast" time="0">
    <system-out><![CDATA[16:18:51.465 [main] INFO sn.ept.git.seminaire.cicd.demo.E_FirstPrincipalTest - Something to do before each test
]]></system-out>
  </testcase>
  <testcase name="addShouldReturnTheSumOfPositiveNumbers" classname="sn.ept.git.seminaire.cicd.demo.E_FirstPrincipalTest$Fast" time="0">
    <system-out><![CDATA[16:18:51.465 [main] INFO sn.ept.git.seminaire.cicd.demo.E_FirstPrincipalTest - Something to do before each test
]]></system-out>
  </testcase>
  <testcase name="addShouldReturnTheSumOfPositiveNumbers" classname="sn.ept.git.seminaire.cicd.demo.E_FirstPrincipalTest$Fast" time="0">
    <system-out><![CDATA[16:18:51.465 [main] INFO sn.ept.git.seminaire.cicd.demo.E_FirstPrincipalTest - Something to do before each test
]]></system-out>
  </testcase>
  <testcase name="addShouldReturnTheSumOfPositiveNumbers" classname="sn.ept.git.seminaire.cicd.demo.E_FirstPrincipalTest$Fast" time="0">
    <system-out><![CDATA[16:18:51.465 [main] INFO sn.ept.git.seminaire.cicd.demo.E_FirstPrincipalTest - Something to do before each test
]]></system-out>
  </testcase>
  <testcase name="addShouldReturnTheSumOfPositiveNumbers" classname="sn.ept.git.seminaire.cicd.demo.E_FirstPrincipalTest$Fast" time="0">
    <system-out><![CDATA[16:18:51.465 [main] INFO sn.ept.git.seminaire.cicd.demo.E_FirstPrincipalTest - Something to do before each test
]]></system-out>
  </testcase>
  <testcase name="addShouldReturnTheSumOfPositiveNumbers" classname="sn.ept.git.seminaire.cicd.demo.E_FirstPrincipalTest$Fast" time="0">
    <system-out><![CDATA[16:18:51.465 [main] INFO sn.ept.git.seminaire.cicd.demo.E_FirstPrincipalTest - Something to do before each test
]]></system-out>
  </testcase>
  <testcase name="addShouldReturnTheSumOfPositiveNumbers" classname="sn.ept.git.seminaire.cicd.demo.E_FirstPrincipalTest$Fast" time="0">
    <system-out><![CDATA[16:18:51.465 [main] INFO sn.ept.git.seminaire.cicd.demo.E_FirstPrincipalTest - Something to do before each test
]]></system-out>
  </testcase>
  <testcase name="addShouldReturnTheSumOfPositiveNumbers" classname="sn.ept.git.seminaire.cicd.demo.E_FirstPrincipalTest$Fast" time="0.001">
    <system-out><![CDATA[16:18:51.478 [main] INFO sn.ept.git.seminaire.cicd.demo.E_FirstPrincipalTest - Something to do before each test
]]></system-out>
  </testcase>
  <testcase name="addShouldReturnTheSumOfPositiveNumbers" classname="sn.ept.git.seminaire.cicd.demo.E_FirstPrincipalTest$Fast" time="0.001">
    <system-out><![CDATA[16:18:51.480 [main] INFO sn.ept.git.seminaire.cicd.demo.E_FirstPrincipalTest - Something to do before each test
]]></system-out>
  </testcase>
  <testcase name="addShouldReturnTheSumOfPositiveNumbers" classname="sn.ept.git.seminaire.cicd.demo.E_FirstPrincipalTest$Fast" time="0.001">
    <system-out><![CDATA[16:18:51.482 [main] INFO sn.ept.git.seminaire.cicd.demo.E_FirstPrincipalTest - Something to do before each test
]]></system-out>
  </testcase>
  <testcase name="addShouldReturnTheSumOfPositiveNumbers" classname="sn.ept.git.seminaire.cicd.demo.E_FirstPrincipalTest$Fast" time="0.001">
    <system-out><![CDATA[16:18:51.484 [main] INFO sn.ept.git.seminaire.cicd.demo.E_FirstPrincipalTest - Something to do before each test
]]></system-out>
  </testcase>
  <testcase name="addShouldReturnTheSumOfPositiveNumbers" classname="sn.ept.git.seminaire.cicd.demo.E_FirstPrincipalTest$Fast" time="0.001">
    <system-out><![CDATA[16:18:51.486 [main] INFO sn.ept.git.seminaire.cicd.demo.E_FirstPrincipalTest - Something to do before each test
]]></system-out>
  </testcase>
  <testcase name="addShouldReturnTheSumOfPositiveNumbers" classname="sn.ept.git.seminaire.cicd.demo.E_FirstPrincipalTest$Fast" time="0.001">
    <system-out><![CDATA[16:18:51.487 [main] INFO sn.ept.git.seminaire.cicd.demo.E_FirstPrincipalTest - Something to do before each test
]]></system-out>
  </testcase>
  <testcase name="addShouldReturnTheSumOfPositiveNumbers" classname="sn.ept.git.seminaire.cicd.demo.E_FirstPrincipalTest$Fast" time="0">
    <system-out><![CDATA[16:18:51.489 [main] INFO sn.ept.git.seminaire.cicd.demo.E_FirstPrincipalTest - Something to do before each test
]]></system-out>
  </testcase>
  <testcase name="addShouldReturnTheSumOfPositiveNumbers" classname="sn.ept.git.seminaire.cicd.demo.E_FirstPrincipalTest$Fast" time="0.001">
    <system-out><![CDATA[16:18:51.491 [main] INFO sn.ept.git.seminaire.cicd.demo.E_FirstPrincipalTest - Something to do before each test
]]></system-out>
  </testcase>
  <testcase name="addShouldReturnTheSumOfPositiveNumbers" classname="sn.ept.git.seminaire.cicd.demo.E_FirstPrincipalTest$Fast" time="0.001">
    <system-out><![CDATA[16:18:51.493 [main] INFO sn.ept.git.seminaire.cicd.demo.E_FirstPrincipalTest - Something to do before each test
]]></system-out>
  </testcase>
  <testcase name="addShouldReturnTheSumOfPositiveNumbers" classname="sn.ept.git.seminaire.cicd.demo.E_FirstPrincipalTest$Fast" time="0.001">
    <system-out><![CDATA[16:18:51.494 [main] INFO sn.ept.git.seminaire.cicd.demo.E_FirstPrincipalTest - Something to do before each test
]]></system-out>
  </testcase>
  <testcase name="addShouldReturnTheSumOfPositiveNumbers" classname="sn.ept.git.seminaire.cicd.demo.E_FirstPrincipalTest$Fast" time="0.001">
    <system-out><![CDATA[16:18:51.496 [main] INFO sn.ept.git.seminaire.cicd.demo.E_FirstPrincipalTest - Something to do before each test
]]></system-out>
  </testcase>
  <testcase name="addShouldReturnTheSumOfPositiveNumbers" classname="sn.ept.git.seminaire.cicd.demo.E_FirstPrincipalTest$Fast" time="0">
    <system-out><![CDATA[16:18:51.497 [main] INFO sn.ept.git.seminaire.cicd.demo.E_FirstPrincipalTest - Something to do before each test
]]></system-out>
  </testcase>
  <testcase name="addShouldReturnTheSumOfPositiveNumbers" classname="sn.ept.git.seminaire.cicd.demo.E_FirstPrincipalTest$Fast" time="0.001">
    <system-out><![CDATA[16:18:51.498 [main] INFO sn.ept.git.seminaire.cicd.demo.E_FirstPrincipalTest - Something to do before each test
]]></system-out>
  </testcase>
  <testcase name="addShouldReturnTheSumOfPositiveNumbers" classname="sn.ept.git.seminaire.cicd.demo.E_FirstPrincipalTest$Fast" time="0">
    <system-out><![CDATA[16:18:51.500 [main] INFO sn.ept.git.seminaire.cicd.demo.E_FirstPrincipalTest - Something to do before each test
]]></system-out>
  </testcase>
  <testcase name="addShouldReturnTheSumOfPositiveNumbers" classname="sn.ept.git.seminaire.cicd.demo.E_FirstPrincipalTest$Fast" time="0.001">
    <system-out><![CDATA[16:18:51.501 [main] INFO sn.ept.git.seminaire.cicd.demo.E_FirstPrincipalTest - Something to do before each test
]]></system-out>
  </testcase>
  <testcase name="addShouldReturnTheSumOfPositiveNumbers" classname="sn.ept.git.seminaire.cicd.demo.E_FirstPrincipalTest$Fast" time="0.001">
    <system-out><![CDATA[16:18:51.503 [main] INFO sn.ept.git.seminaire.cicd.demo.E_FirstPrincipalTest - Something to do before each test
]]></system-out>
  </testcase>
  <testcase name="addShouldReturnTheSumOfPositiveNumbers" classname="sn.ept.git.seminaire.cicd.demo.E_FirstPrincipalTest$Fast" time="0">
    <system-out><![CDATA[16:18:51.504 [main] INFO sn.ept.git.seminaire.cicd.demo.E_FirstPrincipalTest - Something to do before each test
]]></system-out>
  </testcase>
  <testcase name="addShouldReturnTheSumOfPositiveNumbers" classname="sn.ept.git.seminaire.cicd.demo.E_FirstPrincipalTest$Fast" time="0.001">
    <system-out><![CDATA[16:18:51.505 [main] INFO sn.ept.git.seminaire.cicd.demo.E_FirstPrincipalTest - Something to do before each test
]]></system-out>
  </testcase>
  <testcase name="addShouldReturnTheSumOfPositiveNumbers" classname="sn.ept.git.seminaire.cicd.demo.E_FirstPrincipalTest$Fast" time="0.001">
    <system-out><![CDATA[16:18:51.507 [main] INFO sn.ept.git.seminaire.cicd.demo.E_FirstPrincipalTest - Something to do before each test
]]></system-out>
  </testcase>
  <testcase name="addShouldReturnTheSumOfPositiveNumbers" classname="sn.ept.git.seminaire.cicd.demo.E_FirstPrincipalTest$Fast" time="0">
    <system-out><![CDATA[16:18:51.509 [main] INFO sn.ept.git.seminaire.cicd.demo.E_FirstPrincipalTest - Something to do before each test
]]></system-out>
  </testcase>
  <testcase name="addShouldReturnTheSumOfPositiveNumbers" classname="sn.ept.git.seminaire.cicd.demo.E_FirstPrincipalTest$Fast" time="0.001">
    <system-out><![CDATA[16:18:51.511 [main] INFO sn.ept.git.seminaire.cicd.demo.E_FirstPrincipalTest - Something to do before each test
]]></system-out>
  </testcase>
  <testcase name="addShouldReturnTheSumOfPositiveNumbers" classname="sn.ept.git.seminaire.cicd.demo.E_FirstPrincipalTest$Fast" time="0.001">
    <system-out><![CDATA[16:18:51.519 [main] INFO sn.ept.git.seminaire.cicd.demo.E_FirstPrincipalTest - Something to do before each test
]]></system-out>
  </testcase>
  <testcase name="addShouldReturnTheSumOfPositiveNumbers" classname="sn.ept.git.seminaire.cicd.demo.E_FirstPrincipalTest$Fast" time="0.001">
    <system-out><![CDATA[16:18:51.520 [main] INFO sn.ept.git.seminaire.cicd.demo.E_FirstPrincipalTest - Something to do before each test
]]></system-out>
  </testcase>
  <testcase name="addShouldReturnTheSumOfPositiveNumbers" classname="sn.ept.git.seminaire.cicd.demo.E_FirstPrincipalTest$Fast" time="0">
    <system-out><![CDATA[16:18:51.522 [main] INFO sn.ept.git.seminaire.cicd.demo.E_FirstPrincipalTest - Something to do before each test
]]></system-out>
  </testcase>
  <testcase name="addShouldReturnTheSumOfPositiveNumbers" classname="sn.ept.git.seminaire.cicd.demo.E_FirstPrincipalTest$Fast" time="0.001">
    <system-out><![CDATA[16:18:51.524 [main] INFO sn.ept.git.seminaire.cicd.demo.E_FirstPrincipalTest - Something to do before each test
]]></system-out>
  </testcase>
  <testcase name="addShouldReturnTheSumOfPositiveNumbers" classname="sn.ept.git.seminaire.cicd.demo.E_FirstPrincipalTest$Fast" time="0">
    <system-out><![CDATA[16:18:51.526 [main] INFO sn.ept.git.seminaire.cicd.demo.E_FirstPrincipalTest - Something to do before each test
]]></system-out>
  </testcase>
  <testcase name="addShouldReturnTheSumOfPositiveNumbers" classname="sn.ept.git.seminaire.cicd.demo.E_FirstPrincipalTest$Fast" time="0.001">
    <system-out><![CDATA[16:18:51.527 [main] INFO sn.ept.git.seminaire.cicd.demo.E_FirstPrincipalTest - Something to do before each test
]]></system-out>
  </testcase>
  <testcase name="addShouldReturnTheSumOfPositiveNumbers" classname="sn.ept.git.seminaire.cicd.demo.E_FirstPrincipalTest$Fast" time="0.001">
    <system-out><![CDATA[16:18:51.529 [main] INFO sn.ept.git.seminaire.cicd.demo.E_FirstPrincipalTest - Something to do before each test
]]></system-out>
  </testcase>
  <testcase name="addShouldReturnTheSumOfPositiveNumbers" classname="sn.ept.git.seminaire.cicd.demo.E_FirstPrincipalTest$Fast" time="0.001">
    <system-out><![CDATA[16:18:51.530 [main] INFO sn.ept.git.seminaire.cicd.demo.E_FirstPrincipalTest - Something to do before each test
]]></system-out>
  </testcase>
  <testcase name="addShouldReturnTheSumOfPositiveNumbers" classname="sn.ept.git.seminaire.cicd.demo.E_FirstPrincipalTest$Fast" time="0.001">
    <system-out><![CDATA[16:18:51.532 [main] INFO sn.ept.git.seminaire.cicd.demo.E_FirstPrincipalTest - Something to do before each test
]]></system-out>
  </testcase>
  <testcase name="addShouldReturnTheSumOfPositiveNumbers" classname="sn.ept.git.seminaire.cicd.demo.E_FirstPrincipalTest$Fast" time="0">
    <system-out><![CDATA[16:18:51.533 [main] INFO sn.ept.git.seminaire.cicd.demo.E_FirstPrincipalTest - Something to do before each test
]]></system-out>
  </testcase>
  <testcase name="addShouldReturnTheSumOfPositiveNumbers" classname="sn.ept.git.seminaire.cicd.demo.E_FirstPrincipalTest$Fast" time="0.001">
    <system-out><![CDATA[16:18:51.534 [main] INFO sn.ept.git.seminaire.cicd.demo.E_FirstPrincipalTest - Something to do before each test
]]></system-out>
  </testcase>
  <testcase name="addShouldReturnTheSumOfPositiveNumbers" classname="sn.ept.git.seminaire.cicd.demo.E_FirstPrincipalTest$Fast" time="0">
    <system-out><![CDATA[16:18:51.536 [main] INFO sn.ept.git.seminaire.cicd.demo.E_FirstPrincipalTest - Something to do before each test
]]></system-out>
  </testcase>
  <testcase name="addShouldReturnTheSumOfPositiveNumbers" classname="sn.ept.git.seminaire.cicd.demo.E_FirstPrincipalTest$Fast" time="0.001">
    <system-out><![CDATA[16:18:51.537 [main] INFO sn.ept.git.seminaire.cicd.demo.E_FirstPrincipalTest - Something to do before each test
]]></system-out>
  </testcase>
  <testcase name="addShouldReturnTheSumOfPositiveNumbers" classname="sn.ept.git.seminaire.cicd.demo.E_FirstPrincipalTest$Fast" time="0.001">
    <system-out><![CDATA[16:18:51.539 [main] INFO sn.ept.git.seminaire.cicd.demo.E_FirstPrincipalTest - Something to do before each test
]]></system-out>
  </testcase>
  <testcase name="addShouldReturnTheSumOfPositiveNumbers" classname="sn.ept.git.seminaire.cicd.demo.E_FirstPrincipalTest$Fast" time="0.001">
    <system-out><![CDATA[16:18:51.540 [main] INFO sn.ept.git.seminaire.cicd.demo.E_FirstPrincipalTest - Something to do before each test
]]></system-out>
  </testcase>
  <testcase name="addShouldReturnTheSumOfPositiveNumbers" classname="sn.ept.git.seminaire.cicd.demo.E_FirstPrincipalTest$Fast" time="0.001">
    <system-out><![CDATA[16:18:51.544 [main] INFO sn.ept.git.seminaire.cicd.demo.E_FirstPrincipalTest - Something to do before each test
]]></system-out>
  </testcase>
  <testcase name="addShouldReturnTheSumOfPositiveNumbers" classname="sn.ept.git.seminaire.cicd.demo.E_FirstPrincipalTest$Fast" time="0">
    <system-out><![CDATA[16:18:51.545 [main] INFO sn.ept.git.seminaire.cicd.demo.E_FirstPrincipalTest - Something to do before each test
]]></system-out>
  </testcase>
  <testcase name="addShouldReturnTheSumOfPositiveNumbers" classname="sn.ept.git.seminaire.cicd.demo.E_FirstPrincipalTest$Fast" time="0.001">
    <system-out><![CDATA[16:18:51.546 [main] INFO sn.ept.git.seminaire.cicd.demo.E_FirstPrincipalTest - Something to do before each test
]]></system-out>
  </testcase>
  <testcase name="addShouldReturnTheSumOfPositiveNumbers" classname="sn.ept.git.seminaire.cicd.demo.E_FirstPrincipalTest$Fast" time="0.001">
    <system-out><![CDATA[16:18:51.548 [main] INFO sn.ept.git.seminaire.cicd.demo.E_FirstPrincipalTest - Something to do before each test
]]></system-out>
  </testcase>
  <testcase name="addShouldReturnTheSumOfPositiveNumbers" classname="sn.ept.git.seminaire.cicd.demo.E_FirstPrincipalTest$Fast" time="0.001">
    <system-out><![CDATA[16:18:51.549 [main] INFO sn.ept.git.seminaire.cicd.demo.E_FirstPrincipalTest - Something to do before each test
]]></system-out>
  </testcase>
  <testcase name="addShouldReturnTheSumOfPositiveNumbers" classname="sn.ept.git.seminaire.cicd.demo.E_FirstPrincipalTest$Fast" time="0">
    <system-out><![CDATA[16:18:51.551 [main] INFO sn.ept.git.seminaire.cicd.demo.E_FirstPrincipalTest - Something to do before each test
]]></system-out>
  </testcase>
  <testcase name="addShouldReturnTheSumOfPositiveNumbers" classname="sn.ept.git.seminaire.cicd.demo.E_FirstPrincipalTest$Fast" time="0">
    <system-out><![CDATA[16:18:51.552 [main] INFO sn.ept.git.seminaire.cicd.demo.E_FirstPrincipalTest - Something to do before each test
]]></system-out>
  </testcase>
  <testcase name="addShouldReturnTheSumOfPositiveNumbers" classname="sn.ept.git.seminaire.cicd.demo.E_FirstPrincipalTest$Fast" time="0.001">
    <system-out><![CDATA[16:18:51.553 [main] INFO sn.ept.git.seminaire.cicd.demo.E_FirstPrincipalTest - Something to do before each test
]]></system-out>
  </testcase>
  <testcase name="addShouldReturnTheSumOfPositiveNumbers" classname="sn.ept.git.seminaire.cicd.demo.E_FirstPrincipalTest$Fast" time="0">
    <system-out><![CDATA[16:18:51.555 [main] INFO sn.ept.git.seminaire.cicd.demo.E_FirstPrincipalTest - Something to do before each test
]]></system-out>
  </testcase>
  <testcase name="addShouldReturnTheSumOfPositiveNumbers" classname="sn.ept.git.seminaire.cicd.demo.E_FirstPrincipalTest$Fast" time="0.001">
    <system-out><![CDATA[16:18:51.557 [main] INFO sn.ept.git.seminaire.cicd.demo.E_FirstPrincipalTest - Something to do before each test
]]></system-out>
  </testcase>
  <testcase name="addShouldReturnTheSumOfPositiveNumbers" classname="sn.ept.git.seminaire.cicd.demo.E_FirstPrincipalTest$Fast" time="0.001">
    <system-out><![CDATA[16:18:51.559 [main] INFO sn.ept.git.seminaire.cicd.demo.E_FirstPrincipalTest - Something to do before each test
]]></system-out>
  </testcase>
  <testcase name="addShouldReturnTheSumOfPositiveNumbers" classname="sn.ept.git.seminaire.cicd.demo.E_FirstPrincipalTest$Fast" time="0.001">
    <system-out><![CDATA[16:18:51.561 [main] INFO sn.ept.git.seminaire.cicd.demo.E_FirstPrincipalTest - Something to do before each test
]]></system-out>
  </testcase>
  <testcase name="addShouldReturnTheSumOfPositiveNumbers" classname="sn.ept.git.seminaire.cicd.demo.E_FirstPrincipalTest$Fast" time="0.001">
    <system-out><![CDATA[16:18:51.562 [main] INFO sn.ept.git.seminaire.cicd.demo.E_FirstPrincipalTest - Something to do before each test
]]></system-out>
  </testcase>
  <testcase name="addShouldReturnTheSumOfPositiveNumbers" classname="sn.ept.git.seminaire.cicd.demo.E_FirstPrincipalTest$Fast" time="0.001">
    <system-out><![CDATA[16:18:51.564 [main] INFO sn.ept.git.seminaire.cicd.demo.E_FirstPrincipalTest - Something to do before each test
]]></system-out>
  </testcase>
  <testcase name="addShouldReturnTheSumOfPositiveNumbers" classname="sn.ept.git.seminaire.cicd.demo.E_FirstPrincipalTest$Fast" time="0.001">
    <system-out><![CDATA[16:18:51.566 [main] INFO sn.ept.git.seminaire.cicd.demo.E_FirstPrincipalTest - Something to do before each test
]]></system-out>
  </testcase>
  <testcase name="addShouldReturnTheSumOfPositiveNumbers" classname="sn.ept.git.seminaire.cicd.demo.E_FirstPrincipalTest$Fast" time="0.001">
    <system-out><![CDATA[16:18:51.568 [main] INFO sn.ept.git.seminaire.cicd.demo.E_FirstPrincipalTest - Something to do before each test
]]></system-out>
  </testcase>
  <testcase name="addShouldReturnTheSumOfPositiveNumbers" classname="sn.ept.git.seminaire.cicd.demo.E_FirstPrincipalTest$Fast" time="0.001">
    <system-out><![CDATA[16:18:51.570 [main] INFO sn.ept.git.seminaire.cicd.demo.E_FirstPrincipalTest - Something to do before each test
]]></system-out>
  </testcase>
  <testcase name="addShouldReturnTheSumOfPositiveNumbers" classname="sn.ept.git.seminaire.cicd.demo.E_FirstPrincipalTest$Fast" time="0.001">
    <system-out><![CDATA[16:18:51.572 [main] INFO sn.ept.git.seminaire.cicd.demo.E_FirstPrincipalTest - Something to do before each test
]]></system-out>
  </testcase>
  <testcase name="addShouldReturnTheSumOfPositiveNumbers" classname="sn.ept.git.seminaire.cicd.demo.E_FirstPrincipalTest$Fast" time="0.003">
    <system-out><![CDATA[16:18:51.575 [main] INFO sn.ept.git.seminaire.cicd.demo.E_FirstPrincipalTest - Something to do before each test
]]></system-out>
  </testcase>
  <testcase name="addShouldReturnTheSumOfPositiveNumbers" classname="sn.ept.git.seminaire.cicd.demo.E_FirstPrincipalTest$Fast" time="0.002">
    <system-out><![CDATA[16:18:51.579 [main] INFO sn.ept.git.seminaire.cicd.demo.E_FirstPrincipalTest - Something to do before each test
]]></system-out>
  </testcase>
  <testcase name="addShouldReturnTheSumOfPositiveNumbers" classname="sn.ept.git.seminaire.cicd.demo.E_FirstPrincipalTest$Fast" time="0.002">
    <system-out><![CDATA[16:18:51.581 [main] INFO sn.ept.git.seminaire.cicd.demo.E_FirstPrincipalTest - Something to do before each test
]]></system-out>
  </testcase>
  <testcase name="addShouldReturnTheSumOfPositiveNumbers" classname="sn.ept.git.seminaire.cicd.demo.E_FirstPrincipalTest$Fast" time="0.001">
    <system-out><![CDATA[16:18:51.583 [main] INFO sn.ept.git.seminaire.cicd.demo.E_FirstPrincipalTest - Something to do before each test
]]></system-out>
  </testcase>
  <testcase name="addShouldReturnTheSumOfPositiveNumbers" classname="sn.ept.git.seminaire.cicd.demo.E_FirstPrincipalTest$Fast" time="0.001">
    <system-out><![CDATA[16:18:51.585 [main] INFO sn.ept.git.seminaire.cicd.demo.E_FirstPrincipalTest - Something to do before each test
]]></system-out>
  </testcase>
  <testcase name="addShouldReturnTheSumOfPositiveNumbers" classname="sn.ept.git.seminaire.cicd.demo.E_FirstPrincipalTest$Fast" time="0.001">
    <system-out><![CDATA[16:18:51.586 [main] INFO sn.ept.git.seminaire.cicd.demo.E_FirstPrincipalTest - Something to do before each test
]]></system-out>
  </testcase>
  <testcase name="addShouldReturnTheSumOfPositiveNumbers" classname="sn.ept.git.seminaire.cicd.demo.E_FirstPrincipalTest$Fast" time="0">
    <system-out><![CDATA[16:18:51.588 [main] INFO sn.ept.git.seminaire.cicd.demo.E_FirstPrincipalTest - Something to do before each test
]]></system-out>
  </testcase>
  <testcase name="addShouldReturnTheSumOfPositiveNumbers" classname="sn.ept.git.seminaire.cicd.demo.E_FirstPrincipalTest$Fast" time="0.001">
    <system-out><![CDATA[16:18:51.590 [main] INFO sn.ept.git.seminaire.cicd.demo.E_FirstPrincipalTest - Something to do before each test
]]></system-out>
  </testcase>
  <testcase name="addShouldReturnTheSumOfPositiveNumbers" classname="sn.ept.git.seminaire.cicd.demo.E_FirstPrincipalTest$Fast" time="0.001">
    <system-out><![CDATA[16:18:51.591 [main] INFO sn.ept.git.seminaire.cicd.demo.E_FirstPrincipalTest - Something to do before each test
]]></system-out>
  </testcase>
  <testcase name="addShouldReturnTheSumOfPositiveNumbers" classname="sn.ept.git.seminaire.cicd.demo.E_FirstPrincipalTest$Fast" time="0.001">
    <system-out><![CDATA[16:18:51.593 [main] INFO sn.ept.git.seminaire.cicd.demo.E_FirstPrincipalTest - Something to do before each test
]]></system-out>
  </testcase>
  <testcase name="addShouldReturnTheSumOfPositiveNumbers" classname="sn.ept.git.seminaire.cicd.demo.E_FirstPrincipalTest$Fast" time="0">
    <system-out><![CDATA[16:18:51.595 [main] INFO sn.ept.git.seminaire.cicd.demo.E_FirstPrincipalTest - Something to do before each test
]]></system-out>
  </testcase>
  <testcase name="addShouldReturnTheSumOfPositiveNumbers" classname="sn.ept.git.seminaire.cicd.demo.E_FirstPrincipalTest$Fast" time="0.001">
    <system-out><![CDATA[16:18:51.597 [main] INFO sn.ept.git.seminaire.cicd.demo.E_FirstPrincipalTest - Something to do before each test
]]></system-out>
  </testcase>
  <testcase name="addShouldReturnTheSumOfPositiveNumbers" classname="sn.ept.git.seminaire.cicd.demo.E_FirstPrincipalTest$Fast" time="0.001">
    <system-out><![CDATA[16:18:51.598 [main] INFO sn.ept.git.seminaire.cicd.demo.E_FirstPrincipalTest - Something to do before each test
]]></system-out>
  </testcase>
  <testcase name="addShouldReturnTheSumOfPositiveNumbers" classname="sn.ept.git.seminaire.cicd.demo.E_FirstPrincipalTest$Fast" time="0.001">
    <system-out><![CDATA[16:18:51.600 [main] INFO sn.ept.git.seminaire.cicd.demo.E_FirstPrincipalTest - Something to do before each test
]]></system-out>
  </testcase>
  <testcase name="addShouldReturnTheSumOfPositiveNumbers" classname="sn.ept.git.seminaire.cicd.demo.E_FirstPrincipalTest$Fast" time="0">
    <system-out><![CDATA[16:18:51.602 [main] INFO sn.ept.git.seminaire.cicd.demo.E_FirstPrincipalTest - Something to do before each test
]]></system-out>
  </testcase>
  <testcase name="addShouldReturnTheSumOfPositiveNumbers" classname="sn.ept.git.seminaire.cicd.demo.E_FirstPrincipalTest$Fast" time="0.001">
    <system-out><![CDATA[16:18:51.604 [main] INFO sn.ept.git.seminaire.cicd.demo.E_FirstPrincipalTest - Something to do before each test
]]></system-out>
  </testcase>
  <testcase name="addShouldReturnTheSumOfPositiveNumbers" classname="sn.ept.git.seminaire.cicd.demo.E_FirstPrincipalTest$Fast" time="0.001">
    <system-out><![CDATA[16:18:51.606 [main] INFO sn.ept.git.seminaire.cicd.demo.E_FirstPrincipalTest - Something to do before each test
]]></system-out>
  </testcase>
  <testcase name="addShouldReturnTheSumOfPositiveNumbers" classname="sn.ept.git.seminaire.cicd.demo.E_FirstPrincipalTest$Fast" time="0.001">
    <system-out><![CDATA[16:18:51.608 [main] INFO sn.ept.git.seminaire.cicd.demo.E_FirstPrincipalTest - Something to do before each test
]]></system-out>
  </testcase>
  <testcase name="addShouldReturnTheSumOfPositiveNumbers" classname="sn.ept.git.seminaire.cicd.demo.E_FirstPrincipalTest$Fast" time="0">
    <system-out><![CDATA[16:18:51.609 [main] INFO sn.ept.git.seminaire.cicd.demo.E_FirstPrincipalTest - Something to do before each test
]]></system-out>
  </testcase>
  <testcase name="addShouldReturnTheSumOfPositiveNumbers" classname="sn.ept.git.seminaire.cicd.demo.E_FirstPrincipalTest$Fast" time="0.001">
    <system-out><![CDATA[16:18:51.610 [main] INFO sn.ept.git.seminaire.cicd.demo.E_FirstPrincipalTest - Something to do before each test
]]></system-out>
  </testcase>
  <testcase name="addShouldReturnTheSumOfPositiveNumbers" classname="sn.ept.git.seminaire.cicd.demo.E_FirstPrincipalTest$Fast" time="0.001">
    <system-out><![CDATA[16:18:51.612 [main] INFO sn.ept.git.seminaire.cicd.demo.E_FirstPrincipalTest - Something to do before each test
]]></system-out>
  </testcase>
  <testcase name="addShouldReturnTheSumOfPositiveNumbers" classname="sn.ept.git.seminaire.cicd.demo.E_FirstPrincipalTest$Fast" time="0.001">
    <system-out><![CDATA[16:18:51.613 [main] INFO sn.ept.git.seminaire.cicd.demo.E_FirstPrincipalTest - Something to do before each test
]]></system-out>
  </testcase>
  <testcase name="addShouldReturnTheSumOfPositiveNumbers" classname="sn.ept.git.seminaire.cicd.demo.E_FirstPrincipalTest$Fast" time="0">
    <system-out><![CDATA[16:18:51.615 [main] INFO sn.ept.git.seminaire.cicd.demo.E_FirstPrincipalTest - Something to do before each test
]]></system-out>
  </testcase>
  <testcase name="addShouldReturnTheSumOfPositiveNumbers" classname="sn.ept.git.seminaire.cicd.demo.E_FirstPrincipalTest$Fast" time="0.001">
    <system-out><![CDATA[16:18:51.617 [main] INFO sn.ept.git.seminaire.cicd.demo.E_FirstPrincipalTest - Something to do before each test
]]></system-out>
  </testcase>
  <testcase name="addShouldReturnTheSumOfPositiveNumbers" classname="sn.ept.git.seminaire.cicd.demo.E_FirstPrincipalTest$Fast" time="0.001">
    <system-out><![CDATA[16:18:51.618 [main] INFO sn.ept.git.seminaire.cicd.demo.E_FirstPrincipalTest - Something to do before each test
]]></system-out>
  </testcase>
  <testcase name="addShouldReturnTheSumOfPositiveNumbers" classname="sn.ept.git.seminaire.cicd.demo.E_FirstPrincipalTest$Fast" time="0.001">
    <system-out><![CDATA[16:18:51.620 [main] INFO sn.ept.git.seminaire.cicd.demo.E_FirstPrincipalTest - Something to do before each test
]]></system-out>
  </testcase>
  <testcase name="addShouldReturnTheSumOfPositiveNumbers" classname="sn.ept.git.seminaire.cicd.demo.E_FirstPrincipalTest$Fast" time="0.001">
    <system-out><![CDATA[16:18:51.621 [main] INFO sn.ept.git.seminaire.cicd.demo.E_FirstPrincipalTest - Something to do before each test
]]></system-out>
  </testcase>
  <testcase name="addShouldReturnTheSumOfPositiveNumbers" classname="sn.ept.git.seminaire.cicd.demo.E_FirstPrincipalTest$Fast" time="0.001">
    <system-out><![CDATA[16:18:51.624 [main] INFO sn.ept.git.seminaire.cicd.demo.E_FirstPrincipalTest - Something to do before each test
]]></system-out>
  </testcase>
  <testcase name="addShouldReturnTheSumOfPositiveNumbers" classname="sn.ept.git.seminaire.cicd.demo.E_FirstPrincipalTest$Fast" time="0">
    <system-out><![CDATA[16:18:51.626 [main] INFO sn.ept.git.seminaire.cicd.demo.E_FirstPrincipalTest - Something to do before each test
]]></system-out>
  </testcase>
  <testcase name="addShouldReturnTheSumOfPositiveNumbers" classname="sn.ept.git.seminaire.cicd.demo.E_FirstPrincipalTest$Fast" time="0.001">
    <system-out><![CDATA[16:18:51.628 [main] INFO sn.ept.git.seminaire.cicd.demo.E_FirstPrincipalTest - Something to do before each test
]]></system-out>
  </testcase>
  <testcase name="addShouldReturnTheSumOfPositiveNumbers" classname="sn.ept.git.seminaire.cicd.demo.E_FirstPrincipalTest$Fast" time="0.001">
    <system-out><![CDATA[16:18:51.629 [main] INFO sn.ept.git.seminaire.cicd.demo.E_FirstPrincipalTest - Something to do before each test
]]></system-out>
  </testcase>
  <testcase name="addShouldReturnTheSumOfPositiveNumbers" classname="sn.ept.git.seminaire.cicd.demo.E_FirstPrincipalTest$Fast" time="0">
    <system-out><![CDATA[16:18:51.631 [main] INFO sn.ept.git.seminaire.cicd.demo.E_FirstPrincipalTest - Something to do before each test
]]></system-out>
  </testcase>
  <testcase name="addShouldReturnTheSumOfPositiveNumbers" classname="sn.ept.git.seminaire.cicd.demo.E_FirstPrincipalTest$Fast" time="0.001">
    <system-out><![CDATA[16:18:51.633 [main] INFO sn.ept.git.seminaire.cicd.demo.E_FirstPrincipalTest - Something to do before each test
]]></system-out>
  </testcase>
  <testcase name="addShouldReturnTheSumOfPositiveNumbers" classname="sn.ept.git.seminaire.cicd.demo.E_FirstPrincipalTest$Fast" time="0.001">
    <system-out><![CDATA[16:18:51.635 [main] INFO sn.ept.git.seminaire.cicd.demo.E_FirstPrincipalTest - Something to do before each test
]]></system-out>
  </testcase>
  <testcase name="addShouldReturnTheSumOfPositiveNumbers" classname="sn.ept.git.seminaire.cicd.demo.E_FirstPrincipalTest$Fast" time="0.002">
    <system-out><![CDATA[16:18:51.638 [main] INFO sn.ept.git.seminaire.cicd.demo.E_FirstPrincipalTest - Something to do before each test
]]></system-out>
  </testcase>
  <testcase name="addShouldReturnTheSumOfPositiveNumbers" classname="sn.ept.git.seminaire.cicd.demo.E_FirstPrincipalTest$Fast" time="0.001">
    <system-out><![CDATA[16:18:51.640 [main] INFO sn.ept.git.seminaire.cicd.demo.E_FirstPrincipalTest - Something to do before each test
]]></system-out>
  </testcase>
  <testcase name="addShouldReturnTheSumOfPositiveNumbers" classname="sn.ept.git.seminaire.cicd.demo.E_FirstPrincipalTest$Fast" time="0.001">
    <system-out><![CDATA[16:18:51.643 [main] INFO sn.ept.git.seminaire.cicd.demo.E_FirstPrincipalTest - Something to do before each test
]]></system-out>
  </testcase>
  <testcase name="addShouldReturnTheSumOfPositiveNumbers" classname="sn.ept.git.seminaire.cicd.demo.E_FirstPrincipalTest$Fast" time="0.001">
    <system-out><![CDATA[16:18:51.644 [main] INFO sn.ept.git.seminaire.cicd.demo.E_FirstPrincipalTest - Something to do before each test
]]></system-out>
  </testcase>
  <testcase name="addShouldReturnTheSumOfPositiveNumbers" classname="sn.ept.git.seminaire.cicd.demo.E_FirstPrincipalTest$Fast" time="0.001">
    <system-out><![CDATA[16:18:51.646 [main] INFO sn.ept.git.seminaire.cicd.demo.E_FirstPrincipalTest - Something to do before each test
]]></system-out>
  </testcase>
  <testcase name="addShouldReturnTheSumOfPositiveNumbers" classname="sn.ept.git.seminaire.cicd.demo.E_FirstPrincipalTest$Fast" time="0.001">
    <system-out><![CDATA[16:18:51.648 [main] INFO sn.ept.git.seminaire.cicd.demo.E_FirstPrincipalTest - Something to do before each test
]]></system-out>
  </testcase>
  <testcase name="addShouldReturnTheSumOfPositiveNumbers" classname="sn.ept.git.seminaire.cicd.demo.E_FirstPrincipalTest$Fast" time="0.001">
    <system-out><![CDATA[16:18:51.650 [main] INFO sn.ept.git.seminaire.cicd.demo.E_FirstPrincipalTest - Something to do before each test
]]></system-out>
  </testcase>
  <testcase name="addShouldReturnTheSumOfPositiveNumbers" classname="sn.ept.git.seminaire.cicd.demo.E_FirstPrincipalTest$Fast" time="0.001">
    <system-out><![CDATA[16:18:51.653 [main] INFO sn.ept.git.seminaire.cicd.demo.E_FirstPrincipalTest - Something to do before each test
]]></system-out>
  </testcase>
  <testcase name="addShouldReturnTheSumOfPositiveNumbers" classname="sn.ept.git.seminaire.cicd.demo.E_FirstPrincipalTest$Fast" time="0.001">
    <system-out><![CDATA[16:18:51.655 [main] INFO sn.ept.git.seminaire.cicd.demo.E_FirstPrincipalTest - Something to do before each test
]]></system-out>
  </testcase>
  <testcase name="addShouldReturnTheSumOfPositiveNumbers" classname="sn.ept.git.seminaire.cicd.demo.E_FirstPrincipalTest$Fast" time="0.001">
    <system-out><![CDATA[16:18:51.657 [main] INFO sn.ept.git.seminaire.cicd.demo.E_FirstPrincipalTest - Something to do before each test
]]></system-out>
  </testcase>
  <testcase name="addShouldReturnTheSumOfPositiveNumbers" classname="sn.ept.git.seminaire.cicd.demo.E_FirstPrincipalTest$Fast" time="0.001">
    <system-out><![CDATA[16:18:51.659 [main] INFO sn.ept.git.seminaire.cicd.demo.E_FirstPrincipalTest - Something to do before each test
]]></system-out>
  </testcase>
  <testcase name="addShouldReturnTheSumOfPositiveNumbers" classname="sn.ept.git.seminaire.cicd.demo.E_FirstPrincipalTest$Fast" time="0">
    <system-out><![CDATA[16:18:51.661 [main] INFO sn.ept.git.seminaire.cicd.demo.E_FirstPrincipalTest - Something to do before each test
]]></system-out>
  </testcase>
  <testcase name="addShouldReturnTheSumOfPositiveNumbers" classname="sn.ept.git.seminaire.cicd.demo.E_FirstPrincipalTest$Fast" time="0.001">
    <system-out><![CDATA[16:18:51.663 [main] INFO sn.ept.git.seminaire.cicd.demo.E_FirstPrincipalTest - Something to do before each test
]]></system-out>
  </testcase>
  <testcase name="addShouldReturnTheSumOfPositiveNumbers" classname="sn.ept.git.seminaire.cicd.demo.E_FirstPrincipalTest$Fast" time="0.001">
    <system-out><![CDATA[16:18:51.664 [main] INFO sn.ept.git.seminaire.cicd.demo.E_FirstPrincipalTest - Something to do before each test
]]></system-out>
  </testcase>
  <testcase name="addShouldReturnTheSumOfPositiveNumbers" classname="sn.ept.git.seminaire.cicd.demo.E_FirstPrincipalTest$Fast" time="0">
    <system-out><![CDATA[16:18:51.666 [main] INFO sn.ept.git.seminaire.cicd.demo.E_FirstPrincipalTest - Something to do before each test
]]></system-out>
  </testcase>
  <testcase name="addShouldReturnTheSumOfPositiveNumbers" classname="sn.ept.git.seminaire.cicd.demo.E_FirstPrincipalTest$Fast" time="0.001">
    <system-out><![CDATA[16:18:51.668 [main] INFO sn.ept.git.seminaire.cicd.demo.E_FirstPrincipalTest - Something to do before each test
]]></system-out>
  </testcase>
  <testcase name="addShouldReturnTheSumOfPositiveNumbers" classname="sn.ept.git.seminaire.cicd.demo.E_FirstPrincipalTest$Fast" time="0.002">
    <system-out><![CDATA[16:18:51.670 [main] INFO sn.ept.git.seminaire.cicd.demo.E_FirstPrincipalTest - Something to do before each test
]]></system-out>
  </testcase>
  <testcase name="addShouldReturnTheSumOfPositiveNumbers" classname="sn.ept.git.seminaire.cicd.demo.E_FirstPrincipalTest$Fast" time="0">
    <system-out><![CDATA[16:18:51.672 [main] INFO sn.ept.git.seminaire.cicd.demo.E_FirstPrincipalTest - Something to do before each test
]]></system-out>
  </testcase>
  <testcase name="addShouldReturnTheSumOfPositiveNumbers" classname="sn.ept.git.seminaire.cicd.demo.E_FirstPrincipalTest$Fast" time="0.001">
    <system-out><![CDATA[16:18:51.674 [main] INFO sn.ept.git.seminaire.cicd.demo.E_FirstPrincipalTest - Something to do before each test
]]></system-out>
  </testcase>
  <testcase name="addShouldReturnTheSumOfPositiveNumbers" classname="sn.ept.git.seminaire.cicd.demo.E_FirstPrincipalTest$Fast" time="0.001">
    <system-out><![CDATA[16:18:51.676 [main] INFO sn.ept.git.seminaire.cicd.demo.E_FirstPrincipalTest - Something to do before each test
]]></system-out>
  </testcase>
  <testcase name="addShouldReturnTheSumOfPositiveNumbers" classname="sn.ept.git.seminaire.cicd.demo.E_FirstPrincipalTest$Fast" time="0">
    <system-out><![CDATA[16:18:51.677 [main] INFO sn.ept.git.seminaire.cicd.demo.E_FirstPrincipalTest - Something to do before each test
]]></system-out>
  </testcase>
  <testcase name="addShouldReturnTheSumOfPositiveNumbers" classname="sn.ept.git.seminaire.cicd.demo.E_FirstPrincipalTest$Fast" time="0.001">
    <system-out><![CDATA[16:18:51.679 [main] INFO sn.ept.git.seminaire.cicd.demo.E_FirstPrincipalTest - Something to do before each test
]]></system-out>
  </testcase>
  <testcase name="addShouldReturnTheSumOfPositiveNumbers" classname="sn.ept.git.seminaire.cicd.demo.E_FirstPrincipalTest$Fast" time="0.001">
    <system-out><![CDATA[16:18:51.680 [main] INFO sn.ept.git.seminaire.cicd.demo.E_FirstPrincipalTest - Something to do before each test
]]></system-out>
  </testcase>
  <testcase name="addShouldReturnTheSumOfPositiveNumbers" classname="sn.ept.git.seminaire.cicd.demo.E_FirstPrincipalTest$Fast" time="0.001">
    <system-out><![CDATA[16:18:51.682 [main] INFO sn.ept.git.seminaire.cicd.demo.E_FirstPrincipalTest - Something to do before each test
]]></system-out>
  </testcase>
  <testcase name="addShouldReturnTheSumOfPositiveNumbers" classname="sn.ept.git.seminaire.cicd.demo.E_FirstPrincipalTest$Fast" time="0.001">
    <system-out><![CDATA[16:18:51.684 [main] INFO sn.ept.git.seminaire.cicd.demo.E_FirstPrincipalTest - Something to do before each test
]]></system-out>
  </testcase>
  <testcase name="addShouldReturnTheSumOfPositiveNumbers" classname="sn.ept.git.seminaire.cicd.demo.E_FirstPrincipalTest$Fast" time="0.001">
    <system-out><![CDATA[16:18:51.686 [main] INFO sn.ept.git.seminaire.cicd.demo.E_FirstPrincipalTest - Something to do before each test
]]></system-out>
  </testcase>
  <testcase name="addShouldReturnTheSumOfPositiveNumbers" classname="sn.ept.git.seminaire.cicd.demo.E_FirstPrincipalTest$Fast" time="0">
    <system-out><![CDATA[16:18:51.688 [main] INFO sn.ept.git.seminaire.cicd.demo.E_FirstPrincipalTest - Something to do before each test
]]></system-out>
  </testcase>
  <testcase name="addShouldReturnTheSumOfPositiveNumbers" classname="sn.ept.git.seminaire.cicd.demo.E_FirstPrincipalTest$Fast" time="0.001">
    <system-out><![CDATA[16:18:51.691 [main] INFO sn.ept.git.seminaire.cicd.demo.E_FirstPrincipalTest - Something to do before each test
]]></system-out>
  </testcase>
  <testcase name="addShouldReturnTheSumOfPositiveNumbers" classname="sn.ept.git.seminaire.cicd.demo.E_FirstPrincipalTest$Fast" time="0.001">
    <system-out><![CDATA[16:18:51.693 [main] INFO sn.ept.git.seminaire.cicd.demo.E_FirstPrincipalTest - Something to do before each test
]]></system-out>
  </testcase>
  <testcase name="addShouldReturnTheSumOfPositiveNumbers" classname="sn.ept.git.seminaire.cicd.demo.E_FirstPrincipalTest$Fast" time="0.001">
    <system-out><![CDATA[16:18:51.695 [main] INFO sn.ept.git.seminaire.cicd.demo.E_FirstPrincipalTest - Something to do before each test
]]></system-out>
  </testcase>
  <testcase name="addShouldReturnTheSumOfPositiveNumbers" classname="sn.ept.git.seminaire.cicd.demo.E_FirstPrincipalTest$Fast" time="0.001">
    <system-out><![CDATA[16:18:51.696 [main] INFO sn.ept.git.seminaire.cicd.demo.E_FirstPrincipalTest - Something to do before each test
]]></system-out>
  </testcase>
  <testcase name="addShouldReturnTheSumOfPositiveNumbers" classname="sn.ept.git.seminaire.cicd.demo.E_FirstPrincipalTest$Fast" time="0.001">
    <system-out><![CDATA[16:18:51.699 [main] INFO sn.ept.git.seminaire.cicd.demo.E_FirstPrincipalTest - Something to do before each test
]]></system-out>
  </testcase>
  <testcase name="addShouldReturnTheSumOfPositiveNumbers" classname="sn.ept.git.seminaire.cicd.demo.E_FirstPrincipalTest$Fast" time="0.002">
    <system-out><![CDATA[16:18:51.701 [main] INFO sn.ept.git.seminaire.cicd.demo.E_FirstPrincipalTest - Something to do before each test
]]></system-out>
  </testcase>
  <testcase name="addShouldReturnTheSumOfPositiveNumbers" classname="sn.ept.git.seminaire.cicd.demo.E_FirstPrincipalTest$Fast" time="0">
    <system-out><![CDATA[16:18:51.704 [main] INFO sn.ept.git.seminaire.cicd.demo.E_FirstPrincipalTest - Something to do before each test
]]></system-out>
  </testcase>
  <testcase name="addShouldReturnTheSumOfPositiveNumbers" classname="sn.ept.git.seminaire.cicd.demo.E_FirstPrincipalTest$Fast" time="0.002">
    <system-out><![CDATA[16:18:51.706 [main] INFO sn.ept.git.seminaire.cicd.demo.E_FirstPrincipalTest - Something to do before each test
]]></system-out>
  </testcase>
  <testcase name="addShouldReturnTheSumOfPositiveNumbers" classname="sn.ept.git.seminaire.cicd.demo.E_FirstPrincipalTest$Fast" time="0.001">
    <system-out><![CDATA[16:18:51.708 [main] INFO sn.ept.git.seminaire.cicd.demo.E_FirstPrincipalTest - Something to do before each test
]]></system-out>
  </testcase>
  <testcase name="addShouldReturnTheSumOfPositiveNumbers" classname="sn.ept.git.seminaire.cicd.demo.E_FirstPrincipalTest$Fast" time="0.001">
    <system-out><![CDATA[16:18:51.710 [main] INFO sn.ept.git.seminaire.cicd.demo.E_FirstPrincipalTest - Something to do before each test
]]></system-out>
  </testcase>
  <testcase name="addShouldReturnTheSumOfPositiveNumbers" classname="sn.ept.git.seminaire.cicd.demo.E_FirstPrincipalTest$Fast" time="0.001">
    <system-out><![CDATA[16:18:51.711 [main] INFO sn.ept.git.seminaire.cicd.demo.E_FirstPrincipalTest - Something to do before each test
]]></system-out>
  </testcase>
  <testcase name="addShouldReturnTheSumOfPositiveNumbers" classname="sn.ept.git.seminaire.cicd.demo.E_FirstPrincipalTest$Fast" time="0">
    <system-out><![CDATA[16:18:51.713 [main] INFO sn.ept.git.seminaire.cicd.demo.E_FirstPrincipalTest - Something to do before each test
]]></system-out>
  </testcase>
  <testcase name="addShouldReturnTheSumOfPositiveNumbers" classname="sn.ept.git.seminaire.cicd.demo.E_FirstPrincipalTest$Fast" time="0.001">
    <system-out><![CDATA[16:18:51.714 [main] INFO sn.ept.git.seminaire.cicd.demo.E_FirstPrincipalTest - Something to do before each test
]]></system-out>
  </testcase>
  <testcase name="addShouldReturnTheSumOfPositiveNumbers" classname="sn.ept.git.seminaire.cicd.demo.E_FirstPrincipalTest$Fast" time="0.001">
    <system-out><![CDATA[16:18:51.716 [main] INFO sn.ept.git.seminaire.cicd.demo.E_FirstPrincipalTest - Something to do before each test
]]></system-out>
  </testcase>
  <testcase name="addShouldReturnTheSumOfPositiveNumbers" classname="sn.ept.git.seminaire.cicd.demo.E_FirstPrincipalTest$Fast" time="0.001">
    <system-out><![CDATA[16:18:51.718 [main] INFO sn.ept.git.seminaire.cicd.demo.E_FirstPrincipalTest - Something to do before each test
]]></system-out>
  </testcase>
  <testcase name="addShouldReturnTheSumOfPositiveNumbers" classname="sn.ept.git.seminaire.cicd.demo.E_FirstPrincipalTest$Fast" time="0.001">
    <system-out><![CDATA[16:18:51.720 [main] INFO sn.ept.git.seminaire.cicd.demo.E_FirstPrincipalTest - Something to do before each test
]]></system-out>
  </testcase>
  <testcase name="addShouldReturnTheSumOfPositiveNumbers" classname="sn.ept.git.seminaire.cicd.demo.E_FirstPrincipalTest$Fast" time="0.001">
    <system-out><![CDATA[16:18:51.721 [main] INFO sn.ept.git.seminaire.cicd.demo.E_FirstPrincipalTest - Something to do before each test
]]></system-out>
  </testcase>
  <testcase name="addShouldReturnTheSumOfPositiveNumbers" classname="sn.ept.git.seminaire.cicd.demo.E_FirstPrincipalTest$Fast" time="0.002">
    <system-out><![CDATA[16:18:51.724 [main] INFO sn.ept.git.seminaire.cicd.demo.E_FirstPrincipalTest - Something to do before each test
]]></system-out>
  </testcase>
  <testcase name="addShouldReturnTheSumOfPositiveNumbers" classname="sn.ept.git.seminaire.cicd.demo.E_FirstPrincipalTest$Fast" time="0">
    <system-out><![CDATA[16:18:51.726 [main] INFO sn.ept.git.seminaire.cicd.demo.E_FirstPrincipalTest - Something to do before each test
]]></system-out>
  </testcase>
  <testcase name="addShouldReturnTheSumOfPositiveNumbers" classname="sn.ept.git.seminaire.cicd.demo.E_FirstPrincipalTest$Fast" time="0.001">
    <system-out><![CDATA[16:18:51.727 [main] INFO sn.ept.git.seminaire.cicd.demo.E_FirstPrincipalTest - Something to do before each test
]]></system-out>
  </testcase>
  <testcase name="addShouldReturnTheSumOfPositiveNumbers" classname="sn.ept.git.seminaire.cicd.demo.E_FirstPrincipalTest$Fast" time="0.001">
    <system-out><![CDATA[16:18:51.729 [main] INFO sn.ept.git.seminaire.cicd.demo.E_FirstPrincipalTest - Something to do before each test
]]></system-out>
  </testcase>
  <testcase name="addShouldReturnTheSumOfPositiveNumbers" classname="sn.ept.git.seminaire.cicd.demo.E_FirstPrincipalTest$Fast" time="0">
    <system-out><![CDATA[16:18:51.730 [main] INFO sn.ept.git.seminaire.cicd.demo.E_FirstPrincipalTest - Something to do before each test
]]></system-out>
  </testcase>
  <testcase name="addShouldReturnTheSumOfPositiveNumbers" classname="sn.ept.git.seminaire.cicd.demo.E_FirstPrincipalTest$Fast" time="0.001">
    <system-out><![CDATA[16:18:51.731 [main] INFO sn.ept.git.seminaire.cicd.demo.E_FirstPrincipalTest - Something to do before each test
]]></system-out>
  </testcase>
  <testcase name="addShouldReturnTheSumOfPositiveNumbers" classname="sn.ept.git.seminaire.cicd.demo.E_FirstPrincipalTest$Fast" time="0.001">
    <system-out><![CDATA[16:18:51.733 [main] INFO sn.ept.git.seminaire.cicd.demo.E_FirstPrincipalTest - Something to do before each test
]]></system-out>
  </testcase>
  <testcase name="addShouldReturnTheSumOfPositiveNumbers" classname="sn.ept.git.seminaire.cicd.demo.E_FirstPrincipalTest$Fast" time="0">
    <system-out><![CDATA[16:18:51.735 [main] INFO sn.ept.git.seminaire.cicd.demo.E_FirstPrincipalTest - Something to do before each test
]]></system-out>
  </testcase>
  <testcase name="addShouldReturnTheSumOfPositiveNumbers" classname="sn.ept.git.seminaire.cicd.demo.E_FirstPrincipalTest$Fast" time="0.001">
    <system-out><![CDATA[16:18:51.737 [main] INFO sn.ept.git.seminaire.cicd.demo.E_FirstPrincipalTest - Something to do before each test
]]></system-out>
  </testcase>
  <testcase name="addShouldReturnTheSumOfPositiveNumbers" classname="sn.ept.git.seminaire.cicd.demo.E_FirstPrincipalTest$Fast" time="0.001">
    <system-out><![CDATA[16:18:51.738 [main] INFO sn.ept.git.seminaire.cicd.demo.E_FirstPrincipalTest - Something to do before each test
]]></system-out>
  </testcase>
  <testcase name="addShouldReturnTheSumOfPositiveNumbers" classname="sn.ept.git.seminaire.cicd.demo.E_FirstPrincipalTest$Fast" time="0.002">
    <system-out><![CDATA[16:18:51.741 [main] INFO sn.ept.git.seminaire.cicd.demo.E_FirstPrincipalTest - Something to do before each test
]]></system-out>
  </testcase>
  <testcase name="addShouldReturnTheSumOfPositiveNumbers" classname="sn.ept.git.seminaire.cicd.demo.E_FirstPrincipalTest$Fast" time="0.001">
    <system-out><![CDATA[16:18:51.743 [main] INFO sn.ept.git.seminaire.cicd.demo.E_FirstPrincipalTest - Something to do before each test
]]></system-out>
  </testcase>
  <testcase name="addShouldReturnTheSumOfPositiveNumbers" classname="sn.ept.git.seminaire.cicd.demo.E_FirstPrincipalTest$Fast" time="0.001">
    <system-out><![CDATA[16:18:51.746 [main] INFO sn.ept.git.seminaire.cicd.demo.E_FirstPrincipalTest - Something to do before each test
]]></system-out>
  </testcase>
  <testcase name="addShouldReturnTheSumOfPositiveNumbers" classname="sn.ept.git.seminaire.cicd.demo.E_FirstPrincipalTest$Fast" time="0.001">
    <system-out><![CDATA[16:18:51.748 [main] INFO sn.ept.git.seminaire.cicd.demo.E_FirstPrincipalTest - Something to do before each test
]]></system-out>
  </testcase>
  <testcase name="addShouldReturnTheSumOfPositiveNumbers" classname="sn.ept.git.seminaire.cicd.demo.E_FirstPrincipalTest$Fast" time="0.001">
    <system-out><![CDATA[16:18:51.749 [main] INFO sn.ept.git.seminaire.cicd.demo.E_FirstPrincipalTest - Something to do before each test
]]></system-out>
  </testcase>
  <testcase name="addShouldReturnTheSumOfPositiveNumbers" classname="sn.ept.git.seminaire.cicd.demo.E_FirstPrincipalTest$Fast" time="0.001">
    <system-out><![CDATA[16:18:51.751 [main] INFO sn.ept.git.seminaire.cicd.demo.E_FirstPrincipalTest - Something to do before each test
]]></system-out>
  </testcase>
  <testcase name="addShouldReturnTheSumOfPositiveNumbers" classname="sn.ept.git.seminaire.cicd.demo.E_FirstPrincipalTest$Fast" time="0.001">
    <system-out><![CDATA[16:18:51.752 [main] INFO sn.ept.git.seminaire.cicd.demo.E_FirstPrincipalTest - Something to do before each test
]]></system-out>
  </testcase>
  <testcase name="addShouldReturnTheSumOfPositiveNumbers" classname="sn.ept.git.seminaire.cicd.demo.E_FirstPrincipalTest$Fast" time="0.001">
    <system-out><![CDATA[16:18:51.755 [main] INFO sn.ept.git.seminaire.cicd.demo.E_FirstPrincipalTest - Something to do before each test
]]></system-out>
  </testcase>
  <testcase name="addShouldReturnTheSumOfPositiveNumbers" classname="sn.ept.git.seminaire.cicd.demo.E_FirstPrincipalTest$Fast" time="0.001">
    <system-out><![CDATA[16:18:51.756 [main] INFO sn.ept.git.seminaire.cicd.demo.E_FirstPrincipalTest - Something to do before each test
]]></system-out>
  </testcase>
  <testcase name="addShouldReturnTheSumOfPositiveNumbers" classname="sn.ept.git.seminaire.cicd.demo.E_FirstPrincipalTest$Fast" time="0.001">
    <system-out><![CDATA[16:18:51.759 [main] INFO sn.ept.git.seminaire.cicd.demo.E_FirstPrincipalTest - Something to do before each test
]]></system-out>
  </testcase>
  <testcase name="addShouldReturnTheSumOfPositiveNumbers" classname="sn.ept.git.seminaire.cicd.demo.E_FirstPrincipalTest$Fast" time="0.001">
    <system-out><![CDATA[16:18:51.760 [main] INFO sn.ept.git.seminaire.cicd.demo.E_FirstPrincipalTest - Something to do before each test
]]></system-out>
  </testcase>
  <testcase name="addShouldReturnTheSumOfPositiveNumbers" classname="sn.ept.git.seminaire.cicd.demo.E_FirstPrincipalTest$Fast" time="0.001">
    <system-out><![CDATA[16:18:51.762 [main] INFO sn.ept.git.seminaire.cicd.demo.E_FirstPrincipalTest - Something to do before each test
]]></system-out>
  </testcase>
  <testcase name="addShouldReturnTheSumOfPositiveNumbers" classname="sn.ept.git.seminaire.cicd.demo.E_FirstPrincipalTest$Fast" time="0">
    <system-out><![CDATA[16:18:51.763 [main] INFO sn.ept.git.seminaire.cicd.demo.E_FirstPrincipalTest - Something to do before each test
]]></system-out>
  </testcase>
  <testcase name="addShouldReturnTheSumOfPositiveNumbers" classname="sn.ept.git.seminaire.cicd.demo.E_FirstPrincipalTest$Fast" time="0.001">
    <system-out><![CDATA[16:18:51.765 [main] INFO sn.ept.git.seminaire.cicd.demo.E_FirstPrincipalTest - Something to do before each test
]]></system-out>
  </testcase>
  <testcase name="addShouldReturnTheSumOfPositiveNumbers" classname="sn.ept.git.seminaire.cicd.demo.E_FirstPrincipalTest$Fast" time="0">
    <system-out><![CDATA[16:18:51.767 [main] INFO sn.ept.git.seminaire.cicd.demo.E_FirstPrincipalTest - Something to do before each test
]]></system-out>
  </testcase>
  <testcase name="addShouldReturnTheSumOfPositiveNumbers" classname="sn.ept.git.seminaire.cicd.demo.E_FirstPrincipalTest$Fast" time="0.001">
    <system-out><![CDATA[16:18:51.769 [main] INFO sn.ept.git.seminaire.cicd.demo.E_FirstPrincipalTest - Something to do before each test
]]></system-out>
  </testcase>
  <testcase name="addShouldReturnTheSumOfPositiveNumbers" classname="sn.ept.git.seminaire.cicd.demo.E_FirstPrincipalTest$Fast" time="0">
    <system-out><![CDATA[16:18:51.770 [main] INFO sn.ept.git.seminaire.cicd.demo.E_FirstPrincipalTest - Something to do before each test
]]></system-out>
  </testcase>
  <testcase name="addShouldReturnTheSumOfPositiveNumbers" classname="sn.ept.git.seminaire.cicd.demo.E_FirstPrincipalTest$Fast" time="0.001">
    <system-out><![CDATA[16:18:51.772 [main] INFO sn.ept.git.seminaire.cicd.demo.E_FirstPrincipalTest - Something to do before each test
]]></system-out>
  </testcase>
  <testcase name="addShouldReturnTheSumOfPositiveNumbers" classname="sn.ept.git.seminaire.cicd.demo.E_FirstPrincipalTest$Fast" time="0.001">
    <system-out><![CDATA[16:18:51.774 [main] INFO sn.ept.git.seminaire.cicd.demo.E_FirstPrincipalTest - Something to do before each test
]]></system-out>
  </testcase>
  <testcase name="addShouldReturnTheSumOfPositiveNumbers" classname="sn.ept.git.seminaire.cicd.demo.E_FirstPrincipalTest$Fast" time="0.001">
    <system-out><![CDATA[16:18:51.776 [main] INFO sn.ept.git.seminaire.cicd.demo.E_FirstPrincipalTest - Something to do before each test
]]></system-out>
  </testcase>
  <testcase name="addShouldReturnTheSumOfPositiveNumbers" classname="sn.ept.git.seminaire.cicd.demo.E_FirstPrincipalTest$Fast" time="0.002">
    <system-out><![CDATA[16:18:51.778 [main] INFO sn.ept.git.seminaire.cicd.demo.E_FirstPrincipalTest - Something to do before each test
]]></system-out>
  </testcase>
  <testcase name="addShouldReturnTheSumOfPositiveNumbers" classname="sn.ept.git.seminaire.cicd.demo.E_FirstPrincipalTest$Fast" time="0.001">
    <system-out><![CDATA[16:18:51.781 [main] INFO sn.ept.git.seminaire.cicd.demo.E_FirstPrincipalTest - Something to do before each test
]]></system-out>
  </testcase>
  <testcase name="addShouldReturnTheSumOfPositiveNumbers" classname="sn.ept.git.seminaire.cicd.demo.E_FirstPrincipalTest$Fast" time="0.001">
    <system-out><![CDATA[16:18:51.782 [main] INFO sn.ept.git.seminaire.cicd.demo.E_FirstPrincipalTest - Something to do before each test
]]></system-out>
  </testcase>
  <testcase name="addShouldReturnTheSumOfPositiveNumbers" classname="sn.ept.git.seminaire.cicd.demo.E_FirstPrincipalTest$Fast" time="0.001">
    <system-out><![CDATA[16:18:51.784 [main] INFO sn.ept.git.seminaire.cicd.demo.E_FirstPrincipalTest - Something to do before each test
]]></system-out>
  </testcase>
  <testcase name="addShouldReturnTheSumOfPositiveNumbers" classname="sn.ept.git.seminaire.cicd.demo.E_FirstPrincipalTest$Fast" time="0.001">
    <system-out><![CDATA[16:18:51.785 [main] INFO sn.ept.git.seminaire.cicd.demo.E_FirstPrincipalTest - Something to do before each test
]]></system-out>
  </testcase>
  <testcase name="addShouldReturnTheSumOfPositiveNumbers" classname="sn.ept.git.seminaire.cicd.demo.E_FirstPrincipalTest$Fast" time="0">
    <system-out><![CDATA[16:18:51.787 [main] INFO sn.ept.git.seminaire.cicd.demo.E_FirstPrincipalTest - Something to do before each test
]]></system-out>
  </testcase>
  <testcase name="addShouldReturnTheSumOfPositiveNumbers" classname="sn.ept.git.seminaire.cicd.demo.E_FirstPrincipalTest$Fast" time="0.001">
    <system-out><![CDATA[16:18:51.789 [main] INFO sn.ept.git.seminaire.cicd.demo.E_FirstPrincipalTest - Something to do before each test
]]></system-out>
  </testcase>
  <testcase name="addShouldReturnTheSumOfPositiveNumbers" classname="sn.ept.git.seminaire.cicd.demo.E_FirstPrincipalTest$Fast" time="0.001">
    <system-out><![CDATA[16:18:51.791 [main] INFO sn.ept.git.seminaire.cicd.demo.E_FirstPrincipalTest - Something to do before each test
]]></system-out>
  </testcase>
  <testcase name="addShouldReturnTheSumOfPositiveNumbers" classname="sn.ept.git.seminaire.cicd.demo.E_FirstPrincipalTest$Fast" time="0.001">
    <system-out><![CDATA[16:18:51.792 [main] INFO sn.ept.git.seminaire.cicd.demo.E_FirstPrincipalTest - Something to do before each test
]]></system-out>
  </testcase>
  <testcase name="addShouldReturnTheSumOfPositiveNumbers" classname="sn.ept.git.seminaire.cicd.demo.E_FirstPrincipalTest$Fast" time="0">
    <system-out><![CDATA[16:18:51.794 [main] INFO sn.ept.git.seminaire.cicd.demo.E_FirstPrincipalTest - Something to do before each test
]]></system-out>
  </testcase>
  <testcase name="addShouldReturnTheSumOfPositiveNumbers" classname="sn.ept.git.seminaire.cicd.demo.E_FirstPrincipalTest$Fast" time="0.001">
    <system-out><![CDATA[16:18:51.797 [main] INFO sn.ept.git.seminaire.cicd.demo.E_FirstPrincipalTest - Something to do before each test
]]></system-out>
  </testcase>
  <testcase name="addShouldReturnTheSumOfPositiveNumbers" classname="sn.ept.git.seminaire.cicd.demo.E_FirstPrincipalTest$Fast" time="0">
    <system-out><![CDATA[16:18:51.799 [main] INFO sn.ept.git.seminaire.cicd.demo.E_FirstPrincipalTest - Something to do before each test
]]></system-out>
  </testcase>
  <testcase name="addShouldReturnTheSumOfPositiveNumbers" classname="sn.ept.git.seminaire.cicd.demo.E_FirstPrincipalTest$Fast" time="0.001">
    <system-out><![CDATA[16:18:51.801 [main] INFO sn.ept.git.seminaire.cicd.demo.E_FirstPrincipalTest - Something to do before each test
]]></system-out>
  </testcase>
  <testcase name="addShouldReturnTheSumOfPositiveNumbers" classname="sn.ept.git.seminaire.cicd.demo.E_FirstPrincipalTest$Fast" time="0.001">
    <system-out><![CDATA[16:18:51.802 [main] INFO sn.ept.git.seminaire.cicd.demo.E_FirstPrincipalTest - Something to do before each test
]]></system-out>
  </testcase>
  <testcase name="addShouldReturnTheSumOfPositiveNumbers" classname="sn.ept.git.seminaire.cicd.demo.E_FirstPrincipalTest$Fast" time="0">
    <system-out><![CDATA[16:18:51.804 [main] INFO sn.ept.git.seminaire.cicd.demo.E_FirstPrincipalTest - Something to do before each test
]]></system-out>
  </testcase>
  <testcase name="addShouldReturnTheSumOfPositiveNumbers" classname="sn.ept.git.seminaire.cicd.demo.E_FirstPrincipalTest$Fast" time="0.001">
    <system-out><![CDATA[16:18:51.810 [main] INFO sn.ept.git.seminaire.cicd.demo.E_FirstPrincipalTest - Something to do before each test
]]></system-out>
  </testcase>
  <testcase name="addShouldReturnTheSumOfPositiveNumbers" classname="sn.ept.git.seminaire.cicd.demo.E_FirstPrincipalTest$Fast" time="0">
    <system-out><![CDATA[16:18:51.812 [main] INFO sn.ept.git.seminaire.cicd.demo.E_FirstPrincipalTest - Something to do before each test
]]></system-out>
  </testcase>
  <testcase name="addShouldReturnTheSumOfPositiveNumbers" classname="sn.ept.git.seminaire.cicd.demo.E_FirstPrincipalTest$Fast" time="0.001">
    <system-out><![CDATA[16:18:51.814 [main] INFO sn.ept.git.seminaire.cicd.demo.E_FirstPrincipalTest - Something to do before each test
]]></system-out>
  </testcase>
  <testcase name="addShouldReturnTheSumOfPositiveNumbers" classname="sn.ept.git.seminaire.cicd.demo.E_FirstPrincipalTest$Fast" time="0.002">
    <system-out><![CDATA[16:18:51.816 [main] INFO sn.ept.git.seminaire.cicd.demo.E_FirstPrincipalTest - Something to do before each test
]]></system-out>
  </testcase>
  <testcase name="addShouldReturnTheSumOfPositiveNumbers" classname="sn.ept.git.seminaire.cicd.demo.E_FirstPrincipalTest$Fast" time="0.001">
    <system-out><![CDATA[16:18:51.818 [main] INFO sn.ept.git.seminaire.cicd.demo.E_FirstPrincipalTest - Something to do before each test
]]></system-out>
  </testcase>
  <testcase name="addShouldReturnTheSumOfPositiveNumbers" classname="sn.ept.git.seminaire.cicd.demo.E_FirstPrincipalTest$Fast" time="0.001">
    <system-out><![CDATA[16:18:51.820 [main] INFO sn.ept.git.seminaire.cicd.demo.E_FirstPrincipalTest - Something to do before each test
]]></system-out>
  </testcase>
  <testcase name="addShouldReturnTheSumOfPositiveNumbers" classname="sn.ept.git.seminaire.cicd.demo.E_FirstPrincipalTest$Fast" time="0.001">
    <system-out><![CDATA[16:18:51.822 [main] INFO sn.ept.git.seminaire.cicd.demo.E_FirstPrincipalTest - Something to do before each test
]]></system-out>
  </testcase>
  <testcase name="addShouldReturnTheSumOfPositiveNumbers" classname="sn.ept.git.seminaire.cicd.demo.E_FirstPrincipalTest$Fast" time="0.008">
    <system-out><![CDATA[16:18:51.825 [main] INFO sn.ept.git.seminaire.cicd.demo.E_FirstPrincipalTest - Something to do before each test
]]></system-out>
  </testcase>
  <testcase name="addShouldReturnTheSumOfPositiveNumbers" classname="sn.ept.git.seminaire.cicd.demo.E_FirstPrincipalTest$Fast" time="0.001">
    <system-out><![CDATA[16:18:51.835 [main] INFO sn.ept.git.seminaire.cicd.demo.E_FirstPrincipalTest - Something to do before each test
]]></system-out>
  </testcase>
  <testcase name="addShouldReturnTheSumOfPositiveNumbers" classname="sn.ept.git.seminaire.cicd.demo.E_FirstPrincipalTest$Fast" time="0.001">
    <system-out><![CDATA[16:18:51.837 [main] INFO sn.ept.git.seminaire.cicd.demo.E_FirstPrincipalTest - Something to do before each test
]]></system-out>
  </testcase>
  <testcase name="addShouldReturnTheSumOfPositiveNumbers" classname="sn.ept.git.seminaire.cicd.demo.E_FirstPrincipalTest$Fast" time="0.002">
    <system-out><![CDATA[16:18:51.840 [main] INFO sn.ept.git.seminaire.cicd.demo.E_FirstPrincipalTest - Something to do before each test
]]></system-out>
  </testcase>
  <testcase name="addShouldReturnTheSumOfPositiveNumbers" classname="sn.ept.git.seminaire.cicd.demo.E_FirstPrincipalTest$Fast" time="0.001">
    <system-out><![CDATA[16:18:51.843 [main] INFO sn.ept.git.seminaire.cicd.demo.E_FirstPrincipalTest - Something to do before each test
]]></system-out>
  </testcase>
  <testcase name="addShouldReturnTheSumOfPositiveNumbers" classname="sn.ept.git.seminaire.cicd.demo.E_FirstPrincipalTest$Fast" time="0.001">
    <system-out><![CDATA[16:18:51.846 [main] INFO sn.ept.git.seminaire.cicd.demo.E_FirstPrincipalTest - Something to do before each test
]]></system-out>
  </testcase>
  <testcase name="addShouldReturnTheSumOfPositiveNumbers" classname="sn.ept.git.seminaire.cicd.demo.E_FirstPrincipalTest$Fast" time="0.001">
    <system-out><![CDATA[16:18:51.865 [main] INFO sn.ept.git.seminaire.cicd.demo.E_FirstPrincipalTest - Something to do before each test
]]></system-out>
  </testcase>
  <testcase name="addShouldReturnTheSumOfPositiveNumbers" classname="sn.ept.git.seminaire.cicd.demo.E_FirstPrincipalTest$Fast" time="0.001">
    <system-out><![CDATA[16:18:51.867 [main] INFO sn.ept.git.seminaire.cicd.demo.E_FirstPrincipalTest - Something to do before each test
]]></system-out>
  </testcase>
  <testcase name="addShouldReturnTheSumOfPositiveNumbers" classname="sn.ept.git.seminaire.cicd.demo.E_FirstPrincipalTest$Fast" time="0.001">
    <system-out><![CDATA[16:18:51.869 [main] INFO sn.ept.git.seminaire.cicd.demo.E_FirstPrincipalTest - Something to do before each test
]]></system-out>
  </testcase>
  <testcase name="addShouldReturnTheSumOfPositiveNumbers" classname="sn.ept.git.seminaire.cicd.demo.E_FirstPrincipalTest$Fast" time="0">
    <system-out><![CDATA[16:18:51.870 [main] INFO sn.ept.git.seminaire.cicd.demo.E_FirstPrincipalTest - Something to do before each test
]]></system-out>
  </testcase>
  <testcase name="addShouldReturnTheSumOfPositiveNumbers" classname="sn.ept.git.seminaire.cicd.demo.E_FirstPrincipalTest$Fast" time="0.001">
    <system-out><![CDATA[16:18:51.871 [main] INFO sn.ept.git.seminaire.cicd.demo.E_FirstPrincipalTest - Something to do before each test
]]></system-out>
  </testcase>
  <testcase name="addShouldReturnTheSumOfPositiveNumbers" classname="sn.ept.git.seminaire.cicd.demo.E_FirstPrincipalTest$Fast" time="0.001">
    <system-out><![CDATA[16:18:51.874 [main] INFO sn.ept.git.seminaire.cicd.demo.E_FirstPrincipalTest - Something to do before each test
]]></system-out>
  </testcase>
  <testcase name="addShouldReturnTheSumOfPositiveNumbers" classname="sn.ept.git.seminaire.cicd.demo.E_FirstPrincipalTest$Fast" time="0.001">
    <system-out><![CDATA[16:18:51.875 [main] INFO sn.ept.git.seminaire.cicd.demo.E_FirstPrincipalTest - Something to do before each test
]]></system-out>
  </testcase>
  <testcase name="addShouldReturnTheSumOfPositiveNumbers" classname="sn.ept.git.seminaire.cicd.demo.E_FirstPrincipalTest$Fast" time="0">
    <system-out><![CDATA[16:18:51.877 [main] INFO sn.ept.git.seminaire.cicd.demo.E_FirstPrincipalTest - Something to do before each test
]]></system-out>
  </testcase>
  <testcase name="addShouldReturnTheSumOfPositiveNumbers" classname="sn.ept.git.seminaire.cicd.demo.E_FirstPrincipalTest$Fast" time="0.001">
    <system-out><![CDATA[16:18:51.878 [main] INFO sn.ept.git.seminaire.cicd.demo.E_FirstPrincipalTest - Something to do before each test
]]></system-out>
  </testcase>
  <testcase name="addShouldReturnTheSumOfPositiveNumbers" classname="sn.ept.git.seminaire.cicd.demo.E_FirstPrincipalTest$Fast" time="0.001">
    <system-out><![CDATA[16:18:51.880 [main] INFO sn.ept.git.seminaire.cicd.demo.E_FirstPrincipalTest - Something to do before each test
]]></system-out>
  </testcase>
  <testcase name="addShouldReturnTheSumOfPositiveNumbers" classname="sn.ept.git.seminaire.cicd.demo.E_FirstPrincipalTest$Fast" time="0">
    <system-out><![CDATA[16:18:51.881 [main] INFO sn.ept.git.seminaire.cicd.demo.E_FirstPrincipalTest - Something to do before each test
]]></system-out>
  </testcase>
  <testcase name="addShouldReturnTheSumOfPositiveNumbers" classname="sn.ept.git.seminaire.cicd.demo.E_FirstPrincipalTest$Fast" time="0.001">
    <system-out><![CDATA[16:18:51.882 [main] INFO sn.ept.git.seminaire.cicd.demo.E_FirstPrincipalTest - Something to do before each test
]]></system-out>
  </testcase>
  <testcase name="addShouldReturnTheSumOfPositiveNumbers" classname="sn.ept.git.seminaire.cicd.demo.E_FirstPrincipalTest$Fast" time="0.001">
    <system-out><![CDATA[16:18:51.884 [main] INFO sn.ept.git.seminaire.cicd.demo.E_FirstPrincipalTest - Something to do before each test
]]></system-out>
  </testcase>
  <testcase name="addShouldReturnTheSumOfPositiveNumbers" classname="sn.ept.git.seminaire.cicd.demo.E_FirstPrincipalTest$Fast" time="0.001">
    <system-out><![CDATA[16:18:51.885 [main] INFO sn.ept.git.seminaire.cicd.demo.E_FirstPrincipalTest - Something to do before each test
]]></system-out>
  </testcase>
  <testcase name="addShouldReturnTheSumOfPositiveNumbers" classname="sn.ept.git.seminaire.cicd.demo.E_FirstPrincipalTest$Fast" time="0.001">
    <system-out><![CDATA[16:18:51.886 [main] INFO sn.ept.git.seminaire.cicd.demo.E_FirstPrincipalTest - Something to do before each test
]]></system-out>
  </testcase>
  <testcase name="addShouldReturnTheSumOfPositiveNumbers" classname="sn.ept.git.seminaire.cicd.demo.E_FirstPrincipalTest$Fast" time="0">
    <system-out><![CDATA[16:18:51.887 [main] INFO sn.ept.git.seminaire.cicd.demo.E_FirstPrincipalTest - Something to do before each test
]]></system-out>
  </testcase>
  <testcase name="addShouldReturnTheSumOfPositiveNumbers" classname="sn.ept.git.seminaire.cicd.demo.E_FirstPrincipalTest$Fast" time="0.003">
    <system-out><![CDATA[16:18:51.888 [main] INFO sn.ept.git.seminaire.cicd.demo.E_FirstPrincipalTest - Something to do before each test
]]></system-out>
  </testcase>
  <testcase name="addShouldReturnTheSumOfPositiveNumbers" classname="sn.ept.git.seminaire.cicd.demo.E_FirstPrincipalTest$Fast" time="0.001">
    <system-out><![CDATA[16:18:51.892 [main] INFO sn.ept.git.seminaire.cicd.demo.E_FirstPrincipalTest - Something to do before each test
]]></system-out>
  </testcase>
  <testcase name="addShouldReturnTheSumOfPositiveNumbers" classname="sn.ept.git.seminaire.cicd.demo.E_FirstPrincipalTest$Fast" time="0">
    <system-out><![CDATA[16:18:51.893 [main] INFO sn.ept.git.seminaire.cicd.demo.E_FirstPrincipalTest - Something to do before each test
]]></system-out>
  </testcase>
  <testcase name="addShouldReturnTheSumOfPositiveNumbers" classname="sn.ept.git.seminaire.cicd.demo.E_FirstPrincipalTest$Fast" time="0">
    <system-out><![CDATA[16:18:51.895 [main] INFO sn.ept.git.seminaire.cicd.demo.E_FirstPrincipalTest - Something to do before each test
]]></system-out>
  </testcase>
  <testcase name="addShouldReturnTheSumOfPositiveNumbers" classname="sn.ept.git.seminaire.cicd.demo.E_FirstPrincipalTest$Fast" time="0.001">
    <system-out><![CDATA[16:18:51.896 [main] INFO sn.ept.git.seminaire.cicd.demo.E_FirstPrincipalTest - Something to do before each test
]]></system-out>
  </testcase>
  <testcase name="addShouldReturnTheSumOfPositiveNumbers" classname="sn.ept.git.seminaire.cicd.demo.E_FirstPrincipalTest$Fast" time="0.001">
    <system-out><![CDATA[16:18:51.897 [main] INFO sn.ept.git.seminaire.cicd.demo.E_FirstPrincipalTest - Something to do before each test
]]></system-out>
  </testcase>
  <testcase name="addShouldReturnTheSumOfPositiveNumbers" classname="sn.ept.git.seminaire.cicd.demo.E_FirstPrincipalTest$Fast" time="0.001">
    <system-out><![CDATA[16:18:51.898 [main] INFO sn.ept.git.seminaire.cicd.demo.E_FirstPrincipalTest - Something to do before each test
]]></system-out>
  </testcase>
  <testcase name="addShouldReturnTheSumOfPositiveNumbers" classname="sn.ept.git.seminaire.cicd.demo.E_FirstPrincipalTest$Fast" time="0.001">
    <system-out><![CDATA[16:18:51.900 [main] INFO sn.ept.git.seminaire.cicd.demo.E_FirstPrincipalTest - Something to do before each test
]]></system-out>
  </testcase>
  <testcase name="addShouldReturnTheSumOfPositiveNumbers" classname="sn.ept.git.seminaire.cicd.demo.E_FirstPrincipalTest$Fast" time="0.001">
    <system-out><![CDATA[16:18:51.901 [main] INFO sn.ept.git.seminaire.cicd.demo.E_FirstPrincipalTest - Something to do before each test
]]></system-out>
  </testcase>
  <testcase name="addShouldReturnTheSumOfPositiveNumbers" classname="sn.ept.git.seminaire.cicd.demo.E_FirstPrincipalTest$Fast" time="0.001">
    <system-out><![CDATA[16:18:51.902 [main] INFO sn.ept.git.seminaire.cicd.demo.E_FirstPrincipalTest - Something to do before each test
]]></system-out>
  </testcase>
  <testcase name="addShouldReturnTheSumOfPositiveNumbers" classname="sn.ept.git.seminaire.cicd.demo.E_FirstPrincipalTest$Fast" time="0">
    <system-out><![CDATA[16:18:51.903 [main] INFO sn.ept.git.seminaire.cicd.demo.E_FirstPrincipalTest - Something to do before each test
]]></system-out>
  </testcase>
  <testcase name="addShouldReturnTheSumOfPositiveNumbers" classname="sn.ept.git.seminaire.cicd.demo.E_FirstPrincipalTest$Fast" time="0.001">
    <system-out><![CDATA[16:18:51.907 [main] INFO sn.ept.git.seminaire.cicd.demo.E_FirstPrincipalTest - Something to do before each test
]]></system-out>
  </testcase>
  <testcase name="addShouldReturnTheSumOfPositiveNumbers" classname="sn.ept.git.seminaire.cicd.demo.E_FirstPrincipalTest$Fast" time="0.001">
    <system-out><![CDATA[16:18:51.909 [main] INFO sn.ept.git.seminaire.cicd.demo.E_FirstPrincipalTest - Something to do before each test
]]></system-out>
  </testcase>
  <testcase name="addShouldReturnTheSumOfPositiveNumbers" classname="sn.ept.git.seminaire.cicd.demo.E_FirstPrincipalTest$Fast" time="0.001">
    <system-out><![CDATA[16:18:51.910 [main] INFO sn.ept.git.seminaire.cicd.demo.E_FirstPrincipalTest - Something to do before each test
]]></system-out>
  </testcase>
  <testcase name="addShouldReturnTheSumOfPositiveNumbers" classname="sn.ept.git.seminaire.cicd.demo.E_FirstPrincipalTest$Fast" time="0.001">
    <system-out><![CDATA[16:18:51.912 [main] INFO sn.ept.git.seminaire.cicd.demo.E_FirstPrincipalTest - Something to do before each test
]]></system-out>
  </testcase>
  <testcase name="addShouldReturnTheSumOfPositiveNumbers" classname="sn.ept.git.seminaire.cicd.demo.E_FirstPrincipalTest$Fast" time="0.001">
    <system-out><![CDATA[16:18:51.914 [main] INFO sn.ept.git.seminaire.cicd.demo.E_FirstPrincipalTest - Something to do before each test
]]></system-out>
  </testcase>
  <testcase name="addShouldReturnTheSumOfPositiveNumbers" classname="sn.ept.git.seminaire.cicd.demo.E_FirstPrincipalTest$Fast" time="0.001">
    <system-out><![CDATA[16:18:51.916 [main] INFO sn.ept.git.seminaire.cicd.demo.E_FirstPrincipalTest - Something to do before each test
]]></system-out>
  </testcase>
  <testcase name="addShouldReturnTheSumOfPositiveNumbers" classname="sn.ept.git.seminaire.cicd.demo.E_FirstPrincipalTest$Fast" time="0.001">
    <system-out><![CDATA[16:18:51.918 [main] INFO sn.ept.git.seminaire.cicd.demo.E_FirstPrincipalTest - Something to do before each test
]]></system-out>
  </testcase>
  <testcase name="addShouldReturnTheSumOfPositiveNumbers" classname="sn.ept.git.seminaire.cicd.demo.E_FirstPrincipalTest$Fast" time="0">
    <system-out><![CDATA[16:18:51.919 [main] INFO sn.ept.git.seminaire.cicd.demo.E_FirstPrincipalTest - Something to do before each test
]]></system-out>
  </testcase>
  <testcase name="addShouldReturnTheSumOfPositiveNumbers" classname="sn.ept.git.seminaire.cicd.demo.E_FirstPrincipalTest$Fast" time="0">
    <system-out><![CDATA[16:18:51.920 [main] INFO sn.ept.git.seminaire.cicd.demo.E_FirstPrincipalTest - Something to do before each test
]]></system-out>
  </testcase>
  <testcase name="addShouldReturnTheSumOfPositiveNumbers" classname="sn.ept.git.seminaire.cicd.demo.E_FirstPrincipalTest$Fast" time="0.001">
    <system-out><![CDATA[16:18:51.922 [main] INFO sn.ept.git.seminaire.cicd.demo.E_FirstPrincipalTest - Something to do before each test
]]></system-out>
  </testcase>
  <testcase name="addShouldReturnTheSumOfPositiveNumbers" classname="sn.ept.git.seminaire.cicd.demo.E_FirstPrincipalTest$Fast" time="0.001">
    <system-out><![CDATA[16:18:51.924 [main] INFO sn.ept.git.seminaire.cicd.demo.E_FirstPrincipalTest - Something to do before each test
]]></system-out>
  </testcase>
  <testcase name="addShouldReturnTheSumOfPositiveNumbers" classname="sn.ept.git.seminaire.cicd.demo.E_FirstPrincipalTest$Fast" time="0">
    <system-out><![CDATA[16:18:51.926 [main] INFO sn.ept.git.seminaire.cicd.demo.E_FirstPrincipalTest - Something to do before each test
]]></system-out>
  </testcase>
  <testcase name="addShouldReturnTheSumOfPositiveNumbers" classname="sn.ept.git.seminaire.cicd.demo.E_FirstPrincipalTest$Fast" time="0">
    <system-out><![CDATA[16:18:51.927 [main] INFO sn.ept.git.seminaire.cicd.demo.E_FirstPrincipalTest - Something to do before each test
]]></system-out>
  </testcase>
  <testcase name="addShouldReturnTheSumOfPositiveNumbers" classname="sn.ept.git.seminaire.cicd.demo.E_FirstPrincipalTest$Fast" time="0.001">
    <system-out><![CDATA[16:18:51.928 [main] INFO sn.ept.git.seminaire.cicd.demo.E_FirstPrincipalTest - Something to do before each test
]]></system-out>
  </testcase>
  <testcase name="addShouldReturnTheSumOfPositiveNumbers" classname="sn.ept.git.seminaire.cicd.demo.E_FirstPrincipalTest$Fast" time="0.001">
    <system-out><![CDATA[16:18:51.929 [main] INFO sn.ept.git.seminaire.cicd.demo.E_FirstPrincipalTest - Something to do before each test
]]></system-out>
  </testcase>
  <testcase name="addShouldReturnTheSumOfPositiveNumbers" classname="sn.ept.git.seminaire.cicd.demo.E_FirstPrincipalTest$Fast" time="0.001">
    <system-out><![CDATA[16:18:51.931 [main] INFO sn.ept.git.seminaire.cicd.demo.E_FirstPrincipalTest - Something to do before each test
]]></system-out>
  </testcase>
  <testcase name="addShouldReturnTheSumOfPositiveNumbers" classname="sn.ept.git.seminaire.cicd.demo.E_FirstPrincipalTest$Fast" time="0">
    <system-out><![CDATA[16:18:51.932 [main] INFO sn.ept.git.seminaire.cicd.demo.E_FirstPrincipalTest - Something to do before each test
]]></system-out>
  </testcase>
  <testcase name="addShouldReturnTheSumOfPositiveNumbers" classname="sn.ept.git.seminaire.cicd.demo.E_FirstPrincipalTest$Fast" time="0">
    <system-out><![CDATA[16:18:51.933 [main] INFO sn.ept.git.seminaire.cicd.demo.E_FirstPrincipalTest - Something to do before each test
]]></system-out>
  </testcase>
  <testcase name="addShouldReturnTheSumOfPositiveNumbers" classname="sn.ept.git.seminaire.cicd.demo.E_FirstPrincipalTest$Fast" time="0.001">
    <system-out><![CDATA[16:18:51.934 [main] INFO sn.ept.git.seminaire.cicd.demo.E_FirstPrincipalTest - Something to do before each test
]]></system-out>
  </testcase>
  <testcase name="addShouldReturnTheSumOfPositiveNumbers" classname="sn.ept.git.seminaire.cicd.demo.E_FirstPrincipalTest$Fast" time="0">
    <system-out><![CDATA[16:18:51.935 [main] INFO sn.ept.git.seminaire.cicd.demo.E_FirstPrincipalTest - Something to do before each test
]]></system-out>
  </testcase>
  <testcase name="addShouldReturnTheSumOfPositiveNumbers" classname="sn.ept.git.seminaire.cicd.demo.E_FirstPrincipalTest$Fast" time="0">
    <system-out><![CDATA[16:18:51.936 [main] INFO sn.ept.git.seminaire.cicd.demo.E_FirstPrincipalTest - Something to do before each test
]]></system-out>
  </testcase>
  <testcase name="addShouldReturnTheSumOfPositiveNumbers" classname="sn.ept.git.seminaire.cicd.demo.E_FirstPrincipalTest$Fast" time="0">
    <system-out><![CDATA[16:18:51.937 [main] INFO sn.ept.git.seminaire.cicd.demo.E_FirstPrincipalTest - Something to do before each test
]]></system-out>
  </testcase>
  <testcase name="addShouldReturnTheSumOfPositiveNumbers" classname="sn.ept.git.seminaire.cicd.demo.E_FirstPrincipalTest$Fast" time="0.001">
    <system-out><![CDATA[16:18:51.938 [main] INFO sn.ept.git.seminaire.cicd.demo.E_FirstPrincipalTest - Something to do before each test
]]></system-out>
  </testcase>
  <testcase name="addShouldReturnTheSumOfPositiveNumbers" classname="sn.ept.git.seminaire.cicd.demo.E_FirstPrincipalTest$Fast" time="0.001">
    <system-out><![CDATA[16:18:51.940 [main] INFO sn.ept.git.seminaire.cicd.demo.E_FirstPrincipalTest - Something to do before each test
]]></system-out>
  </testcase>
  <testcase name="addShouldReturnTheSumOfPositiveNumbers" classname="sn.ept.git.seminaire.cicd.demo.E_FirstPrincipalTest$Fast" time="0.001">
    <system-out><![CDATA[16:18:51.942 [main] INFO sn.ept.git.seminaire.cicd.demo.E_FirstPrincipalTest - Something to do before each test
]]></system-out>
  </testcase>
  <testcase name="addShouldReturnTheSumOfPositiveNumbers" classname="sn.ept.git.seminaire.cicd.demo.E_FirstPrincipalTest$Fast" time="0">
    <system-out><![CDATA[16:18:51.943 [main] INFO sn.ept.git.seminaire.cicd.demo.E_FirstPrincipalTest - Something to do before each test
]]></system-out>
  </testcase>
  <testcase name="addShouldReturnTheSumOfPositiveNumbers" classname="sn.ept.git.seminaire.cicd.demo.E_FirstPrincipalTest$Fast" time="0">
    <system-out><![CDATA[16:18:51.944 [main] INFO sn.ept.git.seminaire.cicd.demo.E_FirstPrincipalTest - Something to do before each test
]]></system-out>
  </testcase>
  <testcase name="addShouldReturnTheSumOfPositiveNumbers" classname="sn.ept.git.seminaire.cicd.demo.E_FirstPrincipalTest$Fast" time="0.001">
    <system-out><![CDATA[16:18:51.945 [main] INFO sn.ept.git.seminaire.cicd.demo.E_FirstPrincipalTest - Something to do before each test
]]></system-out>
  </testcase>
  <testcase name="addShouldReturnTheSumOfPositiveNumbers" classname="sn.ept.git.seminaire.cicd.demo.E_FirstPrincipalTest$Fast" time="0.001">
    <system-out><![CDATA[16:18:51.946 [main] INFO sn.ept.git.seminaire.cicd.demo.E_FirstPrincipalTest - Something to do before each test
]]></system-out>
  </testcase>
  <testcase name="addShouldReturnTheSumOfPositiveNumbers" classname="sn.ept.git.seminaire.cicd.demo.E_FirstPrincipalTest$Fast" time="0.001">
    <system-out><![CDATA[16:18:51.948 [main] INFO sn.ept.git.seminaire.cicd.demo.E_FirstPrincipalTest - Something to do before each test
]]></system-out>
  </testcase>
  <testcase name="addShouldReturnTheSumOfPositiveNumbers" classname="sn.ept.git.seminaire.cicd.demo.E_FirstPrincipalTest$Fast" time="0">
    <system-out><![CDATA[16:18:51.951 [main] INFO sn.ept.git.seminaire.cicd.demo.E_FirstPrincipalTest - Something to do before each test
]]></system-out>
  </testcase>
  <testcase name="addShouldReturnTheSumOfPositiveNumbers" classname="sn.ept.git.seminaire.cicd.demo.E_FirstPrincipalTest$Fast" time="0.002">
    <system-out><![CDATA[16:18:51.953 [main] INFO sn.ept.git.seminaire.cicd.demo.E_FirstPrincipalTest - Something to do before each test
]]></system-out>
  </testcase>
  <testcase name="addShouldReturnTheSumOfPositiveNumbers" classname="sn.ept.git.seminaire.cicd.demo.E_FirstPrincipalTest$Fast" time="0">
    <system-out><![CDATA[16:18:51.955 [main] INFO sn.ept.git.seminaire.cicd.demo.E_FirstPrincipalTest - Something to do before each test
]]></system-out>
  </testcase>
  <testcase name="addShouldReturnTheSumOfPositiveNumbers" classname="sn.ept.git.seminaire.cicd.demo.E_FirstPrincipalTest$Fast" time="0.001">
    <system-out><![CDATA[16:18:51.956 [main] INFO sn.ept.git.seminaire.cicd.demo.E_FirstPrincipalTest - Something to do before each test
]]></system-out>
  </testcase>
  <testcase name="addShouldReturnTheSumOfPositiveNumbers" classname="sn.ept.git.seminaire.cicd.demo.E_FirstPrincipalTest$Fast" time="0.001">
    <system-out><![CDATA[16:18:51.958 [main] INFO sn.ept.git.seminaire.cicd.demo.E_FirstPrincipalTest - Something to do before each test
]]></system-out>
  </testcase>
  <testcase name="addShouldReturnTheSumOfPositiveNumbers" classname="sn.ept.git.seminaire.cicd.demo.E_FirstPrincipalTest$Fast" time="0">
    <system-out><![CDATA[16:18:51.960 [main] INFO sn.ept.git.seminaire.cicd.demo.E_FirstPrincipalTest - Something to do before each test
]]></system-out>
  </testcase>
  <testcase name="addShouldReturnTheSumOfPositiveNumbers" classname="sn.ept.git.seminaire.cicd.demo.E_FirstPrincipalTest$Fast" time="0.001">
    <system-out><![CDATA[16:18:51.961 [main] INFO sn.ept.git.seminaire.cicd.demo.E_FirstPrincipalTest - Something to do before each test
]]></system-out>
  </testcase>
  <testcase name="addShouldReturnTheSumOfPositiveNumbers" classname="sn.ept.git.seminaire.cicd.demo.E_FirstPrincipalTest$Fast" time="0.001">
    <system-out><![CDATA[16:18:51.963 [main] INFO sn.ept.git.seminaire.cicd.demo.E_FirstPrincipalTest - Something to do before each test
]]></system-out>
  </testcase>
  <testcase name="addShouldReturnTheSumOfPositiveNumbers" classname="sn.ept.git.seminaire.cicd.demo.E_FirstPrincipalTest$Fast" time="0.001">
    <system-out><![CDATA[16:18:51.964 [main] INFO sn.ept.git.seminaire.cicd.demo.E_FirstPrincipalTest - Something to do before each test
]]></system-out>
  </testcase>
  <testcase name="addShouldReturnTheSumOfPositiveNumbers" classname="sn.ept.git.seminaire.cicd.demo.E_FirstPrincipalTest$Fast" time="0">
    <system-out><![CDATA[16:18:51.965 [main] INFO sn.ept.git.seminaire.cicd.demo.E_FirstPrincipalTest - Something to do before each test
]]></system-out>
  </testcase>
  <testcase name="addShouldReturnTheSumOfPositiveNumbers" classname="sn.ept.git.seminaire.cicd.demo.E_FirstPrincipalTest$Fast" time="0">
    <system-out><![CDATA[16:18:51.966 [main] INFO sn.ept.git.seminaire.cicd.demo.E_FirstPrincipalTest - Something to do before each test
]]></system-out>
  </testcase>
  <testcase name="addShouldReturnTheSumOfPositiveNumbers" classname="sn.ept.git.seminaire.cicd.demo.E_FirstPrincipalTest$Fast" time="0">
    <system-out><![CDATA[16:18:51.967 [main] INFO sn.ept.git.seminaire.cicd.demo.E_FirstPrincipalTest - Something to do before each test
]]></system-out>
  </testcase>
  <testcase name="addShouldReturnTheSumOfPositiveNumbers" classname="sn.ept.git.seminaire.cicd.demo.E_FirstPrincipalTest$Fast" time="0.001">
    <system-out><![CDATA[16:18:51.969 [main] INFO sn.ept.git.seminaire.cicd.demo.E_FirstPrincipalTest - Something to do before each test
]]></system-out>
  </testcase>
  <testcase name="addShouldReturnTheSumOfPositiveNumbers" classname="sn.ept.git.seminaire.cicd.demo.E_FirstPrincipalTest$Fast" time="0.001">
    <system-out><![CDATA[16:18:51.970 [main] INFO sn.ept.git.seminaire.cicd.demo.E_FirstPrincipalTest - Something to do before each test
]]></system-out>
  </testcase>
  <testcase name="addShouldReturnTheSumOfPositiveNumbers" classname="sn.ept.git.seminaire.cicd.demo.E_FirstPrincipalTest$Fast" time="0.001">
    <system-out><![CDATA[16:18:51.972 [main] INFO sn.ept.git.seminaire.cicd.demo.E_FirstPrincipalTest - Something to do before each test
]]></system-out>
  </testcase>
  <testcase name="addShouldReturnTheSumOfPositiveNumbers" classname="sn.ept.git.seminaire.cicd.demo.E_FirstPrincipalTest$Fast" time="0.001">
    <system-out><![CDATA[16:18:51.974 [main] INFO sn.ept.git.seminaire.cicd.demo.E_FirstPrincipalTest - Something to do before each test
]]></system-out>
  </testcase>
  <testcase name="addShouldReturnTheSumOfPositiveNumbers" classname="sn.ept.git.seminaire.cicd.demo.E_FirstPrincipalTest$Fast" time="0">
    <system-out><![CDATA[16:18:51.975 [main] INFO sn.ept.git.seminaire.cicd.demo.E_FirstPrincipalTest - Something to do before each test
]]></system-out>
  </testcase>
  <testcase name="addShouldReturnTheSumOfPositiveNumbers" classname="sn.ept.git.seminaire.cicd.demo.E_FirstPrincipalTest$Fast" time="0.001">
    <system-out><![CDATA[16:18:51.976 [main] INFO sn.ept.git.seminaire.cicd.demo.E_FirstPrincipalTest - Something to do before each test
]]></system-out>
  </testcase>
  <testcase name="addShouldReturnTheSumOfPositiveNumbers" classname="sn.ept.git.seminaire.cicd.demo.E_FirstPrincipalTest$Fast" time="0.001">
    <system-out><![CDATA[16:18:51.978 [main] INFO sn.ept.git.seminaire.cicd.demo.E_FirstPrincipalTest - Something to do before each test
]]></system-out>
  </testcase>
  <testcase name="addShouldReturnTheSumOfPositiveNumbers" classname="sn.ept.git.seminaire.cicd.demo.E_FirstPrincipalTest$Fast" time="0">
    <system-out><![CDATA[16:18:51.979 [main] INFO sn.ept.git.seminaire.cicd.demo.E_FirstPrincipalTest - Something to do before each test
]]></system-out>
  </testcase>
  <testcase name="addShouldReturnTheSumOfPositiveNumbers" classname="sn.ept.git.seminaire.cicd.demo.E_FirstPrincipalTest$Fast" time="0">
    <system-out><![CDATA[16:18:51.980 [main] INFO sn.ept.git.seminaire.cicd.demo.E_FirstPrincipalTest - Something to do before each test
]]></system-out>
  </testcase>
  <testcase name="addShouldReturnTheSumOfPositiveNumbers" classname="sn.ept.git.seminaire.cicd.demo.E_FirstPrincipalTest$Fast" time="0.001">
    <system-out><![CDATA[16:18:51.981 [main] INFO sn.ept.git.seminaire.cicd.demo.E_FirstPrincipalTest - Something to do before each test
]]></system-out>
  </testcase>
  <testcase name="addShouldReturnTheSumOfPositiveNumbers" classname="sn.ept.git.seminaire.cicd.demo.E_FirstPrincipalTest$Fast" time="0.001">
    <system-out><![CDATA[16:18:51.982 [main] INFO sn.ept.git.seminaire.cicd.demo.E_FirstPrincipalTest - Something to do before each test
]]></system-out>
  </testcase>
  <testcase name="addShouldReturnTheSumOfPositiveNumbers" classname="sn.ept.git.seminaire.cicd.demo.E_FirstPrincipalTest$Fast" time="0.001">
    <system-out><![CDATA[16:18:51.984 [main] INFO sn.ept.git.seminaire.cicd.demo.E_FirstPrincipalTest - Something to do before each test
]]></system-out>
  </testcase>
  <testcase name="addShouldReturnTheSumOfPositiveNumbers" classname="sn.ept.git.seminaire.cicd.demo.E_FirstPrincipalTest$Fast" time="0">
    <system-out><![CDATA[16:18:51.986 [main] INFO sn.ept.git.seminaire.cicd.demo.E_FirstPrincipalTest - Something to do before each test
]]></system-out>
  </testcase>
  <testcase name="addShouldReturnTheSumOfPositiveNumbers" classname="sn.ept.git.seminaire.cicd.demo.E_FirstPrincipalTest$Fast" time="0.001">
    <system-out><![CDATA[16:18:51.987 [main] INFO sn.ept.git.seminaire.cicd.demo.E_FirstPrincipalTest - Something to do before each test
]]></system-out>
  </testcase>
  <testcase name="addShouldReturnTheSumOfPositiveNumbers" classname="sn.ept.git.seminaire.cicd.demo.E_FirstPrincipalTest$Fast" time="0.001">
    <system-out><![CDATA[16:18:51.989 [main] INFO sn.ept.git.seminaire.cicd.demo.E_FirstPrincipalTest - Something to do before each test
]]></system-out>
  </testcase>
  <testcase name="addShouldReturnTheSumOfPositiveNumbers" classname="sn.ept.git.seminaire.cicd.demo.E_FirstPrincipalTest$Fast" time="0.001">
    <system-out><![CDATA[16:18:51.990 [main] INFO sn.ept.git.seminaire.cicd.demo.E_FirstPrincipalTest - Something to do before each test
]]></system-out>
  </testcase>
  <testcase name="addShouldReturnTheSumOfPositiveNumbers" classname="sn.ept.git.seminaire.cicd.demo.E_FirstPrincipalTest$Fast" time="0.001">
    <system-out><![CDATA[16:18:51.992 [main] INFO sn.ept.git.seminaire.cicd.demo.E_FirstPrincipalTest - Something to do before each test
]]></system-out>
  </testcase>
  <testcase name="addShouldReturnTheSumOfPositiveNumbers" classname="sn.ept.git.seminaire.cicd.demo.E_FirstPrincipalTest$Fast" time="0">
    <system-out><![CDATA[16:18:51.993 [main] INFO sn.ept.git.seminaire.cicd.demo.E_FirstPrincipalTest - Something to do before each test
]]></system-out>
  </testcase>
  <testcase name="addShouldReturnTheSumOfPositiveNumbers" classname="sn.ept.git.seminaire.cicd.demo.E_FirstPrincipalTest$Fast" time="0">
    <system-out><![CDATA[16:18:51.994 [main] INFO sn.ept.git.seminaire.cicd.demo.E_FirstPrincipalTest - Something to do before each test
]]></system-out>
  </testcase>
  <testcase name="addShouldReturnTheSumOfPositiveNumbers" classname="sn.ept.git.seminaire.cicd.demo.E_FirstPrincipalTest$Fast" time="0.001">
    <system-out><![CDATA[16:18:51.995 [main] INFO sn.ept.git.seminaire.cicd.demo.E_FirstPrincipalTest - Something to do before each test
]]></system-out>
  </testcase>
  <testcase name="addShouldReturnTheSumOfPositiveNumbers" classname="sn.ept.git.seminaire.cicd.demo.E_FirstPrincipalTest$Fast" time="0">
    <system-out><![CDATA[16:18:51.997 [main] INFO sn.ept.git.seminaire.cicd.demo.E_FirstPrincipalTest - Something to do before each test
]]></system-out>
  </testcase>
  <testcase name="addShouldReturnTheSumOfPositiveNumbers" classname="sn.ept.git.seminaire.cicd.demo.E_FirstPrincipalTest$Fast" time="0">
    <system-out><![CDATA[16:18:51.998 [main] INFO sn.ept.git.seminaire.cicd.demo.E_FirstPrincipalTest - Something to do before each test
]]></system-out>
  </testcase>
  <testcase name="addShouldReturnTheSumOfPositiveNumbers" classname="sn.ept.git.seminaire.cicd.demo.E_FirstPrincipalTest$Fast" time="0.001">
    <system-out><![CDATA[16:18:51.999 [main] INFO sn.ept.git.seminaire.cicd.demo.E_FirstPrincipalTest - Something to do before each test
]]></system-out>
  </testcase>
  <testcase name="addShouldReturnTheSumOfPositiveNumbers" classname="sn.ept.git.seminaire.cicd.demo.E_FirstPrincipalTest$Fast" time="0.001">
    <system-out><![CDATA[16:18:52.001 [main] INFO sn.ept.git.seminaire.cicd.demo.E_FirstPrincipalTest - Something to do before each test
]]></system-out>
  </testcase>
  <testcase name="addShouldReturnTheSumOfPositiveNumbers" classname="sn.ept.git.seminaire.cicd.demo.E_FirstPrincipalTest$Fast" time="0">
    <system-out><![CDATA[16:18:52.002 [main] INFO sn.ept.git.seminaire.cicd.demo.E_FirstPrincipalTest - Something to do before each test
]]></system-out>
  </testcase>
  <testcase name="addShouldReturnTheSumOfPositiveNumbers" classname="sn.ept.git.seminaire.cicd.demo.E_FirstPrincipalTest$Fast" time="0">
    <system-out><![CDATA[16:18:52.004 [main] INFO sn.ept.git.seminaire.cicd.demo.E_FirstPrincipalTest - Something to do before each test
]]></system-out>
  </testcase>
  <testcase name="addShouldReturnTheSumOfPositiveNumbers" classname="sn.ept.git.seminaire.cicd.demo.E_FirstPrincipalTest$Fast" time="0.001">
    <system-out><![CDATA[16:18:52.006 [main] INFO sn.ept.git.seminaire.cicd.demo.E_FirstPrincipalTest - Something to do before each test
]]></system-out>
  </testcase>
  <testcase name="addShouldReturnTheSumOfPositiveNumbers" classname="sn.ept.git.seminaire.cicd.demo.E_FirstPrincipalTest$Fast" time="0">
    <system-out><![CDATA[16:18:52.008 [main] INFO sn.ept.git.seminaire.cicd.demo.E_FirstPrincipalTest - Something to do before each test
]]></system-out>
  </testcase>
  <testcase name="addShouldReturnTheSumOfPositiveNumbers" classname="sn.ept.git.seminaire.cicd.demo.E_FirstPrincipalTest$Fast" time="0.001">
    <system-out><![CDATA[16:18:52.009 [main] INFO sn.ept.git.seminaire.cicd.demo.E_FirstPrincipalTest - Something to do before each test
]]></system-out>
  </testcase>
  <testcase name="addShouldReturnTheSumOfPositiveNumbers" classname="sn.ept.git.seminaire.cicd.demo.E_FirstPrincipalTest$Fast" time="0.001">
    <system-out><![CDATA[16:18:52.011 [main] INFO sn.ept.git.seminaire.cicd.demo.E_FirstPrincipalTest - Something to do before each test
]]></system-out>
  </testcase>
  <testcase name="addShouldReturnTheSumOfPositiveNumbers" classname="sn.ept.git.seminaire.cicd.demo.E_FirstPrincipalTest$Fast" time="0.001">
    <system-out><![CDATA[16:18:52.012 [main] INFO sn.ept.git.seminaire.cicd.demo.E_FirstPrincipalTest - Something to do before each test
]]></system-out>
  </testcase>
  <testcase name="addShouldReturnTheSumOfPositiveNumbers" classname="sn.ept.git.seminaire.cicd.demo.E_FirstPrincipalTest$Fast" time="0.001">
    <system-out><![CDATA[16:18:52.014 [main] INFO sn.ept.git.seminaire.cicd.demo.E_FirstPrincipalTest - Something to do before each test
]]></system-out>
  </testcase>
  <testcase name="addShouldReturnTheSumOfPositiveNumbers" classname="sn.ept.git.seminaire.cicd.demo.E_FirstPrincipalTest$Fast" time="0.001">
    <system-out><![CDATA[16:18:52.016 [main] INFO sn.ept.git.seminaire.cicd.demo.E_FirstPrincipalTest - Something to do before each test
]]></system-out>
  </testcase>
  <testcase name="addShouldReturnTheSumOfPositiveNumbers" classname="sn.ept.git.seminaire.cicd.demo.E_FirstPrincipalTest$Fast" time="0.001">
    <system-out><![CDATA[16:18:52.017 [main] INFO sn.ept.git.seminaire.cicd.demo.E_FirstPrincipalTest - Something to do before each test
]]></system-out>
  </testcase>
  <testcase name="addShouldReturnTheSumOfPositiveNumbers" classname="sn.ept.git.seminaire.cicd.demo.E_FirstPrincipalTest$Fast" time="0.001">
    <system-out><![CDATA[16:18:52.019 [main] INFO sn.ept.git.seminaire.cicd.demo.E_FirstPrincipalTest - Something to do before each test
]]></system-out>
  </testcase>
  <testcase name="addShouldReturnTheSumOfPositiveNumbers" classname="sn.ept.git.seminaire.cicd.demo.E_FirstPrincipalTest$Fast" time="0">
    <system-out><![CDATA[16:18:52.020 [main] INFO sn.ept.git.seminaire.cicd.demo.E_FirstPrincipalTest - Something to do before each test
]]></system-out>
  </testcase>
  <testcase name="addShouldReturnTheSumOfPositiveNumbers" classname="sn.ept.git.seminaire.cicd.demo.E_FirstPrincipalTest$Fast" time="0.001">
    <system-out><![CDATA[16:18:52.021 [main] INFO sn.ept.git.seminaire.cicd.demo.E_FirstPrincipalTest - Something to do before each test
]]></system-out>
  </testcase>
  <testcase name="addShouldReturnTheSumOfPositiveNumbers" classname="sn.ept.git.seminaire.cicd.demo.E_FirstPrincipalTest$Fast" time="0.002">
    <system-out><![CDATA[16:18:52.024 [main] INFO sn.ept.git.seminaire.cicd.demo.E_FirstPrincipalTest - Something to do before each test
]]></system-out>
  </testcase>
  <testcase name="addShouldReturnTheSumOfPositiveNumbers" classname="sn.ept.git.seminaire.cicd.demo.E_FirstPrincipalTest$Fast" time="0.001">
    <system-out><![CDATA[16:18:52.025 [main] INFO sn.ept.git.seminaire.cicd.demo.E_FirstPrincipalTest - Something to do before each test
]]></system-out>
  </testcase>
  <testcase name="addShouldReturnTheSumOfPositiveNumbers" classname="sn.ept.git.seminaire.cicd.demo.E_FirstPrincipalTest$Fast" time="0.001">
    <system-out><![CDATA[16:18:52.027 [main] INFO sn.ept.git.seminaire.cicd.demo.E_FirstPrincipalTest - Something to do before each test
]]></system-out>
  </testcase>
  <testcase name="addShouldReturnTheSumOfPositiveNumbers" classname="sn.ept.git.seminaire.cicd.demo.E_FirstPrincipalTest$Fast" time="0">
    <system-out><![CDATA[16:18:52.028 [main] INFO sn.ept.git.seminaire.cicd.demo.E_FirstPrincipalTest - Something to do before each test
]]></system-out>
  </testcase>
  <testcase name="addShouldReturnTheSumOfPositiveNumbers" classname="sn.ept.git.seminaire.cicd.demo.E_FirstPrincipalTest$Fast" time="0.001">
    <system-out><![CDATA[16:18:52.029 [main] INFO sn.ept.git.seminaire.cicd.demo.E_FirstPrincipalTest - Something to do before each test
]]></system-out>
  </testcase>
  <testcase name="addShouldReturnTheSumOfPositiveNumbers" classname="sn.ept.git.seminaire.cicd.demo.E_FirstPrincipalTest$Fast" time="0.001">
    <system-out><![CDATA[16:18:52.031 [main] INFO sn.ept.git.seminaire.cicd.demo.E_FirstPrincipalTest - Something to do before each test
]]></system-out>
  </testcase>
  <testcase name="addShouldReturnTheSumOfPositiveNumbers" classname="sn.ept.git.seminaire.cicd.demo.E_FirstPrincipalTest$Fast" time="0.001">
    <system-out><![CDATA[16:18:52.033 [main] INFO sn.ept.git.seminaire.cicd.demo.E_FirstPrincipalTest - Something to do before each test
]]></system-out>
  </testcase>
  <testcase name="addShouldReturnTheSumOfPositiveNumbers" classname="sn.ept.git.seminaire.cicd.demo.E_FirstPrincipalTest$Fast" time="0">
    <system-out><![CDATA[16:18:52.034 [main] INFO sn.ept.git.seminaire.cicd.demo.E_FirstPrincipalTest - Something to do before each test
]]></system-out>
  </testcase>
  <testcase name="addShouldReturnTheSumOfPositiveNumbers" classname="sn.ept.git.seminaire.cicd.demo.E_FirstPrincipalTest$Fast" time="0.001">
    <system-out><![CDATA[16:18:52.035 [main] INFO sn.ept.git.seminaire.cicd.demo.E_FirstPrincipalTest - Something to do before each test
]]></system-out>
  </testcase>
  <testcase name="addShouldReturnTheSumOfPositiveNumbers" classname="sn.ept.git.seminaire.cicd.demo.E_FirstPrincipalTest$Fast" time="0.001">
    <system-out><![CDATA[16:18:52.037 [main] INFO sn.ept.git.seminaire.cicd.demo.E_FirstPrincipalTest - Something to do before each test
]]></system-out>
  </testcase>
  <testcase name="addShouldReturnTheSumOfPositiveNumbers" classname="sn.ept.git.seminaire.cicd.demo.E_FirstPrincipalTest$Fast" time="0.001">
    <system-out><![CDATA[16:18:52.040 [main] INFO sn.ept.git.seminaire.cicd.demo.E_FirstPrincipalTest - Something to do before each test
]]></system-out>
  </testcase>
  <testcase name="addShouldReturnTheSumOfPositiveNumbers" classname="sn.ept.git.seminaire.cicd.demo.E_FirstPrincipalTest$Fast" time="0.001">
    <system-out><![CDATA[16:18:52.041 [main] INFO sn.ept.git.seminaire.cicd.demo.E_FirstPrincipalTest - Something to do before each test
]]></system-out>
  </testcase>
  <testcase name="addShouldReturnTheSumOfPositiveNumbers" classname="sn.ept.git.seminaire.cicd.demo.E_FirstPrincipalTest$Fast" time="0.001">
    <system-out><![CDATA[16:18:52.043 [main] INFO sn.ept.git.seminaire.cicd.demo.E_FirstPrincipalTest - Something to do before each test
]]></system-out>
  </testcase>
  <testcase name="addShouldReturnTheSumOfPositiveNumbers" classname="sn.ept.git.seminaire.cicd.demo.E_FirstPrincipalTest$Fast" time="0.003">
    <system-out><![CDATA[16:18:52.045 [main] INFO sn.ept.git.seminaire.cicd.demo.E_FirstPrincipalTest - Something to do before each test
]]></system-out>
  </testcase>
  <testcase name="addShouldReturnTheSumOfPositiveNumbers" classname="sn.ept.git.seminaire.cicd.demo.E_FirstPrincipalTest$Fast" time="0.001">
    <system-out><![CDATA[16:18:52.049 [main] INFO sn.ept.git.seminaire.cicd.demo.E_FirstPrincipalTest - Something to do before each test
]]></system-out>
  </testcase>
  <testcase name="addShouldReturnTheSumOfPositiveNumbers" classname="sn.ept.git.seminaire.cicd.demo.E_FirstPrincipalTest$Fast" time="0.001">
    <system-out><![CDATA[16:18:52.051 [main] INFO sn.ept.git.seminaire.cicd.demo.E_FirstPrincipalTest - Something to do before each test
]]></system-out>
  </testcase>
  <testcase name="addShouldReturnTheSumOfPositiveNumbers" classname="sn.ept.git.seminaire.cicd.demo.E_FirstPrincipalTest$Fast" time="0.001">
    <system-out><![CDATA[16:18:52.053 [main] INFO sn.ept.git.seminaire.cicd.demo.E_FirstPrincipalTest - Something to do before each test
]]></system-out>
  </testcase>
  <testcase name="addShouldReturnTheSumOfPositiveNumbers" classname="sn.ept.git.seminaire.cicd.demo.E_FirstPrincipalTest$Fast" time="0.001">
    <system-out><![CDATA[16:18:52.055 [main] INFO sn.ept.git.seminaire.cicd.demo.E_FirstPrincipalTest - Something to do before each test
]]></system-out>
  </testcase>
  <testcase name="addShouldReturnTheSumOfPositiveNumbers" classname="sn.ept.git.seminaire.cicd.demo.E_FirstPrincipalTest$Fast" time="0.001">
    <system-out><![CDATA[16:18:52.058 [main] INFO sn.ept.git.seminaire.cicd.demo.E_FirstPrincipalTest - Something to do before each test
]]></system-out>
  </testcase>
  <testcase name="addShouldReturnTheSumOfPositiveNumbers" classname="sn.ept.git.seminaire.cicd.demo.E_FirstPrincipalTest$Fast" time="0.001">
    <system-out><![CDATA[16:18:52.059 [main] INFO sn.ept.git.seminaire.cicd.demo.E_FirstPrincipalTest - Something to do before each test
]]></system-out>
  </testcase>
  <testcase name="addShouldReturnTheSumOfPositiveNumbers" classname="sn.ept.git.seminaire.cicd.demo.E_FirstPrincipalTest$Fast" time="0.001">
    <system-out><![CDATA[16:18:52.061 [main] INFO sn.ept.git.seminaire.cicd.demo.E_FirstPrincipalTest - Something to do before each test
]]></system-out>
  </testcase>
  <testcase name="addShouldReturnTheSumOfPositiveNumbers" classname="sn.ept.git.seminaire.cicd.demo.E_FirstPrincipalTest$Fast" time="0.001">
    <system-out><![CDATA[16:18:52.064 [main] INFO sn.ept.git.seminaire.cicd.demo.E_FirstPrincipalTest - Something to do before each test
]]></system-out>
  </testcase>
  <testcase name="addShouldReturnTheSumOfPositiveNumbers" classname="sn.ept.git.seminaire.cicd.demo.E_FirstPrincipalTest$Fast" time="0.001">
    <system-out><![CDATA[16:18:52.066 [main] INFO sn.ept.git.seminaire.cicd.demo.E_FirstPrincipalTest - Something to do before each test
]]></system-out>
  </testcase>
  <testcase name="addShouldReturnTheSumOfPositiveNumbers" classname="sn.ept.git.seminaire.cicd.demo.E_FirstPrincipalTest$Fast" time="0">
    <system-out><![CDATA[16:18:52.068 [main] INFO sn.ept.git.seminaire.cicd.demo.E_FirstPrincipalTest - Something to do before each test
]]></system-out>
  </testcase>
  <testcase name="addShouldReturnTheSumOfPositiveNumbers" classname="sn.ept.git.seminaire.cicd.demo.E_FirstPrincipalTest$Fast" time="0.001">
    <system-out><![CDATA[16:18:52.070 [main] INFO sn.ept.git.seminaire.cicd.demo.E_FirstPrincipalTest - Something to do before each test
]]></system-out>
  </testcase>
  <testcase name="addShouldReturnTheSumOfPositiveNumbers" classname="sn.ept.git.seminaire.cicd.demo.E_FirstPrincipalTest$Fast" time="0">
    <system-out><![CDATA[16:18:52.072 [main] INFO sn.ept.git.seminaire.cicd.demo.E_FirstPrincipalTest - Something to do before each test
]]></system-out>
  </testcase>
  <testcase name="addShouldReturnTheSumOfPositiveNumbers" classname="sn.ept.git.seminaire.cicd.demo.E_FirstPrincipalTest$Fast" time="0">
    <system-out><![CDATA[16:18:52.075 [main] INFO sn.ept.git.seminaire.cicd.demo.E_FirstPrincipalTest - Something to do before each test
]]></system-out>
  </testcase>
  <testcase name="addShouldReturnTheSumOfPositiveNumbers" classname="sn.ept.git.seminaire.cicd.demo.E_FirstPrincipalTest$Fast" time="0">
    <system-out><![CDATA[16:18:52.076 [main] INFO sn.ept.git.seminaire.cicd.demo.E_FirstPrincipalTest - Something to do before each test
]]></system-out>
  </testcase>
  <testcase name="addShouldReturnTheSumOfPositiveNumbers" classname="sn.ept.git.seminaire.cicd.demo.E_FirstPrincipalTest$Fast" time="0.001">
    <system-out><![CDATA[16:18:52.077 [main] INFO sn.ept.git.seminaire.cicd.demo.E_FirstPrincipalTest - Something to do before each test
]]></system-out>
  </testcase>
  <testcase name="addShouldReturnTheSumOfPositiveNumbers" classname="sn.ept.git.seminaire.cicd.demo.E_FirstPrincipalTest$Fast" time="0.001">
    <system-out><![CDATA[16:18:52.080 [main] INFO sn.ept.git.seminaire.cicd.demo.E_FirstPrincipalTest - Something to do before each test
]]></system-out>
  </testcase>
  <testcase name="addShouldReturnTheSumOfPositiveNumbers" classname="sn.ept.git.seminaire.cicd.demo.E_FirstPrincipalTest$Fast" time="0.001">
    <system-out><![CDATA[16:18:52.082 [main] INFO sn.ept.git.seminaire.cicd.demo.E_FirstPrincipalTest - Something to do before each test
]]></system-out>
  </testcase>
  <testcase name="addShouldReturnTheSumOfPositiveNumbers" classname="sn.ept.git.seminaire.cicd.demo.E_FirstPrincipalTest$Fast" time="0.001">
    <system-out><![CDATA[16:18:52.083 [main] INFO sn.ept.git.seminaire.cicd.demo.E_FirstPrincipalTest - Something to do before each test
]]></system-out>
  </testcase>
  <testcase name="addShouldReturnTheSumOfPositiveNumbers" classname="sn.ept.git.seminaire.cicd.demo.E_FirstPrincipalTest$Fast" time="0">
    <system-out><![CDATA[16:18:52.085 [main] INFO sn.ept.git.seminaire.cicd.demo.E_FirstPrincipalTest - Something to do before each test
]]></system-out>
  </testcase>
  <testcase name="addShouldReturnTheSumOfPositiveNumbers" classname="sn.ept.git.seminaire.cicd.demo.E_FirstPrincipalTest$Fast" time="0.003">
    <system-out><![CDATA[16:18:52.088 [main] INFO sn.ept.git.seminaire.cicd.demo.E_FirstPrincipalTest - Something to do before each test
]]></system-out>
  </testcase>
  <testcase name="addShouldReturnTheSumOfPositiveNumbers" classname="sn.ept.git.seminaire.cicd.demo.E_FirstPrincipalTest$Fast" time="0.001">
    <system-out><![CDATA[16:18:52.090 [main] INFO sn.ept.git.seminaire.cicd.demo.E_FirstPrincipalTest - Something to do before each test
]]></system-out>
  </testcase>
  <testcase name="addShouldReturnTheSumOfPositiveNumbers" classname="sn.ept.git.seminaire.cicd.demo.E_FirstPrincipalTest$Fast" time="0.002">
    <system-out><![CDATA[16:18:52.092 [main] INFO sn.ept.git.seminaire.cicd.demo.E_FirstPrincipalTest - Something to do before each test
]]></system-out>
  </testcase>
  <testcase name="addShouldReturnTheSumOfPositiveNumbers" classname="sn.ept.git.seminaire.cicd.demo.E_FirstPrincipalTest$Fast" time="0.001">
    <system-out><![CDATA[16:18:52.095 [main] INFO sn.ept.git.seminaire.cicd.demo.E_FirstPrincipalTest - Something to do before each test
]]></system-out>
  </testcase>
  <testcase name="addShouldReturnTheSumOfPositiveNumbers" classname="sn.ept.git.seminaire.cicd.demo.E_FirstPrincipalTest$Fast" time="0.001">
    <system-out><![CDATA[16:18:52.099 [main] INFO sn.ept.git.seminaire.cicd.demo.E_FirstPrincipalTest - Something to do before each test
]]></system-out>
  </testcase>
  <testcase name="addShouldReturnTheSumOfPositiveNumbers" classname="sn.ept.git.seminaire.cicd.demo.E_FirstPrincipalTest$Fast" time="0">
    <system-out><![CDATA[16:18:52.101 [main] INFO sn.ept.git.seminaire.cicd.demo.E_FirstPrincipalTest - Something to do before each test
]]></system-out>
  </testcase>
  <testcase name="addShouldReturnTheSumOfPositiveNumbers" classname="sn.ept.git.seminaire.cicd.demo.E_FirstPrincipalTest$Fast" time="0.003">
    <system-out><![CDATA[16:18:52.105 [main] INFO sn.ept.git.seminaire.cicd.demo.E_FirstPrincipalTest - Something to do before each test
]]></system-out>
  </testcase>
  <testcase name="addShouldReturnTheSumOfPositiveNumbers" classname="sn.ept.git.seminaire.cicd.demo.E_FirstPrincipalTest$Fast" time="0">
    <system-out><![CDATA[16:18:52.106 [main] INFO sn.ept.git.seminaire.cicd.demo.E_FirstPrincipalTest - Something to do before each test
]]></system-out>
  </testcase>
  <testcase name="addShouldReturnTheSumOfPositiveNumbers" classname="sn.ept.git.seminaire.cicd.demo.E_FirstPrincipalTest$Fast" time="0.001">
    <system-out><![CDATA[16:18:52.108 [main] INFO sn.ept.git.seminaire.cicd.demo.E_FirstPrincipalTest - Something to do before each test
]]></system-out>
  </testcase>
  <testcase name="addShouldReturnTheSumOfPositiveNumbers" classname="sn.ept.git.seminaire.cicd.demo.E_FirstPrincipalTest$Fast" time="0.001">
    <system-out><![CDATA[16:18:52.109 [main] INFO sn.ept.git.seminaire.cicd.demo.E_FirstPrincipalTest - Something to do before each test
]]></system-out>
  </testcase>
  <testcase name="addShouldReturnTheSumOfPositiveNumbers" classname="sn.ept.git.seminaire.cicd.demo.E_FirstPrincipalTest$Fast" time="0.001">
    <system-out><![CDATA[16:18:52.111 [main] INFO sn.ept.git.seminaire.cicd.demo.E_FirstPrincipalTest - Something to do before each test
]]></system-out>
  </testcase>
  <testcase name="addShouldReturnTheSumOfPositiveNumbers" classname="sn.ept.git.seminaire.cicd.demo.E_FirstPrincipalTest$Fast" time="0.001">
    <system-out><![CDATA[16:18:52.112 [main] INFO sn.ept.git.seminaire.cicd.demo.E_FirstPrincipalTest - Something to do before each test
]]></system-out>
  </testcase>
  <testcase name="addShouldReturnTheSumOfPositiveNumbers" classname="sn.ept.git.seminaire.cicd.demo.E_FirstPrincipalTest$Fast" time="0.001">
    <system-out><![CDATA[16:18:52.114 [main] INFO sn.ept.git.seminaire.cicd.demo.E_FirstPrincipalTest - Something to do before each test
]]></system-out>
  </testcase>
  <testcase name="addShouldReturnTheSumOfPositiveNumbers" classname="sn.ept.git.seminaire.cicd.demo.E_FirstPrincipalTest$Fast" time="0.001">
    <system-out><![CDATA[16:18:52.116 [main] INFO sn.ept.git.seminaire.cicd.demo.E_FirstPrincipalTest - Something to do before each test
]]></system-out>
  </testcase>
  <testcase name="addShouldReturnTheSumOfPositiveNumbers" classname="sn.ept.git.seminaire.cicd.demo.E_FirstPrincipalTest$Fast" time="0.001">
    <system-out><![CDATA[16:18:52.117 [main] INFO sn.ept.git.seminaire.cicd.demo.E_FirstPrincipalTest - Something to do before each test
]]></system-out>
  </testcase>
  <testcase name="addShouldReturnTheSumOfPositiveNumbers" classname="sn.ept.git.seminaire.cicd.demo.E_FirstPrincipalTest$Fast" time="0.001">
    <system-out><![CDATA[16:18:52.119 [main] INFO sn.ept.git.seminaire.cicd.demo.E_FirstPrincipalTest - Something to do before each test
]]></system-out>
  </testcase>
  <testcase name="addShouldReturnTheSumOfPositiveNumbers" classname="sn.ept.git.seminaire.cicd.demo.E_FirstPrincipalTest$Fast" time="0.001">
    <system-out><![CDATA[16:18:52.121 [main] INFO sn.ept.git.seminaire.cicd.demo.E_FirstPrincipalTest - Something to do before each test
]]></system-out>
  </testcase>
  <testcase name="addShouldReturnTheSumOfPositiveNumbers" classname="sn.ept.git.seminaire.cicd.demo.E_FirstPrincipalTest$Fast" time="0.003">
    <system-out><![CDATA[16:18:52.125 [main] INFO sn.ept.git.seminaire.cicd.demo.E_FirstPrincipalTest - Something to do before each test
]]></system-out>
  </testcase>
  <testcase name="addShouldReturnTheSumOfPositiveNumbers" classname="sn.ept.git.seminaire.cicd.demo.E_FirstPrincipalTest$Fast" time="0.001">
    <system-out><![CDATA[16:18:52.129 [main] INFO sn.ept.git.seminaire.cicd.demo.E_FirstPrincipalTest - Something to do before each test
]]></system-out>
  </testcase>
  <testcase name="addShouldReturnTheSumOfPositiveNumbers" classname="sn.ept.git.seminaire.cicd.demo.E_FirstPrincipalTest$Fast" time="0.001">
    <system-out><![CDATA[16:18:52.131 [main] INFO sn.ept.git.seminaire.cicd.demo.E_FirstPrincipalTest - Something to do before each test
]]></system-out>
  </testcase>
  <testcase name="addShouldReturnTheSumOfPositiveNumbers" classname="sn.ept.git.seminaire.cicd.demo.E_FirstPrincipalTest$Fast" time="0.002">
    <system-out><![CDATA[16:18:52.134 [main] INFO sn.ept.git.seminaire.cicd.demo.E_FirstPrincipalTest - Something to do before each test
]]></system-out>
  </testcase>
  <testcase name="addShouldReturnTheSumOfPositiveNumbers" classname="sn.ept.git.seminaire.cicd.demo.E_FirstPrincipalTest$Fast" time="0">
    <system-out><![CDATA[16:18:52.136 [main] INFO sn.ept.git.seminaire.cicd.demo.E_FirstPrincipalTest - Something to do before each test
]]></system-out>
  </testcase>
  <testcase name="addShouldReturnTheSumOfPositiveNumbers" classname="sn.ept.git.seminaire.cicd.demo.E_FirstPrincipalTest$Fast" time="0.001">
    <system-out><![CDATA[16:18:52.138 [main] INFO sn.ept.git.seminaire.cicd.demo.E_FirstPrincipalTest - Something to do before each test
]]></system-out>
  </testcase>
  <testcase name="addShouldReturnTheSumOfPositiveNumbers" classname="sn.ept.git.seminaire.cicd.demo.E_FirstPrincipalTest$Fast" time="0.001">
    <system-out><![CDATA[16:18:52.139 [main] INFO sn.ept.git.seminaire.cicd.demo.E_FirstPrincipalTest - Something to do before each test
]]></system-out>
  </testcase>
  <testcase name="addShouldReturnTheSumOfPositiveNumbers" classname="sn.ept.git.seminaire.cicd.demo.E_FirstPrincipalTest$Fast" time="0.001">
    <system-out><![CDATA[16:18:52.142 [main] INFO sn.ept.git.seminaire.cicd.demo.E_FirstPrincipalTest - Something to do before each test
]]></system-out>
  </testcase>
  <testcase name="addShouldReturnTheSumOfPositiveNumbers" classname="sn.ept.git.seminaire.cicd.demo.E_FirstPrincipalTest$Fast" time="0.001">
    <system-out><![CDATA[16:18:52.143 [main] INFO sn.ept.git.seminaire.cicd.demo.E_FirstPrincipalTest - Something to do before each test
]]></system-out>
  </testcase>
  <testcase name="addShouldReturnTheSumOfPositiveNumbers" classname="sn.ept.git.seminaire.cicd.demo.E_FirstPrincipalTest$Fast" time="0.001">
    <system-out><![CDATA[16:18:52.145 [main] INFO sn.ept.git.seminaire.cicd.demo.E_FirstPrincipalTest - Something to do before each test
]]></system-out>
  </testcase>
  <testcase name="addShouldReturnTheSumOfPositiveNumbers" classname="sn.ept.git.seminaire.cicd.demo.E_FirstPrincipalTest$Fast" time="0.001">
    <system-out><![CDATA[16:18:52.146 [main] INFO sn.ept.git.seminaire.cicd.demo.E_FirstPrincipalTest - Something to do before each test
]]></system-out>
  </testcase>
  <testcase name="addShouldReturnTheSumOfPositiveNumbers" classname="sn.ept.git.seminaire.cicd.demo.E_FirstPrincipalTest$Fast" time="0.001">
    <system-out><![CDATA[16:18:52.148 [main] INFO sn.ept.git.seminaire.cicd.demo.E_FirstPrincipalTest - Something to do before each test
]]></system-out>
  </testcase>
  <testcase name="addShouldReturnTheSumOfPositiveNumbers" classname="sn.ept.git.seminaire.cicd.demo.E_FirstPrincipalTest$Fast" time="0.001">
    <system-out><![CDATA[16:18:52.151 [main] INFO sn.ept.git.seminaire.cicd.demo.E_FirstPrincipalTest - Something to do before each test
]]></system-out>
  </testcase>
  <testcase name="addShouldReturnTheSumOfPositiveNumbers" classname="sn.ept.git.seminaire.cicd.demo.E_FirstPrincipalTest$Fast" time="0">
    <system-out><![CDATA[16:18:52.152 [main] INFO sn.ept.git.seminaire.cicd.demo.E_FirstPrincipalTest - Something to do before each test
]]></system-out>
  </testcase>
  <testcase name="addShouldReturnTheSumOfPositiveNumbers" classname="sn.ept.git.seminaire.cicd.demo.E_FirstPrincipalTest$Fast" time="0.001">
    <system-out><![CDATA[16:18:52.153 [main] INFO sn.ept.git.seminaire.cicd.demo.E_FirstPrincipalTest - Something to do before each test
]]></system-out>
  </testcase>
  <testcase name="addShouldReturnTheSumOfPositiveNumbers" classname="sn.ept.git.seminaire.cicd.demo.E_FirstPrincipalTest$Fast" time="0.001">
    <system-out><![CDATA[16:18:52.155 [main] INFO sn.ept.git.seminaire.cicd.demo.E_FirstPrincipalTest - Something to do before each test
]]></system-out>
  </testcase>
  <testcase name="addShouldReturnTheSumOfPositiveNumbers" classname="sn.ept.git.seminaire.cicd.demo.E_FirstPrincipalTest$Fast" time="0.001">
    <system-out><![CDATA[16:18:52.157 [main] INFO sn.ept.git.seminaire.cicd.demo.E_FirstPrincipalTest - Something to do before each test
]]></system-out>
  </testcase>
  <testcase name="addShouldReturnTheSumOfPositiveNumbers" classname="sn.ept.git.seminaire.cicd.demo.E_FirstPrincipalTest$Fast" time="0">
    <system-out><![CDATA[16:18:52.159 [main] INFO sn.ept.git.seminaire.cicd.demo.E_FirstPrincipalTest - Something to do before each test
]]></system-out>
  </testcase>
  <testcase name="addShouldReturnTheSumOfPositiveNumbers" classname="sn.ept.git.seminaire.cicd.demo.E_FirstPrincipalTest$Fast" time="0.001">
    <system-out><![CDATA[16:18:52.161 [main] INFO sn.ept.git.seminaire.cicd.demo.E_FirstPrincipalTest - Something to do before each test
]]></system-out>
  </testcase>
  <testcase name="addShouldReturnTheSumOfPositiveNumbers" classname="sn.ept.git.seminaire.cicd.demo.E_FirstPrincipalTest$Fast" time="0.001">
    <system-out><![CDATA[16:18:52.162 [main] INFO sn.ept.git.seminaire.cicd.demo.E_FirstPrincipalTest - Something to do before each test
]]></system-out>
  </testcase>
  <testcase name="addShouldReturnTheSumOfPositiveNumbers" classname="sn.ept.git.seminaire.cicd.demo.E_FirstPrincipalTest$Fast" time="0">
    <system-out><![CDATA[16:18:52.164 [main] INFO sn.ept.git.seminaire.cicd.demo.E_FirstPrincipalTest - Something to do before each test
]]></system-out>
  </testcase>
  <testcase name="addShouldReturnTheSumOfPositiveNumbers" classname="sn.ept.git.seminaire.cicd.demo.E_FirstPrincipalTest$Fast" time="0.001">
    <system-out><![CDATA[16:18:52.166 [main] INFO sn.ept.git.seminaire.cicd.demo.E_FirstPrincipalTest - Something to do before each test
]]></system-out>
  </testcase>
  <testcase name="addShouldReturnTheSumOfPositiveNumbers" classname="sn.ept.git.seminaire.cicd.demo.E_FirstPrincipalTest$Fast" time="0.001">
    <system-out><![CDATA[16:18:52.167 [main] INFO sn.ept.git.seminaire.cicd.demo.E_FirstPrincipalTest - Something to do before each test
]]></system-out>
  </testcase>
  <testcase name="addShouldReturnTheSumOfPositiveNumbers" classname="sn.ept.git.seminaire.cicd.demo.E_FirstPrincipalTest$Fast" time="0.001">
    <system-out><![CDATA[16:18:52.169 [main] INFO sn.ept.git.seminaire.cicd.demo.E_FirstPrincipalTest - Something to do before each test
]]></system-out>
  </testcase>
  <testcase name="addShouldReturnTheSumOfPositiveNumbers" classname="sn.ept.git.seminaire.cicd.demo.E_FirstPrincipalTest$Fast" time="0">
    <system-out><![CDATA[16:18:52.170 [main] INFO sn.ept.git.seminaire.cicd.demo.E_FirstPrincipalTest - Something to do before each test
]]></system-out>
  </testcase>
  <testcase name="addShouldReturnTheSumOfPositiveNumbers" classname="sn.ept.git.seminaire.cicd.demo.E_FirstPrincipalTest$Fast" time="0.001">
    <system-out><![CDATA[16:18:52.171 [main] INFO sn.ept.git.seminaire.cicd.demo.E_FirstPrincipalTest - Something to do before each test
]]></system-out>
  </testcase>
  <testcase name="addShouldReturnTheSumOfPositiveNumbers" classname="sn.ept.git.seminaire.cicd.demo.E_FirstPrincipalTest$Fast" time="0.003">
    <system-out><![CDATA[16:18:52.173 [main] INFO sn.ept.git.seminaire.cicd.demo.E_FirstPrincipalTest - Something to do before each test
]]></system-out>
  </testcase>
  <testcase name="addShouldReturnTheSumOfPositiveNumbers" classname="sn.ept.git.seminaire.cicd.demo.E_FirstPrincipalTest$Fast" time="0.001">
    <system-out><![CDATA[16:18:52.176 [main] INFO sn.ept.git.seminaire.cicd.demo.E_FirstPrincipalTest - Something to do before each test
]]></system-out>
  </testcase>
  <testcase name="addShouldReturnTheSumOfPositiveNumbers" classname="sn.ept.git.seminaire.cicd.demo.E_FirstPrincipalTest$Fast" time="0.001">
    <system-out><![CDATA[16:18:52.177 [main] INFO sn.ept.git.seminaire.cicd.demo.E_FirstPrincipalTest - Something to do before each test
]]></system-out>
  </testcase>
  <testcase name="addShouldReturnTheSumOfPositiveNumbers" classname="sn.ept.git.seminaire.cicd.demo.E_FirstPrincipalTest$Fast" time="0.001">
    <system-out><![CDATA[16:18:52.179 [main] INFO sn.ept.git.seminaire.cicd.demo.E_FirstPrincipalTest - Something to do before each test
]]></system-out>
  </testcase>
  <testcase name="addShouldReturnTheSumOfPositiveNumbers" classname="sn.ept.git.seminaire.cicd.demo.E_FirstPrincipalTest$Fast" time="0">
    <system-out><![CDATA[16:18:52.181 [main] INFO sn.ept.git.seminaire.cicd.demo.E_FirstPrincipalTest - Something to do before each test
]]></system-out>
  </testcase>
  <testcase name="addShouldReturnTheSumOfPositiveNumbers" classname="sn.ept.git.seminaire.cicd.demo.E_FirstPrincipalTest$Fast" time="0.001">
    <system-out><![CDATA[16:18:52.183 [main] INFO sn.ept.git.seminaire.cicd.demo.E_FirstPrincipalTest - Something to do before each test
]]></system-out>
  </testcase>
  <testcase name="addShouldReturnTheSumOfPositiveNumbers" classname="sn.ept.git.seminaire.cicd.demo.E_FirstPrincipalTest$Fast" time="0.001">
    <system-out><![CDATA[16:18:52.185 [main] INFO sn.ept.git.seminaire.cicd.demo.E_FirstPrincipalTest - Something to do before each test
]]></system-out>
  </testcase>
  <testcase name="addShouldReturnTheSumOfPositiveNumbers" classname="sn.ept.git.seminaire.cicd.demo.E_FirstPrincipalTest$Fast" time="0.001">
    <system-out><![CDATA[16:18:52.187 [main] INFO sn.ept.git.seminaire.cicd.demo.E_FirstPrincipalTest - Something to do before each test
]]></system-out>
  </testcase>
  <testcase name="addShouldReturnTheSumOfPositiveNumbers" classname="sn.ept.git.seminaire.cicd.demo.E_FirstPrincipalTest$Fast" time="0.001">
    <system-out><![CDATA[16:18:52.192 [main] INFO sn.ept.git.seminaire.cicd.demo.E_FirstPrincipalTest - Something to do before each test
]]></system-out>
  </testcase>
  <testcase name="addShouldReturnTheSumOfPositiveNumbers" classname="sn.ept.git.seminaire.cicd.demo.E_FirstPrincipalTest$Fast" time="0.001">
    <system-out><![CDATA[16:18:52.195 [main] INFO sn.ept.git.seminaire.cicd.demo.E_FirstPrincipalTest - Something to do before each test
]]></system-out>
  </testcase>
  <testcase name="addShouldReturnTheSumOfPositiveNumbers" classname="sn.ept.git.seminaire.cicd.demo.E_FirstPrincipalTest$Fast" time="0">
    <system-out><![CDATA[16:18:52.196 [main] INFO sn.ept.git.seminaire.cicd.demo.E_FirstPrincipalTest - Something to do before each test
]]></system-out>
  </testcase>
  <testcase name="addShouldReturnTheSumOfPositiveNumbers" classname="sn.ept.git.seminaire.cicd.demo.E_FirstPrincipalTest$Fast" time="0.001">
    <system-out><![CDATA[16:18:52.198 [main] INFO sn.ept.git.seminaire.cicd.demo.E_FirstPrincipalTest - Something to do before each test
]]></system-out>
  </testcase>
  <testcase name="addShouldReturnTheSumOfPositiveNumbers" classname="sn.ept.git.seminaire.cicd.demo.E_FirstPrincipalTest$Fast" time="0">
    <system-out><![CDATA[16:18:52.199 [main] INFO sn.ept.git.seminaire.cicd.demo.E_FirstPrincipalTest - Something to do before each test
]]></system-out>
  </testcase>
  <testcase name="addShouldReturnTheSumOfPositiveNumbers" classname="sn.ept.git.seminaire.cicd.demo.E_FirstPrincipalTest$Fast" time="0">
    <system-out><![CDATA[16:18:52.200 [main] INFO sn.ept.git.seminaire.cicd.demo.E_FirstPrincipalTest - Something to do before each test
]]></system-out>
  </testcase>
  <testcase name="addShouldReturnTheSumOfPositiveNumbers" classname="sn.ept.git.seminaire.cicd.demo.E_FirstPrincipalTest$Fast" time="0.001">
    <system-out><![CDATA[16:18:52.201 [main] INFO sn.ept.git.seminaire.cicd.demo.E_FirstPrincipalTest - Something to do before each test
]]></system-out>
  </testcase>
  <testcase name="addShouldReturnTheSumOfPositiveNumbers" classname="sn.ept.git.seminaire.cicd.demo.E_FirstPrincipalTest$Fast" time="0.001">
    <system-out><![CDATA[16:18:52.203 [main] INFO sn.ept.git.seminaire.cicd.demo.E_FirstPrincipalTest - Something to do before each test
]]></system-out>
  </testcase>
  <testcase name="addShouldReturnTheSumOfPositiveNumbers" classname="sn.ept.git.seminaire.cicd.demo.E_FirstPrincipalTest$Fast" time="0">
    <system-out><![CDATA[16:18:52.204 [main] INFO sn.ept.git.seminaire.cicd.demo.E_FirstPrincipalTest - Something to do before each test
]]></system-out>
  </testcase>
  <testcase name="addShouldReturnTheSumOfPositiveNumbers" classname="sn.ept.git.seminaire.cicd.demo.E_FirstPrincipalTest$Fast" time="0.001">
    <system-out><![CDATA[16:18:52.206 [main] INFO sn.ept.git.seminaire.cicd.demo.E_FirstPrincipalTest - Something to do before each test
]]></system-out>
  </testcase>
  <testcase name="addShouldReturnTheSumOfPositiveNumbers" classname="sn.ept.git.seminaire.cicd.demo.E_FirstPrincipalTest$Fast" time="0.001">
    <system-out><![CDATA[16:18:52.208 [main] INFO sn.ept.git.seminaire.cicd.demo.E_FirstPrincipalTest - Something to do before each test
]]></system-out>
  </testcase>
  <testcase name="addShouldReturnTheSumOfPositiveNumbers" classname="sn.ept.git.seminaire.cicd.demo.E_FirstPrincipalTest$Fast" time="0">
    <system-out><![CDATA[16:18:52.209 [main] INFO sn.ept.git.seminaire.cicd.demo.E_FirstPrincipalTest - Something to do before each test
]]></system-out>
  </testcase>
  <testcase name="addShouldReturnTheSumOfPositiveNumbers" classname="sn.ept.git.seminaire.cicd.demo.E_FirstPrincipalTest$Fast" time="0">
    <system-out><![CDATA[16:18:52.210 [main] INFO sn.ept.git.seminaire.cicd.demo.E_FirstPrincipalTest - Something to do before each test
]]></system-out>
  </testcase>
  <testcase name="addShouldReturnTheSumOfPositiveNumbers" classname="sn.ept.git.seminaire.cicd.demo.E_FirstPrincipalTest$Fast" time="0">
    <system-out><![CDATA[16:18:52.211 [main] INFO sn.ept.git.seminaire.cicd.demo.E_FirstPrincipalTest - Something to do before each test
]]></system-out>
  </testcase>
  <testcase name="addShouldReturnTheSumOfPositiveNumbers" classname="sn.ept.git.seminaire.cicd.demo.E_FirstPrincipalTest$Fast" time="0.001">
    <system-out><![CDATA[16:18:52.212 [main] INFO sn.ept.git.seminaire.cicd.demo.E_FirstPrincipalTest - Something to do before each test
]]></system-out>
  </testcase>
  <testcase name="addShouldReturnTheSumOfPositiveNumbers" classname="sn.ept.git.seminaire.cicd.demo.E_FirstPrincipalTest$Fast" time="0.001">
    <system-out><![CDATA[16:18:52.213 [main] INFO sn.ept.git.seminaire.cicd.demo.E_FirstPrincipalTest - Something to do before each test
]]></system-out>
  </testcase>
  <testcase name="addShouldReturnTheSumOfPositiveNumbers" classname="sn.ept.git.seminaire.cicd.demo.E_FirstPrincipalTest$Fast" time="0.001">
    <system-out><![CDATA[16:18:52.215 [main] INFO sn.ept.git.seminaire.cicd.demo.E_FirstPrincipalTest - Something to do before each test
]]></system-out>
  </testcase>
  <testcase name="addShouldReturnTheSumOfPositiveNumbers" classname="sn.ept.git.seminaire.cicd.demo.E_FirstPrincipalTest$Fast" time="0.001">
    <system-out><![CDATA[16:18:52.216 [main] INFO sn.ept.git.seminaire.cicd.demo.E_FirstPrincipalTest - Something to do before each test
]]></system-out>
  </testcase>
  <testcase name="addShouldReturnTheSumOfPositiveNumbers" classname="sn.ept.git.seminaire.cicd.demo.E_FirstPrincipalTest$Fast" time="0.001">
    <system-out><![CDATA[16:18:52.216 [main] INFO sn.ept.git.seminaire.cicd.demo.E_FirstPrincipalTest - Something to do before each test
]]></system-out>
  </testcase>
  <testcase name="addShouldReturnTheSumOfPositiveNumbers" classname="sn.ept.git.seminaire.cicd.demo.E_FirstPrincipalTest$Fast" time="0">
    <system-out><![CDATA[16:18:52.218 [main] INFO sn.ept.git.seminaire.cicd.demo.E_FirstPrincipalTest - Something to do before each test
]]></system-out>
  </testcase>
  <testcase name="addShouldReturnTheSumOfPositiveNumbers" classname="sn.ept.git.seminaire.cicd.demo.E_FirstPrincipalTest$Fast" time="0">
    <system-out><![CDATA[16:18:52.219 [main] INFO sn.ept.git.seminaire.cicd.demo.E_FirstPrincipalTest - Something to do before each test
]]></system-out>
  </testcase>
  <testcase name="addShouldReturnTheSumOfPositiveNumbers" classname="sn.ept.git.seminaire.cicd.demo.E_FirstPrincipalTest$Fast" time="0.001">
    <system-out><![CDATA[16:18:52.220 [main] INFO sn.ept.git.seminaire.cicd.demo.E_FirstPrincipalTest - Something to do before each test
]]></system-out>
  </testcase>
  <testcase name="addShouldReturnTheSumOfPositiveNumbers" classname="sn.ept.git.seminaire.cicd.demo.E_FirstPrincipalTest$Fast" time="0.001">
    <system-out><![CDATA[16:18:52.222 [main] INFO sn.ept.git.seminaire.cicd.demo.E_FirstPrincipalTest - Something to do before each test
]]></system-out>
  </testcase>
  <testcase name="addShouldReturnTheSumOfPositiveNumbers" classname="sn.ept.git.seminaire.cicd.demo.E_FirstPrincipalTest$Fast" time="0.001">
    <system-out><![CDATA[16:18:52.224 [main] INFO sn.ept.git.seminaire.cicd.demo.E_FirstPrincipalTest - Something to do before each test
]]></system-out>
  </testcase>
  <testcase name="addShouldReturnTheSumOfPositiveNumbers" classname="sn.ept.git.seminaire.cicd.demo.E_FirstPrincipalTest$Fast" time="0">
    <system-out><![CDATA[16:18:52.225 [main] INFO sn.ept.git.seminaire.cicd.demo.E_FirstPrincipalTest - Something to do before each test
]]></system-out>
  </testcase>
  <testcase name="addShouldReturnTheSumOfPositiveNumbers" classname="sn.ept.git.seminaire.cicd.demo.E_FirstPrincipalTest$Fast" time="0.001">
    <system-out><![CDATA[16:18:52.226 [main] INFO sn.ept.git.seminaire.cicd.demo.E_FirstPrincipalTest - Something to do before each test
]]></system-out>
  </testcase>
  <testcase name="addShouldReturnTheSumOfPositiveNumbers" classname="sn.ept.git.seminaire.cicd.demo.E_FirstPrincipalTest$Fast" time="0">
    <system-out><![CDATA[16:18:52.227 [main] INFO sn.ept.git.seminaire.cicd.demo.E_FirstPrincipalTest - Something to do before each test
]]></system-out>
  </testcase>
  <testcase name="addShouldReturnTheSumOfPositiveNumbers" classname="sn.ept.git.seminaire.cicd.demo.E_FirstPrincipalTest$Fast" time="0">
    <system-out><![CDATA[16:18:52.228 [main] INFO sn.ept.git.seminaire.cicd.demo.E_FirstPrincipalTest - Something to do before each test
]]></system-out>
  </testcase>
  <testcase name="addShouldReturnTheSumOfPositiveNumbers" classname="sn.ept.git.seminaire.cicd.demo.E_FirstPrincipalTest$Fast" time="0">
    <system-out><![CDATA[16:18:52.229 [main] INFO sn.ept.git.seminaire.cicd.demo.E_FirstPrincipalTest - Something to do before each test
]]></system-out>
  </testcase>
  <testcase name="addShouldReturnTheSumOfPositiveNumbers" classname="sn.ept.git.seminaire.cicd.demo.E_FirstPrincipalTest$Fast" time="0.001">
    <system-out><![CDATA[16:18:52.230 [main] INFO sn.ept.git.seminaire.cicd.demo.E_FirstPrincipalTest - Something to do before each test
]]></system-out>
  </testcase>
  <testcase name="addShouldReturnTheSumOfPositiveNumbers" classname="sn.ept.git.seminaire.cicd.demo.E_FirstPrincipalTest$Fast" time="0.001">
    <system-out><![CDATA[16:18:52.232 [main] INFO sn.ept.git.seminaire.cicd.demo.E_FirstPrincipalTest - Something to do before each test
]]></system-out>
  </testcase>
  <testcase name="addShouldReturnTheSumOfPositiveNumbers" classname="sn.ept.git.seminaire.cicd.demo.E_FirstPrincipalTest$Fast" time="0.001">
    <system-out><![CDATA[16:18:52.234 [main] INFO sn.ept.git.seminaire.cicd.demo.E_FirstPrincipalTest - Something to do before each test
]]></system-out>
  </testcase>
  <testcase name="addShouldReturnTheSumOfPositiveNumbers" classname="sn.ept.git.seminaire.cicd.demo.E_FirstPrincipalTest$Fast" time="0.003">
    <system-out><![CDATA[16:18:52.236 [main] INFO sn.ept.git.seminaire.cicd.demo.E_FirstPrincipalTest - Something to do before each test
]]></system-out>
  </testcase>
  <testcase name="addShouldReturnTheSumOfPositiveNumbers" classname="sn.ept.git.seminaire.cicd.demo.E_FirstPrincipalTest$Fast" time="0.001">
    <system-out><![CDATA[16:18:52.242 [main] INFO sn.ept.git.seminaire.cicd.demo.E_FirstPrincipalTest - Something to do before each test
]]></system-out>
  </testcase>
  <testcase name="addShouldReturnTheSumOfPositiveNumbers" classname="sn.ept.git.seminaire.cicd.demo.E_FirstPrincipalTest$Fast" time="0.002">
    <system-out><![CDATA[16:18:52.244 [main] INFO sn.ept.git.seminaire.cicd.demo.E_FirstPrincipalTest - Something to do before each test
]]></system-out>
  </testcase>
  <testcase name="addShouldReturnTheSumOfPositiveNumbers" classname="sn.ept.git.seminaire.cicd.demo.E_FirstPrincipalTest$Fast" time="0.001">
    <system-out><![CDATA[16:18:52.246 [main] INFO sn.ept.git.seminaire.cicd.demo.E_FirstPrincipalTest - Something to do before each test
]]></system-out>
  </testcase>
  <testcase name="addShouldReturnTheSumOfPositiveNumbers" classname="sn.ept.git.seminaire.cicd.demo.E_FirstPrincipalTest$Fast" time="0.001">
    <system-out><![CDATA[16:18:52.248 [main] INFO sn.ept.git.seminaire.cicd.demo.E_FirstPrincipalTest - Something to do before each test
]]></system-out>
  </testcase>
  <testcase name="addShouldReturnTheSumOfPositiveNumbers" classname="sn.ept.git.seminaire.cicd.demo.E_FirstPrincipalTest$Fast" time="0.001">
    <system-out><![CDATA[16:18:52.250 [main] INFO sn.ept.git.seminaire.cicd.demo.E_FirstPrincipalTest - Something to do before each test
]]></system-out>
  </testcase>
  <testcase name="addShouldReturnTheSumOfPositiveNumbers" classname="sn.ept.git.seminaire.cicd.demo.E_FirstPrincipalTest$Fast" time="0.001">
    <system-out><![CDATA[16:18:52.251 [main] INFO sn.ept.git.seminaire.cicd.demo.E_FirstPrincipalTest - Something to do before each test
]]></system-out>
  </testcase>
  <testcase name="addShouldReturnTheSumOfPositiveNumbers" classname="sn.ept.git.seminaire.cicd.demo.E_FirstPrincipalTest$Fast" time="0.001">
    <system-out><![CDATA[16:18:52.253 [main] INFO sn.ept.git.seminaire.cicd.demo.E_FirstPrincipalTest - Something to do before each test
]]></system-out>
  </testcase>
  <testcase name="addShouldReturnTheSumOfPositiveNumbers" classname="sn.ept.git.seminaire.cicd.demo.E_FirstPrincipalTest$Fast" time="0">
    <system-out><![CDATA[16:18:52.257 [main] INFO sn.ept.git.seminaire.cicd.demo.E_FirstPrincipalTest - Something to do before each test
]]></system-out>
  </testcase>
  <testcase name="addShouldReturnTheSumOfPositiveNumbers" classname="sn.ept.git.seminaire.cicd.demo.E_FirstPrincipalTest$Fast" time="0.001">
    <system-out><![CDATA[16:18:52.258 [main] INFO sn.ept.git.seminaire.cicd.demo.E_FirstPrincipalTest - Something to do before each test
]]></system-out>
  </testcase>
  <testcase name="addShouldReturnTheSumOfPositiveNumbers" classname="sn.ept.git.seminaire.cicd.demo.E_FirstPrincipalTest$Fast" time="0">
    <system-out><![CDATA[16:18:52.260 [main] INFO sn.ept.git.seminaire.cicd.demo.E_FirstPrincipalTest - Something to do before each test
]]></system-out>
  </testcase>
  <testcase name="addShouldReturnTheSumOfPositiveNumbers" classname="sn.ept.git.seminaire.cicd.demo.E_FirstPrincipalTest$Fast" time="0">
    <system-out><![CDATA[16:18:52.261 [main] INFO sn.ept.git.seminaire.cicd.demo.E_FirstPrincipalTest - Something to do before each test
]]></system-out>
  </testcase>
  <testcase name="addShouldReturnTheSumOfPositiveNumbers" classname="sn.ept.git.seminaire.cicd.demo.E_FirstPrincipalTest$Fast" time="0">
    <system-out><![CDATA[16:18:52.262 [main] INFO sn.ept.git.seminaire.cicd.demo.E_FirstPrincipalTest - Something to do before each test
]]></system-out>
  </testcase>
  <testcase name="addShouldReturnTheSumOfPositiveNumbers" classname="sn.ept.git.seminaire.cicd.demo.E_FirstPrincipalTest$Fast" time="0">
    <system-out><![CDATA[16:18:52.263 [main] INFO sn.ept.git.seminaire.cicd.demo.E_FirstPrincipalTest - Something to do before each test
]]></system-out>
  </testcase>
  <testcase name="addShouldReturnTheSumOfPositiveNumbers" classname="sn.ept.git.seminaire.cicd.demo.E_FirstPrincipalTest$Fast" time="0">
    <system-out><![CDATA[16:18:52.264 [main] INFO sn.ept.git.seminaire.cicd.demo.E_FirstPrincipalTest - Something to do before each test
]]></system-out>
  </testcase>
  <testcase name="addShouldReturnTheSumOfPositiveNumbers" classname="sn.ept.git.seminaire.cicd.demo.E_FirstPrincipalTest$Fast" time="0">
    <system-out><![CDATA[16:18:52.265 [main] INFO sn.ept.git.seminaire.cicd.demo.E_FirstPrincipalTest - Something to do before each test
]]></system-out>
  </testcase>
  <testcase name="addShouldReturnTheSumOfPositiveNumbers" classname="sn.ept.git.seminaire.cicd.demo.E_FirstPrincipalTest$Fast" time="0.001">
    <system-out><![CDATA[16:18:52.267 [main] INFO sn.ept.git.seminaire.cicd.demo.E_FirstPrincipalTest - Something to do before each test
]]></system-out>
  </testcase>
  <testcase name="addShouldReturnTheSumOfPositiveNumbers" classname="sn.ept.git.seminaire.cicd.demo.E_FirstPrincipalTest$Fast" time="0.001">
    <system-out><![CDATA[16:18:52.268 [main] INFO sn.ept.git.seminaire.cicd.demo.E_FirstPrincipalTest - Something to do before each test
]]></system-out>
  </testcase>
  <testcase name="addShouldReturnTheSumOfPositiveNumbers" classname="sn.ept.git.seminaire.cicd.demo.E_FirstPrincipalTest$Fast" time="0.001">
    <system-out><![CDATA[16:18:52.270 [main] INFO sn.ept.git.seminaire.cicd.demo.E_FirstPrincipalTest - Something to do before each test
]]></system-out>
  </testcase>
  <testcase name="addShouldReturnTheSumOfPositiveNumbers" classname="sn.ept.git.seminaire.cicd.demo.E_FirstPrincipalTest$Fast" time="0">
    <system-out><![CDATA[16:18:52.271 [main] INFO sn.ept.git.seminaire.cicd.demo.E_FirstPrincipalTest - Something to do before each test
]]></system-out>
  </testcase>
  <testcase name="addShouldReturnTheSumOfPositiveNumbers" classname="sn.ept.git.seminaire.cicd.demo.E_FirstPrincipalTest$Fast" time="0">
    <system-out><![CDATA[16:18:52.272 [main] INFO sn.ept.git.seminaire.cicd.demo.E_FirstPrincipalTest - Something to do before each test
]]></system-out>
  </testcase>
  <testcase name="addShouldReturnTheSumOfPositiveNumbers" classname="sn.ept.git.seminaire.cicd.demo.E_FirstPrincipalTest$Fast" time="0.005">
    <system-out><![CDATA[16:18:52.278 [main] INFO sn.ept.git.seminaire.cicd.demo.E_FirstPrincipalTest - Something to do before each test
]]></system-out>
  </testcase>
  <testcase name="addShouldReturnTheSumOfPositiveNumbers" classname="sn.ept.git.seminaire.cicd.demo.E_FirstPrincipalTest$Fast" time="0">
    <system-out><![CDATA[16:18:52.279 [main] INFO sn.ept.git.seminaire.cicd.demo.E_FirstPrincipalTest - Something to do before each test
]]></system-out>
  </testcase>
  <testcase name="addShouldReturnTheSumOfPositiveNumbers" classname="sn.ept.git.seminaire.cicd.demo.E_FirstPrincipalTest$Fast" time="0.001">
    <system-out><![CDATA[16:18:52.281 [main] INFO sn.ept.git.seminaire.cicd.demo.E_FirstPrincipalTest - Something to do before each test
]]></system-out>
  </testcase>
  <testcase name="addShouldReturnTheSumOfPositiveNumbers" classname="sn.ept.git.seminaire.cicd.demo.E_FirstPrincipalTest$Fast" time="0">
    <system-out><![CDATA[16:18:52.282 [main] INFO sn.ept.git.seminaire.cicd.demo.E_FirstPrincipalTest - Something to do before each test
]]></system-out>
  </testcase>
  <testcase name="addShouldReturnTheSumOfPositiveNumbers" classname="sn.ept.git.seminaire.cicd.demo.E_FirstPrincipalTest$Fast" time="0.002">
    <system-out><![CDATA[16:18:52.283 [main] INFO sn.ept.git.seminaire.cicd.demo.E_FirstPrincipalTest - Something to do before each test
]]></system-out>
  </testcase>
  <testcase name="addShouldReturnTheSumOfPositiveNumbers" classname="sn.ept.git.seminaire.cicd.demo.E_FirstPrincipalTest$Fast" time="0.001">
    <system-out><![CDATA[16:18:52.286 [main] INFO sn.ept.git.seminaire.cicd.demo.E_FirstPrincipalTest - Something to do before each test
]]></system-out>
  </testcase>
  <testcase name="addShouldReturnTheSumOfPositiveNumbers" classname="sn.ept.git.seminaire.cicd.demo.E_FirstPrincipalTest$Fast" time="0.001">
    <system-out><![CDATA[16:18:52.289 [main] INFO sn.ept.git.seminaire.cicd.demo.E_FirstPrincipalTest - Something to do before each test
]]></system-out>
  </testcase>
  <testcase name="addShouldReturnTheSumOfPositiveNumbers" classname="sn.ept.git.seminaire.cicd.demo.E_FirstPrincipalTest$Fast" time="0.001">
    <system-out><![CDATA[16:18:52.291 [main] INFO sn.ept.git.seminaire.cicd.demo.E_FirstPrincipalTest - Something to do before each test
]]></system-out>
  </testcase>
  <testcase name="addShouldReturnTheSumOfPositiveNumbers" classname="sn.ept.git.seminaire.cicd.demo.E_FirstPrincipalTest$Fast" time="0.001">
    <system-out><![CDATA[16:18:52.293 [main] INFO sn.ept.git.seminaire.cicd.demo.E_FirstPrincipalTest - Something to do before each test
]]></system-out>
  </testcase>
  <testcase name="addShouldReturnTheSumOfPositiveNumbers" classname="sn.ept.git.seminaire.cicd.demo.E_FirstPrincipalTest$Fast" time="0.001">
    <system-out><![CDATA[16:18:52.294 [main] INFO sn.ept.git.seminaire.cicd.demo.E_FirstPrincipalTest - Something to do before each test
]]></system-out>
  </testcase>
  <testcase name="addShouldReturnTheSumOfPositiveNumbers" classname="sn.ept.git.seminaire.cicd.demo.E_FirstPrincipalTest$Fast" time="0">
    <system-out><![CDATA[16:18:52.295 [main] INFO sn.ept.git.seminaire.cicd.demo.E_FirstPrincipalTest - Something to do before each test
]]></system-out>
  </testcase>
  <testcase name="addShouldReturnTheSumOfPositiveNumbers" classname="sn.ept.git.seminaire.cicd.demo.E_FirstPrincipalTest$Fast" time="0.001">
    <system-out><![CDATA[16:18:52.297 [main] INFO sn.ept.git.seminaire.cicd.demo.E_FirstPrincipalTest - Something to do before each test
]]></system-out>
  </testcase>
  <testcase name="addShouldReturnTheSumOfPositiveNumbers" classname="sn.ept.git.seminaire.cicd.demo.E_FirstPrincipalTest$Fast" time="0.001">
    <system-out><![CDATA[16:18:52.298 [main] INFO sn.ept.git.seminaire.cicd.demo.E_FirstPrincipalTest - Something to do before each test
]]></system-out>
  </testcase>
  <testcase name="addShouldReturnTheSumOfPositiveNumbers" classname="sn.ept.git.seminaire.cicd.demo.E_FirstPrincipalTest$Fast" time="0.001">
    <system-out><![CDATA[16:18:52.301 [main] INFO sn.ept.git.seminaire.cicd.demo.E_FirstPrincipalTest - Something to do before each test
]]></system-out>
  </testcase>
  <testcase name="addShouldReturnTheSumOfPositiveNumbers" classname="sn.ept.git.seminaire.cicd.demo.E_FirstPrincipalTest$Fast" time="0.001">
    <system-out><![CDATA[16:18:52.303 [main] INFO sn.ept.git.seminaire.cicd.demo.E_FirstPrincipalTest - Something to do before each test
]]></system-out>
  </testcase>
  <testcase name="addShouldReturnTheSumOfPositiveNumbers" classname="sn.ept.git.seminaire.cicd.demo.E_FirstPrincipalTest$Fast" time="0">
    <system-out><![CDATA[16:18:52.304 [main] INFO sn.ept.git.seminaire.cicd.demo.E_FirstPrincipalTest - Something to do before each test
]]></system-out>
  </testcase>
  <testcase name="addShouldReturnTheSumOfPositiveNumbers" classname="sn.ept.git.seminaire.cicd.demo.E_FirstPrincipalTest$Fast" time="0.001">
    <system-out><![CDATA[16:18:52.306 [main] INFO sn.ept.git.seminaire.cicd.demo.E_FirstPrincipalTest - Something to do before each test
]]></system-out>
  </testcase>
  <testcase name="addShouldReturnTheSumOfPositiveNumbers" classname="sn.ept.git.seminaire.cicd.demo.E_FirstPrincipalTest$Fast" time="0.001">
    <system-out><![CDATA[16:18:52.309 [main] INFO sn.ept.git.seminaire.cicd.demo.E_FirstPrincipalTest - Something to do before each test
]]></system-out>
  </testcase>
  <testcase name="addShouldReturnTheSumOfPositiveNumbers" classname="sn.ept.git.seminaire.cicd.demo.E_FirstPrincipalTest$Fast" time="0">
    <system-out><![CDATA[16:18:52.310 [main] INFO sn.ept.git.seminaire.cicd.demo.E_FirstPrincipalTest - Something to do before each test
]]></system-out>
  </testcase>
  <testcase name="addShouldReturnTheSumOfPositiveNumbers" classname="sn.ept.git.seminaire.cicd.demo.E_FirstPrincipalTest$Fast" time="0.001">
    <system-out><![CDATA[16:18:52.312 [main] INFO sn.ept.git.seminaire.cicd.demo.E_FirstPrincipalTest - Something to do before each test
]]></system-out>
  </testcase>
  <testcase name="addShouldReturnTheSumOfPositiveNumbers" classname="sn.ept.git.seminaire.cicd.demo.E_FirstPrincipalTest$Fast" time="0">
    <system-out><![CDATA[16:18:52.313 [main] INFO sn.ept.git.seminaire.cicd.demo.E_FirstPrincipalTest - Something to do before each test
]]></system-out>
  </testcase>
  <testcase name="addShouldReturnTheSumOfPositiveNumbers" classname="sn.ept.git.seminaire.cicd.demo.E_FirstPrincipalTest$Fast" time="0">
    <system-out><![CDATA[16:18:52.314 [main] INFO sn.ept.git.seminaire.cicd.demo.E_FirstPrincipalTest - Something to do before each test
]]></system-out>
  </testcase>
  <testcase name="addShouldReturnTheSumOfPositiveNumbers" classname="sn.ept.git.seminaire.cicd.demo.E_FirstPrincipalTest$Fast" time="0.001">
    <system-out><![CDATA[16:18:52.315 [main] INFO sn.ept.git.seminaire.cicd.demo.E_FirstPrincipalTest - Something to do before each test
]]></system-out>
  </testcase>
  <testcase name="addShouldReturnTheSumOfPositiveNumbers" classname="sn.ept.git.seminaire.cicd.demo.E_FirstPrincipalTest$Fast" time="0">
    <system-out><![CDATA[16:18:52.317 [main] INFO sn.ept.git.seminaire.cicd.demo.E_FirstPrincipalTest - Something to do before each test
]]></system-out>
  </testcase>
  <testcase name="addShouldReturnTheSumOfPositiveNumbers" classname="sn.ept.git.seminaire.cicd.demo.E_FirstPrincipalTest$Fast" time="0">
    <system-out><![CDATA[16:18:52.318 [main] INFO sn.ept.git.seminaire.cicd.demo.E_FirstPrincipalTest - Something to do before each test
]]></system-out>
  </testcase>
  <testcase name="addShouldReturnTheSumOfPositiveNumbers" classname="sn.ept.git.seminaire.cicd.demo.E_FirstPrincipalTest$Fast" time="0.001">
    <system-out><![CDATA[16:18:52.319 [main] INFO sn.ept.git.seminaire.cicd.demo.E_FirstPrincipalTest - Something to do before each test
]]></system-out>
  </testcase>
  <testcase name="addShouldReturnTheSumOfPositiveNumbers" classname="sn.ept.git.seminaire.cicd.demo.E_FirstPrincipalTest$Fast" time="0.001">
    <system-out><![CDATA[16:18:52.321 [main] INFO sn.ept.git.seminaire.cicd.demo.E_FirstPrincipalTest - Something to do before each test
]]></system-out>
  </testcase>
  <testcase name="addShouldReturnTheSumOfPositiveNumbers" classname="sn.ept.git.seminaire.cicd.demo.E_FirstPrincipalTest$Fast" time="0.001">
    <system-out><![CDATA[16:18:52.323 [main] INFO sn.ept.git.seminaire.cicd.demo.E_FirstPrincipalTest - Something to do before each test
]]></system-out>
  </testcase>
  <testcase name="addShouldReturnTheSumOfPositiveNumbers" classname="sn.ept.git.seminaire.cicd.demo.E_FirstPrincipalTest$Fast" time="0">
    <system-out><![CDATA[16:18:52.325 [main] INFO sn.ept.git.seminaire.cicd.demo.E_FirstPrincipalTest - Something to do before each test
]]></system-out>
  </testcase>
  <testcase name="addShouldReturnTheSumOfPositiveNumbers" classname="sn.ept.git.seminaire.cicd.demo.E_FirstPrincipalTest$Fast" time="0.001">
    <system-out><![CDATA[16:18:52.326 [main] INFO sn.ept.git.seminaire.cicd.demo.E_FirstPrincipalTest - Something to do before each test
]]></system-out>
  </testcase>
  <testcase name="addShouldReturnTheSumOfPositiveNumbers" classname="sn.ept.git.seminaire.cicd.demo.E_FirstPrincipalTest$Fast" time="0.001">
    <system-out><![CDATA[16:18:52.328 [main] INFO sn.ept.git.seminaire.cicd.demo.E_FirstPrincipalTest - Something to do before each test
]]></system-out>
  </testcase>
  <testcase name="addShouldReturnTheSumOfPositiveNumbers" classname="sn.ept.git.seminaire.cicd.demo.E_FirstPrincipalTest$Fast" time="0.001">
    <system-out><![CDATA[16:18:52.329 [main] INFO sn.ept.git.seminaire.cicd.demo.E_FirstPrincipalTest - Something to do before each test
]]></system-out>
  </testcase>
  <testcase name="addShouldReturnTheSumOfPositiveNumbers" classname="sn.ept.git.seminaire.cicd.demo.E_FirstPrincipalTest$Fast" time="0.001">
    <system-out><![CDATA[16:18:52.330 [main] INFO sn.ept.git.seminaire.cicd.demo.E_FirstPrincipalTest - Something to do before each test
]]></system-out>
  </testcase>
  <testcase name="addShouldReturnTheSumOfPositiveNumbers" classname="sn.ept.git.seminaire.cicd.demo.E_FirstPrincipalTest$Fast" time="0">
    <system-out><![CDATA[16:18:52.331 [main] INFO sn.ept.git.seminaire.cicd.demo.E_FirstPrincipalTest - Something to do before each test
]]></system-out>
  </testcase>
  <testcase name="addShouldReturnTheSumOfPositiveNumbers" classname="sn.ept.git.seminaire.cicd.demo.E_FirstPrincipalTest$Fast" time="0">
    <system-out><![CDATA[16:18:52.333 [main] INFO sn.ept.git.seminaire.cicd.demo.E_FirstPrincipalTest - Something to do before each test
]]></system-out>
  </testcase>
  <testcase name="addShouldReturnTheSumOfPositiveNumbers" classname="sn.ept.git.seminaire.cicd.demo.E_FirstPrincipalTest$Fast" time="0.001">
    <system-out><![CDATA[16:18:52.334 [main] INFO sn.ept.git.seminaire.cicd.demo.E_FirstPrincipalTest - Something to do before each test
]]></system-out>
  </testcase>
  <testcase name="addShouldReturnTheSumOfPositiveNumbers" classname="sn.ept.git.seminaire.cicd.demo.E_FirstPrincipalTest$Fast" time="0.001">
    <system-out><![CDATA[16:18:52.335 [main] INFO sn.ept.git.seminaire.cicd.demo.E_FirstPrincipalTest - Something to do before each test
]]></system-out>
  </testcase>
  <testcase name="addShouldReturnTheSumOfPositiveNumbers" classname="sn.ept.git.seminaire.cicd.demo.E_FirstPrincipalTest$Fast" time="0">
    <system-out><![CDATA[16:18:52.336 [main] INFO sn.ept.git.seminaire.cicd.demo.E_FirstPrincipalTest - Something to do before each test
]]></system-out>
  </testcase>
  <testcase name="addShouldReturnTheSumOfPositiveNumbers" classname="sn.ept.git.seminaire.cicd.demo.E_FirstPrincipalTest$Fast" time="0">
    <system-out><![CDATA[16:18:52.337 [main] INFO sn.ept.git.seminaire.cicd.demo.E_FirstPrincipalTest - Something to do before each test
]]></system-out>
  </testcase>
  <testcase name="addShouldReturnTheSumOfPositiveNumbers" classname="sn.ept.git.seminaire.cicd.demo.E_FirstPrincipalTest$Fast" time="0">
    <system-out><![CDATA[16:18:52.338 [main] INFO sn.ept.git.seminaire.cicd.demo.E_FirstPrincipalTest - Something to do before each test
]]></system-out>
  </testcase>
  <testcase name="addShouldReturnTheSumOfPositiveNumbers" classname="sn.ept.git.seminaire.cicd.demo.E_FirstPrincipalTest$Fast" time="0">
    <system-out><![CDATA[16:18:52.342 [main] INFO sn.ept.git.seminaire.cicd.demo.E_FirstPrincipalTest - Something to do before each test
]]></system-out>
  </testcase>
  <testcase name="addShouldReturnTheSumOfPositiveNumbers" classname="sn.ept.git.seminaire.cicd.demo.E_FirstPrincipalTest$Fast" time="0.001">
    <system-out><![CDATA[16:18:52.343 [main] INFO sn.ept.git.seminaire.cicd.demo.E_FirstPrincipalTest - Something to do before each test
]]></system-out>
  </testcase>
  <testcase name="addShouldReturnTheSumOfPositiveNumbers" classname="sn.ept.git.seminaire.cicd.demo.E_FirstPrincipalTest$Fast" time="0">
    <system-out><![CDATA[16:18:52.345 [main] INFO sn.ept.git.seminaire.cicd.demo.E_FirstPrincipalTest - Something to do before each test
]]></system-out>
  </testcase>
  <testcase name="addShouldReturnTheSumOfPositiveNumbers" classname="sn.ept.git.seminaire.cicd.demo.E_FirstPrincipalTest$Fast" time="0.001">
    <system-out><![CDATA[16:18:52.346 [main] INFO sn.ept.git.seminaire.cicd.demo.E_FirstPrincipalTest - Something to do before each test
]]></system-out>
  </testcase>
  <testcase name="addShouldReturnTheSumOfPositiveNumbers" classname="sn.ept.git.seminaire.cicd.demo.E_FirstPrincipalTest$Fast" time="0.002">
    <system-out><![CDATA[16:18:52.349 [main] INFO sn.ept.git.seminaire.cicd.demo.E_FirstPrincipalTest - Something to do before each test
]]></system-out>
  </testcase>
  <testcase name="addShouldReturnTheSumOfPositiveNumbers" classname="sn.ept.git.seminaire.cicd.demo.E_FirstPrincipalTest$Fast" time="0.001">
    <system-out><![CDATA[16:18:52.350 [main] INFO sn.ept.git.seminaire.cicd.demo.E_FirstPrincipalTest - Something to do before each test
]]></system-out>
  </testcase>
  <testcase name="addShouldReturnTheSumOfPositiveNumbers" classname="sn.ept.git.seminaire.cicd.demo.E_FirstPrincipalTest$Fast" time="0">
    <system-out><![CDATA[16:18:52.352 [main] INFO sn.ept.git.seminaire.cicd.demo.E_FirstPrincipalTest - Something to do before each test
]]></system-out>
  </testcase>
  <testcase name="addShouldReturnTheSumOfPositiveNumbers" classname="sn.ept.git.seminaire.cicd.demo.E_FirstPrincipalTest$Fast" time="0">
    <system-out><![CDATA[16:18:52.354 [main] INFO sn.ept.git.seminaire.cicd.demo.E_FirstPrincipalTest - Something to do before each test
]]></system-out>
  </testcase>
  <testcase name="addShouldReturnTheSumOfPositiveNumbers" classname="sn.ept.git.seminaire.cicd.demo.E_FirstPrincipalTest$Fast" time="0.001">
    <system-out><![CDATA[16:18:52.356 [main] INFO sn.ept.git.seminaire.cicd.demo.E_FirstPrincipalTest - Something to do before each test
]]></system-out>
  </testcase>
  <testcase name="addShouldReturnTheSumOfPositiveNumbers" classname="sn.ept.git.seminaire.cicd.demo.E_FirstPrincipalTest$Fast" time="0.001">
    <system-out><![CDATA[16:18:52.358 [main] INFO sn.ept.git.seminaire.cicd.demo.E_FirstPrincipalTest - Something to do before each test
]]></system-out>
  </testcase>
  <testcase name="addShouldReturnTheSumOfPositiveNumbers" classname="sn.ept.git.seminaire.cicd.demo.E_FirstPrincipalTest$Fast" time="0">
    <system-out><![CDATA[16:18:52.359 [main] INFO sn.ept.git.seminaire.cicd.demo.E_FirstPrincipalTest - Something to do before each test
]]></system-out>
  </testcase>
  <testcase name="addShouldReturnTheSumOfPositiveNumbers" classname="sn.ept.git.seminaire.cicd.demo.E_FirstPrincipalTest$Fast" time="0.001">
    <system-out><![CDATA[16:18:52.361 [main] INFO sn.ept.git.seminaire.cicd.demo.E_FirstPrincipalTest - Something to do before each test
]]></system-out>
  </testcase>
  <testcase name="addShouldReturnTheSumOfPositiveNumbers" classname="sn.ept.git.seminaire.cicd.demo.E_FirstPrincipalTest$Fast" time="0.001">
    <system-out><![CDATA[16:18:52.363 [main] INFO sn.ept.git.seminaire.cicd.demo.E_FirstPrincipalTest - Something to do before each test
]]></system-out>
  </testcase>
  <testcase name="addShouldReturnTheSumOfPositiveNumbers" classname="sn.ept.git.seminaire.cicd.demo.E_FirstPrincipalTest$Fast" time="0.001">
    <system-out><![CDATA[16:18:52.365 [main] INFO sn.ept.git.seminaire.cicd.demo.E_FirstPrincipalTest - Something to do before each test
]]></system-out>
  </testcase>
  <testcase name="addShouldReturnTheSumOfPositiveNumbers" classname="sn.ept.git.seminaire.cicd.demo.E_FirstPrincipalTest$Fast" time="0.001">
    <system-out><![CDATA[16:18:52.367 [main] INFO sn.ept.git.seminaire.cicd.demo.E_FirstPrincipalTest - Something to do before each test
]]></system-out>
  </testcase>
  <testcase name="addShouldReturnTheSumOfPositiveNumbers" classname="sn.ept.git.seminaire.cicd.demo.E_FirstPrincipalTest$Fast" time="0">
    <system-out><![CDATA[16:18:52.368 [main] INFO sn.ept.git.seminaire.cicd.demo.E_FirstPrincipalTest - Something to do before each test
]]></system-out>
  </testcase>
  <testcase name="addShouldReturnTheSumOfPositiveNumbers" classname="sn.ept.git.seminaire.cicd.demo.E_FirstPrincipalTest$Fast" time="0.001">
    <system-out><![CDATA[16:18:52.369 [main] INFO sn.ept.git.seminaire.cicd.demo.E_FirstPrincipalTest - Something to do before each test
]]></system-out>
  </testcase>
  <testcase name="addShouldReturnTheSumOfPositiveNumbers" classname="sn.ept.git.seminaire.cicd.demo.E_FirstPrincipalTest$Fast" time="0.001">
    <system-out><![CDATA[16:18:52.371 [main] INFO sn.ept.git.seminaire.cicd.demo.E_FirstPrincipalTest - Something to do before each test
]]></system-out>
  </testcase>
  <testcase name="addShouldReturnTheSumOfPositiveNumbers" classname="sn.ept.git.seminaire.cicd.demo.E_FirstPrincipalTest$Fast" time="0.003">
    <system-out><![CDATA[16:18:52.373 [main] INFO sn.ept.git.seminaire.cicd.demo.E_FirstPrincipalTest - Something to do before each test
]]></system-out>
  </testcase>
  <testcase name="addShouldReturnTheSumOfPositiveNumbers" classname="sn.ept.git.seminaire.cicd.demo.E_FirstPrincipalTest$Fast" time="0.002">
    <system-out><![CDATA[16:18:52.376 [main] INFO sn.ept.git.seminaire.cicd.demo.E_FirstPrincipalTest - Something to do before each test
]]></system-out>
  </testcase>
  <testcase name="addShouldReturnTheSumOfPositiveNumbers" classname="sn.ept.git.seminaire.cicd.demo.E_FirstPrincipalTest$Fast" time="0.001">
    <system-out><![CDATA[16:18:52.378 [main] INFO sn.ept.git.seminaire.cicd.demo.E_FirstPrincipalTest - Something to do before each test
]]></system-out>
  </testcase>
  <testcase name="addShouldReturnTheSumOfPositiveNumbers" classname="sn.ept.git.seminaire.cicd.demo.E_FirstPrincipalTest$Fast" time="0.001">
    <system-out><![CDATA[16:18:52.379 [main] INFO sn.ept.git.seminaire.cicd.demo.E_FirstPrincipalTest - Something to do before each test
]]></system-out>
  </testcase>
  <testcase name="addShouldReturnTheSumOfPositiveNumbers" classname="sn.ept.git.seminaire.cicd.demo.E_FirstPrincipalTest$Fast" time="0">
    <system-out><![CDATA[16:18:52.381 [main] INFO sn.ept.git.seminaire.cicd.demo.E_FirstPrincipalTest - Something to do before each test
]]></system-out>
  </testcase>
  <testcase name="addShouldReturnTheSumOfPositiveNumbers" classname="sn.ept.git.seminaire.cicd.demo.E_FirstPrincipalTest$Fast" time="0.001">
    <system-out><![CDATA[16:18:52.382 [main] INFO sn.ept.git.seminaire.cicd.demo.E_FirstPrincipalTest - Something to do before each test
]]></system-out>
  </testcase>
  <testcase name="addShouldReturnTheSumOfPositiveNumbers" classname="sn.ept.git.seminaire.cicd.demo.E_FirstPrincipalTest$Fast" time="0">
    <system-out><![CDATA[16:18:52.384 [main] INFO sn.ept.git.seminaire.cicd.demo.E_FirstPrincipalTest - Something to do before each test
]]></system-out>
  </testcase>
  <testcase name="addShouldReturnTheSumOfPositiveNumbers" classname="sn.ept.git.seminaire.cicd.demo.E_FirstPrincipalTest$Fast" time="0.001">
    <system-out><![CDATA[16:18:52.386 [main] INFO sn.ept.git.seminaire.cicd.demo.E_FirstPrincipalTest - Something to do before each test
]]></system-out>
  </testcase>
  <testcase name="addShouldReturnTheSumOfPositiveNumbers" classname="sn.ept.git.seminaire.cicd.demo.E_FirstPrincipalTest$Fast" time="0.001">
    <system-out><![CDATA[16:18:52.387 [main] INFO sn.ept.git.seminaire.cicd.demo.E_FirstPrincipalTest - Something to do before each test
]]></system-out>
  </testcase>
  <testcase name="addShouldReturnTheSumOfPositiveNumbers" classname="sn.ept.git.seminaire.cicd.demo.E_FirstPrincipalTest$Fast" time="0">
    <system-out><![CDATA[16:18:52.389 [main] INFO sn.ept.git.seminaire.cicd.demo.E_FirstPrincipalTest - Something to do before each test
]]></system-out>
  </testcase>
  <testcase name="addShouldReturnTheSumOfPositiveNumbers" classname="sn.ept.git.seminaire.cicd.demo.E_FirstPrincipalTest$Fast" time="0.001">
    <system-out><![CDATA[16:18:52.391 [main] INFO sn.ept.git.seminaire.cicd.demo.E_FirstPrincipalTest - Something to do before each test
]]></system-out>
  </testcase>
  <testcase name="addShouldReturnTheSumOfPositiveNumbers" classname="sn.ept.git.seminaire.cicd.demo.E_FirstPrincipalTest$Fast" time="0.001">
    <system-out><![CDATA[16:18:52.392 [main] INFO sn.ept.git.seminaire.cicd.demo.E_FirstPrincipalTest - Something to do before each test
]]></system-out>
  </testcase>
  <testcase name="addShouldReturnTheSumOfPositiveNumbers" classname="sn.ept.git.seminaire.cicd.demo.E_FirstPrincipalTest$Fast" time="0">
    <system-out><![CDATA[16:18:52.393 [main] INFO sn.ept.git.seminaire.cicd.demo.E_FirstPrincipalTest - Something to do before each test
]]></system-out>
  </testcase>
  <testcase name="addShouldReturnTheSumOfPositiveNumbers" classname="sn.ept.git.seminaire.cicd.demo.E_FirstPrincipalTest$Fast" time="0">
    <system-out><![CDATA[16:18:52.394 [main] INFO sn.ept.git.seminaire.cicd.demo.E_FirstPrincipalTest - Something to do before each test
]]></system-out>
  </testcase>
  <testcase name="addShouldReturnTheSumOfPositiveNumbers" classname="sn.ept.git.seminaire.cicd.demo.E_FirstPrincipalTest$Fast" time="0">
    <system-out><![CDATA[16:18:52.395 [main] INFO sn.ept.git.seminaire.cicd.demo.E_FirstPrincipalTest - Something to do before each test
]]></system-out>
  </testcase>
  <testcase name="addShouldReturnTheSumOfPositiveNumbers" classname="sn.ept.git.seminaire.cicd.demo.E_FirstPrincipalTest$Fast" time="0.001">
    <system-out><![CDATA[16:18:52.396 [main] INFO sn.ept.git.seminaire.cicd.demo.E_FirstPrincipalTest - Something to do before each test
]]></system-out>
  </testcase>
  <testcase name="addShouldReturnTheSumOfPositiveNumbers" classname="sn.ept.git.seminaire.cicd.demo.E_FirstPrincipalTest$Fast" time="0">
    <system-out><![CDATA[16:18:52.398 [main] INFO sn.ept.git.seminaire.cicd.demo.E_FirstPrincipalTest - Something to do before each test
]]></system-out>
  </testcase>
  <testcase name="addShouldReturnTheSumOfPositiveNumbers" classname="sn.ept.git.seminaire.cicd.demo.E_FirstPrincipalTest$Fast" time="0">
    <system-out><![CDATA[16:18:52.399 [main] INFO sn.ept.git.seminaire.cicd.demo.E_FirstPrincipalTest - Something to do before each test
]]></system-out>
  </testcase>
  <testcase name="addShouldReturnTheSumOfPositiveNumbers" classname="sn.ept.git.seminaire.cicd.demo.E_FirstPrincipalTest$Fast" time="0">
    <system-out><![CDATA[16:18:52.400 [main] INFO sn.ept.git.seminaire.cicd.demo.E_FirstPrincipalTest - Something to do before each test
]]></system-out>
  </testcase>
  <testcase name="addShouldReturnTheSumOfPositiveNumbers" classname="sn.ept.git.seminaire.cicd.demo.E_FirstPrincipalTest$Fast" time="0.001">
    <system-out><![CDATA[16:18:52.401 [main] INFO sn.ept.git.seminaire.cicd.demo.E_FirstPrincipalTest - Something to do before each test
]]></system-out>
  </testcase>
  <testcase name="addShouldReturnTheSumOfPositiveNumbers" classname="sn.ept.git.seminaire.cicd.demo.E_FirstPrincipalTest$Fast" time="0.001">
    <system-out><![CDATA[16:18:52.402 [main] INFO sn.ept.git.seminaire.cicd.demo.E_FirstPrincipalTest - Something to do before each test
]]></system-out>
  </testcase>
  <testcase name="addShouldReturnTheSumOfPositiveNumbers" classname="sn.ept.git.seminaire.cicd.demo.E_FirstPrincipalTest$Fast" time="0.001">
    <system-out><![CDATA[16:18:52.403 [main] INFO sn.ept.git.seminaire.cicd.demo.E_FirstPrincipalTest - Something to do before each test
]]></system-out>
  </testcase>
  <testcase name="addShouldReturnTheSumOfPositiveNumbers" classname="sn.ept.git.seminaire.cicd.demo.E_FirstPrincipalTest$Fast" time="0">
    <system-out><![CDATA[16:18:52.404 [main] INFO sn.ept.git.seminaire.cicd.demo.E_FirstPrincipalTest - Something to do before each test
]]></system-out>
  </testcase>
  <testcase name="addShouldReturnTheSumOfPositiveNumbers" classname="sn.ept.git.seminaire.cicd.demo.E_FirstPrincipalTest$Fast" time="0">
    <system-out><![CDATA[16:18:52.405 [main] INFO sn.ept.git.seminaire.cicd.demo.E_FirstPrincipalTest - Something to do before each test
]]></system-out>
  </testcase>
  <testcase name="addShouldReturnTheSumOfPositiveNumbers" classname="sn.ept.git.seminaire.cicd.demo.E_FirstPrincipalTest$Fast" time="0.001">
    <system-out><![CDATA[16:18:52.407 [main] INFO sn.ept.git.seminaire.cicd.demo.E_FirstPrincipalTest - Something to do before each test
]]></system-out>
  </testcase>
  <testcase name="addShouldReturnTheSumOfPositiveNumbers" classname="sn.ept.git.seminaire.cicd.demo.E_FirstPrincipalTest$Fast" time="0.001">
    <system-out><![CDATA[16:18:52.408 [main] INFO sn.ept.git.seminaire.cicd.demo.E_FirstPrincipalTest - Something to do before each test
]]></system-out>
  </testcase>
  <testcase name="addShouldReturnTheSumOfPositiveNumbers" classname="sn.ept.git.seminaire.cicd.demo.E_FirstPrincipalTest$Fast" time="0">
    <system-out><![CDATA[16:18:52.410 [main] INFO sn.ept.git.seminaire.cicd.demo.E_FirstPrincipalTest - Something to do before each test
]]></system-out>
  </testcase>
  <testcase name="addShouldReturnTheSumOfPositiveNumbers" classname="sn.ept.git.seminaire.cicd.demo.E_FirstPrincipalTest$Fast" time="0">
    <system-out><![CDATA[16:18:52.411 [main] INFO sn.ept.git.seminaire.cicd.demo.E_FirstPrincipalTest - Something to do before each test
]]></system-out>
  </testcase>
  <testcase name="addShouldReturnTheSumOfPositiveNumbers" classname="sn.ept.git.seminaire.cicd.demo.E_FirstPrincipalTest$Fast" time="0.001">
    <system-out><![CDATA[16:18:52.412 [main] INFO sn.ept.git.seminaire.cicd.demo.E_FirstPrincipalTest - Something to do before each test
]]></system-out>
  </testcase>
  <testcase name="addShouldReturnTheSumOfPositiveNumbers" classname="sn.ept.git.seminaire.cicd.demo.E_FirstPrincipalTest$Fast" time="0">
    <system-out><![CDATA[16:18:52.414 [main] INFO sn.ept.git.seminaire.cicd.demo.E_FirstPrincipalTest - Something to do before each test
]]></system-out>
  </testcase>
  <testcase name="addShouldReturnTheSumOfPositiveNumbers" classname="sn.ept.git.seminaire.cicd.demo.E_FirstPrincipalTest$Fast" time="0">
    <system-out><![CDATA[16:18:52.415 [main] INFO sn.ept.git.seminaire.cicd.demo.E_FirstPrincipalTest - Something to do before each test
]]></system-out>
  </testcase>
  <testcase name="addShouldReturnTheSumOfPositiveNumbers" classname="sn.ept.git.seminaire.cicd.demo.E_FirstPrincipalTest$Fast" time="0.001">
    <system-out><![CDATA[16:18:52.416 [main] INFO sn.ept.git.seminaire.cicd.demo.E_FirstPrincipalTest - Something to do before each test
]]></system-out>
  </testcase>
  <testcase name="addShouldReturnTheSumOfPositiveNumbers" classname="sn.ept.git.seminaire.cicd.demo.E_FirstPrincipalTest$Fast" time="0.001">
    <system-out><![CDATA[16:18:52.417 [main] INFO sn.ept.git.seminaire.cicd.demo.E_FirstPrincipalTest - Something to do before each test
]]></system-out>
  </testcase>
  <testcase name="addShouldReturnTheSumOfPositiveNumbers" classname="sn.ept.git.seminaire.cicd.demo.E_FirstPrincipalTest$Fast" time="0.001">
    <system-out><![CDATA[16:18:52.418 [main] INFO sn.ept.git.seminaire.cicd.demo.E_FirstPrincipalTest - Something to do before each test
]]></system-out>
  </testcase>
  <testcase name="addShouldReturnTheSumOfPositiveNumbers" classname="sn.ept.git.seminaire.cicd.demo.E_FirstPrincipalTest$Fast" time="0">
    <system-out><![CDATA[16:18:52.418 [main] INFO sn.ept.git.seminaire.cicd.demo.E_FirstPrincipalTest - Something to do before each test
]]></system-out>
  </testcase>
  <testcase name="addShouldReturnTheSumOfPositiveNumbers" classname="sn.ept.git.seminaire.cicd.demo.E_FirstPrincipalTest$Fast" time="0">
    <system-out><![CDATA[16:18:52.419 [main] INFO sn.ept.git.seminaire.cicd.demo.E_FirstPrincipalTest - Something to do before each test
]]></system-out>
  </testcase>
  <testcase name="addShouldReturnTheSumOfPositiveNumbers" classname="sn.ept.git.seminaire.cicd.demo.E_FirstPrincipalTest$Fast" time="0">
    <system-out><![CDATA[16:18:52.420 [main] INFO sn.ept.git.seminaire.cicd.demo.E_FirstPrincipalTest - Something to do before each test
]]></system-out>
  </testcase>
  <testcase name="addShouldReturnTheSumOfPositiveNumbers" classname="sn.ept.git.seminaire.cicd.demo.E_FirstPrincipalTest$Fast" time="0">
    <system-out><![CDATA[16:18:52.421 [main] INFO sn.ept.git.seminaire.cicd.demo.E_FirstPrincipalTest - Something to do before each test
]]></system-out>
  </testcase>
  <testcase name="addShouldReturnTheSumOfPositiveNumbers" classname="sn.ept.git.seminaire.cicd.demo.E_FirstPrincipalTest$Fast" time="0">
    <system-out><![CDATA[16:18:52.422 [main] INFO sn.ept.git.seminaire.cicd.demo.E_FirstPrincipalTest - Something to do before each test
]]></system-out>
  </testcase>
  <testcase name="addShouldReturnTheSumOfPositiveNumbers" classname="sn.ept.git.seminaire.cicd.demo.E_FirstPrincipalTest$Fast" time="0.001">
    <system-out><![CDATA[16:18:52.424 [main] INFO sn.ept.git.seminaire.cicd.demo.E_FirstPrincipalTest - Something to do before each test
]]></system-out>
  </testcase>
  <testcase name="addShouldReturnTheSumOfPositiveNumbers" classname="sn.ept.git.seminaire.cicd.demo.E_FirstPrincipalTest$Fast" time="0">
    <system-out><![CDATA[16:18:52.425 [main] INFO sn.ept.git.seminaire.cicd.demo.E_FirstPrincipalTest - Something to do before each test
]]></system-out>
  </testcase>
  <testcase name="addShouldReturnTheSumOfPositiveNumbers" classname="sn.ept.git.seminaire.cicd.demo.E_FirstPrincipalTest$Fast" time="0">
    <system-out><![CDATA[16:18:52.426 [main] INFO sn.ept.git.seminaire.cicd.demo.E_FirstPrincipalTest - Something to do before each test
]]></system-out>
  </testcase>
  <testcase name="addShouldReturnTheSumOfPositiveNumbers" classname="sn.ept.git.seminaire.cicd.demo.E_FirstPrincipalTest$Fast" time="0">
    <system-out><![CDATA[16:18:52.427 [main] INFO sn.ept.git.seminaire.cicd.demo.E_FirstPrincipalTest - Something to do before each test
]]></system-out>
  </testcase>
  <testcase name="addShouldReturnTheSumOfPositiveNumbers" classname="sn.ept.git.seminaire.cicd.demo.E_FirstPrincipalTest$Fast" time="0">
    <system-out><![CDATA[16:18:52.428 [main] INFO sn.ept.git.seminaire.cicd.demo.E_FirstPrincipalTest - Something to do before each test
]]></system-out>
  </testcase>
  <testcase name="addShouldReturnTheSumOfPositiveNumbers" classname="sn.ept.git.seminaire.cicd.demo.E_FirstPrincipalTest$Fast" time="0.001">
    <system-out><![CDATA[16:18:52.429 [main] INFO sn.ept.git.seminaire.cicd.demo.E_FirstPrincipalTest - Something to do before each test
]]></system-out>
  </testcase>
  <testcase name="addShouldReturnTheSumOfPositiveNumbers" classname="sn.ept.git.seminaire.cicd.demo.E_FirstPrincipalTest$Fast" time="0">
    <system-out><![CDATA[16:18:52.430 [main] INFO sn.ept.git.seminaire.cicd.demo.E_FirstPrincipalTest - Something to do before each test
]]></system-out>
  </testcase>
  <testcase name="addShouldReturnTheSumOfPositiveNumbers" classname="sn.ept.git.seminaire.cicd.demo.E_FirstPrincipalTest$Fast" time="0">
    <system-out><![CDATA[16:18:52.431 [main] INFO sn.ept.git.seminaire.cicd.demo.E_FirstPrincipalTest - Something to do before each test
]]></system-out>
  </testcase>
  <testcase name="addShouldReturnTheSumOfPositiveNumbers" classname="sn.ept.git.seminaire.cicd.demo.E_FirstPrincipalTest$Fast" time="0">
    <system-out><![CDATA[16:18:52.432 [main] INFO sn.ept.git.seminaire.cicd.demo.E_FirstPrincipalTest - Something to do before each test
]]></system-out>
  </testcase>
  <testcase name="addShouldReturnTheSumOfPositiveNumbers" classname="sn.ept.git.seminaire.cicd.demo.E_FirstPrincipalTest$Fast" time="0">
    <system-out><![CDATA[16:18:52.433 [main] INFO sn.ept.git.seminaire.cicd.demo.E_FirstPrincipalTest - Something to do before each test
]]></system-out>
  </testcase>
  <testcase name="addShouldReturnTheSumOfPositiveNumbers" classname="sn.ept.git.seminaire.cicd.demo.E_FirstPrincipalTest$Fast" time="0.001">
    <system-out><![CDATA[16:18:52.433 [main] INFO sn.ept.git.seminaire.cicd.demo.E_FirstPrincipalTest - Something to do before each test
]]></system-out>
  </testcase>
  <testcase name="addShouldReturnTheSumOfPositiveNumbers" classname="sn.ept.git.seminaire.cicd.demo.E_FirstPrincipalTest$Fast" time="0">
    <system-out><![CDATA[16:18:52.434 [main] INFO sn.ept.git.seminaire.cicd.demo.E_FirstPrincipalTest - Something to do before each test
]]></system-out>
  </testcase>
  <testcase name="addShouldReturnTheSumOfPositiveNumbers" classname="sn.ept.git.seminaire.cicd.demo.E_FirstPrincipalTest$Fast" time="0">
    <system-out><![CDATA[16:18:52.435 [main] INFO sn.ept.git.seminaire.cicd.demo.E_FirstPrincipalTest - Something to do before each test
]]></system-out>
  </testcase>
  <testcase name="addShouldReturnTheSumOfPositiveNumbers" classname="sn.ept.git.seminaire.cicd.demo.E_FirstPrincipalTest$Fast" time="0">
    <system-out><![CDATA[16:18:52.436 [main] INFO sn.ept.git.seminaire.cicd.demo.E_FirstPrincipalTest - Something to do before each test
]]></system-out>
  </testcase>
  <testcase name="addShouldReturnTheSumOfPositiveNumbers" classname="sn.ept.git.seminaire.cicd.demo.E_FirstPrincipalTest$Fast" time="0">
    <system-out><![CDATA[16:18:52.437 [main] INFO sn.ept.git.seminaire.cicd.demo.E_FirstPrincipalTest - Something to do before each test
]]></system-out>
  </testcase>
  <testcase name="addShouldReturnTheSumOfPositiveNumbers" classname="sn.ept.git.seminaire.cicd.demo.E_FirstPrincipalTest$Fast" time="0.001">
    <system-out><![CDATA[16:18:52.437 [main] INFO sn.ept.git.seminaire.cicd.demo.E_FirstPrincipalTest - Something to do before each test
]]></system-out>
  </testcase>
  <testcase name="addShouldReturnTheSumOfPositiveNumbers" classname="sn.ept.git.seminaire.cicd.demo.E_FirstPrincipalTest$Fast" time="0">
    <system-out><![CDATA[16:18:52.438 [main] INFO sn.ept.git.seminaire.cicd.demo.E_FirstPrincipalTest - Something to do before each test
]]></system-out>
  </testcase>
  <testcase name="addShouldReturnTheSumOfPositiveNumbers" classname="sn.ept.git.seminaire.cicd.demo.E_FirstPrincipalTest$Fast" time="0">
    <system-out><![CDATA[16:18:52.439 [main] INFO sn.ept.git.seminaire.cicd.demo.E_FirstPrincipalTest - Something to do before each test
]]></system-out>
  </testcase>
  <testcase name="addShouldReturnTheSumOfPositiveNumbers" classname="sn.ept.git.seminaire.cicd.demo.E_FirstPrincipalTest$Fast" time="0.001">
    <system-out><![CDATA[16:18:52.440 [main] INFO sn.ept.git.seminaire.cicd.demo.E_FirstPrincipalTest - Something to do before each test
]]></system-out>
  </testcase>
  <testcase name="addShouldReturnTheSumOfPositiveNumbers" classname="sn.ept.git.seminaire.cicd.demo.E_FirstPrincipalTest$Fast" time="0">
    <system-out><![CDATA[16:18:52.442 [main] INFO sn.ept.git.seminaire.cicd.demo.E_FirstPrincipalTest - Something to do before each test
]]></system-out>
  </testcase>
  <testcase name="addShouldReturnTheSumOfPositiveNumbers" classname="sn.ept.git.seminaire.cicd.demo.E_FirstPrincipalTest$Fast" time="0">
    <system-out><![CDATA[16:18:52.443 [main] INFO sn.ept.git.seminaire.cicd.demo.E_FirstPrincipalTest - Something to do before each test
]]></system-out>
  </testcase>
  <testcase name="addShouldReturnTheSumOfPositiveNumbers" classname="sn.ept.git.seminaire.cicd.demo.E_FirstPrincipalTest$Fast" time="0.001">
    <system-out><![CDATA[16:18:52.445 [main] INFO sn.ept.git.seminaire.cicd.demo.E_FirstPrincipalTest - Something to do before each test
]]></system-out>
  </testcase>
  <testcase name="addShouldReturnTheSumOfPositiveNumbers" classname="sn.ept.git.seminaire.cicd.demo.E_FirstPrincipalTest$Fast" time="0.001">
    <system-out><![CDATA[16:18:52.446 [main] INFO sn.ept.git.seminaire.cicd.demo.E_FirstPrincipalTest - Something to do before each test
]]></system-out>
  </testcase>
  <testcase name="addShouldReturnTheSumOfPositiveNumbers" classname="sn.ept.git.seminaire.cicd.demo.E_FirstPrincipalTest$Fast" time="0">
    <system-out><![CDATA[16:18:52.446 [main] INFO sn.ept.git.seminaire.cicd.demo.E_FirstPrincipalTest - Something to do before each test
]]></system-out>
  </testcase>
  <testcase name="addShouldReturnTheSumOfPositiveNumbers" classname="sn.ept.git.seminaire.cicd.demo.E_FirstPrincipalTest$Fast" time="0">
    <system-out><![CDATA[16:18:52.447 [main] INFO sn.ept.git.seminaire.cicd.demo.E_FirstPrincipalTest - Something to do before each test
]]></system-out>
  </testcase>
  <testcase name="addShouldReturnTheSumOfPositiveNumbers" classname="sn.ept.git.seminaire.cicd.demo.E_FirstPrincipalTest$Fast" time="0">
    <system-out><![CDATA[16:18:52.448 [main] INFO sn.ept.git.seminaire.cicd.demo.E_FirstPrincipalTest - Something to do before each test
]]></system-out>
  </testcase>
  <testcase name="addShouldReturnTheSumOfPositiveNumbers" classname="sn.ept.git.seminaire.cicd.demo.E_FirstPrincipalTest$Fast" time="0.001">
    <system-out><![CDATA[16:18:52.450 [main] INFO sn.ept.git.seminaire.cicd.demo.E_FirstPrincipalTest - Something to do before each test
]]></system-out>
  </testcase>
  <testcase name="addShouldReturnTheSumOfPositiveNumbers" classname="sn.ept.git.seminaire.cicd.demo.E_FirstPrincipalTest$Fast" time="0.001">
    <system-out><![CDATA[16:18:52.451 [main] INFO sn.ept.git.seminaire.cicd.demo.E_FirstPrincipalTest - Something to do before each test
]]></system-out>
  </testcase>
  <testcase name="addShouldReturnTheSumOfPositiveNumbers" classname="sn.ept.git.seminaire.cicd.demo.E_FirstPrincipalTest$Fast" time="0">
    <system-out><![CDATA[16:18:52.452 [main] INFO sn.ept.git.seminaire.cicd.demo.E_FirstPrincipalTest - Something to do before each test
]]></system-out>
  </testcase>
  <testcase name="addShouldReturnTheSumOfPositiveNumbers" classname="sn.ept.git.seminaire.cicd.demo.E_FirstPrincipalTest$Fast" time="0">
    <system-out><![CDATA[16:18:52.453 [main] INFO sn.ept.git.seminaire.cicd.demo.E_FirstPrincipalTest - Something to do before each test
]]></system-out>
  </testcase>
  <testcase name="addShouldReturnTheSumOfPositiveNumbers" classname="sn.ept.git.seminaire.cicd.demo.E_FirstPrincipalTest$Fast" time="0.001">
    <system-out><![CDATA[16:18:52.454 [main] INFO sn.ept.git.seminaire.cicd.demo.E_FirstPrincipalTest - Something to do before each test
]]></system-out>
  </testcase>
  <testcase name="addShouldReturnTheSumOfPositiveNumbers" classname="sn.ept.git.seminaire.cicd.demo.E_FirstPrincipalTest$Fast" time="0">
    <system-out><![CDATA[16:18:52.456 [main] INFO sn.ept.git.seminaire.cicd.demo.E_FirstPrincipalTest - Something to do before each test
]]></system-out>
  </testcase>
  <testcase name="addShouldReturnTheSumOfPositiveNumbers" classname="sn.ept.git.seminaire.cicd.demo.E_FirstPrincipalTest$Fast" time="0">
    <system-out><![CDATA[16:18:52.457 [main] INFO sn.ept.git.seminaire.cicd.demo.E_FirstPrincipalTest - Something to do before each test
]]></system-out>
  </testcase>
  <testcase name="addShouldReturnTheSumOfPositiveNumbers" classname="sn.ept.git.seminaire.cicd.demo.E_FirstPrincipalTest$Fast" time="0">
    <system-out><![CDATA[16:18:52.459 [main] INFO sn.ept.git.seminaire.cicd.demo.E_FirstPrincipalTest - Something to do before each test
]]></system-out>
  </testcase>
  <testcase name="addShouldReturnTheSumOfPositiveNumbers" classname="sn.ept.git.seminaire.cicd.demo.E_FirstPrincipalTest$Fast" time="0.001">
    <system-out><![CDATA[16:18:52.462 [main] INFO sn.ept.git.seminaire.cicd.demo.E_FirstPrincipalTest - Something to do before each test
]]></system-out>
  </testcase>
  <testcase name="addShouldReturnTheSumOfPositiveNumbers" classname="sn.ept.git.seminaire.cicd.demo.E_FirstPrincipalTest$Fast" time="0.001">
    <system-out><![CDATA[16:18:52.464 [main] INFO sn.ept.git.seminaire.cicd.demo.E_FirstPrincipalTest - Something to do before each test
]]></system-out>
  </testcase>
  <testcase name="addShouldReturnTheSumOfPositiveNumbers" classname="sn.ept.git.seminaire.cicd.demo.E_FirstPrincipalTest$Fast" time="0">
    <system-out><![CDATA[16:18:52.465 [main] INFO sn.ept.git.seminaire.cicd.demo.E_FirstPrincipalTest - Something to do before each test
]]></system-out>
  </testcase>
  <testcase name="addShouldReturnTheSumOfPositiveNumbers" classname="sn.ept.git.seminaire.cicd.demo.E_FirstPrincipalTest$Fast" time="0">
    <system-out><![CDATA[16:18:52.466 [main] INFO sn.ept.git.seminaire.cicd.demo.E_FirstPrincipalTest - Something to do before each test
]]></system-out>
  </testcase>
  <testcase name="addShouldReturnTheSumOfPositiveNumbers" classname="sn.ept.git.seminaire.cicd.demo.E_FirstPrincipalTest$Fast" time="0">
    <system-out><![CDATA[16:18:52.467 [main] INFO sn.ept.git.seminaire.cicd.demo.E_FirstPrincipalTest - Something to do before each test
]]></system-out>
  </testcase>
  <testcase name="addShouldReturnTheSumOfPositiveNumbers" classname="sn.ept.git.seminaire.cicd.demo.E_FirstPrincipalTest$Fast" time="0.001">
    <system-out><![CDATA[16:18:52.468 [main] INFO sn.ept.git.seminaire.cicd.demo.E_FirstPrincipalTest - Something to do before each test
]]></system-out>
  </testcase>
  <testcase name="addShouldReturnTheSumOfPositiveNumbers" classname="sn.ept.git.seminaire.cicd.demo.E_FirstPrincipalTest$Fast" time="0.001">
    <system-out><![CDATA[16:18:52.470 [main] INFO sn.ept.git.seminaire.cicd.demo.E_FirstPrincipalTest - Something to do before each test
]]></system-out>
  </testcase>
  <testcase name="addShouldReturnTheSumOfPositiveNumbers" classname="sn.ept.git.seminaire.cicd.demo.E_FirstPrincipalTest$Fast" time="0">
    <system-out><![CDATA[16:18:52.471 [main] INFO sn.ept.git.seminaire.cicd.demo.E_FirstPrincipalTest - Something to do before each test
]]></system-out>
  </testcase>
  <testcase name="addShouldReturnTheSumOfPositiveNumbers" classname="sn.ept.git.seminaire.cicd.demo.E_FirstPrincipalTest$Fast" time="0.002">
    <system-out><![CDATA[16:18:52.472 [main] INFO sn.ept.git.seminaire.cicd.demo.E_FirstPrincipalTest - Something to do before each test
]]></system-out>
  </testcase>
  <testcase name="addShouldReturnTheSumOfPositiveNumbers" classname="sn.ept.git.seminaire.cicd.demo.E_FirstPrincipalTest$Fast" time="0.001">
    <system-out><![CDATA[16:18:52.475 [main] INFO sn.ept.git.seminaire.cicd.demo.E_FirstPrincipalTest - Something to do before each test
]]></system-out>
  </testcase>
  <testcase name="addShouldReturnTheSumOfPositiveNumbers" classname="sn.ept.git.seminaire.cicd.demo.E_FirstPrincipalTest$Fast" time="0.007">
    <system-out><![CDATA[16:18:52.477 [main] INFO sn.ept.git.seminaire.cicd.demo.E_FirstPrincipalTest - Something to do before each test
]]></system-out>
  </testcase>
  <testcase name="addShouldReturnTheSumOfPositiveNumbers" classname="sn.ept.git.seminaire.cicd.demo.E_FirstPrincipalTest$Fast" time="0">
    <system-out><![CDATA[16:18:52.485 [main] INFO sn.ept.git.seminaire.cicd.demo.E_FirstPrincipalTest - Something to do before each test
]]></system-out>
  </testcase>
  <testcase name="addShouldReturnTheSumOfPositiveNumbers" classname="sn.ept.git.seminaire.cicd.demo.E_FirstPrincipalTest$Fast" time="0">
    <system-out><![CDATA[16:18:52.486 [main] INFO sn.ept.git.seminaire.cicd.demo.E_FirstPrincipalTest - Something to do before each test
]]></system-out>
  </testcase>
  <testcase name="addShouldReturnTheSumOfPositiveNumbers" classname="sn.ept.git.seminaire.cicd.demo.E_FirstPrincipalTest$Fast" time="0.001">
    <system-out><![CDATA[16:18:52.487 [main] INFO sn.ept.git.seminaire.cicd.demo.E_FirstPrincipalTest - Something to do before each test
]]></system-out>
  </testcase>
  <testcase name="addShouldReturnTheSumOfPositiveNumbers" classname="sn.ept.git.seminaire.cicd.demo.E_FirstPrincipalTest$Fast" time="0.001">
    <system-out><![CDATA[16:18:52.488 [main] INFO sn.ept.git.seminaire.cicd.demo.E_FirstPrincipalTest - Something to do before each test
]]></system-out>
  </testcase>
  <testcase name="addShouldReturnTheSumOfPositiveNumbers" classname="sn.ept.git.seminaire.cicd.demo.E_FirstPrincipalTest$Fast" time="0.001">
    <system-out><![CDATA[16:18:52.490 [main] INFO sn.ept.git.seminaire.cicd.demo.E_FirstPrincipalTest - Something to do before each test
]]></system-out>
  </testcase>
  <testcase name="addShouldReturnTheSumOfPositiveNumbers" classname="sn.ept.git.seminaire.cicd.demo.E_FirstPrincipalTest$Fast" time="0.001">
    <system-out><![CDATA[16:18:52.491 [main] INFO sn.ept.git.seminaire.cicd.demo.E_FirstPrincipalTest - Something to do before each test
]]></system-out>
  </testcase>
  <testcase name="addShouldReturnTheSumOfPositiveNumbers" classname="sn.ept.git.seminaire.cicd.demo.E_FirstPrincipalTest$Fast" time="0.001">
    <system-out><![CDATA[16:18:52.493 [main] INFO sn.ept.git.seminaire.cicd.demo.E_FirstPrincipalTest - Something to do before each test
]]></system-out>
  </testcase>
  <testcase name="addShouldReturnTheSumOfPositiveNumbers" classname="sn.ept.git.seminaire.cicd.demo.E_FirstPrincipalTest$Fast" time="0">
    <system-out><![CDATA[16:18:52.495 [main] INFO sn.ept.git.seminaire.cicd.demo.E_FirstPrincipalTest - Something to do before each test
]]></system-out>
  </testcase>
  <testcase name="addShouldReturnTheSumOfPositiveNumbers" classname="sn.ept.git.seminaire.cicd.demo.E_FirstPrincipalTest$Fast" time="0">
    <system-out><![CDATA[16:18:52.496 [main] INFO sn.ept.git.seminaire.cicd.demo.E_FirstPrincipalTest - Something to do before each test
]]></system-out>
  </testcase>
  <testcase name="addShouldReturnTheSumOfPositiveNumbers" classname="sn.ept.git.seminaire.cicd.demo.E_FirstPrincipalTest$Fast" time="0.001">
    <system-out><![CDATA[16:18:52.497 [main] INFO sn.ept.git.seminaire.cicd.demo.E_FirstPrincipalTest - Something to do before each test
]]></system-out>
  </testcase>
  <testcase name="addShouldReturnTheSumOfPositiveNumbers" classname="sn.ept.git.seminaire.cicd.demo.E_FirstPrincipalTest$Fast" time="0">
    <system-out><![CDATA[16:18:52.499 [main] INFO sn.ept.git.seminaire.cicd.demo.E_FirstPrincipalTest - Something to do before each test
]]></system-out>
  </testcase>
  <testcase name="addShouldReturnTheSumOfPositiveNumbers" classname="sn.ept.git.seminaire.cicd.demo.E_FirstPrincipalTest$Fast" time="0.001">
    <system-out><![CDATA[16:18:52.500 [main] INFO sn.ept.git.seminaire.cicd.demo.E_FirstPrincipalTest - Something to do before each test
]]></system-out>
  </testcase>
  <testcase name="addShouldReturnTheSumOfPositiveNumbers" classname="sn.ept.git.seminaire.cicd.demo.E_FirstPrincipalTest$Fast" time="0.001">
    <system-out><![CDATA[16:18:52.502 [main] INFO sn.ept.git.seminaire.cicd.demo.E_FirstPrincipalTest - Something to do before each test
]]></system-out>
  </testcase>
  <testcase name="addShouldReturnTheSumOfPositiveNumbers" classname="sn.ept.git.seminaire.cicd.demo.E_FirstPrincipalTest$Fast" time="0">
    <system-out><![CDATA[16:18:52.503 [main] INFO sn.ept.git.seminaire.cicd.demo.E_FirstPrincipalTest - Something to do before each test
]]></system-out>
  </testcase>
  <testcase name="addShouldReturnTheSumOfPositiveNumbers" classname="sn.ept.git.seminaire.cicd.demo.E_FirstPrincipalTest$Fast" time="0.001">
    <system-out><![CDATA[16:18:52.507 [main] INFO sn.ept.git.seminaire.cicd.demo.E_FirstPrincipalTest - Something to do before each test
]]></system-out>
  </testcase>
  <testcase name="addShouldReturnTheSumOfPositiveNumbers" classname="sn.ept.git.seminaire.cicd.demo.E_FirstPrincipalTest$Fast" time="0.002">
    <system-out><![CDATA[16:18:52.511 [main] INFO sn.ept.git.seminaire.cicd.demo.E_FirstPrincipalTest - Something to do before each test
]]></system-out>
  </testcase>
  <testcase name="addShouldReturnTheSumOfPositiveNumbers" classname="sn.ept.git.seminaire.cicd.demo.E_FirstPrincipalTest$Fast" time="0">
    <system-out><![CDATA[16:18:52.512 [main] INFO sn.ept.git.seminaire.cicd.demo.E_FirstPrincipalTest - Something to do before each test
]]></system-out>
  </testcase>
  <testcase name="addShouldReturnTheSumOfPositiveNumbers" classname="sn.ept.git.seminaire.cicd.demo.E_FirstPrincipalTest$Fast" time="0">
    <system-out><![CDATA[16:18:52.513 [main] INFO sn.ept.git.seminaire.cicd.demo.E_FirstPrincipalTest - Something to do before each test
]]></system-out>
  </testcase>
  <testcase name="addShouldReturnTheSumOfPositiveNumbers" classname="sn.ept.git.seminaire.cicd.demo.E_FirstPrincipalTest$Fast" time="0.001">
    <system-out><![CDATA[16:18:52.514 [main] INFO sn.ept.git.seminaire.cicd.demo.E_FirstPrincipalTest - Something to do before each test
]]></system-out>
  </testcase>
  <testcase name="addShouldReturnTheSumOfPositiveNumbers" classname="sn.ept.git.seminaire.cicd.demo.E_FirstPrincipalTest$Fast" time="0.001">
    <system-out><![CDATA[16:18:52.516 [main] INFO sn.ept.git.seminaire.cicd.demo.E_FirstPrincipalTest - Something to do before each test
]]></system-out>
  </testcase>
  <testcase name="addShouldReturnTheSumOfPositiveNumbers" classname="sn.ept.git.seminaire.cicd.demo.E_FirstPrincipalTest$Fast" time="0.001">
    <system-out><![CDATA[16:18:52.516 [main] INFO sn.ept.git.seminaire.cicd.demo.E_FirstPrincipalTest - Something to do before each test
]]></system-out>
  </testcase>
  <testcase name="addShouldReturnTheSumOfPositiveNumbers" classname="sn.ept.git.seminaire.cicd.demo.E_FirstPrincipalTest$Fast" time="0">
    <system-out><![CDATA[16:18:52.517 [main] INFO sn.ept.git.seminaire.cicd.demo.E_FirstPrincipalTest - Something to do before each test
]]></system-out>
  </testcase>
  <testcase name="addShouldReturnTheSumOfPositiveNumbers" classname="sn.ept.git.seminaire.cicd.demo.E_FirstPrincipalTest$Fast" time="0">
    <system-out><![CDATA[16:18:52.518 [main] INFO sn.ept.git.seminaire.cicd.demo.E_FirstPrincipalTest - Something to do before each test
]]></system-out>
  </testcase>
  <testcase name="addShouldReturnTheSumOfPositiveNumbers" classname="sn.ept.git.seminaire.cicd.demo.E_FirstPrincipalTest$Fast" time="0">
    <system-out><![CDATA[16:18:52.519 [main] INFO sn.ept.git.seminaire.cicd.demo.E_FirstPrincipalTest - Something to do before each test
]]></system-out>
  </testcase>
  <testcase name="addShouldReturnTheSumOfPositiveNumbers" classname="sn.ept.git.seminaire.cicd.demo.E_FirstPrincipalTest$Fast" time="0.001">
    <system-out><![CDATA[16:18:52.520 [main] INFO sn.ept.git.seminaire.cicd.demo.E_FirstPrincipalTest - Something to do before each test
]]></system-out>
  </testcase>
  <testcase name="addShouldReturnTheSumOfPositiveNumbers" classname="sn.ept.git.seminaire.cicd.demo.E_FirstPrincipalTest$Fast" time="0.001">
    <system-out><![CDATA[16:18:52.520 [main] INFO sn.ept.git.seminaire.cicd.demo.E_FirstPrincipalTest - Something to do before each test
]]></system-out>
  </testcase>
  <testcase name="addShouldReturnTheSumOfPositiveNumbers" classname="sn.ept.git.seminaire.cicd.demo.E_FirstPrincipalTest$Fast" time="0">
    <system-out><![CDATA[16:18:52.521 [main] INFO sn.ept.git.seminaire.cicd.demo.E_FirstPrincipalTest - Something to do before each test
]]></system-out>
  </testcase>
  <testcase name="addShouldReturnTheSumOfPositiveNumbers" classname="sn.ept.git.seminaire.cicd.demo.E_FirstPrincipalTest$Fast" time="0">
    <system-out><![CDATA[16:18:52.525 [main] INFO sn.ept.git.seminaire.cicd.demo.E_FirstPrincipalTest - Something to do before each test
]]></system-out>
  </testcase>
  <testcase name="addShouldReturnTheSumOfPositiveNumbers" classname="sn.ept.git.seminaire.cicd.demo.E_FirstPrincipalTest$Fast" time="0">
    <system-out><![CDATA[16:18:52.526 [main] INFO sn.ept.git.seminaire.cicd.demo.E_FirstPrincipalTest - Something to do before each test
]]></system-out>
  </testcase>
  <testcase name="addShouldReturnTheSumOfPositiveNumbers" classname="sn.ept.git.seminaire.cicd.demo.E_FirstPrincipalTest$Fast" time="0.001">
    <system-out><![CDATA[16:18:52.527 [main] INFO sn.ept.git.seminaire.cicd.demo.E_FirstPrincipalTest - Something to do before each test
]]></system-out>
  </testcase>
  <testcase name="addShouldReturnTheSumOfPositiveNumbers" classname="sn.ept.git.seminaire.cicd.demo.E_FirstPrincipalTest$Fast" time="0.001">
    <system-out><![CDATA[16:18:52.528 [main] INFO sn.ept.git.seminaire.cicd.demo.E_FirstPrincipalTest - Something to do before each test
]]></system-out>
  </testcase>
  <testcase name="addShouldReturnTheSumOfPositiveNumbers" classname="sn.ept.git.seminaire.cicd.demo.E_FirstPrincipalTest$Fast" time="0.001">
    <system-out><![CDATA[16:18:52.528 [main] INFO sn.ept.git.seminaire.cicd.demo.E_FirstPrincipalTest - Something to do before each test
]]></system-out>
  </testcase>
  <testcase name="addShouldReturnTheSumOfPositiveNumbers" classname="sn.ept.git.seminaire.cicd.demo.E_FirstPrincipalTest$Fast" time="0.001">
    <system-out><![CDATA[16:18:52.529 [main] INFO sn.ept.git.seminaire.cicd.demo.E_FirstPrincipalTest - Something to do before each test
]]></system-out>
  </testcase>
  <testcase name="addShouldReturnTheSumOfPositiveNumbers" classname="sn.ept.git.seminaire.cicd.demo.E_FirstPrincipalTest$Fast" time="0.001">
    <system-out><![CDATA[16:18:52.530 [main] INFO sn.ept.git.seminaire.cicd.demo.E_FirstPrincipalTest - Something to do before each test
]]></system-out>
  </testcase>
  <testcase name="addShouldReturnTheSumOfPositiveNumbers" classname="sn.ept.git.seminaire.cicd.demo.E_FirstPrincipalTest$Fast" time="0">
    <system-out><![CDATA[16:18:52.531 [main] INFO sn.ept.git.seminaire.cicd.demo.E_FirstPrincipalTest - Something to do before each test
]]></system-out>
  </testcase>
  <testcase name="addShouldReturnTheSumOfPositiveNumbers" classname="sn.ept.git.seminaire.cicd.demo.E_FirstPrincipalTest$Fast" time="0">
    <system-out><![CDATA[16:18:52.532 [main] INFO sn.ept.git.seminaire.cicd.demo.E_FirstPrincipalTest - Something to do before each test
]]></system-out>
  </testcase>
  <testcase name="addShouldReturnTheSumOfPositiveNumbers" classname="sn.ept.git.seminaire.cicd.demo.E_FirstPrincipalTest$Fast" time="0">
    <system-out><![CDATA[16:18:52.533 [main] INFO sn.ept.git.seminaire.cicd.demo.E_FirstPrincipalTest - Something to do before each test
]]></system-out>
  </testcase>
  <testcase name="addShouldReturnTheSumOfPositiveNumbers" classname="sn.ept.git.seminaire.cicd.demo.E_FirstPrincipalTest$Fast" time="0">
    <system-out><![CDATA[16:18:52.534 [main] INFO sn.ept.git.seminaire.cicd.demo.E_FirstPrincipalTest - Something to do before each test
]]></system-out>
  </testcase>
  <testcase name="addShouldReturnTheSumOfPositiveNumbers" classname="sn.ept.git.seminaire.cicd.demo.E_FirstPrincipalTest$Fast" time="0">
    <system-out><![CDATA[16:18:52.535 [main] INFO sn.ept.git.seminaire.cicd.demo.E_FirstPrincipalTest - Something to do before each test
]]></system-out>
  </testcase>
  <testcase name="addShouldReturnTheSumOfPositiveNumbers" classname="sn.ept.git.seminaire.cicd.demo.E_FirstPrincipalTest$Fast" time="0">
    <system-out><![CDATA[16:18:52.536 [main] INFO sn.ept.git.seminaire.cicd.demo.E_FirstPrincipalTest - Something to do before each test
]]></system-out>
  </testcase>
  <testcase name="addShouldReturnTheSumOfPositiveNumbers" classname="sn.ept.git.seminaire.cicd.demo.E_FirstPrincipalTest$Fast" time="0.001">
    <system-out><![CDATA[16:18:52.537 [main] INFO sn.ept.git.seminaire.cicd.demo.E_FirstPrincipalTest - Something to do before each test
]]></system-out>
  </testcase>
  <testcase name="addShouldReturnTheSumOfPositiveNumbers" classname="sn.ept.git.seminaire.cicd.demo.E_FirstPrincipalTest$Fast" time="0">
    <system-out><![CDATA[16:18:52.537 [main] INFO sn.ept.git.seminaire.cicd.demo.E_FirstPrincipalTest - Something to do before each test
]]></system-out>
  </testcase>
  <testcase name="addShouldReturnTheSumOfPositiveNumbers" classname="sn.ept.git.seminaire.cicd.demo.E_FirstPrincipalTest$Fast" time="0">
    <system-out><![CDATA[16:18:52.538 [main] INFO sn.ept.git.seminaire.cicd.demo.E_FirstPrincipalTest - Something to do before each test
]]></system-out>
  </testcase>
  <testcase name="addShouldReturnTheSumOfPositiveNumbers" classname="sn.ept.git.seminaire.cicd.demo.E_FirstPrincipalTest$Fast" time="0.001">
    <system-out><![CDATA[16:18:52.541 [main] INFO sn.ept.git.seminaire.cicd.demo.E_FirstPrincipalTest - Something to do before each test
]]></system-out>
  </testcase>
  <testcase name="addShouldReturnTheSumOfPositiveNumbers" classname="sn.ept.git.seminaire.cicd.demo.E_FirstPrincipalTest$Fast" time="0.001">
    <system-out><![CDATA[16:18:52.543 [main] INFO sn.ept.git.seminaire.cicd.demo.E_FirstPrincipalTest - Something to do before each test
]]></system-out>
  </testcase>
  <testcase name="addShouldReturnTheSumOfPositiveNumbers" classname="sn.ept.git.seminaire.cicd.demo.E_FirstPrincipalTest$Fast" time="0.001">
    <system-out><![CDATA[16:18:52.545 [main] INFO sn.ept.git.seminaire.cicd.demo.E_FirstPrincipalTest - Something to do before each test
]]></system-out>
  </testcase>
  <testcase name="addShouldReturnTheSumOfPositiveNumbers" classname="sn.ept.git.seminaire.cicd.demo.E_FirstPrincipalTest$Fast" time="0">
    <system-out><![CDATA[16:18:52.546 [main] INFO sn.ept.git.seminaire.cicd.demo.E_FirstPrincipalTest - Something to do before each test
]]></system-out>
  </testcase>
  <testcase name="addShouldReturnTheSumOfPositiveNumbers" classname="sn.ept.git.seminaire.cicd.demo.E_FirstPrincipalTest$Fast" time="0">
    <system-out><![CDATA[16:18:52.547 [main] INFO sn.ept.git.seminaire.cicd.demo.E_FirstPrincipalTest - Something to do before each test
]]></system-out>
  </testcase>
  <testcase name="addShouldReturnTheSumOfPositiveNumbers" classname="sn.ept.git.seminaire.cicd.demo.E_FirstPrincipalTest$Fast" time="0.001">
    <system-out><![CDATA[16:18:52.548 [main] INFO sn.ept.git.seminaire.cicd.demo.E_FirstPrincipalTest - Something to do before each test
]]></system-out>
  </testcase>
  <testcase name="addShouldReturnTheSumOfPositiveNumbers" classname="sn.ept.git.seminaire.cicd.demo.E_FirstPrincipalTest$Fast" time="0.001">
    <system-out><![CDATA[16:18:52.550 [main] INFO sn.ept.git.seminaire.cicd.demo.E_FirstPrincipalTest - Something to do before each test
]]></system-out>
  </testcase>
  <testcase name="addShouldReturnTheSumOfPositiveNumbers" classname="sn.ept.git.seminaire.cicd.demo.E_FirstPrincipalTest$Fast" time="0.001">
    <system-out><![CDATA[16:18:52.551 [main] INFO sn.ept.git.seminaire.cicd.demo.E_FirstPrincipalTest - Something to do before each test
]]></system-out>
  </testcase>
  <testcase name="addShouldReturnTheSumOfPositiveNumbers" classname="sn.ept.git.seminaire.cicd.demo.E_FirstPrincipalTest$Fast" time="0">
    <system-out><![CDATA[16:18:52.553 [main] INFO sn.ept.git.seminaire.cicd.demo.E_FirstPrincipalTest - Something to do before each test
]]></system-out>
  </testcase>
  <testcase name="addShouldReturnTheSumOfPositiveNumbers" classname="sn.ept.git.seminaire.cicd.demo.E_FirstPrincipalTest$Fast" time="0.001">
    <system-out><![CDATA[16:18:52.558 [main] INFO sn.ept.git.seminaire.cicd.demo.E_FirstPrincipalTest - Something to do before each test
]]></system-out>
  </testcase>
  <testcase name="addShouldReturnTheSumOfPositiveNumbers" classname="sn.ept.git.seminaire.cicd.demo.E_FirstPrincipalTest$Fast" time="0">
    <system-out><![CDATA[16:18:52.559 [main] INFO sn.ept.git.seminaire.cicd.demo.E_FirstPrincipalTest - Something to do before each test
]]></system-out>
  </testcase>
  <testcase name="addShouldReturnTheSumOfPositiveNumbers" classname="sn.ept.git.seminaire.cicd.demo.E_FirstPrincipalTest$Fast" time="0">
    <system-out><![CDATA[16:18:52.560 [main] INFO sn.ept.git.seminaire.cicd.demo.E_FirstPrincipalTest - Something to do before each test
]]></system-out>
  </testcase>
  <testcase name="addShouldReturnTheSumOfPositiveNumbers" classname="sn.ept.git.seminaire.cicd.demo.E_FirstPrincipalTest$Fast" time="0">
    <system-out><![CDATA[16:18:52.561 [main] INFO sn.ept.git.seminaire.cicd.demo.E_FirstPrincipalTest - Something to do before each test
]]></system-out>
  </testcase>
  <testcase name="addShouldReturnTheSumOfPositiveNumbers" classname="sn.ept.git.seminaire.cicd.demo.E_FirstPrincipalTest$Fast" time="0.001">
    <system-out><![CDATA[16:18:52.562 [main] INFO sn.ept.git.seminaire.cicd.demo.E_FirstPrincipalTest - Something to do before each test
]]></system-out>
  </testcase>
  <testcase name="addShouldReturnTheSumOfPositiveNumbers" classname="sn.ept.git.seminaire.cicd.demo.E_FirstPrincipalTest$Fast" time="0.001">
    <system-out><![CDATA[16:18:52.564 [main] INFO sn.ept.git.seminaire.cicd.demo.E_FirstPrincipalTest - Something to do before each test
]]></system-out>
  </testcase>
  <testcase name="addShouldReturnTheSumOfPositiveNumbers" classname="sn.ept.git.seminaire.cicd.demo.E_FirstPrincipalTest$Fast" time="0.001">
    <system-out><![CDATA[16:18:52.567 [main] INFO sn.ept.git.seminaire.cicd.demo.E_FirstPrincipalTest - Something to do before each test
]]></system-out>
  </testcase>
  <testcase name="addShouldReturnTheSumOfPositiveNumbers" classname="sn.ept.git.seminaire.cicd.demo.E_FirstPrincipalTest$Fast" time="0.001">
    <system-out><![CDATA[16:18:52.569 [main] INFO sn.ept.git.seminaire.cicd.demo.E_FirstPrincipalTest - Something to do before each test
]]></system-out>
  </testcase>
  <testcase name="addShouldReturnTheSumOfPositiveNumbers" classname="sn.ept.git.seminaire.cicd.demo.E_FirstPrincipalTest$Fast" time="0.001">
    <system-out><![CDATA[16:18:52.570 [main] INFO sn.ept.git.seminaire.cicd.demo.E_FirstPrincipalTest - Something to do before each test
]]></system-out>
  </testcase>
  <testcase name="addShouldReturnTheSumOfPositiveNumbers" classname="sn.ept.git.seminaire.cicd.demo.E_FirstPrincipalTest$Fast" time="0">
    <system-out><![CDATA[16:18:52.572 [main] INFO sn.ept.git.seminaire.cicd.demo.E_FirstPrincipalTest - Something to do before each test
]]></system-out>
  </testcase>
  <testcase name="addShouldReturnTheSumOfPositiveNumbers" classname="sn.ept.git.seminaire.cicd.demo.E_FirstPrincipalTest$Fast" time="0.001">
    <system-out><![CDATA[16:18:52.574 [main] INFO sn.ept.git.seminaire.cicd.demo.E_FirstPrincipalTest - Something to do before each test
]]></system-out>
  </testcase>
  <testcase name="addShouldReturnTheSumOfPositiveNumbers" classname="sn.ept.git.seminaire.cicd.demo.E_FirstPrincipalTest$Fast" time="0">
    <system-out><![CDATA[16:18:52.575 [main] INFO sn.ept.git.seminaire.cicd.demo.E_FirstPrincipalTest - Something to do before each test
]]></system-out>
  </testcase>
  <testcase name="addShouldReturnTheSumOfPositiveNumbers" classname="sn.ept.git.seminaire.cicd.demo.E_FirstPrincipalTest$Fast" time="0">
    <system-out><![CDATA[16:18:52.576 [main] INFO sn.ept.git.seminaire.cicd.demo.E_FirstPrincipalTest - Something to do before each test
]]></system-out>
  </testcase>
  <testcase name="addShouldReturnTheSumOfPositiveNumbers" classname="sn.ept.git.seminaire.cicd.demo.E_FirstPrincipalTest$Fast" time="0">
    <system-out><![CDATA[16:18:52.577 [main] INFO sn.ept.git.seminaire.cicd.demo.E_FirstPrincipalTest - Something to do before each test
]]></system-out>
  </testcase>
  <testcase name="addShouldReturnTheSumOfPositiveNumbers" classname="sn.ept.git.seminaire.cicd.demo.E_FirstPrincipalTest$Fast" time="0.001">
    <system-out><![CDATA[16:18:52.578 [main] INFO sn.ept.git.seminaire.cicd.demo.E_FirstPrincipalTest - Something to do before each test
]]></system-out>
  </testcase>
  <testcase name="addShouldReturnTheSumOfPositiveNumbers" classname="sn.ept.git.seminaire.cicd.demo.E_FirstPrincipalTest$Fast" time="0.001">
    <system-out><![CDATA[16:18:52.578 [main] INFO sn.ept.git.seminaire.cicd.demo.E_FirstPrincipalTest - Something to do before each test
]]></system-out>
  </testcase>
  <testcase name="addShouldReturnTheSumOfPositiveNumbers" classname="sn.ept.git.seminaire.cicd.demo.E_FirstPrincipalTest$Fast" time="0">
    <system-out><![CDATA[16:18:52.579 [main] INFO sn.ept.git.seminaire.cicd.demo.E_FirstPrincipalTest - Something to do before each test
]]></system-out>
  </testcase>
  <testcase name="addShouldReturnTheSumOfPositiveNumbers" classname="sn.ept.git.seminaire.cicd.demo.E_FirstPrincipalTest$Fast" time="0">
    <system-out><![CDATA[16:18:52.580 [main] INFO sn.ept.git.seminaire.cicd.demo.E_FirstPrincipalTest - Something to do before each test
]]></system-out>
  </testcase>
  <testcase name="addShouldReturnTheSumOfPositiveNumbers" classname="sn.ept.git.seminaire.cicd.demo.E_FirstPrincipalTest$Fast" time="0">
    <system-out><![CDATA[16:18:52.581 [main] INFO sn.ept.git.seminaire.cicd.demo.E_FirstPrincipalTest - Something to do before each test
]]></system-out>
  </testcase>
  <testcase name="addShouldReturnTheSumOfPositiveNumbers" classname="sn.ept.git.seminaire.cicd.demo.E_FirstPrincipalTest$Fast" time="0.001">
    <system-out><![CDATA[16:18:52.582 [main] INFO sn.ept.git.seminaire.cicd.demo.E_FirstPrincipalTest - Something to do before each test
]]></system-out>
  </testcase>
  <testcase name="addShouldReturnTheSumOfPositiveNumbers" classname="sn.ept.git.seminaire.cicd.demo.E_FirstPrincipalTest$Fast" time="0.001">
    <system-out><![CDATA[16:18:52.585 [main] INFO sn.ept.git.seminaire.cicd.demo.E_FirstPrincipalTest - Something to do before each test
]]></system-out>
  </testcase>
  <testcase name="addShouldReturnTheSumOfPositiveNumbers" classname="sn.ept.git.seminaire.cicd.demo.E_FirstPrincipalTest$Fast" time="0.001">
    <system-out><![CDATA[16:18:52.586 [main] INFO sn.ept.git.seminaire.cicd.demo.E_FirstPrincipalTest - Something to do before each test
]]></system-out>
  </testcase>
  <testcase name="addShouldReturnTheSumOfPositiveNumbers" classname="sn.ept.git.seminaire.cicd.demo.E_FirstPrincipalTest$Fast" time="0.001">
    <system-out><![CDATA[16:18:52.586 [main] INFO sn.ept.git.seminaire.cicd.demo.E_FirstPrincipalTest - Something to do before each test
]]></system-out>
  </testcase>
  <testcase name="addShouldReturnTheSumOfPositiveNumbers" classname="sn.ept.git.seminaire.cicd.demo.E_FirstPrincipalTest$Fast" time="0">
    <system-out><![CDATA[16:18:52.588 [main] INFO sn.ept.git.seminaire.cicd.demo.E_FirstPrincipalTest - Something to do before each test
]]></system-out>
  </testcase>
  <testcase name="addShouldReturnTheSumOfPositiveNumbers" classname="sn.ept.git.seminaire.cicd.demo.E_FirstPrincipalTest$Fast" time="0.001">
    <system-out><![CDATA[16:18:52.589 [main] INFO sn.ept.git.seminaire.cicd.demo.E_FirstPrincipalTest - Something to do before each test
]]></system-out>
  </testcase>
  <testcase name="addShouldReturnTheSumOfPositiveNumbers" classname="sn.ept.git.seminaire.cicd.demo.E_FirstPrincipalTest$Fast" time="0">
    <system-out><![CDATA[16:18:52.591 [main] INFO sn.ept.git.seminaire.cicd.demo.E_FirstPrincipalTest - Something to do before each test
]]></system-out>
  </testcase>
  <testcase name="addShouldReturnTheSumOfPositiveNumbers" classname="sn.ept.git.seminaire.cicd.demo.E_FirstPrincipalTest$Fast" time="0.001">
    <system-out><![CDATA[16:18:52.591 [main] INFO sn.ept.git.seminaire.cicd.demo.E_FirstPrincipalTest - Something to do before each test
]]></system-out>
  </testcase>
  <testcase name="addShouldReturnTheSumOfPositiveNumbers" classname="sn.ept.git.seminaire.cicd.demo.E_FirstPrincipalTest$Fast" time="0">
    <system-out><![CDATA[16:18:52.592 [main] INFO sn.ept.git.seminaire.cicd.demo.E_FirstPrincipalTest - Something to do before each test
]]></system-out>
  </testcase>
  <testcase name="addShouldReturnTheSumOfPositiveNumbers" classname="sn.ept.git.seminaire.cicd.demo.E_FirstPrincipalTest$Fast" time="0">
    <system-out><![CDATA[16:18:52.593 [main] INFO sn.ept.git.seminaire.cicd.demo.E_FirstPrincipalTest - Something to do before each test
]]></system-out>
  </testcase>
  <testcase name="addShouldReturnTheSumOfPositiveNumbers" classname="sn.ept.git.seminaire.cicd.demo.E_FirstPrincipalTest$Fast" time="0.001">
    <system-out><![CDATA[16:18:52.594 [main] INFO sn.ept.git.seminaire.cicd.demo.E_FirstPrincipalTest - Something to do before each test
]]></system-out>
  </testcase>
  <testcase name="addShouldReturnTheSumOfPositiveNumbers" classname="sn.ept.git.seminaire.cicd.demo.E_FirstPrincipalTest$Fast" time="0.001">
    <system-out><![CDATA[16:18:52.594 [main] INFO sn.ept.git.seminaire.cicd.demo.E_FirstPrincipalTest - Something to do before each test
]]></system-out>
  </testcase>
  <testcase name="addShouldReturnTheSumOfPositiveNumbers" classname="sn.ept.git.seminaire.cicd.demo.E_FirstPrincipalTest$Fast" time="0">
    <system-out><![CDATA[16:18:52.596 [main] INFO sn.ept.git.seminaire.cicd.demo.E_FirstPrincipalTest - Something to do before each test
]]></system-out>
  </testcase>
  <testcase name="addShouldReturnTheSumOfPositiveNumbers" classname="sn.ept.git.seminaire.cicd.demo.E_FirstPrincipalTest$Fast" time="0">
    <system-out><![CDATA[16:18:52.597 [main] INFO sn.ept.git.seminaire.cicd.demo.E_FirstPrincipalTest - Something to do before each test
]]></system-out>
  </testcase>
  <testcase name="addShouldReturnTheSumOfPositiveNumbers" classname="sn.ept.git.seminaire.cicd.demo.E_FirstPrincipalTest$Fast" time="0">
    <system-out><![CDATA[16:18:52.598 [main] INFO sn.ept.git.seminaire.cicd.demo.E_FirstPrincipalTest - Something to do before each test
]]></system-out>
  </testcase>
  <testcase name="addShouldReturnTheSumOfPositiveNumbers" classname="sn.ept.git.seminaire.cicd.demo.E_FirstPrincipalTest$Fast" time="0">
    <system-out><![CDATA[16:18:52.599 [main] INFO sn.ept.git.seminaire.cicd.demo.E_FirstPrincipalTest - Something to do before each test
]]></system-out>
  </testcase>
  <testcase name="addShouldReturnTheSumOfPositiveNumbers" classname="sn.ept.git.seminaire.cicd.demo.E_FirstPrincipalTest$Fast" time="0.001">
    <system-out><![CDATA[16:18:52.600 [main] INFO sn.ept.git.seminaire.cicd.demo.E_FirstPrincipalTest - Something to do before each test
]]></system-out>
  </testcase>
  <testcase name="addShouldReturnTheSumOfPositiveNumbers" classname="sn.ept.git.seminaire.cicd.demo.E_FirstPrincipalTest$Fast" time="0.001">
    <system-out><![CDATA[16:18:52.601 [main] INFO sn.ept.git.seminaire.cicd.demo.E_FirstPrincipalTest - Something to do before each test
]]></system-out>
  </testcase>
  <testcase name="addShouldReturnTheSumOfPositiveNumbers" classname="sn.ept.git.seminaire.cicd.demo.E_FirstPrincipalTest$Fast" time="0">
    <system-out><![CDATA[16:18:52.601 [main] INFO sn.ept.git.seminaire.cicd.demo.E_FirstPrincipalTest - Something to do before each test
]]></system-out>
  </testcase>
  <testcase name="addShouldReturnTheSumOfPositiveNumbers" classname="sn.ept.git.seminaire.cicd.demo.E_FirstPrincipalTest$Fast" time="0">
    <system-out><![CDATA[16:18:52.602 [main] INFO sn.ept.git.seminaire.cicd.demo.E_FirstPrincipalTest - Something to do before each test
]]></system-out>
  </testcase>
  <testcase name="addShouldReturnTheSumOfPositiveNumbers" classname="sn.ept.git.seminaire.cicd.demo.E_FirstPrincipalTest$Fast" time="0.001">
    <system-out><![CDATA[16:18:52.603 [main] INFO sn.ept.git.seminaire.cicd.demo.E_FirstPrincipalTest - Something to do before each test
]]></system-out>
  </testcase>
  <testcase name="addShouldReturnTheSumOfPositiveNumbers" classname="sn.ept.git.seminaire.cicd.demo.E_FirstPrincipalTest$Fast" time="0.001">
    <system-out><![CDATA[16:18:52.604 [main] INFO sn.ept.git.seminaire.cicd.demo.E_FirstPrincipalTest - Something to do before each test
]]></system-out>
  </testcase>
  <testcase name="addShouldReturnTheSumOfPositiveNumbers" classname="sn.ept.git.seminaire.cicd.demo.E_FirstPrincipalTest$Fast" time="0">
    <system-out><![CDATA[16:18:52.606 [main] INFO sn.ept.git.seminaire.cicd.demo.E_FirstPrincipalTest - Something to do before each test
]]></system-out>
  </testcase>
  <testcase name="addShouldReturnTheSumOfPositiveNumbers" classname="sn.ept.git.seminaire.cicd.demo.E_FirstPrincipalTest$Fast" time="0">
    <system-out><![CDATA[16:18:52.607 [main] INFO sn.ept.git.seminaire.cicd.demo.E_FirstPrincipalTest - Something to do before each test
]]></system-out>
  </testcase>
  <testcase name="addShouldReturnTheSumOfPositiveNumbers" classname="sn.ept.git.seminaire.cicd.demo.E_FirstPrincipalTest$Fast" time="0.001">
    <system-out><![CDATA[16:18:52.608 [main] INFO sn.ept.git.seminaire.cicd.demo.E_FirstPrincipalTest - Something to do before each test
]]></system-out>
  </testcase>
  <testcase name="addShouldReturnTheSumOfPositiveNumbers" classname="sn.ept.git.seminaire.cicd.demo.E_FirstPrincipalTest$Fast" time="0.001">
    <system-out><![CDATA[16:18:52.609 [main] INFO sn.ept.git.seminaire.cicd.demo.E_FirstPrincipalTest - Something to do before each test
]]></system-out>
  </testcase>
  <testcase name="addShouldReturnTheSumOfPositiveNumbers" classname="sn.ept.git.seminaire.cicd.demo.E_FirstPrincipalTest$Fast" time="0">
    <system-out><![CDATA[16:18:52.610 [main] INFO sn.ept.git.seminaire.cicd.demo.E_FirstPrincipalTest - Something to do before each test
]]></system-out>
  </testcase>
  <testcase name="addShouldReturnTheSumOfPositiveNumbers" classname="sn.ept.git.seminaire.cicd.demo.E_FirstPrincipalTest$Fast" time="0">
    <system-out><![CDATA[16:18:52.611 [main] INFO sn.ept.git.seminaire.cicd.demo.E_FirstPrincipalTest - Something to do before each test
]]></system-out>
  </testcase>
  <testcase name="addShouldReturnTheSumOfPositiveNumbers" classname="sn.ept.git.seminaire.cicd.demo.E_FirstPrincipalTest$Fast" time="0.001">
    <system-out><![CDATA[16:18:52.612 [main] INFO sn.ept.git.seminaire.cicd.demo.E_FirstPrincipalTest - Something to do before each test
]]></system-out>
  </testcase>
  <testcase name="addShouldReturnTheSumOfPositiveNumbers" classname="sn.ept.git.seminaire.cicd.demo.E_FirstPrincipalTest$Fast" time="0">
    <system-out><![CDATA[16:18:52.612 [main] INFO sn.ept.git.seminaire.cicd.demo.E_FirstPrincipalTest - Something to do before each test
]]></system-out>
  </testcase>
  <testcase name="addShouldReturnTheSumOfPositiveNumbers" classname="sn.ept.git.seminaire.cicd.demo.E_FirstPrincipalTest$Fast" time="0">
    <system-out><![CDATA[16:18:52.613 [main] INFO sn.ept.git.seminaire.cicd.demo.E_FirstPrincipalTest - Something to do before each test
]]></system-out>
  </testcase>
  <testcase name="addShouldReturnTheSumOfPositiveNumbers" classname="sn.ept.git.seminaire.cicd.demo.E_FirstPrincipalTest$Fast" time="0">
    <system-out><![CDATA[16:18:52.614 [main] INFO sn.ept.git.seminaire.cicd.demo.E_FirstPrincipalTest - Something to do before each test
]]></system-out>
  </testcase>
  <testcase name="addShouldReturnTheSumOfPositiveNumbers" classname="sn.ept.git.seminaire.cicd.demo.E_FirstPrincipalTest$Fast" time="0">
    <system-out><![CDATA[16:18:52.615 [main] INFO sn.ept.git.seminaire.cicd.demo.E_FirstPrincipalTest - Something to do before each test
]]></system-out>
  </testcase>
  <testcase name="addShouldReturnTheSumOfPositiveNumbers" classname="sn.ept.git.seminaire.cicd.demo.E_FirstPrincipalTest$Fast" time="0.001">
    <system-out><![CDATA[16:18:52.615 [main] INFO sn.ept.git.seminaire.cicd.demo.E_FirstPrincipalTest - Something to do before each test
]]></system-out>
  </testcase>
  <testcase name="addShouldReturnTheSumOfPositiveNumbers" classname="sn.ept.git.seminaire.cicd.demo.E_FirstPrincipalTest$Fast" time="0">
    <system-out><![CDATA[16:18:52.616 [main] INFO sn.ept.git.seminaire.cicd.demo.E_FirstPrincipalTest - Something to do before each test
]]></system-out>
  </testcase>
  <testcase name="addShouldReturnTheSumOfPositiveNumbers" classname="sn.ept.git.seminaire.cicd.demo.E_FirstPrincipalTest$Fast" time="0">
    <system-out><![CDATA[16:18:52.617 [main] INFO sn.ept.git.seminaire.cicd.demo.E_FirstPrincipalTest - Something to do before each test
]]></system-out>
  </testcase>
  <testcase name="addShouldReturnTheSumOfPositiveNumbers" classname="sn.ept.git.seminaire.cicd.demo.E_FirstPrincipalTest$Fast" time="0.001">
    <system-out><![CDATA[16:18:52.618 [main] INFO sn.ept.git.seminaire.cicd.demo.E_FirstPrincipalTest - Something to do before each test
]]></system-out>
  </testcase>
  <testcase name="addShouldReturnTheSumOfPositiveNumbers" classname="sn.ept.git.seminaire.cicd.demo.E_FirstPrincipalTest$Fast" time="0">
    <system-out><![CDATA[16:18:52.618 [main] INFO sn.ept.git.seminaire.cicd.demo.E_FirstPrincipalTest - Something to do before each test
]]></system-out>
  </testcase>
  <testcase name="addShouldReturnTheSumOfPositiveNumbers" classname="sn.ept.git.seminaire.cicd.demo.E_FirstPrincipalTest$Fast" time="0.001">
    <system-out><![CDATA[16:18:52.619 [main] INFO sn.ept.git.seminaire.cicd.demo.E_FirstPrincipalTest - Something to do before each test
]]></system-out>
  </testcase>
  <testcase name="addShouldReturnTheSumOfPositiveNumbers" classname="sn.ept.git.seminaire.cicd.demo.E_FirstPrincipalTest$Fast" time="0">
    <system-out><![CDATA[16:18:52.621 [main] INFO sn.ept.git.seminaire.cicd.demo.E_FirstPrincipalTest - Something to do before each test
]]></system-out>
  </testcase>
  <testcase name="addShouldReturnTheSumOfPositiveNumbers" classname="sn.ept.git.seminaire.cicd.demo.E_FirstPrincipalTest$Fast" time="0.004">
    <system-out><![CDATA[16:18:52.622 [main] INFO sn.ept.git.seminaire.cicd.demo.E_FirstPrincipalTest - Something to do before each test
]]></system-out>
  </testcase>
  <testcase name="addShouldReturnTheSumOfPositiveNumbers" classname="sn.ept.git.seminaire.cicd.demo.E_FirstPrincipalTest$Fast" time="0.001">
    <system-out><![CDATA[16:18:52.626 [main] INFO sn.ept.git.seminaire.cicd.demo.E_FirstPrincipalTest - Something to do before each test
]]></system-out>
  </testcase>
  <testcase name="addShouldReturnTheSumOfPositiveNumbers" classname="sn.ept.git.seminaire.cicd.demo.E_FirstPrincipalTest$Fast" time="0">
    <system-out><![CDATA[16:18:52.627 [main] INFO sn.ept.git.seminaire.cicd.demo.E_FirstPrincipalTest - Something to do before each test
]]></system-out>
  </testcase>
  <testcase name="addShouldReturnTheSumOfPositiveNumbers" classname="sn.ept.git.seminaire.cicd.demo.E_FirstPrincipalTest$Fast" time="0.001">
    <system-out><![CDATA[16:18:52.628 [main] INFO sn.ept.git.seminaire.cicd.demo.E_FirstPrincipalTest - Something to do before each test
]]></system-out>
  </testcase>
  <testcase name="addShouldReturnTheSumOfPositiveNumbers" classname="sn.ept.git.seminaire.cicd.demo.E_FirstPrincipalTest$Fast" time="0">
    <system-out><![CDATA[16:18:52.629 [main] INFO sn.ept.git.seminaire.cicd.demo.E_FirstPrincipalTest - Something to do before each test
]]></system-out>
  </testcase>
  <testcase name="addShouldReturnTheSumOfPositiveNumbers" classname="sn.ept.git.seminaire.cicd.demo.E_FirstPrincipalTest$Fast" time="0">
    <system-out><![CDATA[16:18:52.630 [main] INFO sn.ept.git.seminaire.cicd.demo.E_FirstPrincipalTest - Something to do before each test
]]></system-out>
  </testcase>
  <testcase name="addShouldReturnTheSumOfPositiveNumbers" classname="sn.ept.git.seminaire.cicd.demo.E_FirstPrincipalTest$Fast" time="0">
    <system-out><![CDATA[16:18:52.631 [main] INFO sn.ept.git.seminaire.cicd.demo.E_FirstPrincipalTest - Something to do before each test
]]></system-out>
  </testcase>
  <testcase name="addShouldReturnTheSumOfPositiveNumbers" classname="sn.ept.git.seminaire.cicd.demo.E_FirstPrincipalTest$Fast" time="0">
    <system-out><![CDATA[16:18:52.632 [main] INFO sn.ept.git.seminaire.cicd.demo.E_FirstPrincipalTest - Something to do before each test
]]></system-out>
  </testcase>
  <testcase name="addShouldReturnTheSumOfPositiveNumbers" classname="sn.ept.git.seminaire.cicd.demo.E_FirstPrincipalTest$Fast" time="0">
    <system-out><![CDATA[16:18:52.633 [main] INFO sn.ept.git.seminaire.cicd.demo.E_FirstPrincipalTest - Something to do before each test
]]></system-out>
  </testcase>
  <testcase name="addShouldReturnTheSumOfPositiveNumbers" classname="sn.ept.git.seminaire.cicd.demo.E_FirstPrincipalTest$Fast" time="0">
    <system-out><![CDATA[16:18:52.634 [main] INFO sn.ept.git.seminaire.cicd.demo.E_FirstPrincipalTest - Something to do before each test
]]></system-out>
  </testcase>
  <testcase name="addShouldReturnTheSumOfPositiveNumbers" classname="sn.ept.git.seminaire.cicd.demo.E_FirstPrincipalTest$Fast" time="0">
    <system-out><![CDATA[16:18:52.635 [main] INFO sn.ept.git.seminaire.cicd.demo.E_FirstPrincipalTest - Something to do before each test
]]></system-out>
  </testcase>
  <testcase name="addShouldReturnTheSumOfPositiveNumbers" classname="sn.ept.git.seminaire.cicd.demo.E_FirstPrincipalTest$Fast" time="0">
    <system-out><![CDATA[16:18:52.636 [main] INFO sn.ept.git.seminaire.cicd.demo.E_FirstPrincipalTest - Something to do before each test
]]></system-out>
  </testcase>
  <testcase name="addShouldReturnTheSumOfPositiveNumbers" classname="sn.ept.git.seminaire.cicd.demo.E_FirstPrincipalTest$Fast" time="0">
    <system-out><![CDATA[16:18:52.637 [main] INFO sn.ept.git.seminaire.cicd.demo.E_FirstPrincipalTest - Something to do before each test
]]></system-out>
  </testcase>
  <testcase name="addShouldReturnTheSumOfPositiveNumbers" classname="sn.ept.git.seminaire.cicd.demo.E_FirstPrincipalTest$Fast" time="0.001">
    <system-out><![CDATA[16:18:52.638 [main] INFO sn.ept.git.seminaire.cicd.demo.E_FirstPrincipalTest - Something to do before each test
]]></system-out>
  </testcase>
  <testcase name="addShouldReturnTheSumOfPositiveNumbers" classname="sn.ept.git.seminaire.cicd.demo.E_FirstPrincipalTest$Fast" time="0.001">
    <system-out><![CDATA[16:18:52.640 [main] INFO sn.ept.git.seminaire.cicd.demo.E_FirstPrincipalTest - Something to do before each test
]]></system-out>
  </testcase>
  <testcase name="addShouldReturnTheSumOfPositiveNumbers" classname="sn.ept.git.seminaire.cicd.demo.E_FirstPrincipalTest$Fast" time="0">
    <system-out><![CDATA[16:18:52.641 [main] INFO sn.ept.git.seminaire.cicd.demo.E_FirstPrincipalTest - Something to do before each test
]]></system-out>
  </testcase>
  <testcase name="addShouldReturnTheSumOfPositiveNumbers" classname="sn.ept.git.seminaire.cicd.demo.E_FirstPrincipalTest$Fast" time="0.001">
    <system-out><![CDATA[16:18:52.642 [main] INFO sn.ept.git.seminaire.cicd.demo.E_FirstPrincipalTest - Something to do before each test
]]></system-out>
  </testcase>
  <testcase name="addShouldReturnTheSumOfPositiveNumbers" classname="sn.ept.git.seminaire.cicd.demo.E_FirstPrincipalTest$Fast" time="0.001">
    <system-out><![CDATA[16:18:52.643 [main] INFO sn.ept.git.seminaire.cicd.demo.E_FirstPrincipalTest - Something to do before each test
]]></system-out>
  </testcase>
  <testcase name="addShouldReturnTheSumOfPositiveNumbers" classname="sn.ept.git.seminaire.cicd.demo.E_FirstPrincipalTest$Fast" time="0.001">
    <system-out><![CDATA[16:18:52.643 [main] INFO sn.ept.git.seminaire.cicd.demo.E_FirstPrincipalTest - Something to do before each test
]]></system-out>
  </testcase>
  <testcase name="addShouldReturnTheSumOfPositiveNumbers" classname="sn.ept.git.seminaire.cicd.demo.E_FirstPrincipalTest$Fast" time="0.001">
    <system-out><![CDATA[16:18:52.644 [main] INFO sn.ept.git.seminaire.cicd.demo.E_FirstPrincipalTest - Something to do before each test
]]></system-out>
  </testcase>
  <testcase name="addShouldReturnTheSumOfPositiveNumbers" classname="sn.ept.git.seminaire.cicd.demo.E_FirstPrincipalTest$Fast" time="0">
    <system-out><![CDATA[16:18:52.645 [main] INFO sn.ept.git.seminaire.cicd.demo.E_FirstPrincipalTest - Something to do before each test
]]></system-out>
  </testcase>
  <testcase name="addShouldReturnTheSumOfPositiveNumbers" classname="sn.ept.git.seminaire.cicd.demo.E_FirstPrincipalTest$Fast" time="0.001">
    <system-out><![CDATA[16:18:52.647 [main] INFO sn.ept.git.seminaire.cicd.demo.E_FirstPrincipalTest - Something to do before each test
]]></system-out>
  </testcase>
  <testcase name="addShouldReturnTheSumOfPositiveNumbers" classname="sn.ept.git.seminaire.cicd.demo.E_FirstPrincipalTest$Fast" time="0">
    <system-out><![CDATA[16:18:52.648 [main] INFO sn.ept.git.seminaire.cicd.demo.E_FirstPrincipalTest - Something to do before each test
]]></system-out>
  </testcase>
  <testcase name="addShouldReturnTheSumOfPositiveNumbers" classname="sn.ept.git.seminaire.cicd.demo.E_FirstPrincipalTest$Fast" time="0.001">
    <system-out><![CDATA[16:18:52.649 [main] INFO sn.ept.git.seminaire.cicd.demo.E_FirstPrincipalTest - Something to do before each test
]]></system-out>
  </testcase>
  <testcase name="addShouldReturnTheSumOfPositiveNumbers" classname="sn.ept.git.seminaire.cicd.demo.E_FirstPrincipalTest$Fast" time="0.001">
    <system-out><![CDATA[16:18:52.649 [main] INFO sn.ept.git.seminaire.cicd.demo.E_FirstPrincipalTest - Something to do before each test
]]></system-out>
  </testcase>
  <testcase name="addShouldReturnTheSumOfPositiveNumbers" classname="sn.ept.git.seminaire.cicd.demo.E_FirstPrincipalTest$Fast" time="0">
    <system-out><![CDATA[16:18:52.650 [main] INFO sn.ept.git.seminaire.cicd.demo.E_FirstPrincipalTest - Something to do before each test
]]></system-out>
  </testcase>
  <testcase name="addShouldReturnTheSumOfPositiveNumbers" classname="sn.ept.git.seminaire.cicd.demo.E_FirstPrincipalTest$Fast" time="0.001">
    <system-out><![CDATA[16:18:52.651 [main] INFO sn.ept.git.seminaire.cicd.demo.E_FirstPrincipalTest - Something to do before each test
]]></system-out>
  </testcase>
  <testcase name="addShouldReturnTheSumOfPositiveNumbers" classname="sn.ept.git.seminaire.cicd.demo.E_FirstPrincipalTest$Fast" time="0">
    <system-out><![CDATA[16:18:52.653 [main] INFO sn.ept.git.seminaire.cicd.demo.E_FirstPrincipalTest - Something to do before each test
]]></system-out>
  </testcase>
  <testcase name="addShouldReturnTheSumOfPositiveNumbers" classname="sn.ept.git.seminaire.cicd.demo.E_FirstPrincipalTest$Fast" time="0">
    <system-out><![CDATA[16:18:52.654 [main] INFO sn.ept.git.seminaire.cicd.demo.E_FirstPrincipalTest - Something to do before each test
]]></system-out>
  </testcase>
  <testcase name="addShouldReturnTheSumOfPositiveNumbers" classname="sn.ept.git.seminaire.cicd.demo.E_FirstPrincipalTest$Fast" time="0">
    <system-out><![CDATA[16:18:52.655 [main] INFO sn.ept.git.seminaire.cicd.demo.E_FirstPrincipalTest - Something to do before each test
]]></system-out>
  </testcase>
  <testcase name="addShouldReturnTheSumOfPositiveNumbers" classname="sn.ept.git.seminaire.cicd.demo.E_FirstPrincipalTest$Fast" time="0">
    <system-out><![CDATA[16:18:52.656 [main] INFO sn.ept.git.seminaire.cicd.demo.E_FirstPrincipalTest - Something to do before each test
]]></system-out>
  </testcase>
  <testcase name="addShouldReturnTheSumOfPositiveNumbers" classname="sn.ept.git.seminaire.cicd.demo.E_FirstPrincipalTest$Fast" time="0.001">
    <system-out><![CDATA[16:18:52.658 [main] INFO sn.ept.git.seminaire.cicd.demo.E_FirstPrincipalTest - Something to do before each test
]]></system-out>
  </testcase>
  <testcase name="addShouldReturnTheSumOfPositiveNumbers" classname="sn.ept.git.seminaire.cicd.demo.E_FirstPrincipalTest$Fast" time="0">
    <system-out><![CDATA[16:18:52.659 [main] INFO sn.ept.git.seminaire.cicd.demo.E_FirstPrincipalTest - Something to do before each test
]]></system-out>
  </testcase>
  <testcase name="addShouldReturnTheSumOfPositiveNumbers" classname="sn.ept.git.seminaire.cicd.demo.E_FirstPrincipalTest$Fast" time="0">
    <system-out><![CDATA[16:18:52.660 [main] INFO sn.ept.git.seminaire.cicd.demo.E_FirstPrincipalTest - Something to do before each test
]]></system-out>
  </testcase>
  <testcase name="addShouldReturnTheSumOfPositiveNumbers" classname="sn.ept.git.seminaire.cicd.demo.E_FirstPrincipalTest$Fast" time="0.001">
    <system-out><![CDATA[16:18:52.661 [main] INFO sn.ept.git.seminaire.cicd.demo.E_FirstPrincipalTest - Something to do before each test
]]></system-out>
  </testcase>
  <testcase name="addShouldReturnTheSumOfPositiveNumbers" classname="sn.ept.git.seminaire.cicd.demo.E_FirstPrincipalTest$Fast" time="0">
    <system-out><![CDATA[16:18:52.661 [main] INFO sn.ept.git.seminaire.cicd.demo.E_FirstPrincipalTest - Something to do before each test
]]></system-out>
  </testcase>
  <testcase name="addShouldReturnTheSumOfPositiveNumbers" classname="sn.ept.git.seminaire.cicd.demo.E_FirstPrincipalTest$Fast" time="0">
    <system-out><![CDATA[16:18:52.662 [main] INFO sn.ept.git.seminaire.cicd.demo.E_FirstPrincipalTest - Something to do before each test
]]></system-out>
  </testcase>
  <testcase name="addShouldReturnTheSumOfPositiveNumbers" classname="sn.ept.git.seminaire.cicd.demo.E_FirstPrincipalTest$Fast" time="0.001">
    <system-out><![CDATA[16:18:52.662 [main] INFO sn.ept.git.seminaire.cicd.demo.E_FirstPrincipalTest - Something to do before each test
]]></system-out>
  </testcase>
  <testcase name="addShouldReturnTheSumOfPositiveNumbers" classname="sn.ept.git.seminaire.cicd.demo.E_FirstPrincipalTest$Fast" time="0">
    <system-out><![CDATA[16:18:52.663 [main] INFO sn.ept.git.seminaire.cicd.demo.E_FirstPrincipalTest - Something to do before each test
]]></system-out>
  </testcase>
  <testcase name="addShouldReturnTheSumOfPositiveNumbers" classname="sn.ept.git.seminaire.cicd.demo.E_FirstPrincipalTest$Fast" time="0">
    <system-out><![CDATA[16:18:52.664 [main] INFO sn.ept.git.seminaire.cicd.demo.E_FirstPrincipalTest - Something to do before each test
]]></system-out>
  </testcase>
  <testcase name="addShouldReturnTheSumOfPositiveNumbers" classname="sn.ept.git.seminaire.cicd.demo.E_FirstPrincipalTest$Fast" time="0.001">
    <system-out><![CDATA[16:18:52.665 [main] INFO sn.ept.git.seminaire.cicd.demo.E_FirstPrincipalTest - Something to do before each test
]]></system-out>
  </testcase>
  <testcase name="addShouldReturnTheSumOfPositiveNumbers" classname="sn.ept.git.seminaire.cicd.demo.E_FirstPrincipalTest$Fast" time="0.001">
    <system-out><![CDATA[16:18:52.665 [main] INFO sn.ept.git.seminaire.cicd.demo.E_FirstPrincipalTest - Something to do before each test
]]></system-out>
  </testcase>
  <testcase name="addShouldReturnTheSumOfPositiveNumbers" classname="sn.ept.git.seminaire.cicd.demo.E_FirstPrincipalTest$Fast" time="0.001">
    <system-out><![CDATA[16:18:52.666 [main] INFO sn.ept.git.seminaire.cicd.demo.E_FirstPrincipalTest - Something to do before each test
]]></system-out>
  </testcase>
  <testcase name="addShouldReturnTheSumOfPositiveNumbers" classname="sn.ept.git.seminaire.cicd.demo.E_FirstPrincipalTest$Fast" time="0.001">
    <system-out><![CDATA[16:18:52.667 [main] INFO sn.ept.git.seminaire.cicd.demo.E_FirstPrincipalTest - Something to do before each test
]]></system-out>
  </testcase>
  <testcase name="addShouldReturnTheSumOfPositiveNumbers" classname="sn.ept.git.seminaire.cicd.demo.E_FirstPrincipalTest$Fast" time="0">
    <system-out><![CDATA[16:18:52.668 [main] INFO sn.ept.git.seminaire.cicd.demo.E_FirstPrincipalTest - Something to do before each test
]]></system-out>
  </testcase>
  <testcase name="addShouldReturnTheSumOfPositiveNumbers" classname="sn.ept.git.seminaire.cicd.demo.E_FirstPrincipalTest$Fast" time="0.001">
    <system-out><![CDATA[16:18:52.669 [main] INFO sn.ept.git.seminaire.cicd.demo.E_FirstPrincipalTest - Something to do before each test
]]></system-out>
  </testcase>
  <testcase name="addShouldReturnTheSumOfPositiveNumbers" classname="sn.ept.git.seminaire.cicd.demo.E_FirstPrincipalTest$Fast" time="0">
    <system-out><![CDATA[16:18:52.669 [main] INFO sn.ept.git.seminaire.cicd.demo.E_FirstPrincipalTest - Something to do before each test
]]></system-out>
  </testcase>
  <testcase name="addShouldReturnTheSumOfPositiveNumbers" classname="sn.ept.git.seminaire.cicd.demo.E_FirstPrincipalTest$Fast" time="0">
    <system-out><![CDATA[16:18:52.670 [main] INFO sn.ept.git.seminaire.cicd.demo.E_FirstPrincipalTest - Something to do before each test
]]></system-out>
  </testcase>
  <testcase name="addShouldReturnTheSumOfPositiveNumbers" classname="sn.ept.git.seminaire.cicd.demo.E_FirstPrincipalTest$Fast" time="0">
    <system-out><![CDATA[16:18:52.671 [main] INFO sn.ept.git.seminaire.cicd.demo.E_FirstPrincipalTest - Something to do before each test
]]></system-out>
  </testcase>
  <testcase name="addShouldReturnTheSumOfPositiveNumbers" classname="sn.ept.git.seminaire.cicd.demo.E_FirstPrincipalTest$Fast" time="0.001">
    <system-out><![CDATA[16:18:52.671 [main] INFO sn.ept.git.seminaire.cicd.demo.E_FirstPrincipalTest - Something to do before each test
]]></system-out>
  </testcase>
  <testcase name="addShouldReturnTheSumOfPositiveNumbers" classname="sn.ept.git.seminaire.cicd.demo.E_FirstPrincipalTest$Fast" time="0">
    <system-out><![CDATA[16:18:52.672 [main] INFO sn.ept.git.seminaire.cicd.demo.E_FirstPrincipalTest - Something to do before each test
]]></system-out>
  </testcase>
  <testcase name="addShouldReturnTheSumOfPositiveNumbers" classname="sn.ept.git.seminaire.cicd.demo.E_FirstPrincipalTest$Fast" time="0">
    <system-out><![CDATA[16:18:52.673 [main] INFO sn.ept.git.seminaire.cicd.demo.E_FirstPrincipalTest - Something to do before each test
]]></system-out>
  </testcase>
  <testcase name="addShouldReturnTheSumOfPositiveNumbers" classname="sn.ept.git.seminaire.cicd.demo.E_FirstPrincipalTest$Fast" time="0.001">
    <system-out><![CDATA[16:18:52.673 [main] INFO sn.ept.git.seminaire.cicd.demo.E_FirstPrincipalTest - Something to do before each test
]]></system-out>
  </testcase>
  <testcase name="addShouldReturnTheSumOfPositiveNumbers" classname="sn.ept.git.seminaire.cicd.demo.E_FirstPrincipalTest$Fast" time="0">
    <system-out><![CDATA[16:18:52.675 [main] INFO sn.ept.git.seminaire.cicd.demo.E_FirstPrincipalTest - Something to do before each test
]]></system-out>
  </testcase>
  <testcase name="addShouldReturnTheSumOfPositiveNumbers" classname="sn.ept.git.seminaire.cicd.demo.E_FirstPrincipalTest$Fast" time="0.001">
    <system-out><![CDATA[16:18:52.677 [main] INFO sn.ept.git.seminaire.cicd.demo.E_FirstPrincipalTest - Something to do before each test
]]></system-out>
  </testcase>
  <testcase name="addShouldReturnTheSumOfPositiveNumbers" classname="sn.ept.git.seminaire.cicd.demo.E_FirstPrincipalTest$Fast" time="0">
    <system-out><![CDATA[16:18:52.677 [main] INFO sn.ept.git.seminaire.cicd.demo.E_FirstPrincipalTest - Something to do before each test
]]></system-out>
  </testcase>
  <testcase name="addShouldReturnTheSumOfPositiveNumbers" classname="sn.ept.git.seminaire.cicd.demo.E_FirstPrincipalTest$Fast" time="0">
    <system-out><![CDATA[16:18:52.678 [main] INFO sn.ept.git.seminaire.cicd.demo.E_FirstPrincipalTest - Something to do before each test
]]></system-out>
  </testcase>
  <testcase name="addShouldReturnTheSumOfPositiveNumbers" classname="sn.ept.git.seminaire.cicd.demo.E_FirstPrincipalTest$Fast" time="0.001">
    <system-out><![CDATA[16:18:52.679 [main] INFO sn.ept.git.seminaire.cicd.demo.E_FirstPrincipalTest - Something to do before each test
]]></system-out>
  </testcase>
  <testcase name="addShouldReturnTheSumOfPositiveNumbers" classname="sn.ept.git.seminaire.cicd.demo.E_FirstPrincipalTest$Fast" time="0">
    <system-out><![CDATA[16:18:52.679 [main] INFO sn.ept.git.seminaire.cicd.demo.E_FirstPrincipalTest - Something to do before each test
]]></system-out>
  </testcase>
  <testcase name="addShouldReturnTheSumOfPositiveNumbers" classname="sn.ept.git.seminaire.cicd.demo.E_FirstPrincipalTest$Fast" time="0">
    <system-out><![CDATA[16:18:52.681 [main] INFO sn.ept.git.seminaire.cicd.demo.E_FirstPrincipalTest - Something to do before each test
]]></system-out>
  </testcase>
  <testcase name="addShouldReturnTheSumOfPositiveNumbers" classname="sn.ept.git.seminaire.cicd.demo.E_FirstPrincipalTest$Fast" time="0.005">
    <system-out><![CDATA[16:18:52.687 [main] INFO sn.ept.git.seminaire.cicd.demo.E_FirstPrincipalTest - Something to do before each test
]]></system-out>
  </testcase>
  <testcase name="addShouldReturnTheSumOfPositiveNumbers" classname="sn.ept.git.seminaire.cicd.demo.E_FirstPrincipalTest$Fast" time="0">
    <system-out><![CDATA[16:18:52.688 [main] INFO sn.ept.git.seminaire.cicd.demo.E_FirstPrincipalTest - Something to do before each test
]]></system-out>
  </testcase>
  <testcase name="addShouldReturnTheSumOfPositiveNumbers" classname="sn.ept.git.seminaire.cicd.demo.E_FirstPrincipalTest$Fast" time="0">
    <system-out><![CDATA[16:18:52.689 [main] INFO sn.ept.git.seminaire.cicd.demo.E_FirstPrincipalTest - Something to do before each test
]]></system-out>
  </testcase>
  <testcase name="addShouldReturnTheSumOfPositiveNumbers" classname="sn.ept.git.seminaire.cicd.demo.E_FirstPrincipalTest$Fast" time="0.001">
    <system-out><![CDATA[16:18:52.690 [main] INFO sn.ept.git.seminaire.cicd.demo.E_FirstPrincipalTest - Something to do before each test
]]></system-out>
  </testcase>
  <testcase name="addShouldReturnTheSumOfPositiveNumbers" classname="sn.ept.git.seminaire.cicd.demo.E_FirstPrincipalTest$Fast" time="0">
    <system-out><![CDATA[16:18:52.691 [main] INFO sn.ept.git.seminaire.cicd.demo.E_FirstPrincipalTest - Something to do before each test
]]></system-out>
  </testcase>
  <testcase name="addShouldReturnTheSumOfPositiveNumbers" classname="sn.ept.git.seminaire.cicd.demo.E_FirstPrincipalTest$Fast" time="0">
    <system-out><![CDATA[16:18:52.692 [main] INFO sn.ept.git.seminaire.cicd.demo.E_FirstPrincipalTest - Something to do before each test
]]></system-out>
  </testcase>
  <testcase name="addShouldReturnTheSumOfPositiveNumbers" classname="sn.ept.git.seminaire.cicd.demo.E_FirstPrincipalTest$Fast" time="0">
    <system-out><![CDATA[16:18:52.692 [main] INFO sn.ept.git.seminaire.cicd.demo.E_FirstPrincipalTest - Something to do before each test
]]></system-out>
  </testcase>
  <testcase name="addShouldReturnTheSumOfPositiveNumbers" classname="sn.ept.git.seminaire.cicd.demo.E_FirstPrincipalTest$Fast" time="0">
    <system-out><![CDATA[16:18:52.693 [main] INFO sn.ept.git.seminaire.cicd.demo.E_FirstPrincipalTest - Something to do before each test
]]></system-out>
  </testcase>
  <testcase name="addShouldReturnTheSumOfPositiveNumbers" classname="sn.ept.git.seminaire.cicd.demo.E_FirstPrincipalTest$Fast" time="0">
    <system-out><![CDATA[16:18:52.693 [main] INFO sn.ept.git.seminaire.cicd.demo.E_FirstPrincipalTest - Something to do before each test
]]></system-out>
  </testcase>
  <testcase name="addShouldReturnTheSumOfPositiveNumbers" classname="sn.ept.git.seminaire.cicd.demo.E_FirstPrincipalTest$Fast" time="0">
    <system-out><![CDATA[16:18:52.694 [main] INFO sn.ept.git.seminaire.cicd.demo.E_FirstPrincipalTest - Something to do before each test
]]></system-out>
  </testcase>
  <testcase name="addShouldReturnTheSumOfPositiveNumbers" classname="sn.ept.git.seminaire.cicd.demo.E_FirstPrincipalTest$Fast" time="0.001">
    <system-out><![CDATA[16:18:52.694 [main] INFO sn.ept.git.seminaire.cicd.demo.E_FirstPrincipalTest - Something to do before each test
]]></system-out>
  </testcase>
  <testcase name="addShouldReturnTheSumOfPositiveNumbers" classname="sn.ept.git.seminaire.cicd.demo.E_FirstPrincipalTest$Fast" time="0.004">
    <system-out><![CDATA[16:18:52.698 [main] INFO sn.ept.git.seminaire.cicd.demo.E_FirstPrincipalTest - Something to do before each test
]]></system-out>
  </testcase>
  <testcase name="addShouldReturnTheSumOfPositiveNumbers" classname="sn.ept.git.seminaire.cicd.demo.E_FirstPrincipalTest$Fast" time="0.002">
    <system-out><![CDATA[16:18:52.701 [main] INFO sn.ept.git.seminaire.cicd.demo.E_FirstPrincipalTest - Something to do before each test
]]></system-out>
  </testcase>
  <testcase name="addShouldReturnTheSumOfPositiveNumbers" classname="sn.ept.git.seminaire.cicd.demo.E_FirstPrincipalTest$Fast" time="0.001">
    <system-out><![CDATA[16:18:52.704 [main] INFO sn.ept.git.seminaire.cicd.demo.E_FirstPrincipalTest - Something to do before each test
]]></system-out>
  </testcase>
  <testcase name="addShouldReturnTheSumOfPositiveNumbers" classname="sn.ept.git.seminaire.cicd.demo.E_FirstPrincipalTest$Fast" time="0.001">
    <system-out><![CDATA[16:18:52.710 [main] INFO sn.ept.git.seminaire.cicd.demo.E_FirstPrincipalTest - Something to do before each test
]]></system-out>
  </testcase>
  <testcase name="addShouldReturnTheSumOfPositiveNumbers" classname="sn.ept.git.seminaire.cicd.demo.E_FirstPrincipalTest$Fast" time="0.001">
    <system-out><![CDATA[16:18:52.712 [main] INFO sn.ept.git.seminaire.cicd.demo.E_FirstPrincipalTest - Something to do before each test
]]></system-out>
  </testcase>
  <testcase name="addShouldReturnTheSumOfPositiveNumbers" classname="sn.ept.git.seminaire.cicd.demo.E_FirstPrincipalTest$Fast" time="0">
    <system-out><![CDATA[16:18:52.713 [main] INFO sn.ept.git.seminaire.cicd.demo.E_FirstPrincipalTest - Something to do before each test
]]></system-out>
  </testcase>
  <testcase name="addShouldReturnTheSumOfPositiveNumbers" classname="sn.ept.git.seminaire.cicd.demo.E_FirstPrincipalTest$Fast" time="0">
    <system-out><![CDATA[16:18:52.714 [main] INFO sn.ept.git.seminaire.cicd.demo.E_FirstPrincipalTest - Something to do before each test
]]></system-out>
  </testcase>
  <testcase name="addShouldReturnTheSumOfPositiveNumbers" classname="sn.ept.git.seminaire.cicd.demo.E_FirstPrincipalTest$Fast" time="0.001">
    <system-out><![CDATA[16:18:52.719 [main] INFO sn.ept.git.seminaire.cicd.demo.E_FirstPrincipalTest - Something to do before each test
]]></system-out>
  </testcase>
  <testcase name="addShouldReturnTheSumOfPositiveNumbers" classname="sn.ept.git.seminaire.cicd.demo.E_FirstPrincipalTest$Fast" time="0.003">
    <system-out><![CDATA[16:18:52.722 [main] INFO sn.ept.git.seminaire.cicd.demo.E_FirstPrincipalTest - Something to do before each test
]]></system-out>
  </testcase>
  <testcase name="addShouldReturnTheSumOfPositiveNumbers" classname="sn.ept.git.seminaire.cicd.demo.E_FirstPrincipalTest$Fast" time="0">
    <system-out><![CDATA[16:18:52.724 [main] INFO sn.ept.git.seminaire.cicd.demo.E_FirstPrincipalTest - Something to do before each test
]]></system-out>
  </testcase>
  <testcase name="addShouldReturnTheSumOfPositiveNumbers" classname="sn.ept.git.seminaire.cicd.demo.E_FirstPrincipalTest$Fast" time="0">
    <system-out><![CDATA[16:18:52.725 [main] INFO sn.ept.git.seminaire.cicd.demo.E_FirstPrincipalTest - Something to do before each test
]]></system-out>
  </testcase>
  <testcase name="addShouldReturnTheSumOfPositiveNumbers" classname="sn.ept.git.seminaire.cicd.demo.E_FirstPrincipalTest$Fast" time="0">
    <system-out><![CDATA[16:18:52.726 [main] INFO sn.ept.git.seminaire.cicd.demo.E_FirstPrincipalTest - Something to do before each test
]]></system-out>
  </testcase>
  <testcase name="addShouldReturnTheSumOfPositiveNumbers" classname="sn.ept.git.seminaire.cicd.demo.E_FirstPrincipalTest$Fast" time="0.001">
    <system-out><![CDATA[16:18:52.727 [main] INFO sn.ept.git.seminaire.cicd.demo.E_FirstPrincipalTest - Something to do before each test
]]></system-out>
  </testcase>
  <testcase name="addShouldReturnTheSumOfPositiveNumbers" classname="sn.ept.git.seminaire.cicd.demo.E_FirstPrincipalTest$Fast" time="0">
    <system-out><![CDATA[16:18:52.728 [main] INFO sn.ept.git.seminaire.cicd.demo.E_FirstPrincipalTest - Something to do before each test
]]></system-out>
  </testcase>
  <testcase name="addShouldReturnTheSumOfPositiveNumbers" classname="sn.ept.git.seminaire.cicd.demo.E_FirstPrincipalTest$Fast" time="0">
    <system-out><![CDATA[16:18:52.729 [main] INFO sn.ept.git.seminaire.cicd.demo.E_FirstPrincipalTest - Something to do before each test
]]></system-out>
  </testcase>
  <testcase name="addShouldReturnTheSumOfPositiveNumbers" classname="sn.ept.git.seminaire.cicd.demo.E_FirstPrincipalTest$Fast" time="0">
    <system-out><![CDATA[16:18:52.730 [main] INFO sn.ept.git.seminaire.cicd.demo.E_FirstPrincipalTest - Something to do before each test
]]></system-out>
  </testcase>
  <testcase name="addShouldReturnTheSumOfPositiveNumbers" classname="sn.ept.git.seminaire.cicd.demo.E_FirstPrincipalTest$Fast" time="0.001">
    <system-out><![CDATA[16:18:52.731 [main] INFO sn.ept.git.seminaire.cicd.demo.E_FirstPrincipalTest - Something to do before each test
]]></system-out>
  </testcase>
  <testcase name="addShouldReturnTheSumOfPositiveNumbers" classname="sn.ept.git.seminaire.cicd.demo.E_FirstPrincipalTest$Fast" time="0">
    <system-out><![CDATA[16:18:52.732 [main] INFO sn.ept.git.seminaire.cicd.demo.E_FirstPrincipalTest - Something to do before each test
]]></system-out>
  </testcase>
  <testcase name="addShouldReturnTheSumOfPositiveNumbers" classname="sn.ept.git.seminaire.cicd.demo.E_FirstPrincipalTest$Fast" time="0">
    <system-out><![CDATA[16:18:52.732 [main] INFO sn.ept.git.seminaire.cicd.demo.E_FirstPrincipalTest - Something to do before each test
]]></system-out>
  </testcase>
  <testcase name="addShouldReturnTheSumOfPositiveNumbers" classname="sn.ept.git.seminaire.cicd.demo.E_FirstPrincipalTest$Fast" time="0">
    <system-out><![CDATA[16:18:52.733 [main] INFO sn.ept.git.seminaire.cicd.demo.E_FirstPrincipalTest - Something to do before each test
]]></system-out>
  </testcase>
  <testcase name="addShouldReturnTheSumOfPositiveNumbers" classname="sn.ept.git.seminaire.cicd.demo.E_FirstPrincipalTest$Fast" time="0.002">
    <system-out><![CDATA[16:18:52.734 [main] INFO sn.ept.git.seminaire.cicd.demo.E_FirstPrincipalTest - Something to do before each test
]]></system-out>
  </testcase>
  <testcase name="addShouldReturnTheSumOfPositiveNumbers" classname="sn.ept.git.seminaire.cicd.demo.E_FirstPrincipalTest$Fast" time="0.001">
    <system-out><![CDATA[16:18:52.741 [main] INFO sn.ept.git.seminaire.cicd.demo.E_FirstPrincipalTest - Something to do before each test
]]></system-out>
  </testcase>
  <testcase name="addShouldReturnTheSumOfPositiveNumbers" classname="sn.ept.git.seminaire.cicd.demo.E_FirstPrincipalTest$Fast" time="0.001">
    <system-out><![CDATA[16:18:52.742 [main] INFO sn.ept.git.seminaire.cicd.demo.E_FirstPrincipalTest - Something to do before each test
]]></system-out>
  </testcase>
  <testcase name="addShouldReturnTheSumOfPositiveNumbers" classname="sn.ept.git.seminaire.cicd.demo.E_FirstPrincipalTest$Fast" time="0">
    <system-out><![CDATA[16:18:52.744 [main] INFO sn.ept.git.seminaire.cicd.demo.E_FirstPrincipalTest - Something to do before each test
]]></system-out>
  </testcase>
  <testcase name="addShouldReturnTheSumOfPositiveNumbers" classname="sn.ept.git.seminaire.cicd.demo.E_FirstPrincipalTest$Fast" time="0.001">
    <system-out><![CDATA[16:18:52.745 [main] INFO sn.ept.git.seminaire.cicd.demo.E_FirstPrincipalTest - Something to do before each test
]]></system-out>
  </testcase>
  <testcase name="addShouldReturnTheSumOfPositiveNumbers" classname="sn.ept.git.seminaire.cicd.demo.E_FirstPrincipalTest$Fast" time="0.006">
    <system-out><![CDATA[16:18:52.745 [main] INFO sn.ept.git.seminaire.cicd.demo.E_FirstPrincipalTest - Something to do before each test
]]></system-out>
  </testcase>
  <testcase name="addShouldReturnTheSumOfPositiveNumbers" classname="sn.ept.git.seminaire.cicd.demo.E_FirstPrincipalTest$Fast" time="0.001">
    <system-out><![CDATA[16:18:52.752 [main] INFO sn.ept.git.seminaire.cicd.demo.E_FirstPrincipalTest - Something to do before each test
]]></system-out>
  </testcase>
  <testcase name="addShouldReturnTheSumOfPositiveNumbers" classname="sn.ept.git.seminaire.cicd.demo.E_FirstPrincipalTest$Fast" time="0.001">
    <system-out><![CDATA[16:18:52.753 [main] INFO sn.ept.git.seminaire.cicd.demo.E_FirstPrincipalTest - Something to do before each test
]]></system-out>
  </testcase>
  <testcase name="addShouldReturnTheSumOfPositiveNumbers" classname="sn.ept.git.seminaire.cicd.demo.E_FirstPrincipalTest$Fast" time="0">
    <system-out><![CDATA[16:18:52.754 [main] INFO sn.ept.git.seminaire.cicd.demo.E_FirstPrincipalTest - Something to do before each test
]]></system-out>
  </testcase>
  <testcase name="addShouldReturnTheSumOfPositiveNumbers" classname="sn.ept.git.seminaire.cicd.demo.E_FirstPrincipalTest$Fast" time="0.001">
    <system-out><![CDATA[16:18:52.755 [main] INFO sn.ept.git.seminaire.cicd.demo.E_FirstPrincipalTest - Something to do before each test
]]></system-out>
  </testcase>
  <testcase name="addShouldReturnTheSumOfPositiveNumbers" classname="sn.ept.git.seminaire.cicd.demo.E_FirstPrincipalTest$Fast" time="0.002">
    <system-out><![CDATA[16:18:52.757 [main] INFO sn.ept.git.seminaire.cicd.demo.E_FirstPrincipalTest - Something to do before each test
]]></system-out>
  </testcase>
  <testcase name="addShouldReturnTheSumOfPositiveNumbers" classname="sn.ept.git.seminaire.cicd.demo.E_FirstPrincipalTest$Fast" time="0.001">
    <system-out><![CDATA[16:18:52.759 [main] INFO sn.ept.git.seminaire.cicd.demo.E_FirstPrincipalTest - Something to do before each test
]]></system-out>
  </testcase>
  <testcase name="addShouldReturnTheSumOfPositiveNumbers" classname="sn.ept.git.seminaire.cicd.demo.E_FirstPrincipalTest$Fast" time="0">
    <system-out><![CDATA[16:18:52.760 [main] INFO sn.ept.git.seminaire.cicd.demo.E_FirstPrincipalTest - Something to do before each test
]]></system-out>
  </testcase>
  <testcase name="addShouldReturnTheSumOfPositiveNumbers" classname="sn.ept.git.seminaire.cicd.demo.E_FirstPrincipalTest$Fast" time="0">
    <system-out><![CDATA[16:18:52.761 [main] INFO sn.ept.git.seminaire.cicd.demo.E_FirstPrincipalTest - Something to do before each test
]]></system-out>
  </testcase>
  <testcase name="addShouldReturnTheSumOfPositiveNumbers" classname="sn.ept.git.seminaire.cicd.demo.E_FirstPrincipalTest$Fast" time="0">
    <system-out><![CDATA[16:18:52.763 [main] INFO sn.ept.git.seminaire.cicd.demo.E_FirstPrincipalTest - Something to do before each test
]]></system-out>
  </testcase>
  <testcase name="addShouldReturnTheSumOfPositiveNumbers" classname="sn.ept.git.seminaire.cicd.demo.E_FirstPrincipalTest$Fast" time="0">
    <system-out><![CDATA[16:18:52.764 [main] INFO sn.ept.git.seminaire.cicd.demo.E_FirstPrincipalTest - Something to do before each test
]]></system-out>
  </testcase>
  <testcase name="addShouldReturnTheSumOfPositiveNumbers" classname="sn.ept.git.seminaire.cicd.demo.E_FirstPrincipalTest$Fast" time="0">
    <system-out><![CDATA[16:18:52.765 [main] INFO sn.ept.git.seminaire.cicd.demo.E_FirstPrincipalTest - Something to do before each test
]]></system-out>
  </testcase>
  <testcase name="addShouldReturnTheSumOfPositiveNumbers" classname="sn.ept.git.seminaire.cicd.demo.E_FirstPrincipalTest$Fast" time="0.001">
    <system-out><![CDATA[16:18:52.766 [main] INFO sn.ept.git.seminaire.cicd.demo.E_FirstPrincipalTest - Something to do before each test
]]></system-out>
  </testcase>
  <testcase name="addShouldReturnTheSumOfPositiveNumbers" classname="sn.ept.git.seminaire.cicd.demo.E_FirstPrincipalTest$Fast" time="0">
    <system-out><![CDATA[16:18:52.768 [main] INFO sn.ept.git.seminaire.cicd.demo.E_FirstPrincipalTest - Something to do before each test
]]></system-out>
  </testcase>
  <testcase name="addShouldReturnTheSumOfPositiveNumbers" classname="sn.ept.git.seminaire.cicd.demo.E_FirstPrincipalTest$Fast" time="0.001">
    <system-out><![CDATA[16:18:52.769 [main] INFO sn.ept.git.seminaire.cicd.demo.E_FirstPrincipalTest - Something to do before each test
]]></system-out>
  </testcase>
  <testcase name="addShouldReturnTheSumOfPositiveNumbers" classname="sn.ept.git.seminaire.cicd.demo.E_FirstPrincipalTest$Fast" time="0.001">
    <system-out><![CDATA[16:18:52.771 [main] INFO sn.ept.git.seminaire.cicd.demo.E_FirstPrincipalTest - Something to do before each test
]]></system-out>
  </testcase>
  <testcase name="addShouldReturnTheSumOfPositiveNumbers" classname="sn.ept.git.seminaire.cicd.demo.E_FirstPrincipalTest$Fast" time="0.001">
    <system-out><![CDATA[16:18:52.775 [main] INFO sn.ept.git.seminaire.cicd.demo.E_FirstPrincipalTest - Something to do before each test
]]></system-out>
  </testcase>
  <testcase name="addShouldReturnTheSumOfPositiveNumbers" classname="sn.ept.git.seminaire.cicd.demo.E_FirstPrincipalTest$Fast" time="0">
    <system-out><![CDATA[16:18:52.777 [main] INFO sn.ept.git.seminaire.cicd.demo.E_FirstPrincipalTest - Something to do before each test
]]></system-out>
  </testcase>
  <testcase name="addShouldReturnTheSumOfPositiveNumbers" classname="sn.ept.git.seminaire.cicd.demo.E_FirstPrincipalTest$Fast" time="0.001">
    <system-out><![CDATA[16:18:52.779 [main] INFO sn.ept.git.seminaire.cicd.demo.E_FirstPrincipalTest - Something to do before each test
]]></system-out>
  </testcase>
  <testcase name="addShouldReturnTheSumOfPositiveNumbers" classname="sn.ept.git.seminaire.cicd.demo.E_FirstPrincipalTest$Fast" time="0">
    <system-out><![CDATA[16:18:52.785 [main] INFO sn.ept.git.seminaire.cicd.demo.E_FirstPrincipalTest - Something to do before each test
]]></system-out>
  </testcase>
  <testcase name="addShouldReturnTheSumOfPositiveNumbers" classname="sn.ept.git.seminaire.cicd.demo.E_FirstPrincipalTest$Fast" time="0.001">
    <system-out><![CDATA[16:18:52.786 [main] INFO sn.ept.git.seminaire.cicd.demo.E_FirstPrincipalTest - Something to do before each test
]]></system-out>
  </testcase>
  <testcase name="addShouldReturnTheSumOfPositiveNumbers" classname="sn.ept.git.seminaire.cicd.demo.E_FirstPrincipalTest$Fast" time="0.001">
    <system-out><![CDATA[16:18:52.787 [main] INFO sn.ept.git.seminaire.cicd.demo.E_FirstPrincipalTest - Something to do before each test
]]></system-out>
  </testcase>
  <testcase name="addShouldReturnTheSumOfPositiveNumbers" classname="sn.ept.git.seminaire.cicd.demo.E_FirstPrincipalTest$Fast" time="0.001">
    <system-out><![CDATA[16:18:52.789 [main] INFO sn.ept.git.seminaire.cicd.demo.E_FirstPrincipalTest - Something to do before each test
]]></system-out>
  </testcase>
  <testcase name="addShouldReturnTheSumOfPositiveNumbers" classname="sn.ept.git.seminaire.cicd.demo.E_FirstPrincipalTest$Fast" time="0">
    <system-out><![CDATA[16:18:52.791 [main] INFO sn.ept.git.seminaire.cicd.demo.E_FirstPrincipalTest - Something to do before each test
]]></system-out>
  </testcase>
  <testcase name="addShouldReturnTheSumOfPositiveNumbers" classname="sn.ept.git.seminaire.cicd.demo.E_FirstPrincipalTest$Fast" time="0.001">
    <system-out><![CDATA[16:18:52.792 [main] INFO sn.ept.git.seminaire.cicd.demo.E_FirstPrincipalTest - Something to do before each test
]]></system-out>
  </testcase>
  <testcase name="addShouldReturnTheSumOfPositiveNumbers" classname="sn.ept.git.seminaire.cicd.demo.E_FirstPrincipalTest$Fast" time="0.002">
    <system-out><![CDATA[16:18:52.795 [main] INFO sn.ept.git.seminaire.cicd.demo.E_FirstPrincipalTest - Something to do before each test
]]></system-out>
  </testcase>
  <testcase name="addShouldReturnTheSumOfPositiveNumbers" classname="sn.ept.git.seminaire.cicd.demo.E_FirstPrincipalTest$Fast" time="0">
    <system-out><![CDATA[16:18:52.796 [main] INFO sn.ept.git.seminaire.cicd.demo.E_FirstPrincipalTest - Something to do before each test
]]></system-out>
  </testcase>
  <testcase name="addShouldReturnTheSumOfPositiveNumbers" classname="sn.ept.git.seminaire.cicd.demo.E_FirstPrincipalTest$Fast" time="0.001">
    <system-out><![CDATA[16:18:52.798 [main] INFO sn.ept.git.seminaire.cicd.demo.E_FirstPrincipalTest - Something to do before each test
]]></system-out>
  </testcase>
  <testcase name="addShouldReturnTheSumOfPositiveNumbers" classname="sn.ept.git.seminaire.cicd.demo.E_FirstPrincipalTest$Fast" time="0.001">
    <system-out><![CDATA[16:18:52.799 [main] INFO sn.ept.git.seminaire.cicd.demo.E_FirstPrincipalTest - Something to do before each test
]]></system-out>
  </testcase>
  <testcase name="addShouldReturnTheSumOfPositiveNumbers" classname="sn.ept.git.seminaire.cicd.demo.E_FirstPrincipalTest$Fast" time="0.001">
    <system-out><![CDATA[16:18:52.799 [main] INFO sn.ept.git.seminaire.cicd.demo.E_FirstPrincipalTest - Something to do before each test
]]></system-out>
  </testcase>
  <testcase name="addShouldReturnTheSumOfPositiveNumbers" classname="sn.ept.git.seminaire.cicd.demo.E_FirstPrincipalTest$Fast" time="0.001">
    <system-out><![CDATA[16:18:52.800 [main] INFO sn.ept.git.seminaire.cicd.demo.E_FirstPrincipalTest - Something to do before each test
]]></system-out>
  </testcase>
  <testcase name="addShouldReturnTheSumOfPositiveNumbers" classname="sn.ept.git.seminaire.cicd.demo.E_FirstPrincipalTest$Fast" time="0.003">
    <system-out><![CDATA[16:18:52.804 [main] INFO sn.ept.git.seminaire.cicd.demo.E_FirstPrincipalTest - Something to do before each test
]]></system-out>
  </testcase>
  <testcase name="addShouldReturnTheSumOfPositiveNumbers" classname="sn.ept.git.seminaire.cicd.demo.E_FirstPrincipalTest$Fast" time="0.001">
    <system-out><![CDATA[16:18:52.807 [main] INFO sn.ept.git.seminaire.cicd.demo.E_FirstPrincipalTest - Something to do before each test
]]></system-out>
  </testcase>
  <testcase name="addShouldReturnTheSumOfPositiveNumbers" classname="sn.ept.git.seminaire.cicd.demo.E_FirstPrincipalTest$Fast" time="0.001">
    <system-out><![CDATA[16:18:52.809 [main] INFO sn.ept.git.seminaire.cicd.demo.E_FirstPrincipalTest - Something to do before each test
]]></system-out>
  </testcase>
  <testcase name="addShouldReturnTheSumOfPositiveNumbers" classname="sn.ept.git.seminaire.cicd.demo.E_FirstPrincipalTest$Fast" time="0.001">
    <system-out><![CDATA[16:18:52.810 [main] INFO sn.ept.git.seminaire.cicd.demo.E_FirstPrincipalTest - Something to do before each test
]]></system-out>
  </testcase>
  <testcase name="addShouldReturnTheSumOfPositiveNumbers" classname="sn.ept.git.seminaire.cicd.demo.E_FirstPrincipalTest$Fast" time="0.004">
    <system-out><![CDATA[16:18:52.811 [main] INFO sn.ept.git.seminaire.cicd.demo.E_FirstPrincipalTest - Something to do before each test
]]></system-out>
  </testcase>
  <testcase name="addShouldReturnTheSumOfPositiveNumbers" classname="sn.ept.git.seminaire.cicd.demo.E_FirstPrincipalTest$Fast" time="0">
    <system-out><![CDATA[16:18:52.823 [main] INFO sn.ept.git.seminaire.cicd.demo.E_FirstPrincipalTest - Something to do before each test
]]></system-out>
  </testcase>
  <testcase name="addShouldReturnTheSumOfPositiveNumbers" classname="sn.ept.git.seminaire.cicd.demo.E_FirstPrincipalTest$Fast" time="0.001">
    <system-out><![CDATA[16:18:52.824 [main] INFO sn.ept.git.seminaire.cicd.demo.E_FirstPrincipalTest - Something to do before each test
]]></system-out>
  </testcase>
  <testcase name="addShouldReturnTheSumOfPositiveNumbers" classname="sn.ept.git.seminaire.cicd.demo.E_FirstPrincipalTest$Fast" time="0">
    <system-out><![CDATA[16:18:52.828 [main] INFO sn.ept.git.seminaire.cicd.demo.E_FirstPrincipalTest - Something to do before each test
]]></system-out>
  </testcase>
  <testcase name="addShouldReturnTheSumOfPositiveNumbers" classname="sn.ept.git.seminaire.cicd.demo.E_FirstPrincipalTest$Fast" time="0">
    <system-out><![CDATA[16:18:52.829 [main] INFO sn.ept.git.seminaire.cicd.demo.E_FirstPrincipalTest - Something to do before each test
]]></system-out>
  </testcase>
  <testcase name="addShouldReturnTheSumOfPositiveNumbers" classname="sn.ept.git.seminaire.cicd.demo.E_FirstPrincipalTest$Fast" time="0.001">
    <system-out><![CDATA[16:18:52.831 [main] INFO sn.ept.git.seminaire.cicd.demo.E_FirstPrincipalTest - Something to do before each test
]]></system-out>
  </testcase>
  <testcase name="addShouldReturnTheSumOfPositiveNumbers" classname="sn.ept.git.seminaire.cicd.demo.E_FirstPrincipalTest$Fast" time="0.001">
    <system-out><![CDATA[16:18:52.832 [main] INFO sn.ept.git.seminaire.cicd.demo.E_FirstPrincipalTest - Something to do before each test
]]></system-out>
  </testcase>
  <testcase name="addShouldReturnTheSumOfPositiveNumbers" classname="sn.ept.git.seminaire.cicd.demo.E_FirstPrincipalTest$Fast" time="0.001">
    <system-out><![CDATA[16:18:52.839 [main] INFO sn.ept.git.seminaire.cicd.demo.E_FirstPrincipalTest - Something to do before each test
]]></system-out>
  </testcase>
</testsuite>