<?xml version="1.0" encoding="UTF-8"?>
<testsuite xmlns:xsi="http://www.w3.org/2001/XMLSchema-instance" xsi:noNamespaceSchemaLocation="https://maven.apache.org/surefire/maven-surefire-plugin/xsd/surefire-test-report-3.0.xsd" version="3.0" name="sn.ept.git.seminaire.cicd.services.TodoServiceTest" time="18.592" tests="13" errors="0" skipped="0" failures="0">
  <properties>
    <property name="sun.desktop" value="windows"/>
    <property name="awt.toolkit" value="sun.awt.windows.WToolkit"/>
    <property name="file.encoding.pkg" value="sun.io"/>
    <property name="java.specification.version" value="1.8"/>
    <property name="sun.cpu.isalist" value="amd64"/>
    <property name="sun.jnu.encoding" value="Cp1252"/>
    <property name="java.class.path" value="C:\dev\apps\java\todos\target\test-classes;C:\dev\apps\java\todos\target\classes;C:\Users\ibou.sene\.m2\repository\org\jacoco\jacoco-maven-plugin\0.8.6\jacoco-maven-plugin-0.8.6.jar;C:\Users\ibou.sene\.m2\repository\org\apache\maven\maven-plugin-api\3.0\maven-plugin-api-3.0.jar;C:\Users\ibou.sene\.m2\repository\org\apache\maven\maven-model\3.0\maven-model-3.0.jar;C:\Users\ibou.sene\.m2\repository\org\apache\maven\maven-artifact\3.0\maven-artifact-3.0.jar;C:\Users\ibou.sene\.m2\repository\org\sonatype\sisu\sisu-inject-plexus\1.4.2\sisu-inject-plexus-1.4.2.jar;C:\Users\ibou.sene\.m2\repository\org\sonatype\sisu\sisu-inject-bean\1.4.2\sisu-inject-bean-1.4.2.jar;C:\Users\ibou.sene\.m2\repository\org\sonatype\sisu\sisu-guice\2.1.7\sisu-guice-2.1.7-noaop.jar;C:\Users\ibou.sene\.m2\repository\org\apache\maven\maven-core\3.0\maven-core-3.0.jar;C:\Users\ibou.sene\.m2\repository\org\apache\maven\maven-settings\3.0\maven-settings-3.0.jar;C:\Users\ibou.sene\.m2\repository\org\apache\maven\maven-settings-builder\3.0\maven-settings-builder-3.0.jar;C:\Users\ibou.sene\.m2\repository\org\apache\maven\maven-repository-metadata\3.0\maven-repository-metadata-3.0.jar;C:\Users\ibou.sene\.m2\repository\org\apache\maven\maven-model-builder\3.0\maven-model-builder-3.0.jar;C:\Users\ibou.sene\.m2\repository\org\apache\maven\maven-aether-provider\3.0\maven-aether-provider-3.0.jar;C:\Users\ibou.sene\.m2\repository\org\sonatype\aether\aether-impl\1.7\aether-impl-1.7.jar;C:\Users\ibou.sene\.m2\repository\org\sonatype\aether\aether-spi\1.7\aether-spi-1.7.jar;C:\Users\ibou.sene\.m2\repository\org\sonatype\aether\aether-api\1.7\aether-api-1.7.jar;C:\Users\ibou.sene\.m2\repository\org\sonatype\aether\aether-util\1.7\aether-util-1.7.jar;C:\Users\ibou.sene\.m2\repository\org\codehaus\plexus\plexus-interpolation\1.14\plexus-interpolation-1.14.jar;C:\Users\ibou.sene\.m2\repository\org\codehaus\plexus\plexus-classworlds\2.2.3\plexus-classworlds-2.2.3.jar;C:\Users\ibou.sene\.m2\repository\org\codehaus\plexus\plexus-component-annotations\1.5.5\plexus-component-annotations-1.5.5.jar;C:\Users\ibou.sene\.m2\repository\org\sonatype\plexus\plexus-sec-dispatcher\1.3\plexus-sec-dispatcher-1.3.jar;C:\Users\ibou.sene\.m2\repository\org\sonatype\plexus\plexus-cipher\1.4\plexus-cipher-1.4.jar;C:\Users\ibou.sene\.m2\repository\org\codehaus\plexus\plexus-utils\3.0.22\plexus-utils-3.0.22.jar;C:\Users\ibou.sene\.m2\repository\org\apache\maven\shared\file-management\1.2.1\file-management-1.2.1.jar;C:\Users\ibou.sene\.m2\repository\org\apache\maven\shared\maven-shared-io\1.1\maven-shared-io-1.1.jar;C:\Users\ibou.sene\.m2\repository\org\apache\maven\maven-artifact-manager\2.0.2\maven-artifact-manager-2.0.2.jar;C:\Users\ibou.sene\.m2\repository\org\apache\maven\wagon\wagon-provider-api\1.0-alpha-6\wagon-provider-api-1.0-alpha-6.jar;C:\Users\ibou.sene\.m2\repository\org\codehaus\plexus\plexus-container-default\1.0-alpha-9\plexus-container-default-1.0-alpha-9.jar;C:\Users\ibou.sene\.m2\repository\junit\junit\4.13.2\junit-4.13.2.jar;C:\Users\ibou.sene\.m2\repository\org\hamcrest\hamcrest-core\2.2\hamcrest-core-2.2.jar;C:\Users\ibou.sene\.m2\repository\classworlds\classworlds\1.1-alpha-2\classworlds-1.1-alpha-2.jar;C:\Users\ibou.sene\.m2\repository\org\apache\maven\reporting\maven-reporting-api\3.0\maven-reporting-api-3.0.jar;C:\Users\ibou.sene\.m2\repository\org\apache\maven\doxia\doxia-sink-api\1.0\doxia-sink-api-1.0.jar;C:\Users\ibou.sene\.m2\repository\org\apache\maven\reporting\maven-reporting-impl\2.1\maven-reporting-impl-2.1.jar;C:\Users\ibou.sene\.m2\repository\org\apache\maven\maven-project\2.0.10\maven-project-2.0.10.jar;C:\Users\ibou.sene\.m2\repository\org\apache\maven\maven-profile\2.0.10\maven-profile-2.0.10.jar;C:\Users\ibou.sene\.m2\repository\org\apache\maven\maven-plugin-registry\2.0.10\maven-plugin-registry-2.0.10.jar;C:\Users\ibou.sene\.m2\repository\org\apache\maven\doxia\doxia-core\1.1.2\doxia-core-1.1.2.jar;C:\Users\ibou.sene\.m2\repository\org\apache\maven\doxia\doxia-logging-api\1.1.2\doxia-logging-api-1.1.2.jar;C:\Users\ibou.sene\.m2\repository\xerces\xercesImpl\2.8.1\xercesImpl-2.8.1.jar;C:\Users\ibou.sene\.m2\repository\commons-httpclient\commons-httpclient\3.1\commons-httpclient-3.1.jar;C:\Users\ibou.sene\.m2\repository\commons-codec\commons-codec\1.15\commons-codec-1.15.jar;C:\Users\ibou.sene\.m2\repository\org\apache\maven\doxia\doxia-site-renderer\1.1.2\doxia-site-renderer-1.1.2.jar;C:\Users\ibou.sene\.m2\repository\org\apache\maven\doxia\doxia-decoration-model\1.1.2\doxia-decoration-model-1.1.2.jar;C:\Users\ibou.sene\.m2\repository\org\apache\maven\doxia\doxia-module-xhtml\1.1.2\doxia-module-xhtml-1.1.2.jar;C:\Users\ibou.sene\.m2\repository\org\apache\maven\doxia\doxia-module-fml\1.1.2\doxia-module-fml-1.1.2.jar;C:\Users\ibou.sene\.m2\repository\org\codehaus\plexus\plexus-i18n\1.0-beta-7\plexus-i18n-1.0-beta-7.jar;C:\Users\ibou.sene\.m2\repository\org\codehaus\plexus\plexus-velocity\1.1.7\plexus-velocity-1.1.7.jar;C:\Users\ibou.sene\.m2\repository\org\apache\velocity\velocity\1.5\velocity-1.5.jar;C:\Users\ibou.sene\.m2\repository\commons-collections\commons-collections\3.2\commons-collections-3.2.jar;C:\Users\ibou.sene\.m2\repository\commons-validator\commons-validator\1.2.0\commons-validator-1.2.0.jar;C:\Users\ibou.sene\.m2\repository\commons-beanutils\commons-beanutils\1.7.0\commons-beanutils-1.7.0.jar;C:\Users\ibou.sene\.m2\repository\commons-digester\commons-digester\1.6\commons-digester-1.6.jar;C:\Users\ibou.sene\.m2\repository\commons-logging\commons-logging\1.0.4\commons-logging-1.0.4.jar;C:\Users\ibou.sene\.m2\repository\oro\oro\2.0.8\oro-2.0.8.jar;C:\Users\ibou.sene\.m2\repository\xml-apis\xml-apis\1.0.b2\xml-apis-1.0.b2.jar;C:\Users\ibou.sene\.m2\repository\org\jacoco\org.jacoco.agent\0.8.6\org.jacoco.agent-0.8.6-runtime.jar;C:\Users\ibou.sene\.m2\repository\org\jacoco\org.jacoco.core\0.8.6\org.jacoco.core-0.8.6.jar;C:\Users\ibou.sene\.m2\repository\org\ow2\asm\asm\8.0.1\asm-8.0.1.jar;C:\Users\ibou.sene\.m2\repository\org\ow2\asm\asm-commons\8.0.1\asm-commons-8.0.1.jar;C:\Users\ibou.sene\.m2\repository\org\ow2\asm\asm-analysis\8.0.1\asm-analysis-8.0.1.jar;C:\Users\ibou.sene\.m2\repository\org\ow2\asm\asm-tree\8.0.1\asm-tree-8.0.1.jar;C:\Users\ibou.sene\.m2\repository\org\jacoco\org.jacoco.report\0.8.6\org.jacoco.report-0.8.6.jar;C:\Users\ibou.sene\.m2\repository\com\tngtech\archunit\archunit-junit5-api\0.14.1\archunit-junit5-api-0.14.1.jar;C:\Users\ibou.sene\.m2\repository\com\tngtech\archunit\archunit\0.14.1\archunit-0.14.1.jar;C:\Users\ibou.sene\.m2\repository\org\slf4j\slf4j-api\1.7.31\slf4j-api-1.7.31.jar;C:\Users\ibou.sene\.m2\repository\com\tngtech\archunit\archunit-junit5-engine\0.14.1\archunit-junit5-engine-0.14.1.jar;C:\Users\ibou.sene\.m2\repository\com\tngtech\archunit\archunit-junit5-engine-api\0.14.1\archunit-junit5-engine-api-0.14.1.jar;C:\Users\ibou.sene\.m2\repository\org\junit\platform\junit-platform-engine\1.7.2\junit-platform-engine-1.7.2.jar;C:\Users\ibou.sene\.m2\repository\org\springframework\boot\spring-boot-starter-data-jpa\2.5.2\spring-boot-starter-data-jpa-2.5.2.jar;C:\Users\ibou.sene\.m2\repository\org\springframework\boot\spring-boot-starter-aop\2.5.2\spring-boot-starter-aop-2.5.2.jar;C:\Users\ibou.sene\.m2\repository\org\springframework\spring-aop\5.3.8\spring-aop-5.3.8.jar;C:\Users\ibou.sene\.m2\repository\org\aspectj\aspectjweaver\1.9.6\aspectjweaver-1.9.6.jar;C:\Users\ibou.sene\.m2\repository\org\springframework\boot\spring-boot-starter-jdbc\2.5.2\spring-boot-starter-jdbc-2.5.2.jar;C:\Users\ibou.sene\.m2\repository\com\zaxxer\HikariCP\4.0.3\HikariCP-4.0.3.jar;C:\Users\ibou.sene\.m2\repository\org\springframework\spring-jdbc\5.3.8\spring-jdbc-5.3.8.jar;C:\Users\ibou.sene\.m2\repository\jakarta\transaction\jakarta.transaction-api\1.3.3\jakarta.transaction-api-1.3.3.jar;C:\Users\ibou.sene\.m2\repository\jakarta\persistence\jakarta.persistence-api\2.2.3\jakarta.persistence-api-2.2.3.jar;C:\Users\ibou.sene\.m2\repository\org\hibernate\hibernate-core\5.4.32.Final\hibernate-core-5.4.32.Final.jar;C:\Users\ibou.sene\.m2\repository\org\jboss\logging\jboss-logging\3.4.2.Final\jboss-logging-3.4.2.Final.jar;C:\Users\ibou.sene\.m2\repository\org\javassist\javassist\3.27.0-GA\javassist-3.27.0-GA.jar;C:\Users\ibou.sene\.m2\repository\antlr\antlr\2.7.7\antlr-2.7.7.jar;C:\Users\ibou.sene\.m2\repository\org\jboss\jandex\2.2.3.Final\jandex-2.2.3.Final.jar;C:\Users\ibou.sene\.m2\repository\com\fasterxml\classmate\1.5.1\classmate-1.5.1.jar;C:\Users\ibou.sene\.m2\repository\org\dom4j\dom4j\2.1.3\dom4j-2.1.3.jar;C:\Users\ibou.sene\.m2\repository\org\hibernate\common\hibernate-commons-annotations\5.1.2.Final\hibernate-commons-annotations-5.1.2.Final.jar;C:\Users\ibou.sene\.m2\repository\org\glassfish\jaxb\jaxb-runtime\2.3.4\jaxb-runtime-2.3.4.jar;C:\Users\ibou.sene\.m2\repository\org\glassfish\jaxb\txw2\2.3.4\txw2-2.3.4.jar;C:\Users\ibou.sene\.m2\repository\com\sun\istack\istack-commons-runtime\3.0.12\istack-commons-runtime-3.0.12.jar;C:\Users\ibou.sene\.m2\repository\com\sun\activation\jakarta.activation\1.2.2\jakarta.activation-1.2.2.jar;C:\Users\ibou.sene\.m2\repository\org\springframework\data\spring-data-jpa\2.5.2\spring-data-jpa-2.5.2.jar;C:\Users\ibou.sene\.m2\repository\org\springframework\data\spring-data-commons\2.5.2\spring-data-commons-2.5.2.jar;C:\Users\ibou.sene\.m2\repository\org\springframework\spring-orm\5.3.8\spring-orm-5.3.8.jar;C:\Users\ibou.sene\.m2\repository\org\springframework\spring-context\5.3.8\spring-context-5.3.8.jar;C:\Users\ibou.sene\.m2\repository\org\springframework\spring-tx\5.3.8\spring-tx-5.3.8.jar;C:\Users\ibou.sene\.m2\repository\org\springframework\spring-beans\5.3.8\spring-beans-5.3.8.jar;C:\Users\ibou.sene\.m2\repository\org\springframework\spring-aspects\5.3.8\spring-aspects-5.3.8.jar;C:\Users\ibou.sene\.m2\repository\org\springframework\boot\spring-boot-starter-web\2.5.2\spring-boot-starter-web-2.5.2.jar;C:\Users\ibou.sene\.m2\repository\org\springframework\boot\spring-boot-starter\2.5.2\spring-boot-starter-2.5.2.jar;C:\Users\ibou.sene\.m2\repository\org\springframework\boot\spring-boot\2.5.2\spring-boot-2.5.2.jar;C:\Users\ibou.sene\.m2\repository\org\springframework\boot\spring-boot-autoconfigure\2.5.2\spring-boot-autoconfigure-2.5.2.jar;C:\Users\ibou.sene\.m2\repository\org\springframework\boot\spring-boot-starter-logging\2.5.2\spring-boot-starter-logging-2.5.2.jar;C:\Users\ibou.sene\.m2\repository\ch\qos\logback\logback-classic\1.2.3\logback-classic-1.2.3.jar;C:\Users\ibou.sene\.m2\repository\ch\qos\logback\logback-core\1.2.3\logback-core-1.2.3.jar;C:\Users\ibou.sene\.m2\repository\org\slf4j\jul-to-slf4j\1.7.31\jul-to-slf4j-1.7.31.jar;C:\Users\ibou.sene\.m2\repository\jakarta\annotation\jakarta.annotation-api\1.3.5\jakarta.annotation-api-1.3.5.jar;C:\Users\ibou.sene\.m2\repository\org\yaml\snakeyaml\1.28\snakeyaml-1.28.jar;C:\Users\ibou.sene\.m2\repository\org\springframework\boot\spring-boot-starter-json\2.5.2\spring-boot-starter-json-2.5.2.jar;C:\Users\ibou.sene\.m2\repository\com\fasterxml\jackson\core\jackson-databind\2.12.3\jackson-databind-2.12.3.jar;C:\Users\ibou.sene\.m2\repository\com\fasterxml\jackson\core\jackson-annotations\2.12.3\jackson-annotations-2.12.3.jar;C:\Users\ibou.sene\.m2\repository\com\fasterxml\jackson\core\jackson-core\2.12.3\jackson-core-2.12.3.jar;C:\Users\ibou.sene\.m2\repository\com\fasterxml\jackson\datatype\jackson-datatype-jdk8\2.12.3\jackson-datatype-jdk8-2.12.3.jar;C:\Users\ibou.sene\.m2\repository\com\fasterxml\jackson\datatype\jackson-datatype-jsr310\2.12.3\jackson-datatype-jsr310-2.12.3.jar;C:\Users\ibou.sene\.m2\repository\com\fasterxml\jackson\module\jackson-module-parameter-names\2.12.3\jackson-module-parameter-names-2.12.3.jar;C:\Users\ibou.sene\.m2\repository\org\springframework\boot\spring-boot-starter-tomcat\2.5.2\spring-boot-starter-tomcat-2.5.2.jar;C:\Users\ibou.sene\.m2\repository\org\apache\tomcat\embed\tomcat-embed-core\9.0.48\tomcat-embed-core-9.0.48.jar;C:\Users\ibou.sene\.m2\repository\org\apache\tomcat\embed\tomcat-embed-websocket\9.0.48\tomcat-embed-websocket-9.0.48.jar;C:\Users\ibou.sene\.m2\repository\org\springframework\spring-web\5.3.8\spring-web-5.3.8.jar;C:\Users\ibou.sene\.m2\repository\org\springframework\spring-webmvc\5.3.8\spring-webmvc-5.3.8.jar;C:\Users\ibou.sene\.m2\repository\org\springframework\spring-expression\5.3.8\spring-expression-5.3.8.jar;C:\Users\ibou.sene\.m2\repository\com\microsoft\sqlserver\mssql-jdbc\9.2.1.jre8\mssql-jdbc-9.2.1.jre8.jar;C:\Users\ibou.sene\.m2\repository\mysql\mysql-connector-java\8.0.25\mysql-connector-java-8.0.25.jar;C:\Users\ibou.sene\.m2\repository\org\mapstruct\mapstruct-processor\1.3.1.Final\mapstruct-processor-1.3.1.Final.jar;C:\Users\ibou.sene\.m2\repository\org\mapstruct\mapstruct\1.3.1.Final\mapstruct-1.3.1.Final.jar;C:\Users\ibou.sene\.m2\repository\org\projectlombok\lombok\1.18.10\lombok-1.18.10.jar;C:\Users\ibou.sene\.m2\repository\org\springframework\boot\spring-boot-starter-test\2.5.2\spring-boot-starter-test-2.5.2.jar;C:\Users\ibou.sene\.m2\repository\org\springframework\boot\spring-boot-test\2.5.2\spring-boot-test-2.5.2.jar;C:\Users\ibou.sene\.m2\repository\org\springframework\boot\spring-boot-test-autoconfigure\2.5.2\spring-boot-test-autoconfigure-2.5.2.jar;C:\Users\ibou.sene\.m2\repository\com\jayway\jsonpath\json-path\2.5.0\json-path-2.5.0.jar;C:\Users\ibou.sene\.m2\repository\net\minidev\json-smart\2.4.7\json-smart-2.4.7.jar;C:\Users\ibou.sene\.m2\repository\net\minidev\accessors-smart\2.4.7\accessors-smart-2.4.7.jar;C:\Users\ibou.sene\.m2\repository\jakarta\xml\bind\jakarta.xml.bind-api\2.3.3\jakarta.xml.bind-api-2.3.3.jar;C:\Users\ibou.sene\.m2\repository\jakarta\activation\jakarta.activation-api\1.2.2\jakarta.activation-api-1.2.2.jar;C:\Users\ibou.sene\.m2\repository\org\assertj\assertj-core\3.19.0\assertj-core-3.19.0.jar;C:\Users\ibou.sene\.m2\repository\org\hamcrest\hamcrest\2.2\hamcrest-2.2.jar;C:\Users\ibou.sene\.m2\repository\org\junit\jupiter\junit-jupiter\5.7.2\junit-jupiter-5.7.2.jar;C:\Users\ibou.sene\.m2\repository\org\junit\jupiter\junit-jupiter-params\5.7.2\junit-jupiter-params-5.7.2.jar;C:\Users\ibou.sene\.m2\repository\org\junit\jupiter\junit-jupiter-engine\5.7.2\junit-jupiter-engine-5.7.2.jar;C:\Users\ibou.sene\.m2\repository\org\mockito\mockito-junit-jupiter\3.9.0\mockito-junit-jupiter-3.9.0.jar;C:\Users\ibou.sene\.m2\repository\org\skyscreamer\jsonassert\1.5.0\jsonassert-1.5.0.jar;C:\Users\ibou.sene\.m2\repository\com\vaadin\external\google\android-json\0.0.20131108.vaadin1\android-json-0.0.20131108.vaadin1.jar;C:\Users\ibou.sene\.m2\repository\org\springframework\spring-core\5.3.8\spring-core-5.3.8.jar;C:\Users\ibou.sene\.m2\repository\org\springframework\spring-jcl\5.3.8\spring-jcl-5.3.8.jar;C:\Users\ibou.sene\.m2\repository\org\springframework\spring-test\5.3.8\spring-test-5.3.8.jar;C:\Users\ibou.sene\.m2\repository\org\xmlunit\xmlunit-core\2.8.2\xmlunit-core-2.8.2.jar;C:\Users\ibou.sene\.m2\repository\org\hamcrest\hamcrest-all\1.3\hamcrest-all-1.3.jar;C:\Users\ibou.sene\.m2\repository\org\mockito\mockito-core\3.9.0\mockito-core-3.9.0.jar;C:\Users\ibou.sene\.m2\repository\net\bytebuddy\byte-buddy\1.10.22\byte-buddy-1.10.22.jar;C:\Users\ibou.sene\.m2\repository\net\bytebuddy\byte-buddy-agent\1.10.22\byte-buddy-agent-1.10.22.jar;C:\Users\ibou.sene\.m2\repository\org\objenesis\objenesis\3.2\objenesis-3.2.jar;C:\Users\ibou.sene\.m2\repository\org\junit\jupiter\junit-jupiter-api\5.8.1\junit-jupiter-api-5.8.1.jar;C:\Users\ibou.sene\.m2\repository\org\opentest4j\opentest4j\1.2.0\opentest4j-1.2.0.jar;C:\Users\ibou.sene\.m2\repository\org\junit\platform\junit-platform-commons\1.7.2\junit-platform-commons-1.7.2.jar;C:\Users\ibou.sene\.m2\repository\org\apiguardian\apiguardian-api\1.1.2\apiguardian-api-1.1.2.jar;C:\Users\ibou.sene\.m2\repository\com\h2database\h2\1.4.200\h2-1.4.200.jar;C:\Users\ibou.sene\.m2\repository\org\springframework\boot\spring-boot-starter-validation\2.5.2\spring-boot-starter-validation-2.5.2.jar;C:\Users\ibou.sene\.m2\repository\org\apache\tomcat\embed\tomcat-embed-el\9.0.48\tomcat-embed-el-9.0.48.jar;C:\Users\ibou.sene\.m2\repository\org\hibernate\validator\hibernate-validator\6.2.0.Final\hibernate-validator-6.2.0.Final.jar;C:\Users\ibou.sene\.m2\repository\jakarta\validation\jakarta.validation-api\2.0.2\jakarta.validation-api-2.0.2.jar;C:\Users\ibou.sene\.m2\repository\commons-lang\commons-lang\2.5\commons-lang-2.5.jar;"/>
    <property name="java.vm.vendor" value="Oracle Corporation"/>
    <property name="sun.arch.data.model" value="64"/>
    <property name="user.variant" value=""/>
    <property name="java.vendor.url" value="http://java.oracle.com/"/>
    <property name="user.timezone" value="UTC"/>
    <property name="java.vm.specification.version" value="1.8"/>
    <property name="os.name" value="Windows 10"/>
    <property name="user.country" value="FR"/>
    <property name="sun.java.launcher" value="SUN_STANDARD"/>
    <property name="sun.boot.library.path" value="C:\Program Files\Java\jdk1.8.0_261\jre\bin"/>
    <property name="sun.java.command" value="C:\Users\ibou.sene\AppData\Local\Temp\surefire6442626094974564489\surefirebooter1647607322481209108.jar C:\Users\ibou.sene\AppData\Local\Temp\surefire6442626094974564489 2022-08-11T16-18-24_642-jvmRun1 surefire692715350192525920tmp surefire_233908586852854474749tmp"/>
    <property name="surefire.test.class.path" value="C:\dev\apps\java\todos\target\test-classes;C:\dev\apps\java\todos\target\classes;C:\Users\ibou.sene\.m2\repository\org\jacoco\jacoco-maven-plugin\0.8.6\jacoco-maven-plugin-0.8.6.jar;C:\Users\ibou.sene\.m2\repository\org\apache\maven\maven-plugin-api\3.0\maven-plugin-api-3.0.jar;C:\Users\ibou.sene\.m2\repository\org\apache\maven\maven-model\3.0\maven-model-3.0.jar;C:\Users\ibou.sene\.m2\repository\org\apache\maven\maven-artifact\3.0\maven-artifact-3.0.jar;C:\Users\ibou.sene\.m2\repository\org\sonatype\sisu\sisu-inject-plexus\1.4.2\sisu-inject-plexus-1.4.2.jar;C:\Users\ibou.sene\.m2\repository\org\sonatype\sisu\sisu-inject-bean\1.4.2\sisu-inject-bean-1.4.2.jar;C:\Users\ibou.sene\.m2\repository\org\sonatype\sisu\sisu-guice\2.1.7\sisu-guice-2.1.7-noaop.jar;C:\Users\ibou.sene\.m2\repository\org\apache\maven\maven-core\3.0\maven-core-3.0.jar;C:\Users\ibou.sene\.m2\repository\org\apache\maven\maven-settings\3.0\maven-settings-3.0.jar;C:\Users\ibou.sene\.m2\repository\org\apache\maven\maven-settings-builder\3.0\maven-settings-builder-3.0.jar;C:\Users\ibou.sene\.m2\repository\org\apache\maven\maven-repository-metadata\3.0\maven-repository-metadata-3.0.jar;C:\Users\ibou.sene\.m2\repository\org\apache\maven\maven-model-builder\3.0\maven-model-builder-3.0.jar;C:\Users\ibou.sene\.m2\repository\org\apache\maven\maven-aether-provider\3.0\maven-aether-provider-3.0.jar;C:\Users\ibou.sene\.m2\repository\org\sonatype\aether\aether-impl\1.7\aether-impl-1.7.jar;C:\Users\ibou.sene\.m2\repository\org\sonatype\aether\aether-spi\1.7\aether-spi-1.7.jar;C:\Users\ibou.sene\.m2\repository\org\sonatype\aether\aether-api\1.7\aether-api-1.7.jar;C:\Users\ibou.sene\.m2\repository\org\sonatype\aether\aether-util\1.7\aether-util-1.7.jar;C:\Users\ibou.sene\.m2\repository\org\codehaus\plexus\plexus-interpolation\1.14\plexus-interpolation-1.14.jar;C:\Users\ibou.sene\.m2\repository\org\codehaus\plexus\plexus-classworlds\2.2.3\plexus-classworlds-2.2.3.jar;C:\Users\ibou.sene\.m2\repository\org\codehaus\plexus\plexus-component-annotations\1.5.5\plexus-component-annotations-1.5.5.jar;C:\Users\ibou.sene\.m2\repository\org\sonatype\plexus\plexus-sec-dispatcher\1.3\plexus-sec-dispatcher-1.3.jar;C:\Users\ibou.sene\.m2\repository\org\sonatype\plexus\plexus-cipher\1.4\plexus-cipher-1.4.jar;C:\Users\ibou.sene\.m2\repository\org\codehaus\plexus\plexus-utils\3.0.22\plexus-utils-3.0.22.jar;C:\Users\ibou.sene\.m2\repository\org\apache\maven\shared\file-management\1.2.1\file-management-1.2.1.jar;C:\Users\ibou.sene\.m2\repository\org\apache\maven\shared\maven-shared-io\1.1\maven-shared-io-1.1.jar;C:\Users\ibou.sene\.m2\repository\org\apache\maven\maven-artifact-manager\2.0.2\maven-artifact-manager-2.0.2.jar;C:\Users\ibou.sene\.m2\repository\org\apache\maven\wagon\wagon-provider-api\1.0-alpha-6\wagon-provider-api-1.0-alpha-6.jar;C:\Users\ibou.sene\.m2\repository\org\codehaus\plexus\plexus-container-default\1.0-alpha-9\plexus-container-default-1.0-alpha-9.jar;C:\Users\ibou.sene\.m2\repository\junit\junit\4.13.2\junit-4.13.2.jar;C:\Users\ibou.sene\.m2\repository\org\hamcrest\hamcrest-core\2.2\hamcrest-core-2.2.jar;C:\Users\ibou.sene\.m2\repository\classworlds\classworlds\1.1-alpha-2\classworlds-1.1-alpha-2.jar;C:\Users\ibou.sene\.m2\repository\org\apache\maven\reporting\maven-reporting-api\3.0\maven-reporting-api-3.0.jar;C:\Users\ibou.sene\.m2\repository\org\apache\maven\doxia\doxia-sink-api\1.0\doxia-sink-api-1.0.jar;C:\Users\ibou.sene\.m2\repository\org\apache\maven\reporting\maven-reporting-impl\2.1\maven-reporting-impl-2.1.jar;C:\Users\ibou.sene\.m2\repository\org\apache\maven\maven-project\2.0.10\maven-project-2.0.10.jar;C:\Users\ibou.sene\.m2\repository\org\apache\maven\maven-profile\2.0.10\maven-profile-2.0.10.jar;C:\Users\ibou.sene\.m2\repository\org\apache\maven\maven-plugin-registry\2.0.10\maven-plugin-registry-2.0.10.jar;C:\Users\ibou.sene\.m2\repository\org\apache\maven\doxia\doxia-core\1.1.2\doxia-core-1.1.2.jar;C:\Users\ibou.sene\.m2\repository\org\apache\maven\doxia\doxia-logging-api\1.1.2\doxia-logging-api-1.1.2.jar;C:\Users\ibou.sene\.m2\repository\xerces\xercesImpl\2.8.1\xercesImpl-2.8.1.jar;C:\Users\ibou.sene\.m2\repository\commons-httpclient\commons-httpclient\3.1\commons-httpclient-3.1.jar;C:\Users\ibou.sene\.m2\repository\commons-codec\commons-codec\1.15\commons-codec-1.15.jar;C:\Users\ibou.sene\.m2\repository\org\apache\maven\doxia\doxia-site-renderer\1.1.2\doxia-site-renderer-1.1.2.jar;C:\Users\ibou.sene\.m2\repository\org\apache\maven\doxia\doxia-decoration-model\1.1.2\doxia-decoration-model-1.1.2.jar;C:\Users\ibou.sene\.m2\repository\org\apache\maven\doxia\doxia-module-xhtml\1.1.2\doxia-module-xhtml-1.1.2.jar;C:\Users\ibou.sene\.m2\repository\org\apache\maven\doxia\doxia-module-fml\1.1.2\doxia-module-fml-1.1.2.jar;C:\Users\ibou.sene\.m2\repository\org\codehaus\plexus\plexus-i18n\1.0-beta-7\plexus-i18n-1.0-beta-7.jar;C:\Users\ibou.sene\.m2\repository\org\codehaus\plexus\plexus-velocity\1.1.7\plexus-velocity-1.1.7.jar;C:\Users\ibou.sene\.m2\repository\org\apache\velocity\velocity\1.5\velocity-1.5.jar;C:\Users\ibou.sene\.m2\repository\commons-collections\commons-collections\3.2\commons-collections-3.2.jar;C:\Users\ibou.sene\.m2\repository\commons-validator\commons-validator\1.2.0\commons-validator-1.2.0.jar;C:\Users\ibou.sene\.m2\repository\commons-beanutils\commons-beanutils\1.7.0\commons-beanutils-1.7.0.jar;C:\Users\ibou.sene\.m2\repository\commons-digester\commons-digester\1.6\commons-digester-1.6.jar;C:\Users\ibou.sene\.m2\repository\commons-logging\commons-logging\1.0.4\commons-logging-1.0.4.jar;C:\Users\ibou.sene\.m2\repository\oro\oro\2.0.8\oro-2.0.8.jar;C:\Users\ibou.sene\.m2\repository\xml-apis\xml-apis\1.0.b2\xml-apis-1.0.b2.jar;C:\Users\ibou.sene\.m2\repository\org\jacoco\org.jacoco.agent\0.8.6\org.jacoco.agent-0.8.6-runtime.jar;C:\Users\ibou.sene\.m2\repository\org\jacoco\org.jacoco.core\0.8.6\org.jacoco.core-0.8.6.jar;C:\Users\ibou.sene\.m2\repository\org\ow2\asm\asm\8.0.1\asm-8.0.1.jar;C:\Users\ibou.sene\.m2\repository\org\ow2\asm\asm-commons\8.0.1\asm-commons-8.0.1.jar;C:\Users\ibou.sene\.m2\repository\org\ow2\asm\asm-analysis\8.0.1\asm-analysis-8.0.1.jar;C:\Users\ibou.sene\.m2\repository\org\ow2\asm\asm-tree\8.0.1\asm-tree-8.0.1.jar;C:\Users\ibou.sene\.m2\repository\org\jacoco\org.jacoco.report\0.8.6\org.jacoco.report-0.8.6.jar;C:\Users\ibou.sene\.m2\repository\com\tngtech\archunit\archunit-junit5-api\0.14.1\archunit-junit5-api-0.14.1.jar;C:\Users\ibou.sene\.m2\repository\com\tngtech\archunit\archunit\0.14.1\archunit-0.14.1.jar;C:\Users\ibou.sene\.m2\repository\org\slf4j\slf4j-api\1.7.31\slf4j-api-1.7.31.jar;C:\Users\ibou.sene\.m2\repository\com\tngtech\archunit\archunit-junit5-engine\0.14.1\archunit-junit5-engine-0.14.1.jar;C:\Users\ibou.sene\.m2\repository\com\tngtech\archunit\archunit-junit5-engine-api\0.14.1\archunit-junit5-engine-api-0.14.1.jar;C:\Users\ibou.sene\.m2\repository\org\junit\platform\junit-platform-engine\1.7.2\junit-platform-engine-1.7.2.jar;C:\Users\ibou.sene\.m2\repository\org\springframework\boot\spring-boot-starter-data-jpa\2.5.2\spring-boot-starter-data-jpa-2.5.2.jar;C:\Users\ibou.sene\.m2\repository\org\springframework\boot\spring-boot-starter-aop\2.5.2\spring-boot-starter-aop-2.5.2.jar;C:\Users\ibou.sene\.m2\repository\org\springframework\spring-aop\5.3.8\spring-aop-5.3.8.jar;C:\Users\ibou.sene\.m2\repository\org\aspectj\aspectjweaver\1.9.6\aspectjweaver-1.9.6.jar;C:\Users\ibou.sene\.m2\repository\org\springframework\boot\spring-boot-starter-jdbc\2.5.2\spring-boot-starter-jdbc-2.5.2.jar;C:\Users\ibou.sene\.m2\repository\com\zaxxer\HikariCP\4.0.3\HikariCP-4.0.3.jar;C:\Users\ibou.sene\.m2\repository\org\springframework\spring-jdbc\5.3.8\spring-jdbc-5.3.8.jar;C:\Users\ibou.sene\.m2\repository\jakarta\transaction\jakarta.transaction-api\1.3.3\jakarta.transaction-api-1.3.3.jar;C:\Users\ibou.sene\.m2\repository\jakarta\persistence\jakarta.persistence-api\2.2.3\jakarta.persistence-api-2.2.3.jar;C:\Users\ibou.sene\.m2\repository\org\hibernate\hibernate-core\5.4.32.Final\hibernate-core-5.4.32.Final.jar;C:\Users\ibou.sene\.m2\repository\org\jboss\logging\jboss-logging\3.4.2.Final\jboss-logging-3.4.2.Final.jar;C:\Users\ibou.sene\.m2\repository\org\javassist\javassist\3.27.0-GA\javassist-3.27.0-GA.jar;C:\Users\ibou.sene\.m2\repository\antlr\antlr\2.7.7\antlr-2.7.7.jar;C:\Users\ibou.sene\.m2\repository\org\jboss\jandex\2.2.3.Final\jandex-2.2.3.Final.jar;C:\Users\ibou.sene\.m2\repository\com\fasterxml\classmate\1.5.1\classmate-1.5.1.jar;C:\Users\ibou.sene\.m2\repository\org\dom4j\dom4j\2.1.3\dom4j-2.1.3.jar;C:\Users\ibou.sene\.m2\repository\org\hibernate\common\hibernate-commons-annotations\5.1.2.Final\hibernate-commons-annotations-5.1.2.Final.jar;C:\Users\ibou.sene\.m2\repository\org\glassfish\jaxb\jaxb-runtime\2.3.4\jaxb-runtime-2.3.4.jar;C:\Users\ibou.sene\.m2\repository\org\glassfish\jaxb\txw2\2.3.4\txw2-2.3.4.jar;C:\Users\ibou.sene\.m2\repository\com\sun\istack\istack-commons-runtime\3.0.12\istack-commons-runtime-3.0.12.jar;C:\Users\ibou.sene\.m2\repository\com\sun\activation\jakarta.activation\1.2.2\jakarta.activation-1.2.2.jar;C:\Users\ibou.sene\.m2\repository\org\springframework\data\spring-data-jpa\2.5.2\spring-data-jpa-2.5.2.jar;C:\Users\ibou.sene\.m2\repository\org\springframework\data\spring-data-commons\2.5.2\spring-data-commons-2.5.2.jar;C:\Users\ibou.sene\.m2\repository\org\springframework\spring-orm\5.3.8\spring-orm-5.3.8.jar;C:\Users\ibou.sene\.m2\repository\org\springframework\spring-context\5.3.8\spring-context-5.3.8.jar;C:\Users\ibou.sene\.m2\repository\org\springframework\spring-tx\5.3.8\spring-tx-5.3.8.jar;C:\Users\ibou.sene\.m2\repository\org\springframework\spring-beans\5.3.8\spring-beans-5.3.8.jar;C:\Users\ibou.sene\.m2\repository\org\springframework\spring-aspects\5.3.8\spring-aspects-5.3.8.jar;C:\Users\ibou.sene\.m2\repository\org\springframework\boot\spring-boot-starter-web\2.5.2\spring-boot-starter-web-2.5.2.jar;C:\Users\ibou.sene\.m2\repository\org\springframework\boot\spring-boot-starter\2.5.2\spring-boot-starter-2.5.2.jar;C:\Users\ibou.sene\.m2\repository\org\springframework\boot\spring-boot\2.5.2\spring-boot-2.5.2.jar;C:\Users\ibou.sene\.m2\repository\org\springframework\boot\spring-boot-autoconfigure\2.5.2\spring-boot-autoconfigure-2.5.2.jar;C:\Users\ibou.sene\.m2\repository\org\springframework\boot\spring-boot-starter-logging\2.5.2\spring-boot-starter-logging-2.5.2.jar;C:\Users\ibou.sene\.m2\repository\ch\qos\logback\logback-classic\1.2.3\logback-classic-1.2.3.jar;C:\Users\ibou.sene\.m2\repository\ch\qos\logback\logback-core\1.2.3\logback-core-1.2.3.jar;C:\Users\ibou.sene\.m2\repository\org\slf4j\jul-to-slf4j\1.7.31\jul-to-slf4j-1.7.31.jar;C:\Users\ibou.sene\.m2\repository\jakarta\annotation\jakarta.annotation-api\1.3.5\jakarta.annotation-api-1.3.5.jar;C:\Users\ibou.sene\.m2\repository\org\yaml\snakeyaml\1.28\snakeyaml-1.28.jar;C:\Users\ibou.sene\.m2\repository\org\springframework\boot\spring-boot-starter-json\2.5.2\spring-boot-starter-json-2.5.2.jar;C:\Users\ibou.sene\.m2\repository\com\fasterxml\jackson\core\jackson-databind\2.12.3\jackson-databind-2.12.3.jar;C:\Users\ibou.sene\.m2\repository\com\fasterxml\jackson\core\jackson-annotations\2.12.3\jackson-annotations-2.12.3.jar;C:\Users\ibou.sene\.m2\repository\com\fasterxml\jackson\core\jackson-core\2.12.3\jackson-core-2.12.3.jar;C:\Users\ibou.sene\.m2\repository\com\fasterxml\jackson\datatype\jackson-datatype-jdk8\2.12.3\jackson-datatype-jdk8-2.12.3.jar;C:\Users\ibou.sene\.m2\repository\com\fasterxml\jackson\datatype\jackson-datatype-jsr310\2.12.3\jackson-datatype-jsr310-2.12.3.jar;C:\Users\ibou.sene\.m2\repository\com\fasterxml\jackson\module\jackson-module-parameter-names\2.12.3\jackson-module-parameter-names-2.12.3.jar;C:\Users\ibou.sene\.m2\repository\org\springframework\boot\spring-boot-starter-tomcat\2.5.2\spring-boot-starter-tomcat-2.5.2.jar;C:\Users\ibou.sene\.m2\repository\org\apache\tomcat\embed\tomcat-embed-core\9.0.48\tomcat-embed-core-9.0.48.jar;C:\Users\ibou.sene\.m2\repository\org\apache\tomcat\embed\tomcat-embed-websocket\9.0.48\tomcat-embed-websocket-9.0.48.jar;C:\Users\ibou.sene\.m2\repository\org\springframework\spring-web\5.3.8\spring-web-5.3.8.jar;C:\Users\ibou.sene\.m2\repository\org\springframework\spring-webmvc\5.3.8\spring-webmvc-5.3.8.jar;C:\Users\ibou.sene\.m2\repository\org\springframework\spring-expression\5.3.8\spring-expression-5.3.8.jar;C:\Users\ibou.sene\.m2\repository\com\microsoft\sqlserver\mssql-jdbc\9.2.1.jre8\mssql-jdbc-9.2.1.jre8.jar;C:\Users\ibou.sene\.m2\repository\mysql\mysql-connector-java\8.0.25\mysql-connector-java-8.0.25.jar;C:\Users\ibou.sene\.m2\repository\org\mapstruct\mapstruct-processor\1.3.1.Final\mapstruct-processor-1.3.1.Final.jar;C:\Users\ibou.sene\.m2\repository\org\mapstruct\mapstruct\1.3.1.Final\mapstruct-1.3.1.Final.jar;C:\Users\ibou.sene\.m2\repository\org\projectlombok\lombok\1.18.10\lombok-1.18.10.jar;C:\Users\ibou.sene\.m2\repository\org\springframework\boot\spring-boot-starter-test\2.5.2\spring-boot-starter-test-2.5.2.jar;C:\Users\ibou.sene\.m2\repository\org\springframework\boot\spring-boot-test\2.5.2\spring-boot-test-2.5.2.jar;C:\Users\ibou.sene\.m2\repository\org\springframework\boot\spring-boot-test-autoconfigure\2.5.2\spring-boot-test-autoconfigure-2.5.2.jar;C:\Users\ibou.sene\.m2\repository\com\jayway\jsonpath\json-path\2.5.0\json-path-2.5.0.jar;C:\Users\ibou.sene\.m2\repository\net\minidev\json-smart\2.4.7\json-smart-2.4.7.jar;C:\Users\ibou.sene\.m2\repository\net\minidev\accessors-smart\2.4.7\accessors-smart-2.4.7.jar;C:\Users\ibou.sene\.m2\repository\jakarta\xml\bind\jakarta.xml.bind-api\2.3.3\jakarta.xml.bind-api-2.3.3.jar;C:\Users\ibou.sene\.m2\repository\jakarta\activation\jakarta.activation-api\1.2.2\jakarta.activation-api-1.2.2.jar;C:\Users\ibou.sene\.m2\repository\org\assertj\assertj-core\3.19.0\assertj-core-3.19.0.jar;C:\Users\ibou.sene\.m2\repository\org\hamcrest\hamcrest\2.2\hamcrest-2.2.jar;C:\Users\ibou.sene\.m2\repository\org\junit\jupiter\junit-jupiter\5.7.2\junit-jupiter-5.7.2.jar;C:\Users\ibou.sene\.m2\repository\org\junit\jupiter\junit-jupiter-params\5.7.2\junit-jupiter-params-5.7.2.jar;C:\Users\ibou.sene\.m2\repository\org\junit\jupiter\junit-jupiter-engine\5.7.2\junit-jupiter-engine-5.7.2.jar;C:\Users\ibou.sene\.m2\repository\org\mockito\mockito-junit-jupiter\3.9.0\mockito-junit-jupiter-3.9.0.jar;C:\Users\ibou.sene\.m2\repository\org\skyscreamer\jsonassert\1.5.0\jsonassert-1.5.0.jar;C:\Users\ibou.sene\.m2\repository\com\vaadin\external\google\android-json\0.0.20131108.vaadin1\android-json-0.0.20131108.vaadin1.jar;C:\Users\ibou.sene\.m2\repository\org\springframework\spring-core\5.3.8\spring-core-5.3.8.jar;C:\Users\ibou.sene\.m2\repository\org\springframework\spring-jcl\5.3.8\spring-jcl-5.3.8.jar;C:\Users\ibou.sene\.m2\repository\org\springframework\spring-test\5.3.8\spring-test-5.3.8.jar;C:\Users\ibou.sene\.m2\repository\org\xmlunit\xmlunit-core\2.8.2\xmlunit-core-2.8.2.jar;C:\Users\ibou.sene\.m2\repository\org\hamcrest\hamcrest-all\1.3\hamcrest-all-1.3.jar;C:\Users\ibou.sene\.m2\repository\org\mockito\mockito-core\3.9.0\mockito-core-3.9.0.jar;C:\Users\ibou.sene\.m2\repository\net\bytebuddy\byte-buddy\1.10.22\byte-buddy-1.10.22.jar;C:\Users\ibou.sene\.m2\repository\net\bytebuddy\byte-buddy-agent\1.10.22\byte-buddy-agent-1.10.22.jar;C:\Users\ibou.sene\.m2\repository\org\objenesis\objenesis\3.2\objenesis-3.2.jar;C:\Users\ibou.sene\.m2\repository\org\junit\jupiter\junit-jupiter-api\5.8.1\junit-jupiter-api-5.8.1.jar;C:\Users\ibou.sene\.m2\repository\org\opentest4j\opentest4j\1.2.0\opentest4j-1.2.0.jar;C:\Users\ibou.sene\.m2\repository\org\junit\platform\junit-platform-commons\1.7.2\junit-platform-commons-1.7.2.jar;C:\Users\ibou.sene\.m2\repository\org\apiguardian\apiguardian-api\1.1.2\apiguardian-api-1.1.2.jar;C:\Users\ibou.sene\.m2\repository\com\h2database\h2\1.4.200\h2-1.4.200.jar;C:\Users\ibou.sene\.m2\repository\org\springframework\boot\spring-boot-starter-validation\2.5.2\spring-boot-starter-validation-2.5.2.jar;C:\Users\ibou.sene\.m2\repository\org\apache\tomcat\embed\tomcat-embed-el\9.0.48\tomcat-embed-el-9.0.48.jar;C:\Users\ibou.sene\.m2\repository\org\hibernate\validator\hibernate-validator\6.2.0.Final\hibernate-validator-6.2.0.Final.jar;C:\Users\ibou.sene\.m2\repository\jakarta\validation\jakarta.validation-api\2.0.2\jakarta.validation-api-2.0.2.jar;C:\Users\ibou.sene\.m2\repository\commons-lang\commons-lang\2.5\commons-lang-2.5.jar;"/>
    <property name="sun.cpu.endian" value="little"/>
    <property name="user.home" value="C:\Users\ibou.sene"/>
    <property name="user.language" value="fr"/>
    <property name="java.specification.vendor" value="Oracle Corporation"/>
    <property name="java.home" value="C:\Program Files\Java\jdk1.8.0_261\jre"/>
    <property name="basedir" value="C:\dev\apps\java\todos"/>
    <property name="file.separator" value="\"/>
    <property name="line.separator" value="&#10;"/>
    <property name="java.vm.specification.vendor" value="Oracle Corporation"/>
    <property name="java.specification.name" value="Java Platform API Specification"/>
    <property name="FILE_LOG_CHARSET" value="windows-1252"/>
    <property name="java.awt.graphicsenv" value="sun.awt.Win32GraphicsEnvironment"/>
    <property name="java.awt.headless" value="true"/>
    <property name="surefire.real.class.path" value="C:\Users\ibou.sene\AppData\Local\Temp\surefire6442626094974564489\surefirebooter1647607322481209108.jar"/>
    <property name="sun.boot.class.path" value="C:\Program Files\Java\jdk1.8.0_261\jre\lib\resources.jar;C:\Program Files\Java\jdk1.8.0_261\jre\lib\rt.jar;C:\Program Files\Java\jdk1.8.0_261\jre\lib\sunrsasign.jar;C:\Program Files\Java\jdk1.8.0_261\jre\lib\jsse.jar;C:\Program Files\Java\jdk1.8.0_261\jre\lib\jce.jar;C:\Program Files\Java\jdk1.8.0_261\jre\lib\charsets.jar;C:\Program Files\Java\jdk1.8.0_261\jre\lib\jfr.jar;C:\Program Files\Java\jdk1.8.0_261\jre\classes"/>
    <property name="user.script" value=""/>
    <property name="sun.management.compiler" value="HotSpot 64-Bit Tiered Compilers"/>
    <property name="java.runtime.version" value="1.8.0_261-b12"/>
    <property name="user.name" value="ibou.sene"/>
    <property name="path.separator" value=";"/>
    <property name="os.version" value="10.0"/>
    <property name="java.endorsed.dirs" value="C:\Program Files\Java\jdk1.8.0_261\jre\lib\endorsed"/>
    <property name="java.runtime.name" value="Java(TM) SE Runtime Environment"/>
    <property name="file.encoding" value="Cp1252"/>
    <property name="spring.beaninfo.ignore" value="true"/>
    <property name="java.vm.name" value="Java HotSpot(TM) 64-Bit Server VM"/>
    <property name="localRepository" value="C:\Users\ibou.sene\.m2\repository"/>
    <property name="java.vendor.url.bug" value="http://bugreport.sun.com/bugreport/"/>
    <property name="java.io.tmpdir" value="C:\Users\IBOU~1.SEN\AppData\Local\Temp\"/>
    <property name="com.zaxxer.hikari.pool_number" value="1"/>
    <property name="java.version" value="1.8.0_261"/>
    <property name="user.dir" value="C:\dev\apps\java\todos"/>
    <property name="os.arch" value="amd64"/>
    <property name="java.vm.specification.name" value="Java Virtual Machine Specification"/>
    <property name="PID" value="53444"/>
    <property name="java.awt.printerjob" value="sun.awt.windows.WPrinterJob"/>
    <property name="sun.os.patch.level" value=""/>
    <property name="CONSOLE_LOG_CHARSET" value="windows-1252"/>
    <property name="java.library.path" value="C:\Program Files\Java\jdk1.8.0_261\jre\bin;C:\WINDOWS\Sun\Java\bin;C:\WINDOWS\system32;C:\WINDOWS;C:\Python310\Scripts\;C:\Python310\;C:\Program Files (x86)\Microsoft SDKs\Azure\CLI2\wbin;C:\Program Files (x86)\Python38-32\Scripts\;C:\Program Files (x86)\Python38-32\;C:\Python38\Scripts\;C:\Python38\;C:\Program Files (x86)\Common Files\Oracle\Java\javapath;C:\WINDOWS\system32;C:\WINDOWS;C:\WINDOWS\System32\Wbem;C:\WINDOWS\System32\WindowsPowerShell\v1.0\;C:\WINDOWS\System32\OpenSSH\;C:\Program Files (x86)\Intel\Intel(R) Management Engine Components\DAL;C:\Program Files\Intel\Intel(R) Management Engine Components\DAL;C:\tools\maven\bin;C:\Program Files\Java\jdk1.8.0_261\bin;C:\ProgramData\chocolatey\bin;C:\tools\nodejs;C:\Program Files (x86)\Yarn\bin\;C:\Python38\;c:\Program Files\Microsoft SQL Server\110\Tools\Binn\;c:\Program Files (x86)\Microsoft SQL Server\110\Tools\Binn\;c:\Program Files\Microsoft SQL Server\110\DTS\Binn\;c:\Program Files (x86)\Microsoft SQL Server\110\Tools\Binn\ManagementStudio\;c:\Program Files (x86)\Microsoft Visual Studio 10.0\Common7\IDE\PrivateAssemblies\;c:\Program Files (x86)\Microsoft SQL Server\110\DTS\Binn\;C:\Program Files\Git\cmd;C:\tools\gradle-2.8\bin;;C:\Program Files (x86)\PuTTY\;C:\tools\nodejs\;C:\Program Files\Docker\Docker\resources\bin;C:\ProgramData\DockerDesktop\version-bin;C:\texlive\2021\bin\win32;C:\texlive\2020\bin\win32;C:\Users\ibou.sene\AppData\Local\Microsoft\WindowsApps;C:\Users\ibou.sene\AppData\Local\Yarn\bin;\\ELSDC1\Users$\ibou.sene\AppData\Roaming\npm;C:\Program Files\Oracle\VirtualBox;C:\Users\ibou.sene\AppData\Roaming\npm;."/>
    <property name="java.vm.info" value="mixed mode"/>
    <property name="java.vendor" value="Oracle Corporation"/>
    <property name="java.vm.version" value="25.261-b12"/>
    <property name="java.ext.dirs" value="C:\Program Files\Java\jdk1.8.0_261\jre\lib\ext;C:\WINDOWS\Sun\Java\lib\ext"/>
    <property name="sun.io.unicode.encoding" value="UnicodeLittle"/>
    <property name="java.class.version" value="52.0"/>
  </properties>
  <testcase name="defaultPageShouldBePositive" classname="sn.ept.git.seminaire.cicd.services.TodoServiceTest" time="0.657">
    <system-out><![CDATA[16:22:51.308 [main] DEBUG com.tngtech.archunit.ArchConfiguration - No configuration found in classpath at archunit.properties => Using default configuration
16:22:51.667 [main] DEBUG org.springframework.test.context.BootstrapUtils - Instantiating CacheAwareContextLoaderDelegate from class [org.springframework.test.context.cache.DefaultCacheAwareContextLoaderDelegate]
16:22:51.683 [main] DEBUG org.springframework.test.context.BootstrapUtils - Instantiating BootstrapContext using constructor [public org.springframework.test.context.support.DefaultBootstrapContext(java.lang.Class,org.springframework.test.context.CacheAwareContextLoaderDelegate)]
16:22:51.729 [main] DEBUG org.springframework.test.context.BootstrapUtils - Instantiating TestContextBootstrapper for test class [sn.ept.git.seminaire.cicd.services.TodoServiceTest] from class [org.springframework.boot.test.context.SpringBootTestContextBootstrapper]
16:22:51.745 [main] INFO org.springframework.boot.test.context.SpringBootTestContextBootstrapper - Neither @ContextConfiguration nor @ContextHierarchy found for test class [sn.ept.git.seminaire.cicd.services.TodoServiceTest], using SpringBootContextLoader
16:22:51.745 [main] DEBUG org.springframework.test.context.support.AbstractContextLoader - Did not detect default resource location for test class [sn.ept.git.seminaire.cicd.services.TodoServiceTest]: class path resource [sn/ept/git/seminaire/cicd/services/TodoServiceTest-context.xml] does not exist
16:22:51.745 [main] DEBUG org.springframework.test.context.support.AbstractContextLoader - Did not detect default resource location for test class [sn.ept.git.seminaire.cicd.services.TodoServiceTest]: class path resource [sn/ept/git/seminaire/cicd/services/TodoServiceTestContext.groovy] does not exist
16:22:51.745 [main] INFO org.springframework.test.context.support.AbstractContextLoader - Could not detect default resource locations for test class [sn.ept.git.seminaire.cicd.services.TodoServiceTest]: no resource found for suffixes {-context.xml, Context.groovy}.
16:22:51.808 [main] DEBUG org.springframework.test.context.support.ActiveProfilesUtils - Could not find an 'annotation declaring class' for annotation type [org.springframework.test.context.ActiveProfiles] and class [sn.ept.git.seminaire.cicd.services.TodoServiceTest]
16:22:52.041 [main] DEBUG org.springframework.boot.test.context.SpringBootTestContextBootstrapper - @TestExecutionListeners is not present for class [sn.ept.git.seminaire.cicd.services.TodoServiceTest]: using defaults.
16:22:52.041 [main] INFO org.springframework.boot.test.context.SpringBootTestContextBootstrapper - Loaded default TestExecutionListener class names from location [META-INF/spring.factories]: [org.springframework.boot.test.mock.mockito.MockitoTestExecutionListener, org.springframework.boot.test.mock.mockito.ResetMocksTestExecutionListener, org.springframework.boot.test.autoconfigure.restdocs.RestDocsTestExecutionListener, org.springframework.boot.test.autoconfigure.web.client.MockRestServiceServerResetTestExecutionListener, org.springframework.boot.test.autoconfigure.web.servlet.MockMvcPrintOnlyOnFailureTestExecutionListener, org.springframework.boot.test.autoconfigure.web.servlet.WebDriverTestExecutionListener, org.springframework.boot.test.autoconfigure.webservices.client.MockWebServiceServerTestExecutionListener, org.springframework.test.context.web.ServletTestExecutionListener, org.springframework.test.context.support.DirtiesContextBeforeModesTestExecutionListener, org.springframework.test.context.event.ApplicationEventsTestExecutionListener, org.springframework.test.context.support.DependencyInjectionTestExecutionListener, org.springframework.test.context.support.DirtiesContextTestExecutionListener, org.springframework.test.context.transaction.TransactionalTestExecutionListener, org.springframework.test.context.jdbc.SqlScriptsTestExecutionListener, org.springframework.test.context.event.EventPublishingTestExecutionListener]
16:22:52.073 [main] INFO org.springframework.boot.test.context.SpringBootTestContextBootstrapper - Using TestExecutionListeners: [org.springframework.test.context.web.ServletTestExecutionListener@6e005dc9, org.springframework.test.context.support.DirtiesContextBeforeModesTestExecutionListener@7ceb3185, org.springframework.test.context.event.ApplicationEventsTestExecutionListener@436c81a3, org.springframework.boot.test.mock.mockito.MockitoTestExecutionListener@3561c410, org.springframework.boot.test.autoconfigure.SpringBootDependencyInjectionTestExecutionListener@59e32960, org.springframework.test.context.support.DirtiesContextTestExecutionListener@7c214cc0, org.springframework.test.context.transaction.TransactionalTestExecutionListener@5b67bb7e, org.springframework.test.context.jdbc.SqlScriptsTestExecutionListener@609db546, org.springframework.test.context.event.EventPublishingTestExecutionListener@20f5281c, org.springframework.boot.test.mock.mockito.ResetMocksTestExecutionListener@56c4278e, org.springframework.boot.test.autoconfigure.restdocs.RestDocsTestExecutionListener@301eda63, org.springframework.boot.test.autoconfigure.web.client.MockRestServiceServerResetTestExecutionListener@3d246ea3, org.springframework.boot.test.autoconfigure.web.servlet.MockMvcPrintOnlyOnFailureTestExecutionListener@341814d3, org.springframework.boot.test.autoconfigure.web.servlet.WebDriverTestExecutionListener@4397ad89, org.springframework.boot.test.autoconfigure.webservices.client.MockWebServiceServerTestExecutionListener@59cba5a]
16:22:52.082 [main] DEBUG org.springframework.test.context.support.AbstractDirtiesContextTestExecutionListener - Before test class: context [DefaultTestContext@79dc5318 testClass = TodoServiceTest, testInstance = [null], testMethod = [null], testException = [null], mergedContextConfiguration = [WebMergedContextConfiguration@8e50104 testClass = TodoServiceTest, locations = '{}', classes = '{class sn.ept.git.seminaire.cicd.TodoApplication}', contextInitializerClasses = '[]', activeProfiles = '{}', propertySourceLocations = '{}', propertySourceProperties = '{org.springframework.boot.test.context.SpringBootTestContextBootstrapper=true}', contextCustomizers = set[org.springframework.boot.test.context.filter.ExcludeFilterContextCustomizer@71ba6d4e, org.springframework.boot.test.json.DuplicateJsonObjectContextCustomizerFactory$DuplicateJsonObjectContextCustomizer@63376bed, org.springframework.boot.test.mock.mockito.MockitoContextCustomizer@0, org.springframework.boot.test.web.client.TestRestTemplateContextCustomizer@78e4deb0, org.springframework.boot.test.autoconfigure.actuate.metrics.MetricsExportContextCustomizerFactory$DisableMetricExportContextCustomizer@470734c3, org.springframework.boot.test.autoconfigure.properties.PropertyMappingContextCustomizer@0, org.springframework.boot.test.autoconfigure.web.servlet.WebDriverContextCustomizerFactory$Customizer@1cf6d1be, org.springframework.boot.test.context.SpringBootTestArgs@1, org.springframework.boot.test.context.SpringBootTestWebEnvironment@418e7838], resourceBasePath = 'src/main/webapp', contextLoader = 'org.springframework.boot.test.context.SpringBootContextLoader', parent = [null]], attributes = map['org.springframework.test.context.web.ServletTestExecutionListener.activateListener' -> true]], class annotated with @DirtiesContext [false] with mode [null].
16:22:52.113 [main] INFO sn.ept.git.seminaire.cicd.services.TodoServiceTest -  before all
16:22:52.736 [main] DEBUG org.springframework.test.context.support.TestPropertySourceUtils - Adding inlined properties to environment: {spring.jmx.enabled=false, org.springframework.boot.test.context.SpringBootTestContextBootstrapper=true}

  .   ____          _            __ _ _
 /\\ / ___'_ __ _ _(_)_ __  __ _ \ \ \ \
( ( )\___ | '_ | '_| | '_ \/ _` | \ \ \ \
 \\/  ___)| |_)| | | | | || (_| |  ) ) ) )
  '  |____| .__|_| |_|_| |_\__, | / / / /
 =========|_|==============|___/=/_/_/_/
 :: Spring Boot ::                (v2.5.2)

2022-08-11 16:22:53.206  INFO 53444 --- [           main] s.e.g.s.cicd.services.TodoServiceTest    : Starting TodoServiceTest using Java 1.8.0_261 on IBOU-SENE with PID 53444 (started by ibou.sene in C:\dev\apps\java\todos)
2022-08-11 16:22:53.211  INFO 53444 --- [           main] s.e.g.s.cicd.services.TodoServiceTest    : No active profile set, falling back to default profiles: default
2022-08-11 16:22:54.788  INFO 53444 --- [           main] .s.d.r.c.RepositoryConfigurationDelegate : Bootstrapping Spring Data JPA repositories in DEFAULT mode.
2022-08-11 16:22:54.946  INFO 53444 --- [           main] .s.d.r.c.RepositoryConfigurationDelegate : Finished Spring Data repository scanning in 145 ms. Found 2 JPA repository interfaces.
2022-08-11 16:22:56.124  INFO 53444 --- [           main] o.hibernate.jpa.internal.util.LogHelper  : HHH000204: Processing PersistenceUnitInfo [name: default]
2022-08-11 16:22:56.249  INFO 53444 --- [           main] org.hibernate.Version                    : HHH000412: Hibernate ORM core version 5.4.32.Final
2022-08-11 16:22:56.514  INFO 53444 --- [           main] o.hibernate.annotations.common.Version   : HCANN000001: Hibernate Commons Annotations {5.1.2.Final}
2022-08-11 16:22:56.702  INFO 53444 --- [           main] com.zaxxer.hikari.HikariDataSource       : HikariPool-1 - Starting...
2022-08-11 16:22:57.186  INFO 53444 --- [           main] com.zaxxer.hikari.HikariDataSource       : HikariPool-1 - Start completed.
2022-08-11 16:22:57.271  INFO 53444 --- [           main] org.hibernate.dialect.Dialect            : HHH000400: Using dialect: org.hibernate.dialect.H2Dialect
Hibernate: drop table if exists acicd_tags CASCADE 
Hibernate: drop table if exists acicd_todos CASCADE 
Hibernate: drop table if exists tags_todos CASCADE 
Hibernate: create table acicd_tags (id binary not null, created_date timestamp, deleted boolean not null, enabled boolean not null, last_modified_date timestamp, version integer not null, description varchar(255), name varchar(50), primary key (id))
Hibernate: create table acicd_todos (id binary not null, created_date timestamp, deleted boolean not null, enabled boolean not null, last_modified_date timestamp, version integer not null, completed boolean not null, description varchar(255), title varchar(80), primary key (id))
Hibernate: create table tags_todos (id_todo binary not null, id_tag binary not null, primary key (id_todo, id_tag))
Hibernate: alter table acicd_tags add constraint UK_m8cmpn3mbl6rddcmdp6jkm5gj unique (name)
Hibernate: alter table acicd_todos add constraint UK_rv65c4b0kp0g2m7kfplxsjn9f unique (title)
Hibernate: alter table tags_todos add constraint FKaomjpjc4ry7p65i1h7pqkg9r1 foreign key (id_tag) references acicd_tags
Hibernate: alter table tags_todos add constraint FKpw0duwb5dmunp1utsagammrdd foreign key (id_todo) references acicd_todos
2022-08-11 16:22:58.950  INFO 53444 --- [           main] o.h.e.t.j.p.i.JtaPlatformInitiator       : HHH000490: Using JtaPlatform implementation: [org.hibernate.engine.transaction.jta.platform.internal.NoJtaPlatform]
2022-08-11 16:22:58.965  INFO 53444 --- [           main] j.LocalContainerEntityManagerFactoryBean : Initialized JPA EntityManagerFactory for persistence unit 'default'
2022-08-11 16:23:03.905  WARN 53444 --- [           main] JpaBaseConfiguration$JpaWebConfiguration : spring.jpa.open-in-view is enabled by default. Therefore, database queries may be performed during view rendering. Explicitly configure spring.jpa.open-in-view to disable this warning
2022-08-11 16:23:05.780  INFO 53444 --- [           main] o.s.b.a.h2.H2ConsoleAutoConfiguration    : H2 console available at '/h2-console'. Database available at 'jdbc:h2:mem:todos_test_database'
2022-08-11 16:23:07.115  INFO 53444 --- [           main] s.e.g.s.cicd.services.TodoServiceTest    : Started TodoServiceTest in 14.365 seconds (JVM running for 16.421)
2022-08-11 16:23:07.288  INFO 53444 --- [           main] o.s.t.c.transaction.TransactionContext   : Began transaction (1) for test context [DefaultTestContext@79dc5318 testClass = TodoServiceTest, testInstance = sn.ept.git.seminaire.cicd.services.TodoServiceTest@77d959f1, testMethod = defaultPageShouldBePositive@ServiceBaseTest, testException = [null], mergedContextConfiguration = [WebMergedContextConfiguration@8e50104 testClass = TodoServiceTest, locations = '{}', classes = '{class sn.ept.git.seminaire.cicd.TodoApplication}', contextInitializerClasses = '[]', activeProfiles = '{}', propertySourceLocations = '{}', propertySourceProperties = '{org.springframework.boot.test.context.SpringBootTestContextBootstrapper=true}', contextCustomizers = set[org.springframework.boot.test.context.filter.ExcludeFilterContextCustomizer@71ba6d4e, org.springframework.boot.test.json.DuplicateJsonObjectContextCustomizerFactory$DuplicateJsonObjectContextCustomizer@63376bed, org.springframework.boot.test.mock.mockito.MockitoContextCustomizer@0, org.springframework.boot.test.web.client.TestRestTemplateContextCustomizer@78e4deb0, org.springframework.boot.test.autoconfigure.actuate.metrics.MetricsExportContextCustomizerFactory$DisableMetricExportContextCustomizer@470734c3, org.springframework.boot.test.autoconfigure.properties.PropertyMappingContextCustomizer@0, org.springframework.boot.test.autoconfigure.web.servlet.WebDriverContextCustomizerFactory$Customizer@1cf6d1be, org.springframework.boot.test.context.SpringBootTestArgs@1, org.springframework.boot.test.context.SpringBootTestWebEnvironment@418e7838], resourceBasePath = 'src/main/webapp', contextLoader = 'org.springframework.boot.test.context.SpringBootContextLoader', parent = [null]], attributes = map['org.springframework.test.context.web.ServletTestExecutionListener.activateListener' -> true, 'org.springframework.test.context.web.ServletTestExecutionListener.populatedRequestContextHolder' -> true, 'org.springframework.test.context.web.ServletTestExecutionListener.resetRequestContextHolder' -> true, 'org.springframework.test.context.event.ApplicationEventsTestExecutionListener.recordApplicationEvents' -> false]]; transaction manager [org.springframework.orm.jpa.JpaTransactionManager@45d46254]; rollback [true]
2022-08-11 16:23:07.549  INFO 53444 --- [           main] s.e.g.s.cicd.services.TodoServiceTest    :  before each
2022-08-11 16:23:07.854  INFO 53444 --- [           main] o.s.t.c.transaction.TransactionContext   : Rolled back transaction for test: [DefaultTestContext@79dc5318 testClass = TodoServiceTest, testInstance = sn.ept.git.seminaire.cicd.services.TodoServiceTest@77d959f1, testMethod = defaultPageShouldBePositive@ServiceBaseTest, testException = [null], mergedContextConfiguration = [WebMergedContextConfiguration@8e50104 testClass = TodoServiceTest, locations = '{}', classes = '{class sn.ept.git.seminaire.cicd.TodoApplication}', contextInitializerClasses = '[]', activeProfiles = '{}', propertySourceLocations = '{}', propertySourceProperties = '{org.springframework.boot.test.context.SpringBootTestContextBootstrapper=true}', contextCustomizers = set[org.springframework.boot.test.context.filter.ExcludeFilterContextCustomizer@71ba6d4e, org.springframework.boot.test.json.DuplicateJsonObjectContextCustomizerFactory$DuplicateJsonObjectContextCustomizer@63376bed, org.springframework.boot.test.mock.mockito.MockitoContextCustomizer@0, org.springframework.boot.test.web.client.TestRestTemplateContextCustomizer@78e4deb0, org.springframework.boot.test.autoconfigure.actuate.metrics.MetricsExportContextCustomizerFactory$DisableMetricExportContextCustomizer@470734c3, org.springframework.boot.test.autoconfigure.properties.PropertyMappingContextCustomizer@0, org.springframework.boot.test.autoconfigure.web.servlet.WebDriverContextCustomizerFactory$Customizer@1cf6d1be, org.springframework.boot.test.context.SpringBootTestArgs@1, org.springframework.boot.test.context.SpringBootTestWebEnvironment@418e7838], resourceBasePath = 'src/main/webapp', contextLoader = 'org.springframework.boot.test.context.SpringBootContextLoader', parent = [null]], attributes = map['org.springframework.test.context.web.ServletTestExecutionListener.activateListener' -> true, 'org.springframework.test.context.web.ServletTestExecutionListener.populatedRequestContextHolder' -> true, 'org.springframework.test.context.web.ServletTestExecutionListener.resetRequestContextHolder' -> true, 'org.springframework.test.context.event.ApplicationEventsTestExecutionListener.recordApplicationEvents' -> false]]
]]></system-out>
  </testcase>
  <testcase name="defaultSizeShouldBePositive" classname="sn.ept.git.seminaire.cicd.services.TodoServiceTest" time="0.035">
    <system-out><![CDATA[2022-08-11 16:23:07.891  INFO 53444 --- [           main] o.s.t.c.transaction.TransactionContext   : Began transaction (1) for test context [DefaultTestContext@79dc5318 testClass = TodoServiceTest, testInstance = sn.ept.git.seminaire.cicd.services.TodoServiceTest@3d9c8c3c, testMethod = defaultSizeShouldBePositive@ServiceBaseTest, testException = [null], mergedContextConfiguration = [WebMergedContextConfiguration@8e50104 testClass = TodoServiceTest, locations = '{}', classes = '{class sn.ept.git.seminaire.cicd.TodoApplication}', contextInitializerClasses = '[]', activeProfiles = '{}', propertySourceLocations = '{}', propertySourceProperties = '{org.springframework.boot.test.context.SpringBootTestContextBootstrapper=true}', contextCustomizers = set[org.springframework.boot.test.context.filter.ExcludeFilterContextCustomizer@71ba6d4e, org.springframework.boot.test.json.DuplicateJsonObjectContextCustomizerFactory$DuplicateJsonObjectContextCustomizer@63376bed, org.springframework.boot.test.mock.mockito.MockitoContextCustomizer@0, org.springframework.boot.test.web.client.TestRestTemplateContextCustomizer@78e4deb0, org.springframework.boot.test.autoconfigure.actuate.metrics.MetricsExportContextCustomizerFactory$DisableMetricExportContextCustomizer@470734c3, org.springframework.boot.test.autoconfigure.properties.PropertyMappingContextCustomizer@0, org.springframework.boot.test.autoconfigure.web.servlet.WebDriverContextCustomizerFactory$Customizer@1cf6d1be, org.springframework.boot.test.context.SpringBootTestArgs@1, org.springframework.boot.test.context.SpringBootTestWebEnvironment@418e7838], resourceBasePath = 'src/main/webapp', contextLoader = 'org.springframework.boot.test.context.SpringBootContextLoader', parent = [null]], attributes = map['org.springframework.test.context.web.ServletTestExecutionListener.activateListener' -> true, 'org.springframework.test.context.web.ServletTestExecutionListener.populatedRequestContextHolder' -> true, 'org.springframework.test.context.web.ServletTestExecutionListener.resetRequestContextHolder' -> true, 'org.springframework.test.context.event.ApplicationEventsTestExecutionListener.recordApplicationEvents' -> false]]; transaction manager [org.springframework.orm.jpa.JpaTransactionManager@45d46254]; rollback [true]
2022-08-11 16:23:07.899  INFO 53444 --- [           main] s.e.g.s.cicd.services.TodoServiceTest    :  before each
2022-08-11 16:23:07.916  INFO 53444 --- [           main] o.s.t.c.transaction.TransactionContext   : Rolled back transaction for test: [DefaultTestContext@79dc5318 testClass = TodoServiceTest, testInstance = sn.ept.git.seminaire.cicd.services.TodoServiceTest@3d9c8c3c, testMethod = defaultSizeShouldBePositive@ServiceBaseTest, testException = [null], mergedContextConfiguration = [WebMergedContextConfiguration@8e50104 testClass = TodoServiceTest, locations = '{}', classes = '{class sn.ept.git.seminaire.cicd.TodoApplication}', contextInitializerClasses = '[]', activeProfiles = '{}', propertySourceLocations = '{}', propertySourceProperties = '{org.springframework.boot.test.context.SpringBootTestContextBootstrapper=true}', contextCustomizers = set[org.springframework.boot.test.context.filter.ExcludeFilterContextCustomizer@71ba6d4e, org.springframework.boot.test.json.DuplicateJsonObjectContextCustomizerFactory$DuplicateJsonObjectContextCustomizer@63376bed, org.springframework.boot.test.mock.mockito.MockitoContextCustomizer@0, org.springframework.boot.test.web.client.TestRestTemplateContextCustomizer@78e4deb0, org.springframework.boot.test.autoconfigure.actuate.metrics.MetricsExportContextCustomizerFactory$DisableMetricExportContextCustomizer@470734c3, org.springframework.boot.test.autoconfigure.properties.PropertyMappingContextCustomizer@0, org.springframework.boot.test.autoconfigure.web.servlet.WebDriverContextCustomizerFactory$Customizer@1cf6d1be, org.springframework.boot.test.context.SpringBootTestArgs@1, org.springframework.boot.test.context.SpringBootTestWebEnvironment@418e7838], resourceBasePath = 'src/main/webapp', contextLoader = 'org.springframework.boot.test.context.SpringBootContextLoader', parent = [null]], attributes = map['org.springframework.test.context.web.ServletTestExecutionListener.activateListener' -> true, 'org.springframework.test.context.web.ServletTestExecutionListener.populatedRequestContextHolder' -> true, 'org.springframework.test.context.web.ServletTestExecutionListener.resetRequestContextHolder' -> true, 'org.springframework.test.context.event.ApplicationEventsTestExecutionListener.recordApplicationEvents' -> false]]
]]></system-out>
  </testcase>
  <testcase name="findById_shouldReturnResult" classname="sn.ept.git.seminaire.cicd.services.TodoServiceTest" time="1.2">
    <system-out><![CDATA[2022-08-11 16:23:08.000  INFO 53444 --- [           main] o.s.t.c.transaction.TransactionContext   : Began transaction (1) for test context [DefaultTestContext@79dc5318 testClass = TodoServiceTest, testInstance = sn.ept.git.seminaire.cicd.services.TodoServiceTest@2dc73024, testMethod = findById_shouldReturnResult@TodoServiceTest, testException = [null], mergedContextConfiguration = [WebMergedContextConfiguration@8e50104 testClass = TodoServiceTest, locations = '{}', classes = '{class sn.ept.git.seminaire.cicd.TodoApplication}', contextInitializerClasses = '[]', activeProfiles = '{}', propertySourceLocations = '{}', propertySourceProperties = '{org.springframework.boot.test.context.SpringBootTestContextBootstrapper=true}', contextCustomizers = set[org.springframework.boot.test.context.filter.ExcludeFilterContextCustomizer@71ba6d4e, org.springframework.boot.test.json.DuplicateJsonObjectContextCustomizerFactory$DuplicateJsonObjectContextCustomizer@63376bed, org.springframework.boot.test.mock.mockito.MockitoContextCustomizer@0, org.springframework.boot.test.web.client.TestRestTemplateContextCustomizer@78e4deb0, org.springframework.boot.test.autoconfigure.actuate.metrics.MetricsExportContextCustomizerFactory$DisableMetricExportContextCustomizer@470734c3, org.springframework.boot.test.autoconfigure.properties.PropertyMappingContextCustomizer@0, org.springframework.boot.test.autoconfigure.web.servlet.WebDriverContextCustomizerFactory$Customizer@1cf6d1be, org.springframework.boot.test.context.SpringBootTestArgs@1, org.springframework.boot.test.context.SpringBootTestWebEnvironment@418e7838], resourceBasePath = 'src/main/webapp', contextLoader = 'org.springframework.boot.test.context.SpringBootContextLoader', parent = [null]], attributes = map['org.springframework.test.context.web.ServletTestExecutionListener.activateListener' -> true, 'org.springframework.test.context.web.ServletTestExecutionListener.populatedRequestContextHolder' -> true, 'org.springframework.test.context.web.ServletTestExecutionListener.resetRequestContextHolder' -> true, 'org.springframework.test.context.event.ApplicationEventsTestExecutionListener.recordApplicationEvents' -> false]]; transaction manager [org.springframework.orm.jpa.JpaTransactionManager@45d46254]; rollback [true]
2022-08-11 16:23:08.009  INFO 53444 --- [           main] s.e.g.s.cicd.services.TodoServiceTest    :  before each
Hibernate: select todo0_.id as id1_1_, todo0_.created_date as created_2_1_, todo0_.deleted as deleted3_1_, todo0_.enabled as enabled4_1_, todo0_.last_modified_date as last_mod5_1_, todo0_.version as version6_1_, todo0_.completed as complete7_1_, todo0_.description as descript8_1_, todo0_.title as title9_1_ from acicd_todos todo0_ where (  todo0_.deleted = 0 ) and todo0_.title=?
Hibernate: select todo0_.id as id1_1_1_, todo0_.created_date as created_2_1_1_, todo0_.deleted as deleted3_1_1_, todo0_.enabled as enabled4_1_1_, todo0_.last_modified_date as last_mod5_1_1_, todo0_.version as version6_1_1_, todo0_.completed as complete7_1_1_, todo0_.description as descript8_1_1_, todo0_.title as title9_1_1_, tags1_.id_todo as id_todo1_2_3_, tag2_.id as id_tag2_2_3_, tag2_.id as id1_0_0_, tag2_.created_date as created_2_0_0_, tag2_.deleted as deleted3_0_0_, tag2_.enabled as enabled4_0_0_, tag2_.last_modified_date as last_mod5_0_0_, tag2_.version as version6_0_0_, tag2_.description as descript7_0_0_, tag2_.name as name8_0_0_ from acicd_todos todo0_ left outer join tags_todos tags1_ on todo0_.id=tags1_.id_todo left outer join acicd_tags tag2_ on tags1_.id_tag=tag2_.id and ( (  tag2_.deleted = 0  ) and (  tag2_.deleted = 0  )) where todo0_.id=? and (  todo0_.deleted = 0 ) 
Hibernate: insert into acicd_todos (created_date, deleted, enabled, last_modified_date, version, completed, description, title, id) values (?, ?, ?, ?, ?, ?, ?, ?, ?)
2022-08-11 16:23:09.180  INFO 53444 --- [           main] o.s.t.c.transaction.TransactionContext   : Rolled back transaction for test: [DefaultTestContext@79dc5318 testClass = TodoServiceTest, testInstance = sn.ept.git.seminaire.cicd.services.TodoServiceTest@2dc73024, testMethod = findById_shouldReturnResult@TodoServiceTest, testException = [null], mergedContextConfiguration = [WebMergedContextConfiguration@8e50104 testClass = TodoServiceTest, locations = '{}', classes = '{class sn.ept.git.seminaire.cicd.TodoApplication}', contextInitializerClasses = '[]', activeProfiles = '{}', propertySourceLocations = '{}', propertySourceProperties = '{org.springframework.boot.test.context.SpringBootTestContextBootstrapper=true}', contextCustomizers = set[org.springframework.boot.test.context.filter.ExcludeFilterContextCustomizer@71ba6d4e, org.springframework.boot.test.json.DuplicateJsonObjectContextCustomizerFactory$DuplicateJsonObjectContextCustomizer@63376bed, org.springframework.boot.test.mock.mockito.MockitoContextCustomizer@0, org.springframework.boot.test.web.client.TestRestTemplateContextCustomizer@78e4deb0, org.springframework.boot.test.autoconfigure.actuate.metrics.MetricsExportContextCustomizerFactory$DisableMetricExportContextCustomizer@470734c3, org.springframework.boot.test.autoconfigure.properties.PropertyMappingContextCustomizer@0, org.springframework.boot.test.autoconfigure.web.servlet.WebDriverContextCustomizerFactory$Customizer@1cf6d1be, org.springframework.boot.test.context.SpringBootTestArgs@1, org.springframework.boot.test.context.SpringBootTestWebEnvironment@418e7838], resourceBasePath = 'src/main/webapp', contextLoader = 'org.springframework.boot.test.context.SpringBootContextLoader', parent = [null]], attributes = map['org.springframework.test.context.web.ServletTestExecutionListener.activateListener' -> true, 'org.springframework.test.context.web.ServletTestExecutionListener.populatedRequestContextHolder' -> true, 'org.springframework.test.context.web.ServletTestExecutionListener.resetRequestContextHolder' -> true, 'org.springframework.test.context.event.ApplicationEventsTestExecutionListener.recordApplicationEvents' -> false]]
]]></system-out>
  </testcase>
  <testcase name="findById_withBadId_ShouldReturnNoResult" classname="sn.ept.git.seminaire.cicd.services.TodoServiceTest" time="0.038">
    <system-out><![CDATA[2022-08-11 16:23:09.193  INFO 53444 --- [           main] o.s.t.c.transaction.TransactionContext   : Began transaction (1) for test context [DefaultTestContext@79dc5318 testClass = TodoServiceTest, testInstance = sn.ept.git.seminaire.cicd.services.TodoServiceTest@72d16d6, testMethod = findById_withBadId_ShouldReturnNoResult@TodoServiceTest, testException = [null], mergedContextConfiguration = [WebMergedContextConfiguration@8e50104 testClass = TodoServiceTest, locations = '{}', classes = '{class sn.ept.git.seminaire.cicd.TodoApplication}', contextInitializerClasses = '[]', activeProfiles = '{}', propertySourceLocations = '{}', propertySourceProperties = '{org.springframework.boot.test.context.SpringBootTestContextBootstrapper=true}', contextCustomizers = set[org.springframework.boot.test.context.filter.ExcludeFilterContextCustomizer@71ba6d4e, org.springframework.boot.test.json.DuplicateJsonObjectContextCustomizerFactory$DuplicateJsonObjectContextCustomizer@63376bed, org.springframework.boot.test.mock.mockito.MockitoContextCustomizer@0, org.springframework.boot.test.web.client.TestRestTemplateContextCustomizer@78e4deb0, org.springframework.boot.test.autoconfigure.actuate.metrics.MetricsExportContextCustomizerFactory$DisableMetricExportContextCustomizer@470734c3, org.springframework.boot.test.autoconfigure.properties.PropertyMappingContextCustomizer@0, org.springframework.boot.test.autoconfigure.web.servlet.WebDriverContextCustomizerFactory$Customizer@1cf6d1be, org.springframework.boot.test.context.SpringBootTestArgs@1, org.springframework.boot.test.context.SpringBootTestWebEnvironment@418e7838], resourceBasePath = 'src/main/webapp', contextLoader = 'org.springframework.boot.test.context.SpringBootContextLoader', parent = [null]], attributes = map['org.springframework.test.context.web.ServletTestExecutionListener.activateListener' -> true, 'org.springframework.test.context.web.ServletTestExecutionListener.populatedRequestContextHolder' -> true, 'org.springframework.test.context.web.ServletTestExecutionListener.resetRequestContextHolder' -> true, 'org.springframework.test.context.event.ApplicationEventsTestExecutionListener.recordApplicationEvents' -> false]]; transaction manager [org.springframework.orm.jpa.JpaTransactionManager@45d46254]; rollback [true]
2022-08-11 16:23:09.201  INFO 53444 --- [           main] s.e.g.s.cicd.services.TodoServiceTest    :  before each
Hibernate: select todo0_.id as id1_1_0_, todo0_.created_date as created_2_1_0_, todo0_.deleted as deleted3_1_0_, todo0_.enabled as enabled4_1_0_, todo0_.last_modified_date as last_mod5_1_0_, todo0_.version as version6_1_0_, todo0_.completed as complete7_1_0_, todo0_.description as descript8_1_0_, todo0_.title as title9_1_0_, tags1_.id_todo as id_todo1_2_1_, tag2_.id as id_tag2_2_1_, tag2_.id as id1_0_2_, tag2_.created_date as created_2_0_2_, tag2_.deleted as deleted3_0_2_, tag2_.enabled as enabled4_0_2_, tag2_.last_modified_date as last_mod5_0_2_, tag2_.version as version6_0_2_, tag2_.description as descript7_0_2_, tag2_.name as name8_0_2_ from acicd_todos todo0_ left outer join tags_todos tags1_ on todo0_.id=tags1_.id_todo left outer join acicd_tags tag2_ on tags1_.id_tag=tag2_.id and ( (  tag2_.deleted = 0  ) and (  tag2_.deleted = 0  )) where todo0_.id=? and (  todo0_.deleted = 0 )
2022-08-11 16:23:09.225  INFO 53444 --- [           main] o.s.t.c.transaction.TransactionContext   : Rolled back transaction for test: [DefaultTestContext@79dc5318 testClass = TodoServiceTest, testInstance = sn.ept.git.seminaire.cicd.services.TodoServiceTest@72d16d6, testMethod = findById_withBadId_ShouldReturnNoResult@TodoServiceTest, testException = [null], mergedContextConfiguration = [WebMergedContextConfiguration@8e50104 testClass = TodoServiceTest, locations = '{}', classes = '{class sn.ept.git.seminaire.cicd.TodoApplication}', contextInitializerClasses = '[]', activeProfiles = '{}', propertySourceLocations = '{}', propertySourceProperties = '{org.springframework.boot.test.context.SpringBootTestContextBootstrapper=true}', contextCustomizers = set[org.springframework.boot.test.context.filter.ExcludeFilterContextCustomizer@71ba6d4e, org.springframework.boot.test.json.DuplicateJsonObjectContextCustomizerFactory$DuplicateJsonObjectContextCustomizer@63376bed, org.springframework.boot.test.mock.mockito.MockitoContextCustomizer@0, org.springframework.boot.test.web.client.TestRestTemplateContextCustomizer@78e4deb0, org.springframework.boot.test.autoconfigure.actuate.metrics.MetricsExportContextCustomizerFactory$DisableMetricExportContextCustomizer@470734c3, org.springframework.boot.test.autoconfigure.properties.PropertyMappingContextCustomizer@0, org.springframework.boot.test.autoconfigure.web.servlet.WebDriverContextCustomizerFactory$Customizer@1cf6d1be, org.springframework.boot.test.context.SpringBootTestArgs@1, org.springframework.boot.test.context.SpringBootTestWebEnvironment@418e7838], resourceBasePath = 'src/main/webapp', contextLoader = 'org.springframework.boot.test.context.SpringBootContextLoader', parent = [null]], attributes = map['org.springframework.test.context.web.ServletTestExecutionListener.activateListener' -> true, 'org.springframework.test.context.web.ServletTestExecutionListener.populatedRequestContextHolder' -> true, 'org.springframework.test.context.web.ServletTestExecutionListener.resetRequestContextHolder' -> true, 'org.springframework.test.context.event.ApplicationEventsTestExecutionListener.recordApplicationEvents' -> false]]
]]></system-out>
  </testcase>
  <testcase name="save_shouldSaveSociete" classname="sn.ept.git.seminaire.cicd.services.TodoServiceTest" time="0.041">
    <system-out><![CDATA[2022-08-11 16:23:09.234  INFO 53444 --- [           main] o.s.t.c.transaction.TransactionContext   : Began transaction (1) for test context [DefaultTestContext@79dc5318 testClass = TodoServiceTest, testInstance = sn.ept.git.seminaire.cicd.services.TodoServiceTest@6f785a27, testMethod = save_shouldSaveSociete@TodoServiceTest, testException = [null], mergedContextConfiguration = [WebMergedContextConfiguration@8e50104 testClass = TodoServiceTest, locations = '{}', classes = '{class sn.ept.git.seminaire.cicd.TodoApplication}', contextInitializerClasses = '[]', activeProfiles = '{}', propertySourceLocations = '{}', propertySourceProperties = '{org.springframework.boot.test.context.SpringBootTestContextBootstrapper=true}', contextCustomizers = set[org.springframework.boot.test.context.filter.ExcludeFilterContextCustomizer@71ba6d4e, org.springframework.boot.test.json.DuplicateJsonObjectContextCustomizerFactory$DuplicateJsonObjectContextCustomizer@63376bed, org.springframework.boot.test.mock.mockito.MockitoContextCustomizer@0, org.springframework.boot.test.web.client.TestRestTemplateContextCustomizer@78e4deb0, org.springframework.boot.test.autoconfigure.actuate.metrics.MetricsExportContextCustomizerFactory$DisableMetricExportContextCustomizer@470734c3, org.springframework.boot.test.autoconfigure.properties.PropertyMappingContextCustomizer@0, org.springframework.boot.test.autoconfigure.web.servlet.WebDriverContextCustomizerFactory$Customizer@1cf6d1be, org.springframework.boot.test.context.SpringBootTestArgs@1, org.springframework.boot.test.context.SpringBootTestWebEnvironment@418e7838], resourceBasePath = 'src/main/webapp', contextLoader = 'org.springframework.boot.test.context.SpringBootContextLoader', parent = [null]], attributes = map['org.springframework.test.context.web.ServletTestExecutionListener.activateListener' -> true, 'org.springframework.test.context.web.ServletTestExecutionListener.populatedRequestContextHolder' -> true, 'org.springframework.test.context.web.ServletTestExecutionListener.resetRequestContextHolder' -> true, 'org.springframework.test.context.event.ApplicationEventsTestExecutionListener.recordApplicationEvents' -> false]]; transaction manager [org.springframework.orm.jpa.JpaTransactionManager@45d46254]; rollback [true]
2022-08-11 16:23:09.241  INFO 53444 --- [           main] s.e.g.s.cicd.services.TodoServiceTest    :  before each
Hibernate: select todo0_.id as id1_1_, todo0_.created_date as created_2_1_, todo0_.deleted as deleted3_1_, todo0_.enabled as enabled4_1_, todo0_.last_modified_date as last_mod5_1_, todo0_.version as version6_1_, todo0_.completed as complete7_1_, todo0_.description as descript8_1_, todo0_.title as title9_1_ from acicd_todos todo0_ where (  todo0_.deleted = 0 ) and todo0_.title=?
Hibernate: select todo0_.id as id1_1_1_, todo0_.created_date as created_2_1_1_, todo0_.deleted as deleted3_1_1_, todo0_.enabled as enabled4_1_1_, todo0_.last_modified_date as last_mod5_1_1_, todo0_.version as version6_1_1_, todo0_.completed as complete7_1_1_, todo0_.description as descript8_1_1_, todo0_.title as title9_1_1_, tags1_.id_todo as id_todo1_2_3_, tag2_.id as id_tag2_2_3_, tag2_.id as id1_0_0_, tag2_.created_date as created_2_0_0_, tag2_.deleted as deleted3_0_0_, tag2_.enabled as enabled4_0_0_, tag2_.last_modified_date as last_mod5_0_0_, tag2_.version as version6_0_0_, tag2_.description as descript7_0_0_, tag2_.name as name8_0_0_ from acicd_todos todo0_ left outer join tags_todos tags1_ on todo0_.id=tags1_.id_todo left outer join acicd_tags tag2_ on tags1_.id_tag=tag2_.id and ( (  tag2_.deleted = 0  ) and (  tag2_.deleted = 0  )) where todo0_.id=? and (  todo0_.deleted = 0 ) 
Hibernate: insert into acicd_todos (created_date, deleted, enabled, last_modified_date, version, completed, description, title, id) values (?, ?, ?, ?, ?, ?, ?, ?, ?)
2022-08-11 16:23:09.270  INFO 53444 --- [           main] o.s.t.c.transaction.TransactionContext   : Rolled back transaction for test: [DefaultTestContext@79dc5318 testClass = TodoServiceTest, testInstance = sn.ept.git.seminaire.cicd.services.TodoServiceTest@6f785a27, testMethod = save_shouldSaveSociete@TodoServiceTest, testException = [null], mergedContextConfiguration = [WebMergedContextConfiguration@8e50104 testClass = TodoServiceTest, locations = '{}', classes = '{class sn.ept.git.seminaire.cicd.TodoApplication}', contextInitializerClasses = '[]', activeProfiles = '{}', propertySourceLocations = '{}', propertySourceProperties = '{org.springframework.boot.test.context.SpringBootTestContextBootstrapper=true}', contextCustomizers = set[org.springframework.boot.test.context.filter.ExcludeFilterContextCustomizer@71ba6d4e, org.springframework.boot.test.json.DuplicateJsonObjectContextCustomizerFactory$DuplicateJsonObjectContextCustomizer@63376bed, org.springframework.boot.test.mock.mockito.MockitoContextCustomizer@0, org.springframework.boot.test.web.client.TestRestTemplateContextCustomizer@78e4deb0, org.springframework.boot.test.autoconfigure.actuate.metrics.MetricsExportContextCustomizerFactory$DisableMetricExportContextCustomizer@470734c3, org.springframework.boot.test.autoconfigure.properties.PropertyMappingContextCustomizer@0, org.springframework.boot.test.autoconfigure.web.servlet.WebDriverContextCustomizerFactory$Customizer@1cf6d1be, org.springframework.boot.test.context.SpringBootTestArgs@1, org.springframework.boot.test.context.SpringBootTestWebEnvironment@418e7838], resourceBasePath = 'src/main/webapp', contextLoader = 'org.springframework.boot.test.context.SpringBootContextLoader', parent = [null]], attributes = map['org.springframework.test.context.web.ServletTestExecutionListener.activateListener' -> true, 'org.springframework.test.context.web.ServletTestExecutionListener.populatedRequestContextHolder' -> true, 'org.springframework.test.context.web.ServletTestExecutionListener.resetRequestContextHolder' -> true, 'org.springframework.test.context.event.ApplicationEventsTestExecutionListener.recordApplicationEvents' -> false]]
]]></system-out>
  </testcase>
  <testcase name="delete_withBadId_ShouldThrowException" classname="sn.ept.git.seminaire.cicd.services.TodoServiceTest" time="0.042">
    <system-out><![CDATA[2022-08-11 16:23:09.277  INFO 53444 --- [           main] o.s.t.c.transaction.TransactionContext   : Began transaction (1) for test context [DefaultTestContext@79dc5318 testClass = TodoServiceTest, testInstance = sn.ept.git.seminaire.cicd.services.TodoServiceTest@3f033664, testMethod = delete_withBadId_ShouldThrowException@TodoServiceTest, testException = [null], mergedContextConfiguration = [WebMergedContextConfiguration@8e50104 testClass = TodoServiceTest, locations = '{}', classes = '{class sn.ept.git.seminaire.cicd.TodoApplication}', contextInitializerClasses = '[]', activeProfiles = '{}', propertySourceLocations = '{}', propertySourceProperties = '{org.springframework.boot.test.context.SpringBootTestContextBootstrapper=true}', contextCustomizers = set[org.springframework.boot.test.context.filter.ExcludeFilterContextCustomizer@71ba6d4e, org.springframework.boot.test.json.DuplicateJsonObjectContextCustomizerFactory$DuplicateJsonObjectContextCustomizer@63376bed, org.springframework.boot.test.mock.mockito.MockitoContextCustomizer@0, org.springframework.boot.test.web.client.TestRestTemplateContextCustomizer@78e4deb0, org.springframework.boot.test.autoconfigure.actuate.metrics.MetricsExportContextCustomizerFactory$DisableMetricExportContextCustomizer@470734c3, org.springframework.boot.test.autoconfigure.properties.PropertyMappingContextCustomizer@0, org.springframework.boot.test.autoconfigure.web.servlet.WebDriverContextCustomizerFactory$Customizer@1cf6d1be, org.springframework.boot.test.context.SpringBootTestArgs@1, org.springframework.boot.test.context.SpringBootTestWebEnvironment@418e7838], resourceBasePath = 'src/main/webapp', contextLoader = 'org.springframework.boot.test.context.SpringBootContextLoader', parent = [null]], attributes = map['org.springframework.test.context.web.ServletTestExecutionListener.activateListener' -> true, 'org.springframework.test.context.web.ServletTestExecutionListener.populatedRequestContextHolder' -> true, 'org.springframework.test.context.web.ServletTestExecutionListener.resetRequestContextHolder' -> true, 'org.springframework.test.context.event.ApplicationEventsTestExecutionListener.recordApplicationEvents' -> false]]; transaction manager [org.springframework.orm.jpa.JpaTransactionManager@45d46254]; rollback [true]
2022-08-11 16:23:09.285  INFO 53444 --- [           main] s.e.g.s.cicd.services.TodoServiceTest    :  before each
Hibernate: select todo0_.id as id1_1_0_, todo0_.created_date as created_2_1_0_, todo0_.deleted as deleted3_1_0_, todo0_.enabled as enabled4_1_0_, todo0_.last_modified_date as last_mod5_1_0_, todo0_.version as version6_1_0_, todo0_.completed as complete7_1_0_, todo0_.description as descript8_1_0_, todo0_.title as title9_1_0_, tags1_.id_todo as id_todo1_2_1_, tag2_.id as id_tag2_2_1_, tag2_.id as id1_0_2_, tag2_.created_date as created_2_0_2_, tag2_.deleted as deleted3_0_2_, tag2_.enabled as enabled4_0_2_, tag2_.last_modified_date as last_mod5_0_2_, tag2_.version as version6_0_2_, tag2_.description as descript7_0_2_, tag2_.name as name8_0_2_ from acicd_todos todo0_ left outer join tags_todos tags1_ on todo0_.id=tags1_.id_todo left outer join acicd_tags tag2_ on tags1_.id_tag=tag2_.id and ( (  tag2_.deleted = 0  ) and (  tag2_.deleted = 0  )) where todo0_.id=? and (  todo0_.deleted = 0 )
2022-08-11 16:23:09.314  INFO 53444 --- [           main] o.s.t.c.transaction.TransactionContext   : Rolled back transaction for test: [DefaultTestContext@79dc5318 testClass = TodoServiceTest, testInstance = sn.ept.git.seminaire.cicd.services.TodoServiceTest@3f033664, testMethod = delete_withBadId_ShouldThrowException@TodoServiceTest, testException = [null], mergedContextConfiguration = [WebMergedContextConfiguration@8e50104 testClass = TodoServiceTest, locations = '{}', classes = '{class sn.ept.git.seminaire.cicd.TodoApplication}', contextInitializerClasses = '[]', activeProfiles = '{}', propertySourceLocations = '{}', propertySourceProperties = '{org.springframework.boot.test.context.SpringBootTestContextBootstrapper=true}', contextCustomizers = set[org.springframework.boot.test.context.filter.ExcludeFilterContextCustomizer@71ba6d4e, org.springframework.boot.test.json.DuplicateJsonObjectContextCustomizerFactory$DuplicateJsonObjectContextCustomizer@63376bed, org.springframework.boot.test.mock.mockito.MockitoContextCustomizer@0, org.springframework.boot.test.web.client.TestRestTemplateContextCustomizer@78e4deb0, org.springframework.boot.test.autoconfigure.actuate.metrics.MetricsExportContextCustomizerFactory$DisableMetricExportContextCustomizer@470734c3, org.springframework.boot.test.autoconfigure.properties.PropertyMappingContextCustomizer@0, org.springframework.boot.test.autoconfigure.web.servlet.WebDriverContextCustomizerFactory$Customizer@1cf6d1be, org.springframework.boot.test.context.SpringBootTestArgs@1, org.springframework.boot.test.context.SpringBootTestWebEnvironment@418e7838], resourceBasePath = 'src/main/webapp', contextLoader = 'org.springframework.boot.test.context.SpringBootContextLoader', parent = [null]], attributes = map['org.springframework.test.context.web.ServletTestExecutionListener.activateListener' -> true, 'org.springframework.test.context.web.ServletTestExecutionListener.populatedRequestContextHolder' -> true, 'org.springframework.test.context.web.ServletTestExecutionListener.resetRequestContextHolder' -> true, 'org.springframework.test.context.event.ApplicationEventsTestExecutionListener.recordApplicationEvents' -> false]]
]]></system-out>
  </testcase>
  <testcase name="update_withBadId_shouldThrowException" classname="sn.ept.git.seminaire.cicd.services.TodoServiceTest" time="0.062">
    <system-out><![CDATA[2022-08-11 16:23:09.323  INFO 53444 --- [           main] o.s.t.c.transaction.TransactionContext   : Began transaction (1) for test context [DefaultTestContext@79dc5318 testClass = TodoServiceTest, testInstance = sn.ept.git.seminaire.cicd.services.TodoServiceTest@6843fdc4, testMethod = update_withBadId_shouldThrowException@TodoServiceTest, testException = [null], mergedContextConfiguration = [WebMergedContextConfiguration@8e50104 testClass = TodoServiceTest, locations = '{}', classes = '{class sn.ept.git.seminaire.cicd.TodoApplication}', contextInitializerClasses = '[]', activeProfiles = '{}', propertySourceLocations = '{}', propertySourceProperties = '{org.springframework.boot.test.context.SpringBootTestContextBootstrapper=true}', contextCustomizers = set[org.springframework.boot.test.context.filter.ExcludeFilterContextCustomizer@71ba6d4e, org.springframework.boot.test.json.DuplicateJsonObjectContextCustomizerFactory$DuplicateJsonObjectContextCustomizer@63376bed, org.springframework.boot.test.mock.mockito.MockitoContextCustomizer@0, org.springframework.boot.test.web.client.TestRestTemplateContextCustomizer@78e4deb0, org.springframework.boot.test.autoconfigure.actuate.metrics.MetricsExportContextCustomizerFactory$DisableMetricExportContextCustomizer@470734c3, org.springframework.boot.test.autoconfigure.properties.PropertyMappingContextCustomizer@0, org.springframework.boot.test.autoconfigure.web.servlet.WebDriverContextCustomizerFactory$Customizer@1cf6d1be, org.springframework.boot.test.context.SpringBootTestArgs@1, org.springframework.boot.test.context.SpringBootTestWebEnvironment@418e7838], resourceBasePath = 'src/main/webapp', contextLoader = 'org.springframework.boot.test.context.SpringBootContextLoader', parent = [null]], attributes = map['org.springframework.test.context.web.ServletTestExecutionListener.activateListener' -> true, 'org.springframework.test.context.web.ServletTestExecutionListener.populatedRequestContextHolder' -> true, 'org.springframework.test.context.web.ServletTestExecutionListener.resetRequestContextHolder' -> true, 'org.springframework.test.context.event.ApplicationEventsTestExecutionListener.recordApplicationEvents' -> false]]; transaction manager [org.springframework.orm.jpa.JpaTransactionManager@45d46254]; rollback [true]
2022-08-11 16:23:09.331  INFO 53444 --- [           main] s.e.g.s.cicd.services.TodoServiceTest    :  before each
Hibernate: select todo0_.id as id1_1_, todo0_.created_date as created_2_1_, todo0_.deleted as deleted3_1_, todo0_.enabled as enabled4_1_, todo0_.last_modified_date as last_mod5_1_, todo0_.version as version6_1_, todo0_.completed as complete7_1_, todo0_.description as descript8_1_, todo0_.title as title9_1_ from acicd_todos todo0_ where (  todo0_.deleted = 0 ) and todo0_.title=?
Hibernate: select todo0_.id as id1_1_1_, todo0_.created_date as created_2_1_1_, todo0_.deleted as deleted3_1_1_, todo0_.enabled as enabled4_1_1_, todo0_.last_modified_date as last_mod5_1_1_, todo0_.version as version6_1_1_, todo0_.completed as complete7_1_1_, todo0_.description as descript8_1_1_, todo0_.title as title9_1_1_, tags1_.id_todo as id_todo1_2_3_, tag2_.id as id_tag2_2_3_, tag2_.id as id1_0_0_, tag2_.created_date as created_2_0_0_, tag2_.deleted as deleted3_0_0_, tag2_.enabled as enabled4_0_0_, tag2_.last_modified_date as last_mod5_0_0_, tag2_.version as version6_0_0_, tag2_.description as descript7_0_0_, tag2_.name as name8_0_0_ from acicd_todos todo0_ left outer join tags_todos tags1_ on todo0_.id=tags1_.id_todo left outer join acicd_tags tag2_ on tags1_.id_tag=tag2_.id and ( (  tag2_.deleted = 0  ) and (  tag2_.deleted = 0  )) where todo0_.id=? and (  todo0_.deleted = 0 ) 
Hibernate: insert into acicd_todos (created_date, deleted, enabled, last_modified_date, version, completed, description, title, id) values (?, ?, ?, ?, ?, ?, ?, ?, ?)
Hibernate: select todo0_.id as id1_1_, todo0_.created_date as created_2_1_, todo0_.deleted as deleted3_1_, todo0_.enabled as enabled4_1_, todo0_.last_modified_date as last_mod5_1_, todo0_.version as version6_1_, todo0_.completed as complete7_1_, todo0_.description as descript8_1_, todo0_.title as title9_1_ from acicd_todos todo0_ where (  todo0_.deleted = 0 ) and todo0_.title=? and todo0_.id<>?
Hibernate: select todo0_.id as id1_1_0_, todo0_.created_date as created_2_1_0_, todo0_.deleted as deleted3_1_0_, todo0_.enabled as enabled4_1_0_, todo0_.last_modified_date as last_mod5_1_0_, todo0_.version as version6_1_0_, todo0_.completed as complete7_1_0_, todo0_.description as descript8_1_0_, todo0_.title as title9_1_0_, tags1_.id_todo as id_todo1_2_1_, tag2_.id as id_tag2_2_1_, tag2_.id as id1_0_2_, tag2_.created_date as created_2_0_2_, tag2_.deleted as deleted3_0_2_, tag2_.enabled as enabled4_0_2_, tag2_.last_modified_date as last_mod5_0_2_, tag2_.version as version6_0_2_, tag2_.description as descript7_0_2_, tag2_.name as name8_0_2_ from acicd_todos todo0_ left outer join tags_todos tags1_ on todo0_.id=tags1_.id_todo left outer join acicd_tags tag2_ on tags1_.id_tag=tag2_.id and ( (  tag2_.deleted = 0  ) and (  tag2_.deleted = 0  )) where todo0_.id=? and (  todo0_.deleted = 0 )
2022-08-11 16:23:09.378  INFO 53444 --- [           main] o.s.t.c.transaction.TransactionContext   : Rolled back transaction for test: [DefaultTestContext@79dc5318 testClass = TodoServiceTest, testInstance = sn.ept.git.seminaire.cicd.services.TodoServiceTest@6843fdc4, testMethod = update_withBadId_shouldThrowException@TodoServiceTest, testException = [null], mergedContextConfiguration = [WebMergedContextConfiguration@8e50104 testClass = TodoServiceTest, locations = '{}', classes = '{class sn.ept.git.seminaire.cicd.TodoApplication}', contextInitializerClasses = '[]', activeProfiles = '{}', propertySourceLocations = '{}', propertySourceProperties = '{org.springframework.boot.test.context.SpringBootTestContextBootstrapper=true}', contextCustomizers = set[org.springframework.boot.test.context.filter.ExcludeFilterContextCustomizer@71ba6d4e, org.springframework.boot.test.json.DuplicateJsonObjectContextCustomizerFactory$DuplicateJsonObjectContextCustomizer@63376bed, org.springframework.boot.test.mock.mockito.MockitoContextCustomizer@0, org.springframework.boot.test.web.client.TestRestTemplateContextCustomizer@78e4deb0, org.springframework.boot.test.autoconfigure.actuate.metrics.MetricsExportContextCustomizerFactory$DisableMetricExportContextCustomizer@470734c3, org.springframework.boot.test.autoconfigure.properties.PropertyMappingContextCustomizer@0, org.springframework.boot.test.autoconfigure.web.servlet.WebDriverContextCustomizerFactory$Customizer@1cf6d1be, org.springframework.boot.test.context.SpringBootTestArgs@1, org.springframework.boot.test.context.SpringBootTestWebEnvironment@418e7838], resourceBasePath = 'src/main/webapp', contextLoader = 'org.springframework.boot.test.context.SpringBootContextLoader', parent = [null]], attributes = map['org.springframework.test.context.web.ServletTestExecutionListener.activateListener' -> true, 'org.springframework.test.context.web.ServletTestExecutionListener.populatedRequestContextHolder' -> true, 'org.springframework.test.context.web.ServletTestExecutionListener.resetRequestContextHolder' -> true, 'org.springframework.test.context.event.ApplicationEventsTestExecutionListener.recordApplicationEvents' -> false]]
]]></system-out>
  </testcase>
  <testcase name="update_withDuplicatedName_shouldThrowException" classname="sn.ept.git.seminaire.cicd.services.TodoServiceTest" time="0.038">
    <system-out><![CDATA[2022-08-11 16:23:09.389  INFO 53444 --- [           main] o.s.t.c.transaction.TransactionContext   : Began transaction (1) for test context [DefaultTestContext@79dc5318 testClass = TodoServiceTest, testInstance = sn.ept.git.seminaire.cicd.services.TodoServiceTest@335896bd, testMethod = update_withDuplicatedName_shouldThrowException@TodoServiceTest, testException = [null], mergedContextConfiguration = [WebMergedContextConfiguration@8e50104 testClass = TodoServiceTest, locations = '{}', classes = '{class sn.ept.git.seminaire.cicd.TodoApplication}', contextInitializerClasses = '[]', activeProfiles = '{}', propertySourceLocations = '{}', propertySourceProperties = '{org.springframework.boot.test.context.SpringBootTestContextBootstrapper=true}', contextCustomizers = set[org.springframework.boot.test.context.filter.ExcludeFilterContextCustomizer@71ba6d4e, org.springframework.boot.test.json.DuplicateJsonObjectContextCustomizerFactory$DuplicateJsonObjectContextCustomizer@63376bed, org.springframework.boot.test.mock.mockito.MockitoContextCustomizer@0, org.springframework.boot.test.web.client.TestRestTemplateContextCustomizer@78e4deb0, org.springframework.boot.test.autoconfigure.actuate.metrics.MetricsExportContextCustomizerFactory$DisableMetricExportContextCustomizer@470734c3, org.springframework.boot.test.autoconfigure.properties.PropertyMappingContextCustomizer@0, org.springframework.boot.test.autoconfigure.web.servlet.WebDriverContextCustomizerFactory$Customizer@1cf6d1be, org.springframework.boot.test.context.SpringBootTestArgs@1, org.springframework.boot.test.context.SpringBootTestWebEnvironment@418e7838], resourceBasePath = 'src/main/webapp', contextLoader = 'org.springframework.boot.test.context.SpringBootContextLoader', parent = [null]], attributes = map['org.springframework.test.context.web.ServletTestExecutionListener.activateListener' -> true, 'org.springframework.test.context.web.ServletTestExecutionListener.populatedRequestContextHolder' -> true, 'org.springframework.test.context.web.ServletTestExecutionListener.resetRequestContextHolder' -> true, 'org.springframework.test.context.event.ApplicationEventsTestExecutionListener.recordApplicationEvents' -> false]]; transaction manager [org.springframework.orm.jpa.JpaTransactionManager@45d46254]; rollback [true]
2022-08-11 16:23:09.394  INFO 53444 --- [           main] s.e.g.s.cicd.services.TodoServiceTest    :  before each
Hibernate: select todo0_.id as id1_1_, todo0_.created_date as created_2_1_, todo0_.deleted as deleted3_1_, todo0_.enabled as enabled4_1_, todo0_.last_modified_date as last_mod5_1_, todo0_.version as version6_1_, todo0_.completed as complete7_1_, todo0_.description as descript8_1_, todo0_.title as title9_1_ from acicd_todos todo0_ where (  todo0_.deleted = 0 ) and todo0_.title=?
Hibernate: select todo0_.id as id1_1_1_, todo0_.created_date as created_2_1_1_, todo0_.deleted as deleted3_1_1_, todo0_.enabled as enabled4_1_1_, todo0_.last_modified_date as last_mod5_1_1_, todo0_.version as version6_1_1_, todo0_.completed as complete7_1_1_, todo0_.description as descript8_1_1_, todo0_.title as title9_1_1_, tags1_.id_todo as id_todo1_2_3_, tag2_.id as id_tag2_2_3_, tag2_.id as id1_0_0_, tag2_.created_date as created_2_0_0_, tag2_.deleted as deleted3_0_0_, tag2_.enabled as enabled4_0_0_, tag2_.last_modified_date as last_mod5_0_0_, tag2_.version as version6_0_0_, tag2_.description as descript7_0_0_, tag2_.name as name8_0_0_ from acicd_todos todo0_ left outer join tags_todos tags1_ on todo0_.id=tags1_.id_todo left outer join acicd_tags tag2_ on tags1_.id_tag=tag2_.id and ( (  tag2_.deleted = 0  ) and (  tag2_.deleted = 0  )) where todo0_.id=? and (  todo0_.deleted = 0 ) 
Hibernate: insert into acicd_todos (created_date, deleted, enabled, last_modified_date, version, completed, description, title, id) values (?, ?, ?, ?, ?, ?, ?, ?, ?)
Hibernate: select todo0_.id as id1_1_, todo0_.created_date as created_2_1_, todo0_.deleted as deleted3_1_, todo0_.enabled as enabled4_1_, todo0_.last_modified_date as last_mod5_1_, todo0_.version as version6_1_, todo0_.completed as complete7_1_, todo0_.description as descript8_1_, todo0_.title as title9_1_ from acicd_todos todo0_ where (  todo0_.deleted = 0 ) and todo0_.title=? and todo0_.id<>?
2022-08-11 16:23:09.423  INFO 53444 --- [           main] o.s.t.c.transaction.TransactionContext   : Rolled back transaction for test: [DefaultTestContext@79dc5318 testClass = TodoServiceTest, testInstance = sn.ept.git.seminaire.cicd.services.TodoServiceTest@335896bd, testMethod = update_withDuplicatedName_shouldThrowException@TodoServiceTest, testException = [null], mergedContextConfiguration = [WebMergedContextConfiguration@8e50104 testClass = TodoServiceTest, locations = '{}', classes = '{class sn.ept.git.seminaire.cicd.TodoApplication}', contextInitializerClasses = '[]', activeProfiles = '{}', propertySourceLocations = '{}', propertySourceProperties = '{org.springframework.boot.test.context.SpringBootTestContextBootstrapper=true}', contextCustomizers = set[org.springframework.boot.test.context.filter.ExcludeFilterContextCustomizer@71ba6d4e, org.springframework.boot.test.json.DuplicateJsonObjectContextCustomizerFactory$DuplicateJsonObjectContextCustomizer@63376bed, org.springframework.boot.test.mock.mockito.MockitoContextCustomizer@0, org.springframework.boot.test.web.client.TestRestTemplateContextCustomizer@78e4deb0, org.springframework.boot.test.autoconfigure.actuate.metrics.MetricsExportContextCustomizerFactory$DisableMetricExportContextCustomizer@470734c3, org.springframework.boot.test.autoconfigure.properties.PropertyMappingContextCustomizer@0, org.springframework.boot.test.autoconfigure.web.servlet.WebDriverContextCustomizerFactory$Customizer@1cf6d1be, org.springframework.boot.test.context.SpringBootTestArgs@1, org.springframework.boot.test.context.SpringBootTestWebEnvironment@418e7838], resourceBasePath = 'src/main/webapp', contextLoader = 'org.springframework.boot.test.context.SpringBootContextLoader', parent = [null]], attributes = map['org.springframework.test.context.web.ServletTestExecutionListener.activateListener' -> true, 'org.springframework.test.context.web.ServletTestExecutionListener.populatedRequestContextHolder' -> true, 'org.springframework.test.context.web.ServletTestExecutionListener.resetRequestContextHolder' -> true, 'org.springframework.test.context.event.ApplicationEventsTestExecutionListener.recordApplicationEvents' -> false]]
]]></system-out>
  </testcase>
  <testcase name="update_shouldSucceed" classname="sn.ept.git.seminaire.cicd.services.TodoServiceTest" time="0.043">
    <system-out><![CDATA[2022-08-11 16:23:09.432  INFO 53444 --- [           main] o.s.t.c.transaction.TransactionContext   : Began transaction (1) for test context [DefaultTestContext@79dc5318 testClass = TodoServiceTest, testInstance = sn.ept.git.seminaire.cicd.services.TodoServiceTest@1554eaa4, testMethod = update_shouldSucceed@TodoServiceTest, testException = [null], mergedContextConfiguration = [WebMergedContextConfiguration@8e50104 testClass = TodoServiceTest, locations = '{}', classes = '{class sn.ept.git.seminaire.cicd.TodoApplication}', contextInitializerClasses = '[]', activeProfiles = '{}', propertySourceLocations = '{}', propertySourceProperties = '{org.springframework.boot.test.context.SpringBootTestContextBootstrapper=true}', contextCustomizers = set[org.springframework.boot.test.context.filter.ExcludeFilterContextCustomizer@71ba6d4e, org.springframework.boot.test.json.DuplicateJsonObjectContextCustomizerFactory$DuplicateJsonObjectContextCustomizer@63376bed, org.springframework.boot.test.mock.mockito.MockitoContextCustomizer@0, org.springframework.boot.test.web.client.TestRestTemplateContextCustomizer@78e4deb0, org.springframework.boot.test.autoconfigure.actuate.metrics.MetricsExportContextCustomizerFactory$DisableMetricExportContextCustomizer@470734c3, org.springframework.boot.test.autoconfigure.properties.PropertyMappingContextCustomizer@0, org.springframework.boot.test.autoconfigure.web.servlet.WebDriverContextCustomizerFactory$Customizer@1cf6d1be, org.springframework.boot.test.context.SpringBootTestArgs@1, org.springframework.boot.test.context.SpringBootTestWebEnvironment@418e7838], resourceBasePath = 'src/main/webapp', contextLoader = 'org.springframework.boot.test.context.SpringBootContextLoader', parent = [null]], attributes = map['org.springframework.test.context.web.ServletTestExecutionListener.activateListener' -> true, 'org.springframework.test.context.web.ServletTestExecutionListener.populatedRequestContextHolder' -> true, 'org.springframework.test.context.web.ServletTestExecutionListener.resetRequestContextHolder' -> true, 'org.springframework.test.context.event.ApplicationEventsTestExecutionListener.recordApplicationEvents' -> false]]; transaction manager [org.springframework.orm.jpa.JpaTransactionManager@45d46254]; rollback [true]
2022-08-11 16:23:09.436  INFO 53444 --- [           main] s.e.g.s.cicd.services.TodoServiceTest    :  before each
Hibernate: select todo0_.id as id1_1_, todo0_.created_date as created_2_1_, todo0_.deleted as deleted3_1_, todo0_.enabled as enabled4_1_, todo0_.last_modified_date as last_mod5_1_, todo0_.version as version6_1_, todo0_.completed as complete7_1_, todo0_.description as descript8_1_, todo0_.title as title9_1_ from acicd_todos todo0_ where (  todo0_.deleted = 0 ) and todo0_.title=?
Hibernate: select todo0_.id as id1_1_1_, todo0_.created_date as created_2_1_1_, todo0_.deleted as deleted3_1_1_, todo0_.enabled as enabled4_1_1_, todo0_.last_modified_date as last_mod5_1_1_, todo0_.version as version6_1_1_, todo0_.completed as complete7_1_1_, todo0_.description as descript8_1_1_, todo0_.title as title9_1_1_, tags1_.id_todo as id_todo1_2_3_, tag2_.id as id_tag2_2_3_, tag2_.id as id1_0_0_, tag2_.created_date as created_2_0_0_, tag2_.deleted as deleted3_0_0_, tag2_.enabled as enabled4_0_0_, tag2_.last_modified_date as last_mod5_0_0_, tag2_.version as version6_0_0_, tag2_.description as descript7_0_0_, tag2_.name as name8_0_0_ from acicd_todos todo0_ left outer join tags_todos tags1_ on todo0_.id=tags1_.id_todo left outer join acicd_tags tag2_ on tags1_.id_tag=tag2_.id and ( (  tag2_.deleted = 0  ) and (  tag2_.deleted = 0  )) where todo0_.id=? and (  todo0_.deleted = 0 ) 
Hibernate: insert into acicd_todos (created_date, deleted, enabled, last_modified_date, version, completed, description, title, id) values (?, ?, ?, ?, ?, ?, ?, ?, ?)
Hibernate: select todo0_.id as id1_1_, todo0_.created_date as created_2_1_, todo0_.deleted as deleted3_1_, todo0_.enabled as enabled4_1_, todo0_.last_modified_date as last_mod5_1_, todo0_.version as version6_1_, todo0_.completed as complete7_1_, todo0_.description as descript8_1_, todo0_.title as title9_1_ from acicd_todos todo0_ where (  todo0_.deleted = 0 ) and todo0_.title=? and todo0_.id<>?
2022-08-11 16:23:09.470  INFO 53444 --- [           main] o.s.t.c.transaction.TransactionContext   : Rolled back transaction for test: [DefaultTestContext@79dc5318 testClass = TodoServiceTest, testInstance = sn.ept.git.seminaire.cicd.services.TodoServiceTest@1554eaa4, testMethod = update_shouldSucceed@TodoServiceTest, testException = [null], mergedContextConfiguration = [WebMergedContextConfiguration@8e50104 testClass = TodoServiceTest, locations = '{}', classes = '{class sn.ept.git.seminaire.cicd.TodoApplication}', contextInitializerClasses = '[]', activeProfiles = '{}', propertySourceLocations = '{}', propertySourceProperties = '{org.springframework.boot.test.context.SpringBootTestContextBootstrapper=true}', contextCustomizers = set[org.springframework.boot.test.context.filter.ExcludeFilterContextCustomizer@71ba6d4e, org.springframework.boot.test.json.DuplicateJsonObjectContextCustomizerFactory$DuplicateJsonObjectContextCustomizer@63376bed, org.springframework.boot.test.mock.mockito.MockitoContextCustomizer@0, org.springframework.boot.test.web.client.TestRestTemplateContextCustomizer@78e4deb0, org.springframework.boot.test.autoconfigure.actuate.metrics.MetricsExportContextCustomizerFactory$DisableMetricExportContextCustomizer@470734c3, org.springframework.boot.test.autoconfigure.properties.PropertyMappingContextCustomizer@0, org.springframework.boot.test.autoconfigure.web.servlet.WebDriverContextCustomizerFactory$Customizer@1cf6d1be, org.springframework.boot.test.context.SpringBootTestArgs@1, org.springframework.boot.test.context.SpringBootTestWebEnvironment@418e7838], resourceBasePath = 'src/main/webapp', contextLoader = 'org.springframework.boot.test.context.SpringBootContextLoader', parent = [null]], attributes = map['org.springframework.test.context.web.ServletTestExecutionListener.activateListener' -> true, 'org.springframework.test.context.web.ServletTestExecutionListener.populatedRequestContextHolder' -> true, 'org.springframework.test.context.web.ServletTestExecutionListener.resetRequestContextHolder' -> true, 'org.springframework.test.context.event.ApplicationEventsTestExecutionListener.recordApplicationEvents' -> false]]
]]></system-out>
  </testcase>
  <testcase name="save_withSameName_shouldThrowException" classname="sn.ept.git.seminaire.cicd.services.TodoServiceTest" time="0.034">
    <system-out><![CDATA[2022-08-11 16:23:09.478  INFO 53444 --- [           main] o.s.t.c.transaction.TransactionContext   : Began transaction (1) for test context [DefaultTestContext@79dc5318 testClass = TodoServiceTest, testInstance = sn.ept.git.seminaire.cicd.services.TodoServiceTest@3ee68377, testMethod = save_withSameName_shouldThrowException@TodoServiceTest, testException = [null], mergedContextConfiguration = [WebMergedContextConfiguration@8e50104 testClass = TodoServiceTest, locations = '{}', classes = '{class sn.ept.git.seminaire.cicd.TodoApplication}', contextInitializerClasses = '[]', activeProfiles = '{}', propertySourceLocations = '{}', propertySourceProperties = '{org.springframework.boot.test.context.SpringBootTestContextBootstrapper=true}', contextCustomizers = set[org.springframework.boot.test.context.filter.ExcludeFilterContextCustomizer@71ba6d4e, org.springframework.boot.test.json.DuplicateJsonObjectContextCustomizerFactory$DuplicateJsonObjectContextCustomizer@63376bed, org.springframework.boot.test.mock.mockito.MockitoContextCustomizer@0, org.springframework.boot.test.web.client.TestRestTemplateContextCustomizer@78e4deb0, org.springframework.boot.test.autoconfigure.actuate.metrics.MetricsExportContextCustomizerFactory$DisableMetricExportContextCustomizer@470734c3, org.springframework.boot.test.autoconfigure.properties.PropertyMappingContextCustomizer@0, org.springframework.boot.test.autoconfigure.web.servlet.WebDriverContextCustomizerFactory$Customizer@1cf6d1be, org.springframework.boot.test.context.SpringBootTestArgs@1, org.springframework.boot.test.context.SpringBootTestWebEnvironment@418e7838], resourceBasePath = 'src/main/webapp', contextLoader = 'org.springframework.boot.test.context.SpringBootContextLoader', parent = [null]], attributes = map['org.springframework.test.context.web.ServletTestExecutionListener.activateListener' -> true, 'org.springframework.test.context.web.ServletTestExecutionListener.populatedRequestContextHolder' -> true, 'org.springframework.test.context.web.ServletTestExecutionListener.resetRequestContextHolder' -> true, 'org.springframework.test.context.event.ApplicationEventsTestExecutionListener.recordApplicationEvents' -> false]]; transaction manager [org.springframework.orm.jpa.JpaTransactionManager@45d46254]; rollback [true]
2022-08-11 16:23:09.483  INFO 53444 --- [           main] s.e.g.s.cicd.services.TodoServiceTest    :  before each
Hibernate: select todo0_.id as id1_1_, todo0_.created_date as created_2_1_, todo0_.deleted as deleted3_1_, todo0_.enabled as enabled4_1_, todo0_.last_modified_date as last_mod5_1_, todo0_.version as version6_1_, todo0_.completed as complete7_1_, todo0_.description as descript8_1_, todo0_.title as title9_1_ from acicd_todos todo0_ where (  todo0_.deleted = 0 ) and todo0_.title=?
Hibernate: select todo0_.id as id1_1_1_, todo0_.created_date as created_2_1_1_, todo0_.deleted as deleted3_1_1_, todo0_.enabled as enabled4_1_1_, todo0_.last_modified_date as last_mod5_1_1_, todo0_.version as version6_1_1_, todo0_.completed as complete7_1_1_, todo0_.description as descript8_1_1_, todo0_.title as title9_1_1_, tags1_.id_todo as id_todo1_2_3_, tag2_.id as id_tag2_2_3_, tag2_.id as id1_0_0_, tag2_.created_date as created_2_0_0_, tag2_.deleted as deleted3_0_0_, tag2_.enabled as enabled4_0_0_, tag2_.last_modified_date as last_mod5_0_0_, tag2_.version as version6_0_0_, tag2_.description as descript7_0_0_, tag2_.name as name8_0_0_ from acicd_todos todo0_ left outer join tags_todos tags1_ on todo0_.id=tags1_.id_todo left outer join acicd_tags tag2_ on tags1_.id_tag=tag2_.id and ( (  tag2_.deleted = 0  ) and (  tag2_.deleted = 0  )) where todo0_.id=? and (  todo0_.deleted = 0 ) 
Hibernate: insert into acicd_todos (created_date, deleted, enabled, last_modified_date, version, completed, description, title, id) values (?, ?, ?, ?, ?, ?, ?, ?, ?)
Hibernate: select todo0_.id as id1_1_, todo0_.created_date as created_2_1_, todo0_.deleted as deleted3_1_, todo0_.enabled as enabled4_1_, todo0_.last_modified_date as last_mod5_1_, todo0_.version as version6_1_, todo0_.completed as complete7_1_, todo0_.description as descript8_1_, todo0_.title as title9_1_ from acicd_todos todo0_ where (  todo0_.deleted = 0 ) and todo0_.title=?
2022-08-11 16:23:09.506  INFO 53444 --- [           main] o.s.t.c.transaction.TransactionContext   : Rolled back transaction for test: [DefaultTestContext@79dc5318 testClass = TodoServiceTest, testInstance = sn.ept.git.seminaire.cicd.services.TodoServiceTest@3ee68377, testMethod = save_withSameName_shouldThrowException@TodoServiceTest, testException = [null], mergedContextConfiguration = [WebMergedContextConfiguration@8e50104 testClass = TodoServiceTest, locations = '{}', classes = '{class sn.ept.git.seminaire.cicd.TodoApplication}', contextInitializerClasses = '[]', activeProfiles = '{}', propertySourceLocations = '{}', propertySourceProperties = '{org.springframework.boot.test.context.SpringBootTestContextBootstrapper=true}', contextCustomizers = set[org.springframework.boot.test.context.filter.ExcludeFilterContextCustomizer@71ba6d4e, org.springframework.boot.test.json.DuplicateJsonObjectContextCustomizerFactory$DuplicateJsonObjectContextCustomizer@63376bed, org.springframework.boot.test.mock.mockito.MockitoContextCustomizer@0, org.springframework.boot.test.web.client.TestRestTemplateContextCustomizer@78e4deb0, org.springframework.boot.test.autoconfigure.actuate.metrics.MetricsExportContextCustomizerFactory$DisableMetricExportContextCustomizer@470734c3, org.springframework.boot.test.autoconfigure.properties.PropertyMappingContextCustomizer@0, org.springframework.boot.test.autoconfigure.web.servlet.WebDriverContextCustomizerFactory$Customizer@1cf6d1be, org.springframework.boot.test.context.SpringBootTestArgs@1, org.springframework.boot.test.context.SpringBootTestWebEnvironment@418e7838], resourceBasePath = 'src/main/webapp', contextLoader = 'org.springframework.boot.test.context.SpringBootContextLoader', parent = [null]], attributes = map['org.springframework.test.context.web.ServletTestExecutionListener.activateListener' -> true, 'org.springframework.test.context.web.ServletTestExecutionListener.populatedRequestContextHolder' -> true, 'org.springframework.test.context.web.ServletTestExecutionListener.resetRequestContextHolder' -> true, 'org.springframework.test.context.event.ApplicationEventsTestExecutionListener.recordApplicationEvents' -> false]]
]]></system-out>
  </testcase>
  <testcase name="findAllPageable_shouldReturnResult" classname="sn.ept.git.seminaire.cicd.services.TodoServiceTest" time="0.548">
    <system-out><![CDATA[2022-08-11 16:23:09.514  INFO 53444 --- [           main] o.s.t.c.transaction.TransactionContext   : Began transaction (1) for test context [DefaultTestContext@79dc5318 testClass = TodoServiceTest, testInstance = sn.ept.git.seminaire.cicd.services.TodoServiceTest@5a8656a2, testMethod = findAllPageable_shouldReturnResult@TodoServiceTest, testException = [null], mergedContextConfiguration = [WebMergedContextConfiguration@8e50104 testClass = TodoServiceTest, locations = '{}', classes = '{class sn.ept.git.seminaire.cicd.TodoApplication}', contextInitializerClasses = '[]', activeProfiles = '{}', propertySourceLocations = '{}', propertySourceProperties = '{org.springframework.boot.test.context.SpringBootTestContextBootstrapper=true}', contextCustomizers = set[org.springframework.boot.test.context.filter.ExcludeFilterContextCustomizer@71ba6d4e, org.springframework.boot.test.json.DuplicateJsonObjectContextCustomizerFactory$DuplicateJsonObjectContextCustomizer@63376bed, org.springframework.boot.test.mock.mockito.MockitoContextCustomizer@0, org.springframework.boot.test.web.client.TestRestTemplateContextCustomizer@78e4deb0, org.springframework.boot.test.autoconfigure.actuate.metrics.MetricsExportContextCustomizerFactory$DisableMetricExportContextCustomizer@470734c3, org.springframework.boot.test.autoconfigure.properties.PropertyMappingContextCustomizer@0, org.springframework.boot.test.autoconfigure.web.servlet.WebDriverContextCustomizerFactory$Customizer@1cf6d1be, org.springframework.boot.test.context.SpringBootTestArgs@1, org.springframework.boot.test.context.SpringBootTestWebEnvironment@418e7838], resourceBasePath = 'src/main/webapp', contextLoader = 'org.springframework.boot.test.context.SpringBootContextLoader', parent = [null]], attributes = map['org.springframework.test.context.web.ServletTestExecutionListener.activateListener' -> true, 'org.springframework.test.context.web.ServletTestExecutionListener.populatedRequestContextHolder' -> true, 'org.springframework.test.context.web.ServletTestExecutionListener.resetRequestContextHolder' -> true, 'org.springframework.test.context.event.ApplicationEventsTestExecutionListener.recordApplicationEvents' -> false]]; transaction manager [org.springframework.orm.jpa.JpaTransactionManager@45d46254]; rollback [true]
2022-08-11 16:23:09.516  INFO 53444 --- [           main] s.e.g.s.cicd.services.TodoServiceTest    :  before each
Hibernate: select todo0_.id as id1_1_, todo0_.created_date as created_2_1_, todo0_.deleted as deleted3_1_, todo0_.enabled as enabled4_1_, todo0_.last_modified_date as last_mod5_1_, todo0_.version as version6_1_, todo0_.completed as complete7_1_, todo0_.description as descript8_1_, todo0_.title as title9_1_ from acicd_todos todo0_ where (  todo0_.deleted = 0 ) and todo0_.title=?
Hibernate: select todo0_.id as id1_1_1_, todo0_.created_date as created_2_1_1_, todo0_.deleted as deleted3_1_1_, todo0_.enabled as enabled4_1_1_, todo0_.last_modified_date as last_mod5_1_1_, todo0_.version as version6_1_1_, todo0_.completed as complete7_1_1_, todo0_.description as descript8_1_1_, todo0_.title as title9_1_1_, tags1_.id_todo as id_todo1_2_3_, tag2_.id as id_tag2_2_3_, tag2_.id as id1_0_0_, tag2_.created_date as created_2_0_0_, tag2_.deleted as deleted3_0_0_, tag2_.enabled as enabled4_0_0_, tag2_.last_modified_date as last_mod5_0_0_, tag2_.version as version6_0_0_, tag2_.description as descript7_0_0_, tag2_.name as name8_0_0_ from acicd_todos todo0_ left outer join tags_todos tags1_ on todo0_.id=tags1_.id_todo left outer join acicd_tags tag2_ on tags1_.id_tag=tag2_.id and ( (  tag2_.deleted = 0  ) and (  tag2_.deleted = 0  )) where todo0_.id=? and (  todo0_.deleted = 0 ) 
Hibernate: insert into acicd_todos (created_date, deleted, enabled, last_modified_date, version, completed, description, title, id) values (?, ?, ?, ?, ?, ?, ?, ?, ?)
Hibernate: select todo0_.id as id1_1_, todo0_.created_date as created_2_1_, todo0_.deleted as deleted3_1_, todo0_.enabled as enabled4_1_, todo0_.last_modified_date as last_mod5_1_, todo0_.version as version6_1_, todo0_.completed as complete7_1_, todo0_.description as descript8_1_, todo0_.title as title9_1_ from acicd_todos todo0_ where (  todo0_.deleted = 0 ) limit ?
2022-08-11 16:23:10.056  INFO 53444 --- [           main] o.s.t.c.transaction.TransactionContext   : Rolled back transaction for test: [DefaultTestContext@79dc5318 testClass = TodoServiceTest, testInstance = sn.ept.git.seminaire.cicd.services.TodoServiceTest@5a8656a2, testMethod = findAllPageable_shouldReturnResult@TodoServiceTest, testException = [null], mergedContextConfiguration = [WebMergedContextConfiguration@8e50104 testClass = TodoServiceTest, locations = '{}', classes = '{class sn.ept.git.seminaire.cicd.TodoApplication}', contextInitializerClasses = '[]', activeProfiles = '{}', propertySourceLocations = '{}', propertySourceProperties = '{org.springframework.boot.test.context.SpringBootTestContextBootstrapper=true}', contextCustomizers = set[org.springframework.boot.test.context.filter.ExcludeFilterContextCustomizer@71ba6d4e, org.springframework.boot.test.json.DuplicateJsonObjectContextCustomizerFactory$DuplicateJsonObjectContextCustomizer@63376bed, org.springframework.boot.test.mock.mockito.MockitoContextCustomizer@0, org.springframework.boot.test.web.client.TestRestTemplateContextCustomizer@78e4deb0, org.springframework.boot.test.autoconfigure.actuate.metrics.MetricsExportContextCustomizerFactory$DisableMetricExportContextCustomizer@470734c3, org.springframework.boot.test.autoconfigure.properties.PropertyMappingContextCustomizer@0, org.springframework.boot.test.autoconfigure.web.servlet.WebDriverContextCustomizerFactory$Customizer@1cf6d1be, org.springframework.boot.test.context.SpringBootTestArgs@1, org.springframework.boot.test.context.SpringBootTestWebEnvironment@418e7838], resourceBasePath = 'src/main/webapp', contextLoader = 'org.springframework.boot.test.context.SpringBootContextLoader', parent = [null]], attributes = map['org.springframework.test.context.web.ServletTestExecutionListener.activateListener' -> true, 'org.springframework.test.context.web.ServletTestExecutionListener.populatedRequestContextHolder' -> true, 'org.springframework.test.context.web.ServletTestExecutionListener.resetRequestContextHolder' -> true, 'org.springframework.test.context.event.ApplicationEventsTestExecutionListener.recordApplicationEvents' -> false]]
]]></system-out>
  </testcase>
  <testcase name="findAll_shouldReturnResult" classname="sn.ept.git.seminaire.cicd.services.TodoServiceTest" time="0.05">
    <system-out><![CDATA[2022-08-11 16:23:10.067  INFO 53444 --- [           main] o.s.t.c.transaction.TransactionContext   : Began transaction (1) for test context [DefaultTestContext@79dc5318 testClass = TodoServiceTest, testInstance = sn.ept.git.seminaire.cicd.services.TodoServiceTest@5340ccb9, testMethod = findAll_shouldReturnResult@TodoServiceTest, testException = [null], mergedContextConfiguration = [WebMergedContextConfiguration@8e50104 testClass = TodoServiceTest, locations = '{}', classes = '{class sn.ept.git.seminaire.cicd.TodoApplication}', contextInitializerClasses = '[]', activeProfiles = '{}', propertySourceLocations = '{}', propertySourceProperties = '{org.springframework.boot.test.context.SpringBootTestContextBootstrapper=true}', contextCustomizers = set[org.springframework.boot.test.context.filter.ExcludeFilterContextCustomizer@71ba6d4e, org.springframework.boot.test.json.DuplicateJsonObjectContextCustomizerFactory$DuplicateJsonObjectContextCustomizer@63376bed, org.springframework.boot.test.mock.mockito.MockitoContextCustomizer@0, org.springframework.boot.test.web.client.TestRestTemplateContextCustomizer@78e4deb0, org.springframework.boot.test.autoconfigure.actuate.metrics.MetricsExportContextCustomizerFactory$DisableMetricExportContextCustomizer@470734c3, org.springframework.boot.test.autoconfigure.properties.PropertyMappingContextCustomizer@0, org.springframework.boot.test.autoconfigure.web.servlet.WebDriverContextCustomizerFactory$Customizer@1cf6d1be, org.springframework.boot.test.context.SpringBootTestArgs@1, org.springframework.boot.test.context.SpringBootTestWebEnvironment@418e7838], resourceBasePath = 'src/main/webapp', contextLoader = 'org.springframework.boot.test.context.SpringBootContextLoader', parent = [null]], attributes = map['org.springframework.test.context.web.ServletTestExecutionListener.activateListener' -> true, 'org.springframework.test.context.web.ServletTestExecutionListener.populatedRequestContextHolder' -> true, 'org.springframework.test.context.web.ServletTestExecutionListener.resetRequestContextHolder' -> true, 'org.springframework.test.context.event.ApplicationEventsTestExecutionListener.recordApplicationEvents' -> false]]; transaction manager [org.springframework.orm.jpa.JpaTransactionManager@45d46254]; rollback [true]
2022-08-11 16:23:10.071  INFO 53444 --- [           main] s.e.g.s.cicd.services.TodoServiceTest    :  before each
Hibernate: select todo0_.id as id1_1_, todo0_.created_date as created_2_1_, todo0_.deleted as deleted3_1_, todo0_.enabled as enabled4_1_, todo0_.last_modified_date as last_mod5_1_, todo0_.version as version6_1_, todo0_.completed as complete7_1_, todo0_.description as descript8_1_, todo0_.title as title9_1_ from acicd_todos todo0_ where (  todo0_.deleted = 0 ) and todo0_.title=?
Hibernate: select todo0_.id as id1_1_1_, todo0_.created_date as created_2_1_1_, todo0_.deleted as deleted3_1_1_, todo0_.enabled as enabled4_1_1_, todo0_.last_modified_date as last_mod5_1_1_, todo0_.version as version6_1_1_, todo0_.completed as complete7_1_1_, todo0_.description as descript8_1_1_, todo0_.title as title9_1_1_, tags1_.id_todo as id_todo1_2_3_, tag2_.id as id_tag2_2_3_, tag2_.id as id1_0_0_, tag2_.created_date as created_2_0_0_, tag2_.deleted as deleted3_0_0_, tag2_.enabled as enabled4_0_0_, tag2_.last_modified_date as last_mod5_0_0_, tag2_.version as version6_0_0_, tag2_.description as descript7_0_0_, tag2_.name as name8_0_0_ from acicd_todos todo0_ left outer join tags_todos tags1_ on todo0_.id=tags1_.id_todo left outer join acicd_tags tag2_ on tags1_.id_tag=tag2_.id and ( (  tag2_.deleted = 0  ) and (  tag2_.deleted = 0  )) where todo0_.id=? and (  todo0_.deleted = 0 ) 
Hibernate: insert into acicd_todos (created_date, deleted, enabled, last_modified_date, version, completed, description, title, id) values (?, ?, ?, ?, ?, ?, ?, ?, ?)
Hibernate: select todo0_.id as id1_1_, todo0_.created_date as created_2_1_, todo0_.deleted as deleted3_1_, todo0_.enabled as enabled4_1_, todo0_.last_modified_date as last_mod5_1_, todo0_.version as version6_1_, todo0_.completed as complete7_1_, todo0_.description as descript8_1_, todo0_.title as title9_1_ from acicd_todos todo0_ where (  todo0_.deleted = 0 )
2022-08-11 16:23:10.111  INFO 53444 --- [           main] o.s.t.c.transaction.TransactionContext   : Rolled back transaction for test: [DefaultTestContext@79dc5318 testClass = TodoServiceTest, testInstance = sn.ept.git.seminaire.cicd.services.TodoServiceTest@5340ccb9, testMethod = findAll_shouldReturnResult@TodoServiceTest, testException = [null], mergedContextConfiguration = [WebMergedContextConfiguration@8e50104 testClass = TodoServiceTest, locations = '{}', classes = '{class sn.ept.git.seminaire.cicd.TodoApplication}', contextInitializerClasses = '[]', activeProfiles = '{}', propertySourceLocations = '{}', propertySourceProperties = '{org.springframework.boot.test.context.SpringBootTestContextBootstrapper=true}', contextCustomizers = set[org.springframework.boot.test.context.filter.ExcludeFilterContextCustomizer@71ba6d4e, org.springframework.boot.test.json.DuplicateJsonObjectContextCustomizerFactory$DuplicateJsonObjectContextCustomizer@63376bed, org.springframework.boot.test.mock.mockito.MockitoContextCustomizer@0, org.springframework.boot.test.web.client.TestRestTemplateContextCustomizer@78e4deb0, org.springframework.boot.test.autoconfigure.actuate.metrics.MetricsExportContextCustomizerFactory$DisableMetricExportContextCustomizer@470734c3, org.springframework.boot.test.autoconfigure.properties.PropertyMappingContextCustomizer@0, org.springframework.boot.test.autoconfigure.web.servlet.WebDriverContextCustomizerFactory$Customizer@1cf6d1be, org.springframework.boot.test.context.SpringBootTestArgs@1, org.springframework.boot.test.context.SpringBootTestWebEnvironment@418e7838], resourceBasePath = 'src/main/webapp', contextLoader = 'org.springframework.boot.test.context.SpringBootContextLoader', parent = [null]], attributes = map['org.springframework.test.context.web.ServletTestExecutionListener.activateListener' -> true, 'org.springframework.test.context.web.ServletTestExecutionListener.populatedRequestContextHolder' -> true, 'org.springframework.test.context.web.ServletTestExecutionListener.resetRequestContextHolder' -> true, 'org.springframework.test.context.event.ApplicationEventsTestExecutionListener.recordApplicationEvents' -> false]]
]]></system-out>
  </testcase>
  <testcase name="delete_shouldDeleteSociete" classname="sn.ept.git.seminaire.cicd.services.TodoServiceTest" time="0.1">
    <system-out><![CDATA[2022-08-11 16:23:10.118  INFO 53444 --- [           main] o.s.t.c.transaction.TransactionContext   : Began transaction (1) for test context [DefaultTestContext@79dc5318 testClass = TodoServiceTest, testInstance = sn.ept.git.seminaire.cicd.services.TodoServiceTest@6d695ec4, testMethod = delete_shouldDeleteSociete@TodoServiceTest, testException = [null], mergedContextConfiguration = [WebMergedContextConfiguration@8e50104 testClass = TodoServiceTest, locations = '{}', classes = '{class sn.ept.git.seminaire.cicd.TodoApplication}', contextInitializerClasses = '[]', activeProfiles = '{}', propertySourceLocations = '{}', propertySourceProperties = '{org.springframework.boot.test.context.SpringBootTestContextBootstrapper=true}', contextCustomizers = set[org.springframework.boot.test.context.filter.ExcludeFilterContextCustomizer@71ba6d4e, org.springframework.boot.test.json.DuplicateJsonObjectContextCustomizerFactory$DuplicateJsonObjectContextCustomizer@63376bed, org.springframework.boot.test.mock.mockito.MockitoContextCustomizer@0, org.springframework.boot.test.web.client.TestRestTemplateContextCustomizer@78e4deb0, org.springframework.boot.test.autoconfigure.actuate.metrics.MetricsExportContextCustomizerFactory$DisableMetricExportContextCustomizer@470734c3, org.springframework.boot.test.autoconfigure.properties.PropertyMappingContextCustomizer@0, org.springframework.boot.test.autoconfigure.web.servlet.WebDriverContextCustomizerFactory$Customizer@1cf6d1be, org.springframework.boot.test.context.SpringBootTestArgs@1, org.springframework.boot.test.context.SpringBootTestWebEnvironment@418e7838], resourceBasePath = 'src/main/webapp', contextLoader = 'org.springframework.boot.test.context.SpringBootContextLoader', parent = [null]], attributes = map['org.springframework.test.context.web.ServletTestExecutionListener.activateListener' -> true, 'org.springframework.test.context.web.ServletTestExecutionListener.populatedRequestContextHolder' -> true, 'org.springframework.test.context.web.ServletTestExecutionListener.resetRequestContextHolder' -> true, 'org.springframework.test.context.event.ApplicationEventsTestExecutionListener.recordApplicationEvents' -> false]]; transaction manager [org.springframework.orm.jpa.JpaTransactionManager@45d46254]; rollback [true]
2022-08-11 16:23:10.126  INFO 53444 --- [           main] s.e.g.s.cicd.services.TodoServiceTest    :  before each
Hibernate: select todo0_.id as id1_1_, todo0_.created_date as created_2_1_, todo0_.deleted as deleted3_1_, todo0_.enabled as enabled4_1_, todo0_.last_modified_date as last_mod5_1_, todo0_.version as version6_1_, todo0_.completed as complete7_1_, todo0_.description as descript8_1_, todo0_.title as title9_1_ from acicd_todos todo0_ where (  todo0_.deleted = 0 ) and todo0_.title=?
Hibernate: select todo0_.id as id1_1_1_, todo0_.created_date as created_2_1_1_, todo0_.deleted as deleted3_1_1_, todo0_.enabled as enabled4_1_1_, todo0_.last_modified_date as last_mod5_1_1_, todo0_.version as version6_1_1_, todo0_.completed as complete7_1_1_, todo0_.description as descript8_1_1_, todo0_.title as title9_1_1_, tags1_.id_todo as id_todo1_2_3_, tag2_.id as id_tag2_2_3_, tag2_.id as id1_0_0_, tag2_.created_date as created_2_0_0_, tag2_.deleted as deleted3_0_0_, tag2_.enabled as enabled4_0_0_, tag2_.last_modified_date as last_mod5_0_0_, tag2_.version as version6_0_0_, tag2_.description as descript7_0_0_, tag2_.name as name8_0_0_ from acicd_todos todo0_ left outer join tags_todos tags1_ on todo0_.id=tags1_.id_todo left outer join acicd_tags tag2_ on tags1_.id_tag=tag2_.id and ( (  tag2_.deleted = 0  ) and (  tag2_.deleted = 0  )) where todo0_.id=? and (  todo0_.deleted = 0 ) 
Hibernate: insert into acicd_todos (created_date, deleted, enabled, last_modified_date, version, completed, description, title, id) values (?, ?, ?, ?, ?, ?, ?, ?, ?)
Hibernate: select count(*) as col_0_0_ from acicd_todos todo0_ where (  todo0_.deleted = 0 )
Hibernate: update acicd_todos set deleted=?, version=? where id=? and version=?
Hibernate: select count(*) as col_0_0_ from acicd_todos todo0_ where (  todo0_.deleted = 0 )
2022-08-11 16:23:10.214  INFO 53444 --- [           main] o.s.t.c.transaction.TransactionContext   : Rolled back transaction for test: [DefaultTestContext@79dc5318 testClass = TodoServiceTest, testInstance = sn.ept.git.seminaire.cicd.services.TodoServiceTest@6d695ec4, testMethod = delete_shouldDeleteSociete@TodoServiceTest, testException = [null], mergedContextConfiguration = [WebMergedContextConfiguration@8e50104 testClass = TodoServiceTest, locations = '{}', classes = '{class sn.ept.git.seminaire.cicd.TodoApplication}', contextInitializerClasses = '[]', activeProfiles = '{}', propertySourceLocations = '{}', propertySourceProperties = '{org.springframework.boot.test.context.SpringBootTestContextBootstrapper=true}', contextCustomizers = set[org.springframework.boot.test.context.filter.ExcludeFilterContextCustomizer@71ba6d4e, org.springframework.boot.test.json.DuplicateJsonObjectContextCustomizerFactory$DuplicateJsonObjectContextCustomizer@63376bed, org.springframework.boot.test.mock.mockito.MockitoContextCustomizer@0, org.springframework.boot.test.web.client.TestRestTemplateContextCustomizer@78e4deb0, org.springframework.boot.test.autoconfigure.actuate.metrics.MetricsExportContextCustomizerFactory$DisableMetricExportContextCustomizer@470734c3, org.springframework.boot.test.autoconfigure.properties.PropertyMappingContextCustomizer@0, org.springframework.boot.test.autoconfigure.web.servlet.WebDriverContextCustomizerFactory$Customizer@1cf6d1be, org.springframework.boot.test.context.SpringBootTestArgs@1, org.springframework.boot.test.context.SpringBootTestWebEnvironment@418e7838], resourceBasePath = 'src/main/webapp', contextLoader = 'org.springframework.boot.test.context.SpringBootContextLoader', parent = [null]], attributes = map['org.springframework.test.context.web.ServletTestExecutionListener.activateListener' -> true, 'org.springframework.test.context.web.ServletTestExecutionListener.populatedRequestContextHolder' -> true, 'org.springframework.test.context.web.ServletTestExecutionListener.resetRequestContextHolder' -> true, 'org.springframework.test.context.event.ApplicationEventsTestExecutionListener.recordApplicationEvents' -> false]]
]]></system-out>
  </testcase>
</testsuite>