<?xml version="1.0" encoding="UTF-8"?>
<testsuite xmlns:xsi="http://www.w3.org/2001/XMLSchema-instance" xsi:noNamespaceSchemaLocation="https://maven.apache.org/surefire/maven-surefire-plugin/xsd/surefire-test-report-3.0.xsd" version="3.0" name="sn.ept.git.seminaire.cicd.demo.I_ArchTest" time="2.535" tests="13" errors="0" skipped="0" failures="0">
  <properties>
    <property name="sun.desktop" value="windows"/>
    <property name="awt.toolkit" value="sun.awt.windows.WToolkit"/>
    <property name="file.encoding.pkg" value="sun.io"/>
    <property name="java.specification.version" value="1.8"/>
    <property name="sun.cpu.isalist" value="amd64"/>
    <property name="sun.jnu.encoding" value="Cp1252"/>
    <property name="java.class.path" value="C:\dev\apps\java\todos\target\test-classes;C:\dev\apps\java\todos\target\classes;C:\Users\ibou.sene\.m2\repository\org\jacoco\jacoco-maven-plugin\0.8.6\jacoco-maven-plugin-0.8.6.jar;C:\Users\ibou.sene\.m2\repository\org\apache\maven\maven-plugin-api\3.0\maven-plugin-api-3.0.jar;C:\Users\ibou.sene\.m2\repository\org\apache\maven\maven-model\3.0\maven-model-3.0.jar;C:\Users\ibou.sene\.m2\repository\org\apache\maven\maven-artifact\3.0\maven-artifact-3.0.jar;C:\Users\ibou.sene\.m2\repository\org\sonatype\sisu\sisu-inject-plexus\1.4.2\sisu-inject-plexus-1.4.2.jar;C:\Users\ibou.sene\.m2\repository\org\sonatype\sisu\sisu-inject-bean\1.4.2\sisu-inject-bean-1.4.2.jar;C:\Users\ibou.sene\.m2\repository\org\sonatype\sisu\sisu-guice\2.1.7\sisu-guice-2.1.7-noaop.jar;C:\Users\ibou.sene\.m2\repository\org\apache\maven\maven-core\3.0\maven-core-3.0.jar;C:\Users\ibou.sene\.m2\repository\org\apache\maven\maven-settings\3.0\maven-settings-3.0.jar;C:\Users\ibou.sene\.m2\repository\org\apache\maven\maven-settings-builder\3.0\maven-settings-builder-3.0.jar;C:\Users\ibou.sene\.m2\repository\org\apache\maven\maven-repository-metadata\3.0\maven-repository-metadata-3.0.jar;C:\Users\ibou.sene\.m2\repository\org\apache\maven\maven-model-builder\3.0\maven-model-builder-3.0.jar;C:\Users\ibou.sene\.m2\repository\org\apache\maven\maven-aether-provider\3.0\maven-aether-provider-3.0.jar;C:\Users\ibou.sene\.m2\repository\org\sonatype\aether\aether-impl\1.7\aether-impl-1.7.jar;C:\Users\ibou.sene\.m2\repository\org\sonatype\aether\aether-spi\1.7\aether-spi-1.7.jar;C:\Users\ibou.sene\.m2\repository\org\sonatype\aether\aether-api\1.7\aether-api-1.7.jar;C:\Users\ibou.sene\.m2\repository\org\sonatype\aether\aether-util\1.7\aether-util-1.7.jar;C:\Users\ibou.sene\.m2\repository\org\codehaus\plexus\plexus-interpolation\1.14\plexus-interpolation-1.14.jar;C:\Users\ibou.sene\.m2\repository\org\codehaus\plexus\plexus-classworlds\2.2.3\plexus-classworlds-2.2.3.jar;C:\Users\ibou.sene\.m2\repository\org\codehaus\plexus\plexus-component-annotations\1.5.5\plexus-component-annotations-1.5.5.jar;C:\Users\ibou.sene\.m2\repository\org\sonatype\plexus\plexus-sec-dispatcher\1.3\plexus-sec-dispatcher-1.3.jar;C:\Users\ibou.sene\.m2\repository\org\sonatype\plexus\plexus-cipher\1.4\plexus-cipher-1.4.jar;C:\Users\ibou.sene\.m2\repository\org\codehaus\plexus\plexus-utils\3.0.22\plexus-utils-3.0.22.jar;C:\Users\ibou.sene\.m2\repository\org\apache\maven\shared\file-management\1.2.1\file-management-1.2.1.jar;C:\Users\ibou.sene\.m2\repository\org\apache\maven\shared\maven-shared-io\1.1\maven-shared-io-1.1.jar;C:\Users\ibou.sene\.m2\repository\org\apache\maven\maven-artifact-manager\2.0.2\maven-artifact-manager-2.0.2.jar;C:\Users\ibou.sene\.m2\repository\org\apache\maven\wagon\wagon-provider-api\1.0-alpha-6\wagon-provider-api-1.0-alpha-6.jar;C:\Users\ibou.sene\.m2\repository\org\codehaus\plexus\plexus-container-default\1.0-alpha-9\plexus-container-default-1.0-alpha-9.jar;C:\Users\ibou.sene\.m2\repository\junit\junit\4.13.2\junit-4.13.2.jar;C:\Users\ibou.sene\.m2\repository\org\hamcrest\hamcrest-core\2.2\hamcrest-core-2.2.jar;C:\Users\ibou.sene\.m2\repository\classworlds\classworlds\1.1-alpha-2\classworlds-1.1-alpha-2.jar;C:\Users\ibou.sene\.m2\repository\org\apache\maven\reporting\maven-reporting-api\3.0\maven-reporting-api-3.0.jar;C:\Users\ibou.sene\.m2\repository\org\apache\maven\doxia\doxia-sink-api\1.0\doxia-sink-api-1.0.jar;C:\Users\ibou.sene\.m2\repository\org\apache\maven\reporting\maven-reporting-impl\2.1\maven-reporting-impl-2.1.jar;C:\Users\ibou.sene\.m2\repository\org\apache\maven\maven-project\2.0.10\maven-project-2.0.10.jar;C:\Users\ibou.sene\.m2\repository\org\apache\maven\maven-profile\2.0.10\maven-profile-2.0.10.jar;C:\Users\ibou.sene\.m2\repository\org\apache\maven\maven-plugin-registry\2.0.10\maven-plugin-registry-2.0.10.jar;C:\Users\ibou.sene\.m2\repository\org\apache\maven\doxia\doxia-core\1.1.2\doxia-core-1.1.2.jar;C:\Users\ibou.sene\.m2\repository\org\apache\maven\doxia\doxia-logging-api\1.1.2\doxia-logging-api-1.1.2.jar;C:\Users\ibou.sene\.m2\repository\xerces\xercesImpl\2.8.1\xercesImpl-2.8.1.jar;C:\Users\ibou.sene\.m2\repository\commons-httpclient\commons-httpclient\3.1\commons-httpclient-3.1.jar;C:\Users\ibou.sene\.m2\repository\commons-codec\commons-codec\1.15\commons-codec-1.15.jar;C:\Users\ibou.sene\.m2\repository\org\apache\maven\doxia\doxia-site-renderer\1.1.2\doxia-site-renderer-1.1.2.jar;C:\Users\ibou.sene\.m2\repository\org\apache\maven\doxia\doxia-decoration-model\1.1.2\doxia-decoration-model-1.1.2.jar;C:\Users\ibou.sene\.m2\repository\org\apache\maven\doxia\doxia-module-xhtml\1.1.2\doxia-module-xhtml-1.1.2.jar;C:\Users\ibou.sene\.m2\repository\org\apache\maven\doxia\doxia-module-fml\1.1.2\doxia-module-fml-1.1.2.jar;C:\Users\ibou.sene\.m2\repository\org\codehaus\plexus\plexus-i18n\1.0-beta-7\plexus-i18n-1.0-beta-7.jar;C:\Users\ibou.sene\.m2\repository\org\codehaus\plexus\plexus-velocity\1.1.7\plexus-velocity-1.1.7.jar;C:\Users\ibou.sene\.m2\repository\org\apache\velocity\velocity\1.5\velocity-1.5.jar;C:\Users\ibou.sene\.m2\repository\commons-collections\commons-collections\3.2\commons-collections-3.2.jar;C:\Users\ibou.sene\.m2\repository\commons-validator\commons-validator\1.2.0\commons-validator-1.2.0.jar;C:\Users\ibou.sene\.m2\repository\commons-beanutils\commons-beanutils\1.7.0\commons-beanutils-1.7.0.jar;C:\Users\ibou.sene\.m2\repository\commons-digester\commons-digester\1.6\commons-digester-1.6.jar;C:\Users\ibou.sene\.m2\repository\commons-logging\commons-logging\1.0.4\commons-logging-1.0.4.jar;C:\Users\ibou.sene\.m2\repository\oro\oro\2.0.8\oro-2.0.8.jar;C:\Users\ibou.sene\.m2\repository\xml-apis\xml-apis\1.0.b2\xml-apis-1.0.b2.jar;C:\Users\ibou.sene\.m2\repository\org\jacoco\org.jacoco.agent\0.8.6\org.jacoco.agent-0.8.6-runtime.jar;C:\Users\ibou.sene\.m2\repository\org\jacoco\org.jacoco.core\0.8.6\org.jacoco.core-0.8.6.jar;C:\Users\ibou.sene\.m2\repository\org\ow2\asm\asm\8.0.1\asm-8.0.1.jar;C:\Users\ibou.sene\.m2\repository\org\ow2\asm\asm-commons\8.0.1\asm-commons-8.0.1.jar;C:\Users\ibou.sene\.m2\repository\org\ow2\asm\asm-analysis\8.0.1\asm-analysis-8.0.1.jar;C:\Users\ibou.sene\.m2\repository\org\ow2\asm\asm-tree\8.0.1\asm-tree-8.0.1.jar;C:\Users\ibou.sene\.m2\repository\org\jacoco\org.jacoco.report\0.8.6\org.jacoco.report-0.8.6.jar;C:\Users\ibou.sene\.m2\repository\com\tngtech\archunit\archunit-junit5-api\0.14.1\archunit-junit5-api-0.14.1.jar;C:\Users\ibou.sene\.m2\repository\com\tngtech\archunit\archunit\0.14.1\archunit-0.14.1.jar;C:\Users\ibou.sene\.m2\repository\org\slf4j\slf4j-api\1.7.31\slf4j-api-1.7.31.jar;C:\Users\ibou.sene\.m2\repository\com\tngtech\archunit\archunit-junit5-engine\0.14.1\archunit-junit5-engine-0.14.1.jar;C:\Users\ibou.sene\.m2\repository\com\tngtech\archunit\archunit-junit5-engine-api\0.14.1\archunit-junit5-engine-api-0.14.1.jar;C:\Users\ibou.sene\.m2\repository\org\junit\platform\junit-platform-engine\1.7.2\junit-platform-engine-1.7.2.jar;C:\Users\ibou.sene\.m2\repository\org\springframework\boot\spring-boot-starter-data-jpa\2.5.2\spring-boot-starter-data-jpa-2.5.2.jar;C:\Users\ibou.sene\.m2\repository\org\springframework\boot\spring-boot-starter-aop\2.5.2\spring-boot-starter-aop-2.5.2.jar;C:\Users\ibou.sene\.m2\repository\org\springframework\spring-aop\5.3.8\spring-aop-5.3.8.jar;C:\Users\ibou.sene\.m2\repository\org\aspectj\aspectjweaver\1.9.6\aspectjweaver-1.9.6.jar;C:\Users\ibou.sene\.m2\repository\org\springframework\boot\spring-boot-starter-jdbc\2.5.2\spring-boot-starter-jdbc-2.5.2.jar;C:\Users\ibou.sene\.m2\repository\com\zaxxer\HikariCP\4.0.3\HikariCP-4.0.3.jar;C:\Users\ibou.sene\.m2\repository\org\springframework\spring-jdbc\5.3.8\spring-jdbc-5.3.8.jar;C:\Users\ibou.sene\.m2\repository\jakarta\transaction\jakarta.transaction-api\1.3.3\jakarta.transaction-api-1.3.3.jar;C:\Users\ibou.sene\.m2\repository\jakarta\persistence\jakarta.persistence-api\2.2.3\jakarta.persistence-api-2.2.3.jar;C:\Users\ibou.sene\.m2\repository\org\hibernate\hibernate-core\5.4.32.Final\hibernate-core-5.4.32.Final.jar;C:\Users\ibou.sene\.m2\repository\org\jboss\logging\jboss-logging\3.4.2.Final\jboss-logging-3.4.2.Final.jar;C:\Users\ibou.sene\.m2\repository\org\javassist\javassist\3.27.0-GA\javassist-3.27.0-GA.jar;C:\Users\ibou.sene\.m2\repository\antlr\antlr\2.7.7\antlr-2.7.7.jar;C:\Users\ibou.sene\.m2\repository\org\jboss\jandex\2.2.3.Final\jandex-2.2.3.Final.jar;C:\Users\ibou.sene\.m2\repository\com\fasterxml\classmate\1.5.1\classmate-1.5.1.jar;C:\Users\ibou.sene\.m2\repository\org\dom4j\dom4j\2.1.3\dom4j-2.1.3.jar;C:\Users\ibou.sene\.m2\repository\org\hibernate\common\hibernate-commons-annotations\5.1.2.Final\hibernate-commons-annotations-5.1.2.Final.jar;C:\Users\ibou.sene\.m2\repository\org\glassfish\jaxb\jaxb-runtime\2.3.4\jaxb-runtime-2.3.4.jar;C:\Users\ibou.sene\.m2\repository\org\glassfish\jaxb\txw2\2.3.4\txw2-2.3.4.jar;C:\Users\ibou.sene\.m2\repository\com\sun\istack\istack-commons-runtime\3.0.12\istack-commons-runtime-3.0.12.jar;C:\Users\ibou.sene\.m2\repository\com\sun\activation\jakarta.activation\1.2.2\jakarta.activation-1.2.2.jar;C:\Users\ibou.sene\.m2\repository\org\springframework\data\spring-data-jpa\2.5.2\spring-data-jpa-2.5.2.jar;C:\Users\ibou.sene\.m2\repository\org\springframework\data\spring-data-commons\2.5.2\spring-data-commons-2.5.2.jar;C:\Users\ibou.sene\.m2\repository\org\springframework\spring-orm\5.3.8\spring-orm-5.3.8.jar;C:\Users\ibou.sene\.m2\repository\org\springframework\spring-context\5.3.8\spring-context-5.3.8.jar;C:\Users\ibou.sene\.m2\repository\org\springframework\spring-tx\5.3.8\spring-tx-5.3.8.jar;C:\Users\ibou.sene\.m2\repository\org\springframework\spring-beans\5.3.8\spring-beans-5.3.8.jar;C:\Users\ibou.sene\.m2\repository\org\springframework\spring-aspects\5.3.8\spring-aspects-5.3.8.jar;C:\Users\ibou.sene\.m2\repository\org\springframework\boot\spring-boot-starter-web\2.5.2\spring-boot-starter-web-2.5.2.jar;C:\Users\ibou.sene\.m2\repository\org\springframework\boot\spring-boot-starter\2.5.2\spring-boot-starter-2.5.2.jar;C:\Users\ibou.sene\.m2\repository\org\springframework\boot\spring-boot\2.5.2\spring-boot-2.5.2.jar;C:\Users\ibou.sene\.m2\repository\org\springframework\boot\spring-boot-autoconfigure\2.5.2\spring-boot-autoconfigure-2.5.2.jar;C:\Users\ibou.sene\.m2\repository\org\springframework\boot\spring-boot-starter-logging\2.5.2\spring-boot-starter-logging-2.5.2.jar;C:\Users\ibou.sene\.m2\repository\ch\qos\logback\logback-classic\1.2.3\logback-classic-1.2.3.jar;C:\Users\ibou.sene\.m2\repository\ch\qos\logback\logback-core\1.2.3\logback-core-1.2.3.jar;C:\Users\ibou.sene\.m2\repository\org\slf4j\jul-to-slf4j\1.7.31\jul-to-slf4j-1.7.31.jar;C:\Users\ibou.sene\.m2\repository\jakarta\annotation\jakarta.annotation-api\1.3.5\jakarta.annotation-api-1.3.5.jar;C:\Users\ibou.sene\.m2\repository\org\yaml\snakeyaml\1.28\snakeyaml-1.28.jar;C:\Users\ibou.sene\.m2\repository\org\springframework\boot\spring-boot-starter-json\2.5.2\spring-boot-starter-json-2.5.2.jar;C:\Users\ibou.sene\.m2\repository\com\fasterxml\jackson\core\jackson-databind\2.12.3\jackson-databind-2.12.3.jar;C:\Users\ibou.sene\.m2\repository\com\fasterxml\jackson\core\jackson-annotations\2.12.3\jackson-annotations-2.12.3.jar;C:\Users\ibou.sene\.m2\repository\com\fasterxml\jackson\core\jackson-core\2.12.3\jackson-core-2.12.3.jar;C:\Users\ibou.sene\.m2\repository\com\fasterxml\jackson\datatype\jackson-datatype-jdk8\2.12.3\jackson-datatype-jdk8-2.12.3.jar;C:\Users\ibou.sene\.m2\repository\com\fasterxml\jackson\datatype\jackson-datatype-jsr310\2.12.3\jackson-datatype-jsr310-2.12.3.jar;C:\Users\ibou.sene\.m2\repository\com\fasterxml\jackson\module\jackson-module-parameter-names\2.12.3\jackson-module-parameter-names-2.12.3.jar;C:\Users\ibou.sene\.m2\repository\org\springframework\boot\spring-boot-starter-tomcat\2.5.2\spring-boot-starter-tomcat-2.5.2.jar;C:\Users\ibou.sene\.m2\repository\org\apache\tomcat\embed\tomcat-embed-core\9.0.48\tomcat-embed-core-9.0.48.jar;C:\Users\ibou.sene\.m2\repository\org\apache\tomcat\embed\tomcat-embed-websocket\9.0.48\tomcat-embed-websocket-9.0.48.jar;C:\Users\ibou.sene\.m2\repository\org\springframework\spring-web\5.3.8\spring-web-5.3.8.jar;C:\Users\ibou.sene\.m2\repository\org\springframework\spring-webmvc\5.3.8\spring-webmvc-5.3.8.jar;C:\Users\ibou.sene\.m2\repository\org\springframework\spring-expression\5.3.8\spring-expression-5.3.8.jar;C:\Users\ibou.sene\.m2\repository\com\microsoft\sqlserver\mssql-jdbc\9.2.1.jre8\mssql-jdbc-9.2.1.jre8.jar;C:\Users\ibou.sene\.m2\repository\mysql\mysql-connector-java\8.0.25\mysql-connector-java-8.0.25.jar;C:\Users\ibou.sene\.m2\repository\org\mapstruct\mapstruct-processor\1.3.1.Final\mapstruct-processor-1.3.1.Final.jar;C:\Users\ibou.sene\.m2\repository\org\mapstruct\mapstruct\1.3.1.Final\mapstruct-1.3.1.Final.jar;C:\Users\ibou.sene\.m2\repository\org\projectlombok\lombok\1.18.10\lombok-1.18.10.jar;C:\Users\ibou.sene\.m2\repository\org\springframework\boot\spring-boot-starter-test\2.5.2\spring-boot-starter-test-2.5.2.jar;C:\Users\ibou.sene\.m2\repository\org\springframework\boot\spring-boot-test\2.5.2\spring-boot-test-2.5.2.jar;C:\Users\ibou.sene\.m2\repository\org\springframework\boot\spring-boot-test-autoconfigure\2.5.2\spring-boot-test-autoconfigure-2.5.2.jar;C:\Users\ibou.sene\.m2\repository\com\jayway\jsonpath\json-path\2.5.0\json-path-2.5.0.jar;C:\Users\ibou.sene\.m2\repository\net\minidev\json-smart\2.4.7\json-smart-2.4.7.jar;C:\Users\ibou.sene\.m2\repository\net\minidev\accessors-smart\2.4.7\accessors-smart-2.4.7.jar;C:\Users\ibou.sene\.m2\repository\jakarta\xml\bind\jakarta.xml.bind-api\2.3.3\jakarta.xml.bind-api-2.3.3.jar;C:\Users\ibou.sene\.m2\repository\jakarta\activation\jakarta.activation-api\1.2.2\jakarta.activation-api-1.2.2.jar;C:\Users\ibou.sene\.m2\repository\org\assertj\assertj-core\3.19.0\assertj-core-3.19.0.jar;C:\Users\ibou.sene\.m2\repository\org\hamcrest\hamcrest\2.2\hamcrest-2.2.jar;C:\Users\ibou.sene\.m2\repository\org\junit\jupiter\junit-jupiter\5.7.2\junit-jupiter-5.7.2.jar;C:\Users\ibou.sene\.m2\repository\org\junit\jupiter\junit-jupiter-params\5.7.2\junit-jupiter-params-5.7.2.jar;C:\Users\ibou.sene\.m2\repository\org\junit\jupiter\junit-jupiter-engine\5.7.2\junit-jupiter-engine-5.7.2.jar;C:\Users\ibou.sene\.m2\repository\org\mockito\mockito-junit-jupiter\3.9.0\mockito-junit-jupiter-3.9.0.jar;C:\Users\ibou.sene\.m2\repository\org\skyscreamer\jsonassert\1.5.0\jsonassert-1.5.0.jar;C:\Users\ibou.sene\.m2\repository\com\vaadin\external\google\android-json\0.0.20131108.vaadin1\android-json-0.0.20131108.vaadin1.jar;C:\Users\ibou.sene\.m2\repository\org\springframework\spring-core\5.3.8\spring-core-5.3.8.jar;C:\Users\ibou.sene\.m2\repository\org\springframework\spring-jcl\5.3.8\spring-jcl-5.3.8.jar;C:\Users\ibou.sene\.m2\repository\org\springframework\spring-test\5.3.8\spring-test-5.3.8.jar;C:\Users\ibou.sene\.m2\repository\org\xmlunit\xmlunit-core\2.8.2\xmlunit-core-2.8.2.jar;C:\Users\ibou.sene\.m2\repository\org\hamcrest\hamcrest-all\1.3\hamcrest-all-1.3.jar;C:\Users\ibou.sene\.m2\repository\org\mockito\mockito-core\3.9.0\mockito-core-3.9.0.jar;C:\Users\ibou.sene\.m2\repository\net\bytebuddy\byte-buddy\1.10.22\byte-buddy-1.10.22.jar;C:\Users\ibou.sene\.m2\repository\net\bytebuddy\byte-buddy-agent\1.10.22\byte-buddy-agent-1.10.22.jar;C:\Users\ibou.sene\.m2\repository\org\objenesis\objenesis\3.2\objenesis-3.2.jar;C:\Users\ibou.sene\.m2\repository\org\junit\jupiter\junit-jupiter-api\5.8.1\junit-jupiter-api-5.8.1.jar;C:\Users\ibou.sene\.m2\repository\org\opentest4j\opentest4j\1.2.0\opentest4j-1.2.0.jar;C:\Users\ibou.sene\.m2\repository\org\junit\platform\junit-platform-commons\1.7.2\junit-platform-commons-1.7.2.jar;C:\Users\ibou.sene\.m2\repository\org\apiguardian\apiguardian-api\1.1.2\apiguardian-api-1.1.2.jar;C:\Users\ibou.sene\.m2\repository\com\h2database\h2\1.4.200\h2-1.4.200.jar;C:\Users\ibou.sene\.m2\repository\org\springframework\boot\spring-boot-starter-validation\2.5.2\spring-boot-starter-validation-2.5.2.jar;C:\Users\ibou.sene\.m2\repository\org\apache\tomcat\embed\tomcat-embed-el\9.0.48\tomcat-embed-el-9.0.48.jar;C:\Users\ibou.sene\.m2\repository\org\hibernate\validator\hibernate-validator\6.2.0.Final\hibernate-validator-6.2.0.Final.jar;C:\Users\ibou.sene\.m2\repository\jakarta\validation\jakarta.validation-api\2.0.2\jakarta.validation-api-2.0.2.jar;C:\Users\ibou.sene\.m2\repository\commons-lang\commons-lang\2.5\commons-lang-2.5.jar;"/>
    <property name="java.vm.vendor" value="Oracle Corporation"/>
    <property name="sun.arch.data.model" value="64"/>
    <property name="user.variant" value=""/>
    <property name="java.vendor.url" value="http://java.oracle.com/"/>
    <property name="user.timezone" value="UTC"/>
    <property name="java.vm.specification.version" value="1.8"/>
    <property name="os.name" value="Windows 10"/>
    <property name="user.country" value="FR"/>
    <property name="sun.java.launcher" value="SUN_STANDARD"/>
    <property name="sun.boot.library.path" value="C:\Program Files\Java\jdk1.8.0_261\jre\bin"/>
    <property name="sun.java.command" value="C:\Users\ibou.sene\AppData\Local\Temp\surefire6442626094974564489\surefirebooter2739066276073841183.jar C:\Users\ibou.sene\AppData\Local\Temp\surefire6442626094974564489 2022-08-11T16-18-24_642-jvmRun1 surefire4033353615466614374tmp surefire_97848790095859670008tmp"/>
    <property name="surefire.test.class.path" value="C:\dev\apps\java\todos\target\test-classes;C:\dev\apps\java\todos\target\classes;C:\Users\ibou.sene\.m2\repository\org\jacoco\jacoco-maven-plugin\0.8.6\jacoco-maven-plugin-0.8.6.jar;C:\Users\ibou.sene\.m2\repository\org\apache\maven\maven-plugin-api\3.0\maven-plugin-api-3.0.jar;C:\Users\ibou.sene\.m2\repository\org\apache\maven\maven-model\3.0\maven-model-3.0.jar;C:\Users\ibou.sene\.m2\repository\org\apache\maven\maven-artifact\3.0\maven-artifact-3.0.jar;C:\Users\ibou.sene\.m2\repository\org\sonatype\sisu\sisu-inject-plexus\1.4.2\sisu-inject-plexus-1.4.2.jar;C:\Users\ibou.sene\.m2\repository\org\sonatype\sisu\sisu-inject-bean\1.4.2\sisu-inject-bean-1.4.2.jar;C:\Users\ibou.sene\.m2\repository\org\sonatype\sisu\sisu-guice\2.1.7\sisu-guice-2.1.7-noaop.jar;C:\Users\ibou.sene\.m2\repository\org\apache\maven\maven-core\3.0\maven-core-3.0.jar;C:\Users\ibou.sene\.m2\repository\org\apache\maven\maven-settings\3.0\maven-settings-3.0.jar;C:\Users\ibou.sene\.m2\repository\org\apache\maven\maven-settings-builder\3.0\maven-settings-builder-3.0.jar;C:\Users\ibou.sene\.m2\repository\org\apache\maven\maven-repository-metadata\3.0\maven-repository-metadata-3.0.jar;C:\Users\ibou.sene\.m2\repository\org\apache\maven\maven-model-builder\3.0\maven-model-builder-3.0.jar;C:\Users\ibou.sene\.m2\repository\org\apache\maven\maven-aether-provider\3.0\maven-aether-provider-3.0.jar;C:\Users\ibou.sene\.m2\repository\org\sonatype\aether\aether-impl\1.7\aether-impl-1.7.jar;C:\Users\ibou.sene\.m2\repository\org\sonatype\aether\aether-spi\1.7\aether-spi-1.7.jar;C:\Users\ibou.sene\.m2\repository\org\sonatype\aether\aether-api\1.7\aether-api-1.7.jar;C:\Users\ibou.sene\.m2\repository\org\sonatype\aether\aether-util\1.7\aether-util-1.7.jar;C:\Users\ibou.sene\.m2\repository\org\codehaus\plexus\plexus-interpolation\1.14\plexus-interpolation-1.14.jar;C:\Users\ibou.sene\.m2\repository\org\codehaus\plexus\plexus-classworlds\2.2.3\plexus-classworlds-2.2.3.jar;C:\Users\ibou.sene\.m2\repository\org\codehaus\plexus\plexus-component-annotations\1.5.5\plexus-component-annotations-1.5.5.jar;C:\Users\ibou.sene\.m2\repository\org\sonatype\plexus\plexus-sec-dispatcher\1.3\plexus-sec-dispatcher-1.3.jar;C:\Users\ibou.sene\.m2\repository\org\sonatype\plexus\plexus-cipher\1.4\plexus-cipher-1.4.jar;C:\Users\ibou.sene\.m2\repository\org\codehaus\plexus\plexus-utils\3.0.22\plexus-utils-3.0.22.jar;C:\Users\ibou.sene\.m2\repository\org\apache\maven\shared\file-management\1.2.1\file-management-1.2.1.jar;C:\Users\ibou.sene\.m2\repository\org\apache\maven\shared\maven-shared-io\1.1\maven-shared-io-1.1.jar;C:\Users\ibou.sene\.m2\repository\org\apache\maven\maven-artifact-manager\2.0.2\maven-artifact-manager-2.0.2.jar;C:\Users\ibou.sene\.m2\repository\org\apache\maven\wagon\wagon-provider-api\1.0-alpha-6\wagon-provider-api-1.0-alpha-6.jar;C:\Users\ibou.sene\.m2\repository\org\codehaus\plexus\plexus-container-default\1.0-alpha-9\plexus-container-default-1.0-alpha-9.jar;C:\Users\ibou.sene\.m2\repository\junit\junit\4.13.2\junit-4.13.2.jar;C:\Users\ibou.sene\.m2\repository\org\hamcrest\hamcrest-core\2.2\hamcrest-core-2.2.jar;C:\Users\ibou.sene\.m2\repository\classworlds\classworlds\1.1-alpha-2\classworlds-1.1-alpha-2.jar;C:\Users\ibou.sene\.m2\repository\org\apache\maven\reporting\maven-reporting-api\3.0\maven-reporting-api-3.0.jar;C:\Users\ibou.sene\.m2\repository\org\apache\maven\doxia\doxia-sink-api\1.0\doxia-sink-api-1.0.jar;C:\Users\ibou.sene\.m2\repository\org\apache\maven\reporting\maven-reporting-impl\2.1\maven-reporting-impl-2.1.jar;C:\Users\ibou.sene\.m2\repository\org\apache\maven\maven-project\2.0.10\maven-project-2.0.10.jar;C:\Users\ibou.sene\.m2\repository\org\apache\maven\maven-profile\2.0.10\maven-profile-2.0.10.jar;C:\Users\ibou.sene\.m2\repository\org\apache\maven\maven-plugin-registry\2.0.10\maven-plugin-registry-2.0.10.jar;C:\Users\ibou.sene\.m2\repository\org\apache\maven\doxia\doxia-core\1.1.2\doxia-core-1.1.2.jar;C:\Users\ibou.sene\.m2\repository\org\apache\maven\doxia\doxia-logging-api\1.1.2\doxia-logging-api-1.1.2.jar;C:\Users\ibou.sene\.m2\repository\xerces\xercesImpl\2.8.1\xercesImpl-2.8.1.jar;C:\Users\ibou.sene\.m2\repository\commons-httpclient\commons-httpclient\3.1\commons-httpclient-3.1.jar;C:\Users\ibou.sene\.m2\repository\commons-codec\commons-codec\1.15\commons-codec-1.15.jar;C:\Users\ibou.sene\.m2\repository\org\apache\maven\doxia\doxia-site-renderer\1.1.2\doxia-site-renderer-1.1.2.jar;C:\Users\ibou.sene\.m2\repository\org\apache\maven\doxia\doxia-decoration-model\1.1.2\doxia-decoration-model-1.1.2.jar;C:\Users\ibou.sene\.m2\repository\org\apache\maven\doxia\doxia-module-xhtml\1.1.2\doxia-module-xhtml-1.1.2.jar;C:\Users\ibou.sene\.m2\repository\org\apache\maven\doxia\doxia-module-fml\1.1.2\doxia-module-fml-1.1.2.jar;C:\Users\ibou.sene\.m2\repository\org\codehaus\plexus\plexus-i18n\1.0-beta-7\plexus-i18n-1.0-beta-7.jar;C:\Users\ibou.sene\.m2\repository\org\codehaus\plexus\plexus-velocity\1.1.7\plexus-velocity-1.1.7.jar;C:\Users\ibou.sene\.m2\repository\org\apache\velocity\velocity\1.5\velocity-1.5.jar;C:\Users\ibou.sene\.m2\repository\commons-collections\commons-collections\3.2\commons-collections-3.2.jar;C:\Users\ibou.sene\.m2\repository\commons-validator\commons-validator\1.2.0\commons-validator-1.2.0.jar;C:\Users\ibou.sene\.m2\repository\commons-beanutils\commons-beanutils\1.7.0\commons-beanutils-1.7.0.jar;C:\Users\ibou.sene\.m2\repository\commons-digester\commons-digester\1.6\commons-digester-1.6.jar;C:\Users\ibou.sene\.m2\repository\commons-logging\commons-logging\1.0.4\commons-logging-1.0.4.jar;C:\Users\ibou.sene\.m2\repository\oro\oro\2.0.8\oro-2.0.8.jar;C:\Users\ibou.sene\.m2\repository\xml-apis\xml-apis\1.0.b2\xml-apis-1.0.b2.jar;C:\Users\ibou.sene\.m2\repository\org\jacoco\org.jacoco.agent\0.8.6\org.jacoco.agent-0.8.6-runtime.jar;C:\Users\ibou.sene\.m2\repository\org\jacoco\org.jacoco.core\0.8.6\org.jacoco.core-0.8.6.jar;C:\Users\ibou.sene\.m2\repository\org\ow2\asm\asm\8.0.1\asm-8.0.1.jar;C:\Users\ibou.sene\.m2\repository\org\ow2\asm\asm-commons\8.0.1\asm-commons-8.0.1.jar;C:\Users\ibou.sene\.m2\repository\org\ow2\asm\asm-analysis\8.0.1\asm-analysis-8.0.1.jar;C:\Users\ibou.sene\.m2\repository\org\ow2\asm\asm-tree\8.0.1\asm-tree-8.0.1.jar;C:\Users\ibou.sene\.m2\repository\org\jacoco\org.jacoco.report\0.8.6\org.jacoco.report-0.8.6.jar;C:\Users\ibou.sene\.m2\repository\com\tngtech\archunit\archunit-junit5-api\0.14.1\archunit-junit5-api-0.14.1.jar;C:\Users\ibou.sene\.m2\repository\com\tngtech\archunit\archunit\0.14.1\archunit-0.14.1.jar;C:\Users\ibou.sene\.m2\repository\org\slf4j\slf4j-api\1.7.31\slf4j-api-1.7.31.jar;C:\Users\ibou.sene\.m2\repository\com\tngtech\archunit\archunit-junit5-engine\0.14.1\archunit-junit5-engine-0.14.1.jar;C:\Users\ibou.sene\.m2\repository\com\tngtech\archunit\archunit-junit5-engine-api\0.14.1\archunit-junit5-engine-api-0.14.1.jar;C:\Users\ibou.sene\.m2\repository\org\junit\platform\junit-platform-engine\1.7.2\junit-platform-engine-1.7.2.jar;C:\Users\ibou.sene\.m2\repository\org\springframework\boot\spring-boot-starter-data-jpa\2.5.2\spring-boot-starter-data-jpa-2.5.2.jar;C:\Users\ibou.sene\.m2\repository\org\springframework\boot\spring-boot-starter-aop\2.5.2\spring-boot-starter-aop-2.5.2.jar;C:\Users\ibou.sene\.m2\repository\org\springframework\spring-aop\5.3.8\spring-aop-5.3.8.jar;C:\Users\ibou.sene\.m2\repository\org\aspectj\aspectjweaver\1.9.6\aspectjweaver-1.9.6.jar;C:\Users\ibou.sene\.m2\repository\org\springframework\boot\spring-boot-starter-jdbc\2.5.2\spring-boot-starter-jdbc-2.5.2.jar;C:\Users\ibou.sene\.m2\repository\com\zaxxer\HikariCP\4.0.3\HikariCP-4.0.3.jar;C:\Users\ibou.sene\.m2\repository\org\springframework\spring-jdbc\5.3.8\spring-jdbc-5.3.8.jar;C:\Users\ibou.sene\.m2\repository\jakarta\transaction\jakarta.transaction-api\1.3.3\jakarta.transaction-api-1.3.3.jar;C:\Users\ibou.sene\.m2\repository\jakarta\persistence\jakarta.persistence-api\2.2.3\jakarta.persistence-api-2.2.3.jar;C:\Users\ibou.sene\.m2\repository\org\hibernate\hibernate-core\5.4.32.Final\hibernate-core-5.4.32.Final.jar;C:\Users\ibou.sene\.m2\repository\org\jboss\logging\jboss-logging\3.4.2.Final\jboss-logging-3.4.2.Final.jar;C:\Users\ibou.sene\.m2\repository\org\javassist\javassist\3.27.0-GA\javassist-3.27.0-GA.jar;C:\Users\ibou.sene\.m2\repository\antlr\antlr\2.7.7\antlr-2.7.7.jar;C:\Users\ibou.sene\.m2\repository\org\jboss\jandex\2.2.3.Final\jandex-2.2.3.Final.jar;C:\Users\ibou.sene\.m2\repository\com\fasterxml\classmate\1.5.1\classmate-1.5.1.jar;C:\Users\ibou.sene\.m2\repository\org\dom4j\dom4j\2.1.3\dom4j-2.1.3.jar;C:\Users\ibou.sene\.m2\repository\org\hibernate\common\hibernate-commons-annotations\5.1.2.Final\hibernate-commons-annotations-5.1.2.Final.jar;C:\Users\ibou.sene\.m2\repository\org\glassfish\jaxb\jaxb-runtime\2.3.4\jaxb-runtime-2.3.4.jar;C:\Users\ibou.sene\.m2\repository\org\glassfish\jaxb\txw2\2.3.4\txw2-2.3.4.jar;C:\Users\ibou.sene\.m2\repository\com\sun\istack\istack-commons-runtime\3.0.12\istack-commons-runtime-3.0.12.jar;C:\Users\ibou.sene\.m2\repository\com\sun\activation\jakarta.activation\1.2.2\jakarta.activation-1.2.2.jar;C:\Users\ibou.sene\.m2\repository\org\springframework\data\spring-data-jpa\2.5.2\spring-data-jpa-2.5.2.jar;C:\Users\ibou.sene\.m2\repository\org\springframework\data\spring-data-commons\2.5.2\spring-data-commons-2.5.2.jar;C:\Users\ibou.sene\.m2\repository\org\springframework\spring-orm\5.3.8\spring-orm-5.3.8.jar;C:\Users\ibou.sene\.m2\repository\org\springframework\spring-context\5.3.8\spring-context-5.3.8.jar;C:\Users\ibou.sene\.m2\repository\org\springframework\spring-tx\5.3.8\spring-tx-5.3.8.jar;C:\Users\ibou.sene\.m2\repository\org\springframework\spring-beans\5.3.8\spring-beans-5.3.8.jar;C:\Users\ibou.sene\.m2\repository\org\springframework\spring-aspects\5.3.8\spring-aspects-5.3.8.jar;C:\Users\ibou.sene\.m2\repository\org\springframework\boot\spring-boot-starter-web\2.5.2\spring-boot-starter-web-2.5.2.jar;C:\Users\ibou.sene\.m2\repository\org\springframework\boot\spring-boot-starter\2.5.2\spring-boot-starter-2.5.2.jar;C:\Users\ibou.sene\.m2\repository\org\springframework\boot\spring-boot\2.5.2\spring-boot-2.5.2.jar;C:\Users\ibou.sene\.m2\repository\org\springframework\boot\spring-boot-autoconfigure\2.5.2\spring-boot-autoconfigure-2.5.2.jar;C:\Users\ibou.sene\.m2\repository\org\springframework\boot\spring-boot-starter-logging\2.5.2\spring-boot-starter-logging-2.5.2.jar;C:\Users\ibou.sene\.m2\repository\ch\qos\logback\logback-classic\1.2.3\logback-classic-1.2.3.jar;C:\Users\ibou.sene\.m2\repository\ch\qos\logback\logback-core\1.2.3\logback-core-1.2.3.jar;C:\Users\ibou.sene\.m2\repository\org\slf4j\jul-to-slf4j\1.7.31\jul-to-slf4j-1.7.31.jar;C:\Users\ibou.sene\.m2\repository\jakarta\annotation\jakarta.annotation-api\1.3.5\jakarta.annotation-api-1.3.5.jar;C:\Users\ibou.sene\.m2\repository\org\yaml\snakeyaml\1.28\snakeyaml-1.28.jar;C:\Users\ibou.sene\.m2\repository\org\springframework\boot\spring-boot-starter-json\2.5.2\spring-boot-starter-json-2.5.2.jar;C:\Users\ibou.sene\.m2\repository\com\fasterxml\jackson\core\jackson-databind\2.12.3\jackson-databind-2.12.3.jar;C:\Users\ibou.sene\.m2\repository\com\fasterxml\jackson\core\jackson-annotations\2.12.3\jackson-annotations-2.12.3.jar;C:\Users\ibou.sene\.m2\repository\com\fasterxml\jackson\core\jackson-core\2.12.3\jackson-core-2.12.3.jar;C:\Users\ibou.sene\.m2\repository\com\fasterxml\jackson\datatype\jackson-datatype-jdk8\2.12.3\jackson-datatype-jdk8-2.12.3.jar;C:\Users\ibou.sene\.m2\repository\com\fasterxml\jackson\datatype\jackson-datatype-jsr310\2.12.3\jackson-datatype-jsr310-2.12.3.jar;C:\Users\ibou.sene\.m2\repository\com\fasterxml\jackson\module\jackson-module-parameter-names\2.12.3\jackson-module-parameter-names-2.12.3.jar;C:\Users\ibou.sene\.m2\repository\org\springframework\boot\spring-boot-starter-tomcat\2.5.2\spring-boot-starter-tomcat-2.5.2.jar;C:\Users\ibou.sene\.m2\repository\org\apache\tomcat\embed\tomcat-embed-core\9.0.48\tomcat-embed-core-9.0.48.jar;C:\Users\ibou.sene\.m2\repository\org\apache\tomcat\embed\tomcat-embed-websocket\9.0.48\tomcat-embed-websocket-9.0.48.jar;C:\Users\ibou.sene\.m2\repository\org\springframework\spring-web\5.3.8\spring-web-5.3.8.jar;C:\Users\ibou.sene\.m2\repository\org\springframework\spring-webmvc\5.3.8\spring-webmvc-5.3.8.jar;C:\Users\ibou.sene\.m2\repository\org\springframework\spring-expression\5.3.8\spring-expression-5.3.8.jar;C:\Users\ibou.sene\.m2\repository\com\microsoft\sqlserver\mssql-jdbc\9.2.1.jre8\mssql-jdbc-9.2.1.jre8.jar;C:\Users\ibou.sene\.m2\repository\mysql\mysql-connector-java\8.0.25\mysql-connector-java-8.0.25.jar;C:\Users\ibou.sene\.m2\repository\org\mapstruct\mapstruct-processor\1.3.1.Final\mapstruct-processor-1.3.1.Final.jar;C:\Users\ibou.sene\.m2\repository\org\mapstruct\mapstruct\1.3.1.Final\mapstruct-1.3.1.Final.jar;C:\Users\ibou.sene\.m2\repository\org\projectlombok\lombok\1.18.10\lombok-1.18.10.jar;C:\Users\ibou.sene\.m2\repository\org\springframework\boot\spring-boot-starter-test\2.5.2\spring-boot-starter-test-2.5.2.jar;C:\Users\ibou.sene\.m2\repository\org\springframework\boot\spring-boot-test\2.5.2\spring-boot-test-2.5.2.jar;C:\Users\ibou.sene\.m2\repository\org\springframework\boot\spring-boot-test-autoconfigure\2.5.2\spring-boot-test-autoconfigure-2.5.2.jar;C:\Users\ibou.sene\.m2\repository\com\jayway\jsonpath\json-path\2.5.0\json-path-2.5.0.jar;C:\Users\ibou.sene\.m2\repository\net\minidev\json-smart\2.4.7\json-smart-2.4.7.jar;C:\Users\ibou.sene\.m2\repository\net\minidev\accessors-smart\2.4.7\accessors-smart-2.4.7.jar;C:\Users\ibou.sene\.m2\repository\jakarta\xml\bind\jakarta.xml.bind-api\2.3.3\jakarta.xml.bind-api-2.3.3.jar;C:\Users\ibou.sene\.m2\repository\jakarta\activation\jakarta.activation-api\1.2.2\jakarta.activation-api-1.2.2.jar;C:\Users\ibou.sene\.m2\repository\org\assertj\assertj-core\3.19.0\assertj-core-3.19.0.jar;C:\Users\ibou.sene\.m2\repository\org\hamcrest\hamcrest\2.2\hamcrest-2.2.jar;C:\Users\ibou.sene\.m2\repository\org\junit\jupiter\junit-jupiter\5.7.2\junit-jupiter-5.7.2.jar;C:\Users\ibou.sene\.m2\repository\org\junit\jupiter\junit-jupiter-params\5.7.2\junit-jupiter-params-5.7.2.jar;C:\Users\ibou.sene\.m2\repository\org\junit\jupiter\junit-jupiter-engine\5.7.2\junit-jupiter-engine-5.7.2.jar;C:\Users\ibou.sene\.m2\repository\org\mockito\mockito-junit-jupiter\3.9.0\mockito-junit-jupiter-3.9.0.jar;C:\Users\ibou.sene\.m2\repository\org\skyscreamer\jsonassert\1.5.0\jsonassert-1.5.0.jar;C:\Users\ibou.sene\.m2\repository\com\vaadin\external\google\android-json\0.0.20131108.vaadin1\android-json-0.0.20131108.vaadin1.jar;C:\Users\ibou.sene\.m2\repository\org\springframework\spring-core\5.3.8\spring-core-5.3.8.jar;C:\Users\ibou.sene\.m2\repository\org\springframework\spring-jcl\5.3.8\spring-jcl-5.3.8.jar;C:\Users\ibou.sene\.m2\repository\org\springframework\spring-test\5.3.8\spring-test-5.3.8.jar;C:\Users\ibou.sene\.m2\repository\org\xmlunit\xmlunit-core\2.8.2\xmlunit-core-2.8.2.jar;C:\Users\ibou.sene\.m2\repository\org\hamcrest\hamcrest-all\1.3\hamcrest-all-1.3.jar;C:\Users\ibou.sene\.m2\repository\org\mockito\mockito-core\3.9.0\mockito-core-3.9.0.jar;C:\Users\ibou.sene\.m2\repository\net\bytebuddy\byte-buddy\1.10.22\byte-buddy-1.10.22.jar;C:\Users\ibou.sene\.m2\repository\net\bytebuddy\byte-buddy-agent\1.10.22\byte-buddy-agent-1.10.22.jar;C:\Users\ibou.sene\.m2\repository\org\objenesis\objenesis\3.2\objenesis-3.2.jar;C:\Users\ibou.sene\.m2\repository\org\junit\jupiter\junit-jupiter-api\5.8.1\junit-jupiter-api-5.8.1.jar;C:\Users\ibou.sene\.m2\repository\org\opentest4j\opentest4j\1.2.0\opentest4j-1.2.0.jar;C:\Users\ibou.sene\.m2\repository\org\junit\platform\junit-platform-commons\1.7.2\junit-platform-commons-1.7.2.jar;C:\Users\ibou.sene\.m2\repository\org\apiguardian\apiguardian-api\1.1.2\apiguardian-api-1.1.2.jar;C:\Users\ibou.sene\.m2\repository\com\h2database\h2\1.4.200\h2-1.4.200.jar;C:\Users\ibou.sene\.m2\repository\org\springframework\boot\spring-boot-starter-validation\2.5.2\spring-boot-starter-validation-2.5.2.jar;C:\Users\ibou.sene\.m2\repository\org\apache\tomcat\embed\tomcat-embed-el\9.0.48\tomcat-embed-el-9.0.48.jar;C:\Users\ibou.sene\.m2\repository\org\hibernate\validator\hibernate-validator\6.2.0.Final\hibernate-validator-6.2.0.Final.jar;C:\Users\ibou.sene\.m2\repository\jakarta\validation\jakarta.validation-api\2.0.2\jakarta.validation-api-2.0.2.jar;C:\Users\ibou.sene\.m2\repository\commons-lang\commons-lang\2.5\commons-lang-2.5.jar;"/>
    <property name="sun.cpu.endian" value="little"/>
    <property name="user.home" value="C:\Users\ibou.sene"/>
    <property name="user.language" value="fr"/>
    <property name="java.specification.vendor" value="Oracle Corporation"/>
    <property name="java.home" value="C:\Program Files\Java\jdk1.8.0_261\jre"/>
    <property name="basedir" value="C:\dev\apps\java\todos"/>
    <property name="file.separator" value="\"/>
    <property name="line.separator" value="&#10;"/>
    <property name="java.vm.specification.vendor" value="Oracle Corporation"/>
    <property name="java.specification.name" value="Java Platform API Specification"/>
    <property name="java.awt.graphicsenv" value="sun.awt.Win32GraphicsEnvironment"/>
    <property name="surefire.real.class.path" value="C:\Users\ibou.sene\AppData\Local\Temp\surefire6442626094974564489\surefirebooter2739066276073841183.jar"/>
    <property name="sun.boot.class.path" value="C:\Program Files\Java\jdk1.8.0_261\jre\lib\resources.jar;C:\Program Files\Java\jdk1.8.0_261\jre\lib\rt.jar;C:\Program Files\Java\jdk1.8.0_261\jre\lib\sunrsasign.jar;C:\Program Files\Java\jdk1.8.0_261\jre\lib\jsse.jar;C:\Program Files\Java\jdk1.8.0_261\jre\lib\jce.jar;C:\Program Files\Java\jdk1.8.0_261\jre\lib\charsets.jar;C:\Program Files\Java\jdk1.8.0_261\jre\lib\jfr.jar;C:\Program Files\Java\jdk1.8.0_261\jre\classes"/>
    <property name="user.script" value=""/>
    <property name="sun.management.compiler" value="HotSpot 64-Bit Tiered Compilers"/>
    <property name="java.runtime.version" value="1.8.0_261-b12"/>
    <property name="user.name" value="ibou.sene"/>
    <property name="path.separator" value=";"/>
    <property name="os.version" value="10.0"/>
    <property name="java.endorsed.dirs" value="C:\Program Files\Java\jdk1.8.0_261\jre\lib\endorsed"/>
    <property name="java.runtime.name" value="Java(TM) SE Runtime Environment"/>
    <property name="file.encoding" value="Cp1252"/>
    <property name="java.vm.name" value="Java HotSpot(TM) 64-Bit Server VM"/>
    <property name="localRepository" value="C:\Users\ibou.sene\.m2\repository"/>
    <property name="java.vendor.url.bug" value="http://bugreport.sun.com/bugreport/"/>
    <property name="java.io.tmpdir" value="C:\Users\IBOU~1.SEN\AppData\Local\Temp\"/>
    <property name="java.version" value="1.8.0_261"/>
    <property name="user.dir" value="C:\dev\apps\java\todos"/>
    <property name="os.arch" value="amd64"/>
    <property name="java.vm.specification.name" value="Java Virtual Machine Specification"/>
    <property name="java.awt.printerjob" value="sun.awt.windows.WPrinterJob"/>
    <property name="sun.os.patch.level" value=""/>
    <property name="java.library.path" value="C:\Program Files\Java\jdk1.8.0_261\jre\bin;C:\WINDOWS\Sun\Java\bin;C:\WINDOWS\system32;C:\WINDOWS;C:\Python310\Scripts\;C:\Python310\;C:\Program Files (x86)\Microsoft SDKs\Azure\CLI2\wbin;C:\Program Files (x86)\Python38-32\Scripts\;C:\Program Files (x86)\Python38-32\;C:\Python38\Scripts\;C:\Python38\;C:\Program Files (x86)\Common Files\Oracle\Java\javapath;C:\WINDOWS\system32;C:\WINDOWS;C:\WINDOWS\System32\Wbem;C:\WINDOWS\System32\WindowsPowerShell\v1.0\;C:\WINDOWS\System32\OpenSSH\;C:\Program Files (x86)\Intel\Intel(R) Management Engine Components\DAL;C:\Program Files\Intel\Intel(R) Management Engine Components\DAL;C:\tools\maven\bin;C:\Program Files\Java\jdk1.8.0_261\bin;C:\ProgramData\chocolatey\bin;C:\tools\nodejs;C:\Program Files (x86)\Yarn\bin\;C:\Python38\;c:\Program Files\Microsoft SQL Server\110\Tools\Binn\;c:\Program Files (x86)\Microsoft SQL Server\110\Tools\Binn\;c:\Program Files\Microsoft SQL Server\110\DTS\Binn\;c:\Program Files (x86)\Microsoft SQL Server\110\Tools\Binn\ManagementStudio\;c:\Program Files (x86)\Microsoft Visual Studio 10.0\Common7\IDE\PrivateAssemblies\;c:\Program Files (x86)\Microsoft SQL Server\110\DTS\Binn\;C:\Program Files\Git\cmd;C:\tools\gradle-2.8\bin;;C:\Program Files (x86)\PuTTY\;C:\tools\nodejs\;C:\Program Files\Docker\Docker\resources\bin;C:\ProgramData\DockerDesktop\version-bin;C:\texlive\2021\bin\win32;C:\texlive\2020\bin\win32;C:\Users\ibou.sene\AppData\Local\Microsoft\WindowsApps;C:\Users\ibou.sene\AppData\Local\Yarn\bin;\\ELSDC1\Users$\ibou.sene\AppData\Roaming\npm;C:\Program Files\Oracle\VirtualBox;C:\Users\ibou.sene\AppData\Roaming\npm;."/>
    <property name="java.vm.info" value="mixed mode"/>
    <property name="java.vendor" value="Oracle Corporation"/>
    <property name="java.vm.version" value="25.261-b12"/>
    <property name="java.ext.dirs" value="C:\Program Files\Java\jdk1.8.0_261\jre\lib\ext;C:\WINDOWS\Sun\Java\lib\ext"/>
    <property name="sun.io.unicode.encoding" value="UnicodeLittle"/>
    <property name="java.class.version" value="52.0"/>
  </properties>
  <testcase name="onlyRepositoriesShouldBeAnnotatedWithRepository" classname="sn.ept.git.seminaire.cicd.demo.I_ArchTest" time="0.24">
    <system-out><![CDATA[16:19:04.773 [main] DEBUG com.tngtech.archunit.ArchConfiguration - No configuration found in classpath at archunit.properties => Using default configuration
16:19:05.087 [main] INFO com.tngtech.archunit.core.PluginLoader - Detected Java version 1.8.0_261
16:19:05.087 [main] DEBUG com.tngtech.archunit.core.PluginLoader - Using legacy import plugin
16:19:05.115 [main] DEBUG com.tngtech.archunit.core.importer.UrlSource$From - Found URLs on sun.boot.class.path: [jar:file:/C:/Program%20Files/Java/jdk1.8.0_261/jre/lib/resources.jar!/, jar:file:/C:/Program%20Files/Java/jdk1.8.0_261/jre/lib/rt.jar!/, jar:file:/C:/Program%20Files/Java/jdk1.8.0_261/jre/lib/sunrsasign.jar!/, jar:file:/C:/Program%20Files/Java/jdk1.8.0_261/jre/lib/jsse.jar!/, jar:file:/C:/Program%20Files/Java/jdk1.8.0_261/jre/lib/jce.jar!/, jar:file:/C:/Program%20Files/Java/jdk1.8.0_261/jre/lib/charsets.jar!/, jar:file:/C:/Program%20Files/Java/jdk1.8.0_261/jre/lib/jfr.jar!/, file:/C:/Program%20Files/Java/jdk1.8.0_261/jre/classes]
16:19:05.136 [main] DEBUG com.tngtech.archunit.core.importer.UrlSource$From - Found URLs on java.class.path: [file:/C:/dev/apps/java/todos/target/test-classes/, file:/C:/dev/apps/java/todos/target/classes/, jar:file:/C:/Users/ibou.sene/.m2/repository/org/jacoco/jacoco-maven-plugin/0.8.6/jacoco-maven-plugin-0.8.6.jar!/, jar:file:/C:/Users/ibou.sene/.m2/repository/org/apache/maven/maven-plugin-api/3.0/maven-plugin-api-3.0.jar!/, jar:file:/C:/Users/ibou.sene/.m2/repository/org/apache/maven/maven-model/3.0/maven-model-3.0.jar!/, jar:file:/C:/Users/ibou.sene/.m2/repository/org/apache/maven/maven-artifact/3.0/maven-artifact-3.0.jar!/, jar:file:/C:/Users/ibou.sene/.m2/repository/org/sonatype/sisu/sisu-inject-plexus/1.4.2/sisu-inject-plexus-1.4.2.jar!/, jar:file:/C:/Users/ibou.sene/.m2/repository/org/sonatype/sisu/sisu-inject-bean/1.4.2/sisu-inject-bean-1.4.2.jar!/, jar:file:/C:/Users/ibou.sene/.m2/repository/org/sonatype/sisu/sisu-guice/2.1.7/sisu-guice-2.1.7-noaop.jar!/, jar:file:/C:/Users/ibou.sene/.m2/repository/org/apache/maven/maven-core/3.0/maven-core-3.0.jar!/, jar:file:/C:/Users/ibou.sene/.m2/repository/org/apache/maven/maven-settings/3.0/maven-settings-3.0.jar!/, jar:file:/C:/Users/ibou.sene/.m2/repository/org/apache/maven/maven-settings-builder/3.0/maven-settings-builder-3.0.jar!/, jar:file:/C:/Users/ibou.sene/.m2/repository/org/apache/maven/maven-repository-metadata/3.0/maven-repository-metadata-3.0.jar!/, jar:file:/C:/Users/ibou.sene/.m2/repository/org/apache/maven/maven-model-builder/3.0/maven-model-builder-3.0.jar!/, jar:file:/C:/Users/ibou.sene/.m2/repository/org/apache/maven/maven-aether-provider/3.0/maven-aether-provider-3.0.jar!/, jar:file:/C:/Users/ibou.sene/.m2/repository/org/sonatype/aether/aether-impl/1.7/aether-impl-1.7.jar!/, jar:file:/C:/Users/ibou.sene/.m2/repository/org/sonatype/aether/aether-spi/1.7/aether-spi-1.7.jar!/, jar:file:/C:/Users/ibou.sene/.m2/repository/org/sonatype/aether/aether-api/1.7/aether-api-1.7.jar!/, jar:file:/C:/Users/ibou.sene/.m2/repository/org/sonatype/aether/aether-util/1.7/aether-util-1.7.jar!/, jar:file:/C:/Users/ibou.sene/.m2/repository/org/codehaus/plexus/plexus-interpolation/1.14/plexus-interpolation-1.14.jar!/, jar:file:/C:/Users/ibou.sene/.m2/repository/org/codehaus/plexus/plexus-classworlds/2.2.3/plexus-classworlds-2.2.3.jar!/, jar:file:/C:/Users/ibou.sene/.m2/repository/org/codehaus/plexus/plexus-component-annotations/1.5.5/plexus-component-annotations-1.5.5.jar!/, jar:file:/C:/Users/ibou.sene/.m2/repository/org/sonatype/plexus/plexus-sec-dispatcher/1.3/plexus-sec-dispatcher-1.3.jar!/, jar:file:/C:/Users/ibou.sene/.m2/repository/org/sonatype/plexus/plexus-cipher/1.4/plexus-cipher-1.4.jar!/, jar:file:/C:/Users/ibou.sene/.m2/repository/org/codehaus/plexus/plexus-utils/3.0.22/plexus-utils-3.0.22.jar!/, jar:file:/C:/Users/ibou.sene/.m2/repository/org/apache/maven/shared/file-management/1.2.1/file-management-1.2.1.jar!/, jar:file:/C:/Users/ibou.sene/.m2/repository/org/apache/maven/shared/maven-shared-io/1.1/maven-shared-io-1.1.jar!/, jar:file:/C:/Users/ibou.sene/.m2/repository/org/apache/maven/maven-artifact-manager/2.0.2/maven-artifact-manager-2.0.2.jar!/, jar:file:/C:/Users/ibou.sene/.m2/repository/org/apache/maven/wagon/wagon-provider-api/1.0-alpha-6/wagon-provider-api-1.0-alpha-6.jar!/, jar:file:/C:/Users/ibou.sene/.m2/repository/org/codehaus/plexus/plexus-container-default/1.0-alpha-9/plexus-container-default-1.0-alpha-9.jar!/, jar:file:/C:/Users/ibou.sene/.m2/repository/junit/junit/4.13.2/junit-4.13.2.jar!/, jar:file:/C:/Users/ibou.sene/.m2/repository/org/hamcrest/hamcrest-core/2.2/hamcrest-core-2.2.jar!/, jar:file:/C:/Users/ibou.sene/.m2/repository/classworlds/classworlds/1.1-alpha-2/classworlds-1.1-alpha-2.jar!/, jar:file:/C:/Users/ibou.sene/.m2/repository/org/apache/maven/reporting/maven-reporting-api/3.0/maven-reporting-api-3.0.jar!/, jar:file:/C:/Users/ibou.sene/.m2/repository/org/apache/maven/doxia/doxia-sink-api/1.0/doxia-sink-api-1.0.jar!/, jar:file:/C:/Users/ibou.sene/.m2/repository/org/apache/maven/reporting/maven-reporting-impl/2.1/maven-reporting-impl-2.1.jar!/, jar:file:/C:/Users/ibou.sene/.m2/repository/org/apache/maven/maven-project/2.0.10/maven-project-2.0.10.jar!/, jar:file:/C:/Users/ibou.sene/.m2/repository/org/apache/maven/maven-profile/2.0.10/maven-profile-2.0.10.jar!/, jar:file:/C:/Users/ibou.sene/.m2/repository/org/apache/maven/maven-plugin-registry/2.0.10/maven-plugin-registry-2.0.10.jar!/, jar:file:/C:/Users/ibou.sene/.m2/repository/org/apache/maven/doxia/doxia-core/1.1.2/doxia-core-1.1.2.jar!/, jar:file:/C:/Users/ibou.sene/.m2/repository/org/apache/maven/doxia/doxia-logging-api/1.1.2/doxia-logging-api-1.1.2.jar!/, jar:file:/C:/Users/ibou.sene/.m2/repository/xerces/xercesImpl/2.8.1/xercesImpl-2.8.1.jar!/, jar:file:/C:/Users/ibou.sene/.m2/repository/commons-httpclient/commons-httpclient/3.1/commons-httpclient-3.1.jar!/, jar:file:/C:/Users/ibou.sene/.m2/repository/commons-codec/commons-codec/1.15/commons-codec-1.15.jar!/, jar:file:/C:/Users/ibou.sene/.m2/repository/org/apache/maven/doxia/doxia-site-renderer/1.1.2/doxia-site-renderer-1.1.2.jar!/, jar:file:/C:/Users/ibou.sene/.m2/repository/org/apache/maven/doxia/doxia-decoration-model/1.1.2/doxia-decoration-model-1.1.2.jar!/, jar:file:/C:/Users/ibou.sene/.m2/repository/org/apache/maven/doxia/doxia-module-xhtml/1.1.2/doxia-module-xhtml-1.1.2.jar!/, jar:file:/C:/Users/ibou.sene/.m2/repository/org/apache/maven/doxia/doxia-module-fml/1.1.2/doxia-module-fml-1.1.2.jar!/, jar:file:/C:/Users/ibou.sene/.m2/repository/org/codehaus/plexus/plexus-i18n/1.0-beta-7/plexus-i18n-1.0-beta-7.jar!/, jar:file:/C:/Users/ibou.sene/.m2/repository/org/codehaus/plexus/plexus-velocity/1.1.7/plexus-velocity-1.1.7.jar!/, jar:file:/C:/Users/ibou.sene/.m2/repository/org/apache/velocity/velocity/1.5/velocity-1.5.jar!/, jar:file:/C:/Users/ibou.sene/.m2/repository/commons-collections/commons-collections/3.2/commons-collections-3.2.jar!/, jar:file:/C:/Users/ibou.sene/.m2/repository/commons-validator/commons-validator/1.2.0/commons-validator-1.2.0.jar!/, jar:file:/C:/Users/ibou.sene/.m2/repository/commons-beanutils/commons-beanutils/1.7.0/commons-beanutils-1.7.0.jar!/, jar:file:/C:/Users/ibou.sene/.m2/repository/commons-digester/commons-digester/1.6/commons-digester-1.6.jar!/, jar:file:/C:/Users/ibou.sene/.m2/repository/commons-logging/commons-logging/1.0.4/commons-logging-1.0.4.jar!/, jar:file:/C:/Users/ibou.sene/.m2/repository/oro/oro/2.0.8/oro-2.0.8.jar!/, jar:file:/C:/Users/ibou.sene/.m2/repository/xml-apis/xml-apis/1.0.b2/xml-apis-1.0.b2.jar!/, jar:file:/C:/Users/ibou.sene/.m2/repository/org/jacoco/org.jacoco.agent/0.8.6/org.jacoco.agent-0.8.6-runtime.jar!/, jar:file:/C:/Users/ibou.sene/.m2/repository/org/jacoco/org.jacoco.core/0.8.6/org.jacoco.core-0.8.6.jar!/, jar:file:/C:/Users/ibou.sene/.m2/repository/org/ow2/asm/asm/8.0.1/asm-8.0.1.jar!/, jar:file:/C:/Users/ibou.sene/.m2/repository/org/ow2/asm/asm-commons/8.0.1/asm-commons-8.0.1.jar!/, jar:file:/C:/Users/ibou.sene/.m2/repository/org/ow2/asm/asm-analysis/8.0.1/asm-analysis-8.0.1.jar!/, jar:file:/C:/Users/ibou.sene/.m2/repository/org/ow2/asm/asm-tree/8.0.1/asm-tree-8.0.1.jar!/, jar:file:/C:/Users/ibou.sene/.m2/repository/org/jacoco/org.jacoco.report/0.8.6/org.jacoco.report-0.8.6.jar!/, jar:file:/C:/Users/ibou.sene/.m2/repository/com/tngtech/archunit/archunit-junit5-api/0.14.1/archunit-junit5-api-0.14.1.jar!/, jar:file:/C:/Users/ibou.sene/.m2/repository/com/tngtech/archunit/archunit/0.14.1/archunit-0.14.1.jar!/, jar:file:/C:/Users/ibou.sene/.m2/repository/org/slf4j/slf4j-api/1.7.31/slf4j-api-1.7.31.jar!/, jar:file:/C:/Users/ibou.sene/.m2/repository/com/tngtech/archunit/archunit-junit5-engine/0.14.1/archunit-junit5-engine-0.14.1.jar!/, jar:file:/C:/Users/ibou.sene/.m2/repository/com/tngtech/archunit/archunit-junit5-engine-api/0.14.1/archunit-junit5-engine-api-0.14.1.jar!/, jar:file:/C:/Users/ibou.sene/.m2/repository/org/junit/platform/junit-platform-engine/1.7.2/junit-platform-engine-1.7.2.jar!/, jar:file:/C:/Users/ibou.sene/.m2/repository/org/springframework/boot/spring-boot-starter-data-jpa/2.5.2/spring-boot-starter-data-jpa-2.5.2.jar!/, jar:file:/C:/Users/ibou.sene/.m2/repository/org/springframework/boot/spring-boot-starter-aop/2.5.2/spring-boot-starter-aop-2.5.2.jar!/, jar:file:/C:/Users/ibou.sene/.m2/repository/org/springframework/spring-aop/5.3.8/spring-aop-5.3.8.jar!/, jar:file:/C:/Users/ibou.sene/.m2/repository/org/aspectj/aspectjweaver/1.9.6/aspectjweaver-1.9.6.jar!/, jar:file:/C:/Users/ibou.sene/.m2/repository/org/springframework/boot/spring-boot-starter-jdbc/2.5.2/spring-boot-starter-jdbc-2.5.2.jar!/, jar:file:/C:/Users/ibou.sene/.m2/repository/com/zaxxer/HikariCP/4.0.3/HikariCP-4.0.3.jar!/, jar:file:/C:/Users/ibou.sene/.m2/repository/org/springframework/spring-jdbc/5.3.8/spring-jdbc-5.3.8.jar!/, jar:file:/C:/Users/ibou.sene/.m2/repository/jakarta/transaction/jakarta.transaction-api/1.3.3/jakarta.transaction-api-1.3.3.jar!/, jar:file:/C:/Users/ibou.sene/.m2/repository/jakarta/persistence/jakarta.persistence-api/2.2.3/jakarta.persistence-api-2.2.3.jar!/, jar:file:/C:/Users/ibou.sene/.m2/repository/org/hibernate/hibernate-core/5.4.32.Final/hibernate-core-5.4.32.Final.jar!/, jar:file:/C:/Users/ibou.sene/.m2/repository/org/jboss/logging/jboss-logging/3.4.2.Final/jboss-logging-3.4.2.Final.jar!/, jar:file:/C:/Users/ibou.sene/.m2/repository/org/javassist/javassist/3.27.0-GA/javassist-3.27.0-GA.jar!/, jar:file:/C:/Users/ibou.sene/.m2/repository/antlr/antlr/2.7.7/antlr-2.7.7.jar!/, jar:file:/C:/Users/ibou.sene/.m2/repository/org/jboss/jandex/2.2.3.Final/jandex-2.2.3.Final.jar!/, jar:file:/C:/Users/ibou.sene/.m2/repository/com/fasterxml/classmate/1.5.1/classmate-1.5.1.jar!/, jar:file:/C:/Users/ibou.sene/.m2/repository/org/dom4j/dom4j/2.1.3/dom4j-2.1.3.jar!/, jar:file:/C:/Users/ibou.sene/.m2/repository/org/hibernate/common/hibernate-commons-annotations/5.1.2.Final/hibernate-commons-annotations-5.1.2.Final.jar!/, jar:file:/C:/Users/ibou.sene/.m2/repository/org/glassfish/jaxb/jaxb-runtime/2.3.4/jaxb-runtime-2.3.4.jar!/, jar:file:/C:/Users/ibou.sene/.m2/repository/org/glassfish/jaxb/txw2/2.3.4/txw2-2.3.4.jar!/, jar:file:/C:/Users/ibou.sene/.m2/repository/com/sun/istack/istack-commons-runtime/3.0.12/istack-commons-runtime-3.0.12.jar!/, jar:file:/C:/Users/ibou.sene/.m2/repository/com/sun/activation/jakarta.activation/1.2.2/jakarta.activation-1.2.2.jar!/, jar:file:/C:/Users/ibou.sene/.m2/repository/org/springframework/data/spring-data-jpa/2.5.2/spring-data-jpa-2.5.2.jar!/, jar:file:/C:/Users/ibou.sene/.m2/repository/org/springframework/data/spring-data-commons/2.5.2/spring-data-commons-2.5.2.jar!/, jar:file:/C:/Users/ibou.sene/.m2/repository/org/springframework/spring-orm/5.3.8/spring-orm-5.3.8.jar!/, jar:file:/C:/Users/ibou.sene/.m2/repository/org/springframework/spring-context/5.3.8/spring-context-5.3.8.jar!/, jar:file:/C:/Users/ibou.sene/.m2/repository/org/springframework/spring-tx/5.3.8/spring-tx-5.3.8.jar!/, jar:file:/C:/Users/ibou.sene/.m2/repository/org/springframework/spring-beans/5.3.8/spring-beans-5.3.8.jar!/, jar:file:/C:/Users/ibou.sene/.m2/repository/org/springframework/spring-aspects/5.3.8/spring-aspects-5.3.8.jar!/, jar:file:/C:/Users/ibou.sene/.m2/repository/org/springframework/boot/spring-boot-starter-web/2.5.2/spring-boot-starter-web-2.5.2.jar!/, jar:file:/C:/Users/ibou.sene/.m2/repository/org/springframework/boot/spring-boot-starter/2.5.2/spring-boot-starter-2.5.2.jar!/, jar:file:/C:/Users/ibou.sene/.m2/repository/org/springframework/boot/spring-boot/2.5.2/spring-boot-2.5.2.jar!/, jar:file:/C:/Users/ibou.sene/.m2/repository/org/springframework/boot/spring-boot-autoconfigure/2.5.2/spring-boot-autoconfigure-2.5.2.jar!/, jar:file:/C:/Users/ibou.sene/.m2/repository/org/springframework/boot/spring-boot-starter-logging/2.5.2/spring-boot-starter-logging-2.5.2.jar!/, jar:file:/C:/Users/ibou.sene/.m2/repository/ch/qos/logback/logback-classic/1.2.3/logback-classic-1.2.3.jar!/, jar:file:/C:/Users/ibou.sene/.m2/repository/ch/qos/logback/logback-core/1.2.3/logback-core-1.2.3.jar!/, jar:file:/C:/Users/ibou.sene/.m2/repository/org/slf4j/jul-to-slf4j/1.7.31/jul-to-slf4j-1.7.31.jar!/, jar:file:/C:/Users/ibou.sene/.m2/repository/jakarta/annotation/jakarta.annotation-api/1.3.5/jakarta.annotation-api-1.3.5.jar!/, jar:file:/C:/Users/ibou.sene/.m2/repository/org/yaml/snakeyaml/1.28/snakeyaml-1.28.jar!/, jar:file:/C:/Users/ibou.sene/.m2/repository/org/springframework/boot/spring-boot-starter-json/2.5.2/spring-boot-starter-json-2.5.2.jar!/, jar:file:/C:/Users/ibou.sene/.m2/repository/com/fasterxml/jackson/core/jackson-databind/2.12.3/jackson-databind-2.12.3.jar!/, jar:file:/C:/Users/ibou.sene/.m2/repository/com/fasterxml/jackson/core/jackson-annotations/2.12.3/jackson-annotations-2.12.3.jar!/, jar:file:/C:/Users/ibou.sene/.m2/repository/com/fasterxml/jackson/core/jackson-core/2.12.3/jackson-core-2.12.3.jar!/, jar:file:/C:/Users/ibou.sene/.m2/repository/com/fasterxml/jackson/datatype/jackson-datatype-jdk8/2.12.3/jackson-datatype-jdk8-2.12.3.jar!/, jar:file:/C:/Users/ibou.sene/.m2/repository/com/fasterxml/jackson/datatype/jackson-datatype-jsr310/2.12.3/jackson-datatype-jsr310-2.12.3.jar!/, jar:file:/C:/Users/ibou.sene/.m2/repository/com/fasterxml/jackson/module/jackson-module-parameter-names/2.12.3/jackson-module-parameter-names-2.12.3.jar!/, jar:file:/C:/Users/ibou.sene/.m2/repository/org/springframework/boot/spring-boot-starter-tomcat/2.5.2/spring-boot-starter-tomcat-2.5.2.jar!/, jar:file:/C:/Users/ibou.sene/.m2/repository/org/apache/tomcat/embed/tomcat-embed-core/9.0.48/tomcat-embed-core-9.0.48.jar!/, jar:file:/C:/Users/ibou.sene/.m2/repository/org/apache/tomcat/embed/tomcat-embed-websocket/9.0.48/tomcat-embed-websocket-9.0.48.jar!/, jar:file:/C:/Users/ibou.sene/.m2/repository/org/springframework/spring-web/5.3.8/spring-web-5.3.8.jar!/, jar:file:/C:/Users/ibou.sene/.m2/repository/org/springframework/spring-webmvc/5.3.8/spring-webmvc-5.3.8.jar!/, jar:file:/C:/Users/ibou.sene/.m2/repository/org/springframework/spring-expression/5.3.8/spring-expression-5.3.8.jar!/, jar:file:/C:/Users/ibou.sene/.m2/repository/com/microsoft/sqlserver/mssql-jdbc/9.2.1.jre8/mssql-jdbc-9.2.1.jre8.jar!/, jar:file:/C:/Users/ibou.sene/.m2/repository/mysql/mysql-connector-java/8.0.25/mysql-connector-java-8.0.25.jar!/, jar:file:/C:/Users/ibou.sene/.m2/repository/org/mapstruct/mapstruct-processor/1.3.1.Final/mapstruct-processor-1.3.1.Final.jar!/, jar:file:/C:/Users/ibou.sene/.m2/repository/org/mapstruct/mapstruct/1.3.1.Final/mapstruct-1.3.1.Final.jar!/, jar:file:/C:/Users/ibou.sene/.m2/repository/org/projectlombok/lombok/1.18.10/lombok-1.18.10.jar!/, jar:file:/C:/Users/ibou.sene/.m2/repository/org/springframework/boot/spring-boot-starter-test/2.5.2/spring-boot-starter-test-2.5.2.jar!/, jar:file:/C:/Users/ibou.sene/.m2/repository/org/springframework/boot/spring-boot-test/2.5.2/spring-boot-test-2.5.2.jar!/, jar:file:/C:/Users/ibou.sene/.m2/repository/org/springframework/boot/spring-boot-test-autoconfigure/2.5.2/spring-boot-test-autoconfigure-2.5.2.jar!/, jar:file:/C:/Users/ibou.sene/.m2/repository/com/jayway/jsonpath/json-path/2.5.0/json-path-2.5.0.jar!/, jar:file:/C:/Users/ibou.sene/.m2/repository/net/minidev/json-smart/2.4.7/json-smart-2.4.7.jar!/, jar:file:/C:/Users/ibou.sene/.m2/repository/net/minidev/accessors-smart/2.4.7/accessors-smart-2.4.7.jar!/, jar:file:/C:/Users/ibou.sene/.m2/repository/jakarta/xml/bind/jakarta.xml.bind-api/2.3.3/jakarta.xml.bind-api-2.3.3.jar!/, jar:file:/C:/Users/ibou.sene/.m2/repository/jakarta/activation/jakarta.activation-api/1.2.2/jakarta.activation-api-1.2.2.jar!/, jar:file:/C:/Users/ibou.sene/.m2/repository/org/assertj/assertj-core/3.19.0/assertj-core-3.19.0.jar!/, jar:file:/C:/Users/ibou.sene/.m2/repository/org/hamcrest/hamcrest/2.2/hamcrest-2.2.jar!/, jar:file:/C:/Users/ibou.sene/.m2/repository/org/junit/jupiter/junit-jupiter/5.7.2/junit-jupiter-5.7.2.jar!/, jar:file:/C:/Users/ibou.sene/.m2/repository/org/junit/jupiter/junit-jupiter-params/5.7.2/junit-jupiter-params-5.7.2.jar!/, jar:file:/C:/Users/ibou.sene/.m2/repository/org/junit/jupiter/junit-jupiter-engine/5.7.2/junit-jupiter-engine-5.7.2.jar!/, jar:file:/C:/Users/ibou.sene/.m2/repository/org/mockito/mockito-junit-jupiter/3.9.0/mockito-junit-jupiter-3.9.0.jar!/, jar:file:/C:/Users/ibou.sene/.m2/repository/org/skyscreamer/jsonassert/1.5.0/jsonassert-1.5.0.jar!/, jar:file:/C:/Users/ibou.sene/.m2/repository/com/vaadin/external/google/android-json/0.0.20131108.vaadin1/android-json-0.0.20131108.vaadin1.jar!/, jar:file:/C:/Users/ibou.sene/.m2/repository/org/springframework/spring-core/5.3.8/spring-core-5.3.8.jar!/, jar:file:/C:/Users/ibou.sene/.m2/repository/org/springframework/spring-jcl/5.3.8/spring-jcl-5.3.8.jar!/, jar:file:/C:/Users/ibou.sene/.m2/repository/org/springframework/spring-test/5.3.8/spring-test-5.3.8.jar!/, jar:file:/C:/Users/ibou.sene/.m2/repository/org/xmlunit/xmlunit-core/2.8.2/xmlunit-core-2.8.2.jar!/, jar:file:/C:/Users/ibou.sene/.m2/repository/org/hamcrest/hamcrest-all/1.3/hamcrest-all-1.3.jar!/, jar:file:/C:/Users/ibou.sene/.m2/repository/org/mockito/mockito-core/3.9.0/mockito-core-3.9.0.jar!/, jar:file:/C:/Users/ibou.sene/.m2/repository/net/bytebuddy/byte-buddy/1.10.22/byte-buddy-1.10.22.jar!/, jar:file:/C:/Users/ibou.sene/.m2/repository/net/bytebuddy/byte-buddy-agent/1.10.22/byte-buddy-agent-1.10.22.jar!/, jar:file:/C:/Users/ibou.sene/.m2/repository/org/objenesis/objenesis/3.2/objenesis-3.2.jar!/, jar:file:/C:/Users/ibou.sene/.m2/repository/org/junit/jupiter/junit-jupiter-api/5.8.1/junit-jupiter-api-5.8.1.jar!/, jar:file:/C:/Users/ibou.sene/.m2/repository/org/opentest4j/opentest4j/1.2.0/opentest4j-1.2.0.jar!/, jar:file:/C:/Users/ibou.sene/.m2/repository/org/junit/platform/junit-platform-commons/1.7.2/junit-platform-commons-1.7.2.jar!/, jar:file:/C:/Users/ibou.sene/.m2/repository/org/apiguardian/apiguardian-api/1.1.2/apiguardian-api-1.1.2.jar!/, jar:file:/C:/Users/ibou.sene/.m2/repository/com/h2database/h2/1.4.200/h2-1.4.200.jar!/, jar:file:/C:/Users/ibou.sene/.m2/repository/org/springframework/boot/spring-boot-starter-validation/2.5.2/spring-boot-starter-validation-2.5.2.jar!/, jar:file:/C:/Users/ibou.sene/.m2/repository/org/apache/tomcat/embed/tomcat-embed-el/9.0.48/tomcat-embed-el-9.0.48.jar!/, jar:file:/C:/Users/ibou.sene/.m2/repository/org/hibernate/validator/hibernate-validator/6.2.0.Final/hibernate-validator-6.2.0.Final.jar!/, jar:file:/C:/Users/ibou.sene/.m2/repository/jakarta/validation/jakarta.validation-api/2.0.2/jakarta.validation-api-2.0.2.jar!/, jar:file:/C:/Users/ibou.sene/.m2/repository/commons-lang/commons-lang/2.5/commons-lang-2.5.jar!/]
16:19:05.801 [main] DEBUG com.tngtech.archunit.core.importer.JavaClassProcessor - Analyzing class 'sn/ept/git/seminaire/cicd/dto/TagDTO$1'
16:19:05.817 [main] DEBUG com.tngtech.archunit.core.importer.JavaClassProcessor - Analyzing class 'sn/ept/git/seminaire/cicd/dto/vm/TagVM$TagVMBuilderImpl'
16:19:05.833 [main] DEBUG com.tngtech.archunit.core.importer.JavaClassProcessor - Analyzing class 'sn/ept/git/seminaire/cicd/dto/base/BaseDTO'
16:19:05.833 [main] DEBUG com.tngtech.archunit.core.importer.JavaClassProcessor - Analyzing class 'sn/ept/git/seminaire/cicd/dto/vm/TagVM'
16:19:05.848 [main] DEBUG com.tngtech.archunit.core.importer.JavaClassProcessor - Analyzing class 'sn/ept/git/seminaire/cicd/dto/vm/TagVM$TagVMBuilder'
16:19:05.848 [main] DEBUG com.tngtech.archunit.core.importer.JavaClassProcessor - Analyzing class 'sn/ept/git/seminaire/cicd/demo/exception/BadPhoneException'
16:19:05.848 [main] DEBUG com.tngtech.archunit.core.importer.JavaClassProcessor - Analyzing class 'sn/ept/git/seminaire/cicd/exceptions/message/ErrorMessage$1'
16:19:05.848 [main] DEBUG com.tngtech.archunit.core.importer.JavaClassProcessor - Analyzing class 'sn/ept/git/seminaire/cicd/models/Todo'
16:19:05.848 [main] DEBUG com.tngtech.archunit.core.importer.JavaClassProcessor - Analyzing class 'sn/ept/git/seminaire/cicd/demo/Validator'
16:19:05.864 [main] DEBUG com.tngtech.archunit.core.importer.JavaClassProcessor - Analyzing class 'sn/ept/git/seminaire/cicd/utils/UrlMapping$Todo'
16:19:05.864 [main] DEBUG com.tngtech.archunit.core.importer.JavaClassProcessor - Analyzing class 'sn/ept/git/seminaire/cicd/utils/UrlMapping'
16:19:05.864 [main] DEBUG com.tngtech.archunit.core.importer.JavaClassProcessor - Analyzing class 'sn/ept/git/seminaire/cicd/utils/SizeMapping$Location'
16:19:05.864 [main] DEBUG com.tngtech.archunit.core.importer.JavaClassProcessor - Analyzing class 'sn/ept/git/seminaire/cicd/demo/Calculator'
16:19:05.864 [main] DEBUG com.tngtech.archunit.core.importer.JavaClassProcessor - Analyzing class 'sn/ept/git/seminaire/cicd/services/ITagService'
16:19:05.864 [main] DEBUG com.tngtech.archunit.core.importer.JavaClassProcessor - Analyzing class 'sn/ept/git/seminaire/cicd/exceptions/ForbiddenException'
16:19:05.864 [main] DEBUG com.tngtech.archunit.core.importer.JavaClassProcessor - Analyzing class 'sn/ept/git/seminaire/cicd/dto/base/TodoBaseDTO$TodoBaseDTOBuilder'
16:19:05.864 [main] DEBUG com.tngtech.archunit.core.importer.JavaClassProcessor - Analyzing class 'sn/ept/git/seminaire/cicd/demo/MyFileReader'
16:19:05.864 [main] DEBUG com.tngtech.archunit.core.importer.JavaClassProcessor - Analyzing class 'sn/ept/git/seminaire/cicd/demo/CurrencyConverter'
16:19:05.864 [main] DEBUG com.tngtech.archunit.core.importer.JavaClassProcessor - Analyzing class 'sn/ept/git/seminaire/cicd/dto/base/BaseDTO$BaseDTOBuilder'
16:19:05.879 [main] DEBUG com.tngtech.archunit.core.importer.JavaClassProcessor - Analyzing class 'sn/ept/git/seminaire/cicd/utils/TestUtil'
16:19:05.879 [main] DEBUG com.tngtech.archunit.core.importer.JavaClassProcessor - Analyzing class 'sn/ept/git/seminaire/cicd/services/impl/TagServiceImpl'
16:19:05.879 [main] DEBUG com.tngtech.archunit.core.importer.JavaClassProcessor - Analyzing class 'sn/ept/git/seminaire/cicd/dto/base/TodoBaseDTO'
16:19:05.879 [main] DEBUG com.tngtech.archunit.core.importer.JavaClassProcessor - Analyzing class 'sn/ept/git/seminaire/cicd/utils/SizeMapping$Title'
16:19:05.879 [main] DEBUG com.tngtech.archunit.core.importer.JavaClassProcessor - Analyzing class 'sn/ept/git/seminaire/cicd/mappers/TagMapper'
16:19:05.895 [main] DEBUG com.tngtech.archunit.core.importer.JavaClassProcessor - Analyzing class 'sn/ept/git/seminaire/cicd/utils/SizeMapping$Name'
16:19:05.895 [main] DEBUG com.tngtech.archunit.core.importer.JavaClassProcessor - Analyzing class 'sn/ept/git/seminaire/cicd/exceptions/ItemNotFoundException'
16:19:05.895 [main] DEBUG com.tngtech.archunit.core.importer.JavaClassProcessor - Analyzing class 'sn/ept/git/seminaire/cicd/utils/SizeMapping'
16:19:05.895 [main] DEBUG com.tngtech.archunit.core.importer.JavaClassProcessor - Analyzing class 'sn/ept/git/seminaire/cicd/demo/CurrencyService'
16:19:05.895 [main] DEBUG com.tngtech.archunit.core.importer.JavaClassProcessor - Analyzing class 'sn/ept/git/seminaire/cicd/mappers/generic/GenericMapper'
16:19:05.895 [main] DEBUG com.tngtech.archunit.core.importer.JavaClassProcessor - Analyzing class 'sn/ept/git/seminaire/cicd/models/BaseEntity'
16:19:05.895 [main] DEBUG com.tngtech.archunit.core.importer.JavaClassProcessor - Analyzing class 'sn/ept/git/seminaire/cicd/models/Todo$TodoBuilder'
16:19:05.895 [main] DEBUG com.tngtech.archunit.core.importer.JavaClassProcessor - Analyzing class 'sn/ept/git/seminaire/cicd/models/Todo$TodoBuilderImpl'
16:19:05.911 [main] DEBUG com.tngtech.archunit.core.importer.JavaClassProcessor - Analyzing class 'sn/ept/git/seminaire/cicd/resources/TodoResource'
16:19:05.911 [main] DEBUG com.tngtech.archunit.core.importer.JavaClassProcessor - Analyzing class 'sn/ept/git/seminaire/cicd/services/impl/TodoServiceImpl'
16:19:05.911 [main] DEBUG com.tngtech.archunit.core.importer.JavaClassProcessor - Analyzing class 'sn/ept/git/seminaire/cicd/dto/base/TagBaseDTO$TagBaseDTOBuilder'
16:19:05.911 [main] DEBUG com.tngtech.archunit.core.importer.JavaClassProcessor - Analyzing class 'sn/ept/git/seminaire/cicd/TodoApplication'
16:19:05.911 [main] DEBUG com.tngtech.archunit.core.importer.JavaClassProcessor - Analyzing class 'sn/ept/git/seminaire/cicd/dto/TodoDTO$1'
16:19:05.911 [main] DEBUG com.tngtech.archunit.core.importer.JavaClassProcessor - Analyzing class 'sn/ept/git/seminaire/cicd/dto/TagDTO$TagDTOBuilderImpl'
16:19:05.926 [main] DEBUG com.tngtech.archunit.core.importer.JavaClassProcessor - Analyzing class 'sn/ept/git/seminaire/cicd/dto/vm/TodoVM$TodoVMBuilderImpl'
16:19:05.926 [main] DEBUG com.tngtech.archunit.core.importer.JavaClassProcessor - Analyzing class 'sn/ept/git/seminaire/cicd/utils/ExceptionUtils'
16:19:05.926 [main] DEBUG com.tngtech.archunit.core.importer.JavaClassProcessor - Analyzing class 'sn/ept/git/seminaire/cicd/exceptions/InvalidException'
16:19:05.926 [main] DEBUG com.tngtech.archunit.core.importer.JavaClassProcessor - Analyzing class 'sn/ept/git/seminaire/cicd/exceptions/ItemExistsException'
16:19:05.926 [main] DEBUG com.tngtech.archunit.core.importer.JavaClassProcessor - Analyzing class 'sn/ept/git/seminaire/cicd/dto/base/BaseDTO$1'
16:19:05.926 [main] DEBUG com.tngtech.archunit.core.importer.JavaClassProcessor - Analyzing class 'sn/ept/git/seminaire/cicd/mappers/vm/TagVMMapperImpl'
16:19:05.926 [main] DEBUG com.tngtech.archunit.core.importer.JavaClassProcessor - Analyzing class 'sn/ept/git/seminaire/cicd/utils/Utils'
16:19:05.926 [main] DEBUG com.tngtech.archunit.core.importer.JavaClassProcessor - Analyzing class 'sn/ept/git/seminaire/cicd/dto/TodoDTO$TodoDTOBuilderImpl'
16:19:05.926 [main] DEBUG com.tngtech.archunit.core.importer.JavaClassProcessor - Analyzing class 'sn/ept/git/seminaire/cicd/models/Todo$1'
16:19:05.926 [main] DEBUG com.tngtech.archunit.core.importer.JavaClassProcessor - Analyzing class 'sn/ept/git/seminaire/cicd/models/Tag$1'
16:19:05.926 [main] DEBUG com.tngtech.archunit.core.importer.JavaClassProcessor - Analyzing class 'sn/ept/git/seminaire/cicd/models/Tag'
16:19:05.942 [main] DEBUG com.tngtech.archunit.core.importer.JavaClassProcessor - Analyzing class 'sn/ept/git/seminaire/cicd/exceptions/handler/RestResponseEntityExceptionHandler'
16:19:05.942 [main] DEBUG com.tngtech.archunit.core.importer.JavaClassProcessor - Analyzing class 'sn/ept/git/seminaire/cicd/repositories/TagRepository'
16:19:05.942 [main] DEBUG com.tngtech.archunit.core.importer.JavaClassProcessor - Analyzing class 'sn/ept/git/seminaire/cicd/dto/TagDTO'
16:19:05.942 [main] DEBUG com.tngtech.archunit.core.importer.JavaClassProcessor - Analyzing class 'sn/ept/git/seminaire/cicd/utils/SizeMapping$Adresse'
16:19:05.942 [main] DEBUG com.tngtech.archunit.core.importer.JavaClassProcessor - Analyzing class 'sn/ept/git/seminaire/cicd/models/BaseEntity_'
16:19:05.942 [main] DEBUG com.tngtech.archunit.core.importer.JavaClassProcessor - Analyzing class 'sn/ept/git/seminaire/cicd/exceptions/message/ErrorMessage$ErrorMessageBuilder'
16:19:05.942 [main] DEBUG com.tngtech.archunit.core.importer.JavaClassProcessor - Analyzing class 'sn/ept/git/seminaire/cicd/exceptions/message/ErrorMessage$ErrorMessageBuilderImpl'
16:19:05.942 [main] DEBUG com.tngtech.archunit.core.importer.JavaClassProcessor - Analyzing class 'sn/ept/git/seminaire/cicd/models/Tag$TagBuilderImpl'
16:19:05.942 [main] DEBUG com.tngtech.archunit.core.importer.JavaClassProcessor - Analyzing class 'sn/ept/git/seminaire/cicd/dto/vm/TagVM$1'
16:19:05.942 [main] DEBUG com.tngtech.archunit.core.importer.JavaClassProcessor - Analyzing class 'sn/ept/git/seminaire/cicd/models/BaseEntity$BaseEntityBuilder'
16:19:05.942 [main] DEBUG com.tngtech.archunit.core.importer.JavaClassProcessor - Analyzing class 'sn/ept/git/seminaire/cicd/utils/ResponseUtil'
16:19:05.958 [main] DEBUG com.tngtech.archunit.core.importer.JavaClassProcessor - Analyzing class 'sn/ept/git/seminaire/cicd/dto/vm/TodoVM'
16:19:05.958 [main] DEBUG com.tngtech.archunit.core.importer.JavaClassProcessor - Analyzing class 'sn/ept/git/seminaire/cicd/exceptions/message/ErrorMessage'
16:19:05.958 [main] DEBUG com.tngtech.archunit.core.importer.JavaClassProcessor - Analyzing class 'sn/ept/git/seminaire/cicd/mappers/vm/TodoVMMapperImpl'
16:19:05.958 [main] DEBUG com.tngtech.archunit.core.importer.JavaClassProcessor - Analyzing class 'sn/ept/git/seminaire/cicd/dto/base/TodoBaseDTO$1'
16:19:05.958 [main] DEBUG com.tngtech.archunit.core.importer.JavaClassProcessor - Analyzing class 'sn/ept/git/seminaire/cicd/utils/SizeMapping$Comment'
16:19:05.958 [main] DEBUG com.tngtech.archunit.core.importer.JavaClassProcessor - Analyzing class 'sn/ept/git/seminaire/cicd/mappers/TagMapperImpl'
16:19:05.958 [main] DEBUG com.tngtech.archunit.core.importer.JavaClassProcessor - Analyzing class 'sn/ept/git/seminaire/cicd/dto/base/TagBaseDTO'
16:19:05.958 [main] DEBUG com.tngtech.archunit.core.importer.JavaClassProcessor - Analyzing class 'sn/ept/git/seminaire/cicd/dto/base/TagBaseDTO$TagBaseDTOBuilderImpl'
16:19:05.958 [main] DEBUG com.tngtech.archunit.core.importer.JavaClassProcessor - Analyzing class 'sn/ept/git/seminaire/cicd/mappers/vm/TagVMMapper'
16:19:05.958 [main] DEBUG com.tngtech.archunit.core.importer.JavaClassProcessor - Analyzing class 'sn/ept/git/seminaire/cicd/dto/vm/TodoVM$1'
16:19:05.958 [main] DEBUG com.tngtech.archunit.core.importer.JavaClassProcessor - Analyzing class 'sn/ept/git/seminaire/cicd/models/Tag_'
16:19:05.958 [main] DEBUG com.tngtech.archunit.core.importer.JavaClassProcessor - Analyzing class 'sn/ept/git/seminaire/cicd/utils/SizeMapping$Phone'
16:19:05.958 [main] DEBUG com.tngtech.archunit.core.importer.JavaClassProcessor - Analyzing class 'sn/ept/git/seminaire/cicd/dto/TagDTO$TagDTOBuilder'
16:19:05.973 [main] DEBUG com.tngtech.archunit.core.importer.JavaClassProcessor - Analyzing class 'sn/ept/git/seminaire/cicd/demo/ICalculator'
16:19:05.973 [main] DEBUG com.tngtech.archunit.core.importer.JavaClassProcessor - Analyzing class 'sn/ept/git/seminaire/cicd/dto/TodoDTO'
16:19:05.973 [main] DEBUG com.tngtech.archunit.core.importer.JavaClassProcessor - Analyzing class 'sn/ept/git/seminaire/cicd/utils/SizeMapping$Email'
16:19:05.973 [main] DEBUG com.tngtech.archunit.core.importer.JavaClassProcessor - Analyzing class 'sn/ept/git/seminaire/cicd/mappers/vm/TodoVMMapper'
16:19:05.973 [main] DEBUG com.tngtech.archunit.core.importer.JavaClassProcessor - Analyzing class 'sn/ept/git/seminaire/cicd/demo/Currency'
16:19:05.973 [main] DEBUG com.tngtech.archunit.core.importer.JavaClassProcessor - Analyzing class 'sn/ept/git/seminaire/cicd/dto/base/BaseDTO$BaseDTOBuilderImpl'
16:19:05.973 [main] DEBUG com.tngtech.archunit.core.importer.JavaClassProcessor - Analyzing class 'sn/ept/git/seminaire/cicd/resources/TagResource'
16:19:05.973 [main] DEBUG com.tngtech.archunit.core.importer.JavaClassProcessor - Analyzing class 'sn/ept/git/seminaire/cicd/services/ITodoService'
16:19:05.973 [main] DEBUG com.tngtech.archunit.core.importer.JavaClassProcessor - Analyzing class 'sn/ept/git/seminaire/cicd/utils/SizeMapping$Hash'
16:19:05.973 [main] DEBUG com.tngtech.archunit.core.importer.JavaClassProcessor - Analyzing class 'sn/ept/git/seminaire/cicd/dto/base/TodoBaseDTO$TodoBaseDTOBuilderImpl'
16:19:05.973 [main] DEBUG com.tngtech.archunit.core.importer.JavaClassProcessor - Analyzing class 'sn/ept/git/seminaire/cicd/dto/TodoDTO$TodoDTOBuilder'
16:19:05.973 [main] DEBUG com.tngtech.archunit.core.importer.JavaClassProcessor - Analyzing class 'sn/ept/git/seminaire/cicd/mappers/TodoMapper'
16:19:05.989 [main] DEBUG com.tngtech.archunit.core.importer.JavaClassProcessor - Analyzing class 'sn/ept/git/seminaire/cicd/mappers/TodoMapperImpl'
16:19:05.989 [main] DEBUG com.tngtech.archunit.core.importer.JavaClassProcessor - Analyzing class 'sn/ept/git/seminaire/cicd/resources/DefaultResource'
16:19:05.989 [main] DEBUG com.tngtech.archunit.core.importer.JavaClassProcessor - Analyzing class 'sn/ept/git/seminaire/cicd/services/generic/GenericService'
16:19:05.989 [main] DEBUG com.tngtech.archunit.core.importer.JavaClassProcessor - Analyzing class 'sn/ept/git/seminaire/cicd/models/Tag$TagBuilder'
16:19:05.989 [main] DEBUG com.tngtech.archunit.core.importer.JavaClassProcessor - Analyzing class 'sn/ept/git/seminaire/cicd/models/Todo_'
16:19:05.989 [main] DEBUG com.tngtech.archunit.core.importer.JavaClassProcessor - Analyzing class 'sn/ept/git/seminaire/cicd/dto/vm/TodoVM$TodoVMBuilder'
16:19:05.989 [main] DEBUG com.tngtech.archunit.core.importer.JavaClassProcessor - Analyzing class 'sn/ept/git/seminaire/cicd/repositories/TodoRepository'
16:19:05.989 [main] DEBUG com.tngtech.archunit.core.importer.JavaClassProcessor - Analyzing class 'sn/ept/git/seminaire/cicd/dto/base/TagBaseDTO$1'
16:19:05.989 [main] DEBUG com.tngtech.archunit.core.importer.JavaClassProcessor - Analyzing class 'sn/ept/git/seminaire/cicd/utils/SizeMapping$Description'
16:19:05.989 [main] DEBUG com.tngtech.archunit.core.importer.JavaClassProcessor - Analyzing class 'sn/ept/git/seminaire/cicd/utils/UrlMapping$Tag'
16:19:06.004 [main] DEBUG com.tngtech.archunit.core.importer.JavaClassProcessor - Analyzing class 'org/springframework/http/HttpStatus'
16:19:06.004 [main] DEBUG com.tngtech.archunit.core.importer.JavaClassProcessor - Analyzing class 'com/fasterxml/jackson/databind/SerializationFeature'
16:19:06.004 [main] DEBUG com.tngtech.archunit.core.importer.JavaClassProcessor - Analyzing class 'com/fasterxml/jackson/annotation/JsonInclude$Include'
16:19:06.020 [main] DEBUG com.tngtech.archunit.core.importer.JavaClassProcessor - Analyzing class 'java/lang/StringBuilder'
16:19:06.020 [main] DEBUG com.tngtech.archunit.core.importer.JavaClassProcessor - Analyzing class 'org/springframework/http/ResponseEntity'
16:19:06.020 [main] DEBUG com.tngtech.archunit.core.importer.JavaClassProcessor - Analyzing class 'java/lang/Integer'
16:19:06.020 [main] DEBUG com.tngtech.archunit.core.importer.JavaClassProcessor - Analyzing class 'java/util/stream/Stream'
16:19:06.020 [main] DEBUG com.tngtech.archunit.core.importer.JavaClassProcessor - Analyzing class 'org/springframework/http/ResponseEntity$BodyBuilder'
16:19:06.020 [main] DEBUG com.tngtech.archunit.core.importer.JavaClassProcessor - Analyzing class 'java/util/stream/Collectors'
16:19:06.036 [main] DEBUG com.tngtech.archunit.core.importer.JavaClassProcessor - Analyzing class 'java/lang/Byte'
16:19:06.036 [main] DEBUG com.tngtech.archunit.core.importer.JavaClassProcessor - Analyzing class 'org/springframework/web/servlet/support/ServletUriComponentsBuilder'
16:19:06.036 [main] DEBUG com.tngtech.archunit.core.importer.JavaClassProcessor - Analyzing class 'java/util/Set'
16:19:06.036 [main] DEBUG com.tngtech.archunit.core.importer.JavaClassProcessor - Analyzing class 'java/lang/Object'
16:19:06.036 [main] DEBUG com.tngtech.archunit.core.importer.JavaClassProcessor - Analyzing class 'java/util/Optional'
16:19:06.036 [main] DEBUG com.tngtech.archunit.core.importer.JavaClassProcessor - Analyzing class 'org/springframework/data/domain/Page'
16:19:06.051 [main] DEBUG com.tngtech.archunit.core.importer.JavaClassProcessor - Analyzing class 'java/util/UUID'
16:19:06.051 [main] DEBUG com.tngtech.archunit.core.importer.JavaClassProcessor - Analyzing class 'java/util/List'
16:19:06.051 [main] DEBUG com.tngtech.archunit.core.importer.JavaClassProcessor - Analyzing class 'java/util/Iterator'
16:19:06.051 [main] DEBUG com.tngtech.archunit.core.importer.JavaClassProcessor - Analyzing class 'org/springframework/web/server/ResponseStatusException'
16:19:06.051 [main] DEBUG com.tngtech.archunit.core.importer.JavaClassProcessor - Analyzing class 'com/fasterxml/jackson/databind/ObjectMapper'
16:19:06.067 [main] DEBUG com.tngtech.archunit.core.importer.JavaClassProcessor - Analyzing class 'java/lang/String'
16:19:06.067 [main] DEBUG com.tngtech.archunit.core.importer.JavaClassProcessor - Analyzing class 'java/util/regex/Pattern'
16:19:06.067 [main] DEBUG com.tngtech.archunit.core.importer.JavaClassProcessor - Analyzing class 'java/util/regex/Matcher'
16:19:06.067 [main] DEBUG com.tngtech.archunit.core.importer.JavaClassProcessor - Analyzing class 'org/springframework/web/context/request/WebRequest'
16:19:06.067 [main] DEBUG com.tngtech.archunit.core.importer.JavaClassProcessor - Analyzing class 'java/lang/Math'
16:19:06.067 [main] DEBUG com.tngtech.archunit.core.importer.JavaClassProcessor - Analyzing class 'java/time/Instant'
16:19:06.083 [main] DEBUG com.tngtech.archunit.core.importer.JavaClassProcessor - Analyzing class 'org/springframework/boot/SpringApplication'
16:19:06.083 [main] DEBUG com.tngtech.archunit.core.importer.JavaClassProcessor - Analyzing class 'java/nio/file/Paths'
16:19:06.083 [main] DEBUG com.tngtech.archunit.core.importer.JavaClassProcessor - Analyzing class 'java/nio/file/Files'
16:19:06.083 [main] DEBUG com.tngtech.archunit.core.importer.JavaClassProcessor - Analyzing class 'org/springframework/web/util/UriComponents'
16:19:06.098 [main] DEBUG com.tngtech.archunit.core.importer.JavaClassProcessor - Analyzing class 'java/util/Random'
16:19:06.098 [main] DEBUG com.tngtech.archunit.core.importer.JavaClassProcessor - Analyzing class 'org/springframework/web/util/UriComponentsBuilder'
16:19:06.098 [main] DEBUG com.tngtech.archunit.core.importer.JavaClassProcessor - Analyzing class 'java/lang/Exception'
16:19:06.098 [main] DEBUG com.tngtech.archunit.core.importer.JavaClassProcessor - Analyzing class 'org/springframework/http/ResponseEntity$HeadersBuilder'
16:19:06.098 [main] DEBUG com.tngtech.archunit.core.importer.JavaClassProcessor - Analyzing class 'java/lang/Enum'
16:19:06.098 [main] DEBUG com.tngtech.archunit.core.importer.JavaClassProcessor - Analyzing class 'java/lang/RuntimeException'
16:19:06.098 [main] DEBUG com.tngtech.archunit.core.importer.JavaClassProcessor - Analyzing class 'java/util/Date'
16:19:06.098 [main] DEBUG com.tngtech.archunit.core.importer.JavaClassProcessor - Analyzing class 'java/util/HashSet'
16:19:06.114 [main] DEBUG com.tngtech.archunit.core.importer.JavaClassProcessor - Analyzing class 'com/fasterxml/jackson/datatype/jsr310/JavaTimeModule'
16:19:06.114 [main] DEBUG com.tngtech.archunit.core.importer.JavaClassProcessor - Analyzing class 'org/springframework/web/servlet/mvc/method/annotation/ResponseEntityExceptionHandler'
16:19:06.114 [main] DEBUG com.tngtech.archunit.core.importer.JavaClassProcessor - Analyzing class 'java/lang/ArithmeticException'
16:19:06.114 [main] DEBUG com.tngtech.archunit.core.importer.JavaClassProcessor - Analyzing class 'java/lang/Number'
16:19:06.114 [main] DEBUG com.tngtech.archunit.core.importer.JavaClassProcessor - Analyzing class 'java/lang/Throwable'
16:19:06.114 [main] DEBUG com.tngtech.archunit.core.importer.JavaClassProcessor - Analyzing class 'org/springframework/core/NestedRuntimeException'
16:19:06.114 [main] DEBUG com.tngtech.archunit.core.importer.JavaClassProcessor - Analyzing class 'java/lang/AbstractStringBuilder'
16:19:06.114 [main] DEBUG com.tngtech.archunit.core.importer.JavaClassProcessor - Analyzing class 'com/fasterxml/jackson/databind/module/SimpleModule'
16:19:06.129 [main] DEBUG com.tngtech.archunit.core.importer.JavaClassProcessor - Analyzing class 'com/fasterxml/jackson/databind/Module'
16:19:06.129 [main] DEBUG com.tngtech.archunit.core.importer.JavaClassProcessor - Analyzing class 'java/util/AbstractSet'
16:19:06.129 [main] DEBUG com.tngtech.archunit.core.importer.JavaClassProcessor - Analyzing class 'java/util/AbstractCollection'
16:19:06.129 [main] DEBUG com.tngtech.archunit.core.importer.JavaClassProcessor - Analyzing class 'com/fasterxml/jackson/core/ObjectCodec'
16:19:06.129 [main] DEBUG com.tngtech.archunit.core.importer.JavaClassProcessor - Analyzing class 'com/fasterxml/jackson/core/TreeCodec'
16:19:06.129 [main] DEBUG com.tngtech.archunit.core.importer.JavaClassProcessor - Analyzing class 'org/springframework/http/HttpEntity'
16:19:06.129 [main] DEBUG com.tngtech.archunit.core.importer.JavaClassProcessor - Analyzing class 'com/fasterxml/jackson/core/Versioned'
16:19:06.129 [main] DEBUG com.tngtech.archunit.core.importer.JavaClassProcessor - Analyzing class 'org/springframework/web/util/UriBuilder'
16:19:06.145 [main] DEBUG com.tngtech.archunit.core.importer.JavaClassProcessor - Analyzing class 'java/lang/Cloneable'
16:19:06.145 [main] DEBUG com.tngtech.archunit.core.importer.JavaClassProcessor - Analyzing class 'java/lang/Comparable'
16:19:06.145 [main] DEBUG com.tngtech.archunit.core.importer.JavaClassProcessor - Analyzing class 'java/io/Serializable'
16:19:06.145 [main] DEBUG com.tngtech.archunit.core.importer.JavaClassProcessor - Analyzing class 'org/springframework/web/context/request/RequestAttributes'
16:19:06.145 [main] DEBUG com.tngtech.archunit.core.importer.JavaClassProcessor - Analyzing class 'java/util/Collection'
16:19:06.145 [main] DEBUG com.tngtech.archunit.core.importer.JavaClassProcessor - Analyzing class 'java/lang/Iterable'
16:19:06.145 [main] DEBUG com.tngtech.archunit.core.importer.JavaClassProcessor - Analyzing class 'java/util/regex/MatchResult'
16:19:06.145 [main] DEBUG com.tngtech.archunit.core.importer.JavaClassProcessor - Analyzing class 'org/springframework/data/domain/Slice'
16:19:06.145 [main] DEBUG com.tngtech.archunit.core.importer.JavaClassProcessor - Analyzing class 'org/springframework/data/util/Streamable'
16:19:06.145 [main] DEBUG com.tngtech.archunit.core.importer.JavaClassProcessor - Analyzing class 'java/util/function/Supplier'
16:19:06.145 [main] DEBUG com.tngtech.archunit.core.importer.JavaClassProcessor - Analyzing class 'java/time/temporal/Temporal'
16:19:06.145 [main] DEBUG com.tngtech.archunit.core.importer.JavaClassProcessor - Analyzing class 'java/time/temporal/TemporalAccessor'
16:19:06.145 [main] DEBUG com.tngtech.archunit.core.importer.JavaClassProcessor - Analyzing class 'java/time/temporal/TemporalAdjuster'
16:19:06.145 [main] DEBUG com.tngtech.archunit.core.importer.JavaClassProcessor - Analyzing class 'java/util/stream/BaseStream'
16:19:06.145 [main] DEBUG com.tngtech.archunit.core.importer.JavaClassProcessor - Analyzing class 'java/lang/AutoCloseable'
16:19:06.145 [main] DEBUG com.tngtech.archunit.core.importer.JavaClassProcessor - Analyzing class 'java/lang/CharSequence'
16:19:06.161 [main] DEBUG com.tngtech.archunit.core.importer.JavaClassProcessor - Analyzing class 'org/springframework/data/jpa/repository/JpaRepository'
16:19:06.161 [main] DEBUG com.tngtech.archunit.core.importer.JavaClassProcessor - Analyzing class 'org/springframework/data/repository/PagingAndSortingRepository'
16:19:06.161 [main] DEBUG com.tngtech.archunit.core.importer.JavaClassProcessor - Analyzing class 'org/springframework/data/repository/CrudRepository'
16:19:06.161 [main] DEBUG com.tngtech.archunit.core.importer.JavaClassProcessor - Analyzing class 'org/springframework/data/repository/Repository'
16:19:06.161 [main] DEBUG com.tngtech.archunit.core.importer.JavaClassProcessor - Analyzing class 'org/springframework/data/repository/query/QueryByExampleExecutor'
16:19:06.161 [main] DEBUG com.tngtech.archunit.core.importer.JavaClassProcessor - Analyzing class 'java/lang/Appendable'
16:19:06.161 [main] DEBUG com.tngtech.archunit.core.importer.JavaClassProcessor - Analyzing class 'com/fasterxml/jackson/databind/cfg/ConfigFeature'
16:19:06.208 [main] DEBUG com.tngtech.archunit.core.importer.JavaClassProcessor - Analyzing class 'java/io/IOException'
16:19:06.208 [main] DEBUG com.tngtech.archunit.core.importer.JavaClassProcessor - Analyzing class 'org/springframework/data/domain/Pageable'
16:19:06.223 [main] DEBUG com.tngtech.archunit.core.importer.JavaClassProcessor - Analyzing class 'javax/persistence/metamodel/SetAttribute'
16:19:06.223 [main] DEBUG com.tngtech.archunit.core.importer.JavaClassProcessor - Analyzing class 'javax/persistence/metamodel/SingularAttribute'
16:19:06.223 [main] DEBUG com.tngtech.archunit.core.importer.JavaClassProcessor - Analyzing class 'org/springframework/http/HttpHeaders'
16:19:06.239 [main] DEBUG com.tngtech.archunit.core.importer.JavaClassProcessor - Analyzing class 'com/fasterxml/jackson/core/Version'
16:19:06.239 [main] DEBUG com.tngtech.archunit.core.importer.JavaClassProcessor - Analyzing class 'com/fasterxml/jackson/databind/Module$SetupContext'
16:19:06.239 [main] DEBUG com.tngtech.archunit.core.importer.JavaClassProcessor - Analyzing class 'java/nio/charset/Charset'
16:19:06.239 [main] DEBUG com.tngtech.archunit.core.importer.JavaClassProcessor - Analyzing class 'java/util/Map'
16:19:06.239 [main] DEBUG com.tngtech.archunit.core.importer.JavaClassProcessor - Analyzing class 'org/springframework/web/util/UriComponentsBuilder$CompositePathComponentBuilder'
16:19:06.254 [main] DEBUG com.tngtech.archunit.core.importer.JavaClassProcessor - Analyzing class 'org/springframework/util/MultiValueMap'
16:19:06.254 [main] DEBUG com.tngtech.archunit.core.importer.JavaClassProcessor - Analyzing class 'org/springframework/web/util/UriComponentsBuilder$EncodingHint'
16:19:06.254 [main] DEBUG com.tngtech.archunit.core.importer.JavaClassProcessor - Analyzing class 'java/net/URI'
16:19:06.254 [main] DEBUG com.tngtech.archunit.core.importer.JavaClassProcessor - Analyzing class 'java/net/InetSocketAddress'
16:19:06.254 [main] DEBUG com.tngtech.archunit.core.importer.JavaClassProcessor - Analyzing class 'org/springframework/http/HttpRequest'
16:19:06.254 [main] DEBUG com.tngtech.archunit.core.importer.JavaClassProcessor - Analyzing class 'java/lang/IllegalArgumentException'
16:19:06.254 [main] DEBUG com.tngtech.archunit.core.importer.JavaClassProcessor - Analyzing class 'sun/util/calendar/BaseCalendar'
16:19:06.254 [main] DEBUG com.tngtech.archunit.core.importer.JavaClassProcessor - Analyzing class 'sun/util/calendar/BaseCalendar$Date'
16:19:06.270 [main] DEBUG com.tngtech.archunit.core.importer.JavaClassProcessor - Analyzing class 'java/io/ObjectInputStream'
16:19:06.270 [main] DEBUG com.tngtech.archunit.core.importer.JavaClassProcessor - Analyzing class 'java/lang/ClassNotFoundException'
16:19:06.270 [main] DEBUG com.tngtech.archunit.core.importer.JavaClassProcessor - Analyzing class 'java/io/ObjectOutputStream'
16:19:06.270 [main] DEBUG com.tngtech.archunit.core.importer.JavaClassProcessor - Analyzing class 'java/security/Principal'
16:19:06.270 [main] DEBUG com.tngtech.archunit.core.importer.JavaClassProcessor - Analyzing class 'java/util/Locale'
16:19:06.270 [main] DEBUG com.tngtech.archunit.core.importer.JavaClassProcessor - Analyzing class 'java/util/concurrent/atomic/AtomicLong'
16:19:06.286 [main] DEBUG com.tngtech.archunit.core.importer.JavaClassProcessor - Analyzing class 'sun/misc/Unsafe'
16:19:06.286 [main] DEBUG com.tngtech.archunit.core.importer.JavaClassProcessor - Analyzing class 'java/util/stream/IntStream'
16:19:06.286 [main] DEBUG com.tngtech.archunit.core.importer.JavaClassProcessor - Analyzing class 'java/util/stream/LongStream'
16:19:06.286 [main] DEBUG com.tngtech.archunit.core.importer.JavaClassProcessor - Analyzing class 'java/util/stream/DoubleStream'
16:19:06.286 [main] DEBUG com.tngtech.archunit.core.importer.JavaClassProcessor - Analyzing class 'java/lang/Class'
16:19:06.286 [main] DEBUG com.tngtech.archunit.core.importer.JavaClassProcessor - Analyzing class 'java/lang/NumberFormatException'
16:19:06.301 [main] DEBUG com.tngtech.archunit.core.importer.JavaClassProcessor - Analyzing class 'org/springframework/core/io/ResourceLoader'
16:19:06.301 [main] DEBUG com.tngtech.archunit.core.importer.JavaClassProcessor - Analyzing class 'org/springframework/boot/WebApplicationType'
16:19:06.301 [main] DEBUG com.tngtech.archunit.core.importer.JavaClassProcessor - Analyzing class 'org/springframework/boot/Banner'
16:19:06.301 [main] DEBUG com.tngtech.archunit.core.importer.JavaClassProcessor - Analyzing class 'org/springframework/core/metrics/ApplicationStartup'
16:19:06.301 [main] DEBUG com.tngtech.archunit.core.importer.JavaClassProcessor - Analyzing class 'org/springframework/boot/SpringApplicationShutdownHook'
16:19:06.301 [main] DEBUG com.tngtech.archunit.core.importer.JavaClassProcessor - Analyzing class 'org/springframework/core/env/ConfigurableEnvironment'
16:19:06.301 [main] DEBUG com.tngtech.archunit.core.importer.JavaClassProcessor - Analyzing class 'org/springframework/boot/ApplicationContextFactory'
16:19:06.301 [main] DEBUG com.tngtech.archunit.core.importer.JavaClassProcessor - Analyzing class 'org/springframework/boot/Banner$Mode'
16:19:06.301 [main] DEBUG com.tngtech.archunit.core.importer.JavaClassProcessor - Analyzing class 'org/apache/commons/logging/Log'
16:19:06.301 [main] DEBUG com.tngtech.archunit.core.importer.JavaClassProcessor - Analyzing class 'org/springframework/beans/factory/support/BeanNameGenerator'
16:19:06.317 [main] DEBUG com.tngtech.archunit.core.importer.JavaClassProcessor - Analyzing class 'org/springframework/boot/SpringBootExceptionHandler'
16:19:06.317 [main] DEBUG com.tngtech.archunit.core.importer.JavaClassProcessor - Analyzing class 'org/springframework/boot/ApplicationRunner'
16:19:06.317 [main] DEBUG com.tngtech.archunit.core.importer.JavaClassProcessor - Analyzing class 'org/springframework/boot/ApplicationArguments'
16:19:06.317 [main] DEBUG com.tngtech.archunit.core.importer.JavaClassProcessor - Analyzing class 'org/springframework/context/ApplicationContext'
16:19:06.317 [main] DEBUG com.tngtech.archunit.core.importer.JavaClassProcessor - Analyzing class 'org/springframework/context/ConfigurableApplicationContext'
16:19:06.317 [main] DEBUG com.tngtech.archunit.core.importer.JavaClassProcessor - Analyzing class 'org/springframework/boot/CommandLineRunner'
16:19:06.317 [main] DEBUG com.tngtech.archunit.core.importer.JavaClassProcessor - Analyzing class 'org/springframework/boot/DefaultBootstrapContext'
16:19:06.317 [main] DEBUG com.tngtech.archunit.core.importer.JavaClassProcessor - Analyzing class 'org/springframework/boot/BootstrapRegistryInitializer'
16:19:06.317 [main] DEBUG com.tngtech.archunit.core.importer.JavaClassProcessor - Analyzing class 'java/lang/ClassLoader'
16:19:06.333 [main] DEBUG com.tngtech.archunit.core.importer.JavaClassProcessor - Analyzing class 'org/springframework/boot/SpringApplicationRunListeners'
16:19:06.333 [main] DEBUG com.tngtech.archunit.core.importer.JavaClassProcessor - Analyzing class 'org/springframework/boot/Bootstrapper'
16:19:06.333 [main] DEBUG com.tngtech.archunit.core.importer.JavaClassProcessor - Analyzing class 'java/util/Properties'
16:19:06.333 [main] DEBUG com.tngtech.archunit.core.importer.JavaClassProcessor - Analyzing class 'org/springframework/boot/SpringApplicationShutdownHandlers'
16:19:06.333 [main] DEBUG com.tngtech.archunit.core.importer.JavaClassProcessor - Analyzing class 'org/springframework/beans/factory/support/BeanDefinitionRegistry'
16:19:06.333 [main] DEBUG com.tngtech.archunit.core.importer.JavaClassProcessor - Analyzing class 'java/lang/Thread'
16:19:06.333 [main] DEBUG com.tngtech.archunit.core.importer.JavaClassProcessor - Analyzing class 'org/springframework/boot/BeanDefinitionLoader'
16:19:06.333 [main] DEBUG com.tngtech.archunit.core.importer.JavaClassProcessor - Analyzing class 'java/util/HashMap'
16:19:06.348 [main] DEBUG com.tngtech.archunit.core.importer.JavaClassProcessor - Analyzing class 'java/util/LinkedHashSet'
16:19:06.348 [main] DEBUG com.tngtech.archunit.core.importer.JavaClassProcessor - Analyzing class 'com/fasterxml/jackson/databind/deser/BeanDeserializerModifier'
16:19:06.348 [main] DEBUG com.tngtech.archunit.core.importer.JavaClassProcessor - Analyzing class 'com/fasterxml/jackson/databind/PropertyNamingStrategy'
16:19:06.348 [main] DEBUG com.tngtech.archunit.core.importer.JavaClassProcessor - Analyzing class 'com/fasterxml/jackson/databind/ser/BeanSerializerModifier'
16:19:06.348 [main] DEBUG com.tngtech.archunit.core.importer.JavaClassProcessor - Analyzing class 'com/fasterxml/jackson/databind/module/SimpleValueInstantiators'
16:19:06.348 [main] DEBUG com.tngtech.archunit.core.importer.JavaClassProcessor - Analyzing class 'com/fasterxml/jackson/databind/module/SimpleSerializers'
16:19:06.348 [main] DEBUG com.tngtech.archunit.core.importer.JavaClassProcessor - Analyzing class 'com/fasterxml/jackson/databind/module/SimpleDeserializers'
16:19:06.348 [main] DEBUG com.tngtech.archunit.core.importer.JavaClassProcessor - Analyzing class 'com/fasterxml/jackson/databind/module/SimpleAbstractTypeResolver'
16:19:06.348 [main] DEBUG com.tngtech.archunit.core.importer.JavaClassProcessor - Analyzing class 'com/fasterxml/jackson/databind/module/SimpleKeyDeserializers'
16:19:06.348 [main] DEBUG com.tngtech.archunit.core.importer.JavaClassProcessor - Analyzing class 'com/fasterxml/jackson/databind/JsonDeserializer'
16:19:06.364 [main] DEBUG com.tngtech.archunit.core.importer.JavaClassProcessor - Analyzing class 'com/fasterxml/jackson/databind/JsonSerializer'
16:19:06.364 [main] DEBUG com.tngtech.archunit.core.importer.JavaClassProcessor - Analyzing class 'com/fasterxml/jackson/databind/deser/ValueInstantiator'
16:19:06.364 [main] DEBUG com.tngtech.archunit.core.importer.JavaClassProcessor - Analyzing class 'com/fasterxml/jackson/databind/KeyDeserializer'
16:19:06.364 [main] DEBUG com.tngtech.archunit.core.importer.JavaClassProcessor - Analyzing class 'java/lang/StringBuffer'
16:19:06.364 [main] DEBUG com.tngtech.archunit.core.importer.JavaClassProcessor - Analyzing class 'java/lang/CloneNotSupportedException'
16:19:06.364 [main] DEBUG com.tngtech.archunit.core.importer.JavaClassProcessor - Analyzing class 'java/io/ObjectStreamException'
16:19:06.379 [main] DEBUG com.tngtech.archunit.core.importer.JavaClassProcessor - Analyzing class 'com/fasterxml/jackson/databind/introspect/AnnotatedMethod'
16:19:06.379 [main] DEBUG com.tngtech.archunit.core.importer.JavaClassProcessor - Analyzing class 'com/fasterxml/jackson/databind/introspect/AnnotatedClass'
16:19:06.379 [main] DEBUG com.tngtech.archunit.core.importer.JavaClassProcessor - Analyzing class 'java/lang/Runnable'
16:19:06.379 [main] DEBUG com.tngtech.archunit.core.importer.JavaClassProcessor - Analyzing class 'java/util/Spliterator$OfInt'
16:19:06.379 [main] DEBUG com.tngtech.archunit.core.importer.JavaClassProcessor - Analyzing class 'org/springframework/data/domain/Sort'
16:19:06.395 [main] DEBUG com.tngtech.archunit.core.importer.JavaClassProcessor - Analyzing class 'java/util/Spliterator'
16:19:06.395 [main] DEBUG com.tngtech.archunit.core.importer.JavaClassProcessor - Analyzing class 'java/util/function/Predicate'
16:19:06.395 [main] DEBUG com.tngtech.archunit.core.importer.JavaClassProcessor - Analyzing class 'java/util/function/Function'
16:19:06.395 [main] DEBUG com.tngtech.archunit.core.importer.JavaClassProcessor - Analyzing class 'java/time/temporal/TemporalAmount'
16:19:06.395 [main] DEBUG com.tngtech.archunit.core.importer.JavaClassProcessor - Analyzing class 'java/time/temporal/TemporalUnit'
16:19:06.395 [main] DEBUG com.tngtech.archunit.core.importer.JavaClassProcessor - Analyzing class 'java/time/temporal/TemporalField'
16:19:06.395 [main] DEBUG com.tngtech.archunit.core.importer.JavaClassProcessor - Analyzing class 'java/io/DataOutput'
16:19:06.395 [main] DEBUG com.tngtech.archunit.core.importer.JavaClassProcessor - Analyzing class 'java/time/OffsetDateTime'
16:19:06.395 [main] DEBUG com.tngtech.archunit.core.importer.JavaClassProcessor - Analyzing class 'java/time/ZoneOffset'
16:19:06.395 [main] DEBUG com.tngtech.archunit.core.importer.JavaClassProcessor - Analyzing class 'java/time/Clock'
16:19:06.411 [main] DEBUG com.tngtech.archunit.core.importer.JavaClassProcessor - Analyzing class 'java/time/ZonedDateTime'
16:19:06.411 [main] DEBUG com.tngtech.archunit.core.importer.JavaClassProcessor - Analyzing class 'java/time/ZoneId'
16:19:06.411 [main] DEBUG com.tngtech.archunit.core.importer.JavaClassProcessor - Analyzing class 'java/time/temporal/ValueRange'
16:19:06.411 [main] DEBUG com.tngtech.archunit.core.importer.JavaClassProcessor - Analyzing class 'java/time/temporal/TemporalQuery'
16:19:06.411 [main] DEBUG com.tngtech.archunit.core.importer.JavaClassProcessor - Analyzing class 'java/io/InvalidObjectException'
16:19:06.411 [main] DEBUG com.tngtech.archunit.core.importer.JavaClassProcessor - Analyzing class 'java/io/DataInput'
16:19:06.411 [main] DEBUG com.tngtech.archunit.core.importer.JavaClassProcessor - Analyzing class 'java/util/stream/Collector'
16:19:06.411 [main] DEBUG com.tngtech.archunit.core.importer.JavaClassProcessor - Analyzing class 'java/util/function/ToDoubleFunction'
16:19:06.411 [main] DEBUG com.tngtech.archunit.core.importer.JavaClassProcessor - Analyzing class 'java/util/function/BinaryOperator'
16:19:06.411 [main] DEBUG com.tngtech.archunit.core.importer.JavaClassProcessor - Analyzing class 'java/util/concurrent/ConcurrentMap'
16:19:06.411 [main] DEBUG com.tngtech.archunit.core.importer.JavaClassProcessor - Analyzing class 'java/util/function/ToIntFunction'
16:19:06.426 [main] DEBUG com.tngtech.archunit.core.importer.JavaClassProcessor - Analyzing class 'java/lang/Double'
16:19:06.426 [main] DEBUG com.tngtech.archunit.core.importer.JavaClassProcessor - Analyzing class 'java/util/LongSummaryStatistics'
16:19:06.426 [main] DEBUG com.tngtech.archunit.core.importer.JavaClassProcessor - Analyzing class 'java/util/function/BiConsumer'
16:19:06.426 [main] DEBUG com.tngtech.archunit.core.importer.JavaClassProcessor - Analyzing class 'java/util/stream/Collectors$1OptionalBox'
16:19:06.426 [main] DEBUG com.tngtech.archunit.core.importer.JavaClassProcessor - Analyzing class 'java/util/DoubleSummaryStatistics'
16:19:06.426 [main] DEBUG com.tngtech.archunit.core.importer.JavaClassProcessor - Analyzing class 'java/util/stream/Collectors$Partition'
16:19:06.426 [main] DEBUG com.tngtech.archunit.core.importer.JavaClassProcessor - Analyzing class 'java/util/function/ToLongFunction'
16:19:06.426 [main] DEBUG com.tngtech.archunit.core.importer.JavaClassProcessor - Analyzing class 'java/util/StringJoiner'
16:19:06.426 [main] DEBUG com.tngtech.archunit.core.importer.JavaClassProcessor - Analyzing class 'java/util/Comparator'
16:19:06.426 [main] DEBUG com.tngtech.archunit.core.importer.JavaClassProcessor - Analyzing class 'java/lang/Long'
16:19:06.426 [main] DEBUG com.tngtech.archunit.core.importer.JavaClassProcessor - Analyzing class 'java/util/IntSummaryStatistics'
16:19:06.442 [main] DEBUG com.tngtech.archunit.core.importer.JavaClassProcessor - Analyzing class 'java/util/ListIterator'
16:19:06.442 [main] DEBUG com.tngtech.archunit.core.importer.JavaClassProcessor - Analyzing class 'java/util/function/UnaryOperator'
16:19:06.442 [main] DEBUG com.tngtech.archunit.core.importer.JavaClassProcessor - Analyzing class 'java/util/function/Consumer'
16:19:06.442 [main] DEBUG com.tngtech.archunit.core.importer.JavaClassProcessor - Analyzing class 'java/util/function/IntFunction'
16:19:06.442 [main] DEBUG com.tngtech.archunit.core.importer.JavaClassProcessor - Analyzing class 'java/util/stream/Stream$Builder'
16:19:06.442 [main] DEBUG com.tngtech.archunit.core.importer.JavaClassProcessor - Analyzing class 'java/util/function/BiFunction'
16:19:06.442 [main] DEBUG com.tngtech.archunit.core.importer.JavaClassProcessor - Analyzing class 'org/springframework/http/CacheControl'
16:19:06.458 [main] DEBUG com.tngtech.archunit.core.importer.JavaClassProcessor - Analyzing class 'java/util/regex/Pattern$Node'
16:19:06.458 [main] DEBUG com.tngtech.archunit.core.importer.JavaClassProcessor - Analyzing class 'java/util/regex/Pattern$CharProperty'
16:19:06.458 [main] DEBUG com.tngtech.archunit.core.importer.JavaClassProcessor - Analyzing class 'java/util/regex/Pattern$BitClass'
16:19:06.458 [main] DEBUG com.tngtech.archunit.core.importer.JavaClassProcessor - Analyzing class 'java/util/regex/PatternSyntaxException'
16:19:06.458 [main] DEBUG com.tngtech.archunit.core.importer.JavaClassProcessor - Analyzing class 'org/springframework/data/domain/Example'
16:19:06.458 [main] DEBUG com.tngtech.archunit.core.importer.JavaClassProcessor - Analyzing class 'java/io/PrintWriter'
16:19:06.458 [main] DEBUG com.tngtech.archunit.core.importer.JavaClassProcessor - Analyzing class 'java/lang/StackTraceElement'
16:19:06.458 [main] DEBUG com.tngtech.archunit.core.importer.JavaClassProcessor - Analyzing class 'java/lang/Throwable$PrintStreamOrWriter'
16:19:06.458 [main] DEBUG com.tngtech.archunit.core.importer.JavaClassProcessor - Analyzing class 'java/io/PrintStream'
16:19:06.473 [main] DEBUG com.tngtech.archunit.core.importer.JavaClassProcessor - Analyzing class 'com/fasterxml/jackson/core/JsonParser'
16:19:06.473 [main] DEBUG com.tngtech.archunit.core.importer.JavaClassProcessor - Analyzing class 'com/fasterxml/jackson/core/TreeNode'
16:19:06.473 [main] DEBUG com.tngtech.archunit.core.importer.JavaClassProcessor - Analyzing class 'com/fasterxml/jackson/core/JsonGenerator'
16:19:06.473 [main] DEBUG com.tngtech.archunit.core.importer.JavaClassProcessor - Analyzing class 'com/fasterxml/jackson/core/type/ResolvedType'
16:19:06.473 [main] DEBUG com.tngtech.archunit.core.importer.JavaClassProcessor - Analyzing class 'com/fasterxml/jackson/core/JsonProcessingException'
16:19:06.473 [main] DEBUG com.tngtech.archunit.core.importer.JavaClassProcessor - Analyzing class 'com/fasterxml/jackson/core/type/TypeReference'
16:19:06.473 [main] DEBUG com.tngtech.archunit.core.importer.JavaClassProcessor - Analyzing class 'com/fasterxml/jackson/core/JsonFactory'
16:19:06.489 [main] DEBUG com.tngtech.archunit.core.importer.JavaClassProcessor - Analyzing class 'org/springframework/http/MediaType'
16:19:06.495 [main] DEBUG com.tngtech.archunit.core.importer.JavaClassProcessor - Analyzing class 'java/io/UnsupportedEncodingException'
16:19:06.501 [main] DEBUG com.tngtech.archunit.core.importer.JavaClassProcessor - Analyzing class 'javax/servlet/http/HttpServletRequest'
16:19:06.502 [main] DEBUG com.tngtech.archunit.core.importer.JavaClassProcessor - Analyzing class 'java/nio/file/Path'
16:19:06.506 [main] DEBUG com.tngtech.archunit.core.importer.JavaClassProcessor - Analyzing class 'java/io/BufferedReader'
16:19:06.508 [main] DEBUG com.tngtech.archunit.core.importer.JavaClassProcessor - Analyzing class 'java/io/Closeable'
16:19:06.509 [main] DEBUG com.tngtech.archunit.core.importer.JavaClassProcessor - Analyzing class 'java/nio/file/attribute/FileTime'
16:19:06.510 [main] DEBUG com.tngtech.archunit.core.importer.JavaClassProcessor - Analyzing class 'java/nio/file/FileTreeWalker$Event'
16:19:06.511 [main] DEBUG com.tngtech.archunit.core.importer.JavaClassProcessor - Analyzing class 'java/nio/file/FileStore'
16:19:06.512 [main] DEBUG com.tngtech.archunit.core.importer.JavaClassProcessor - Analyzing class 'java/nio/file/FileVisitor'
16:19:06.514 [main] DEBUG com.tngtech.archunit.core.importer.JavaClassProcessor - Analyzing class 'java/nio/file/attribute/UserPrincipal'
16:19:06.515 [main] DEBUG com.tngtech.archunit.core.importer.JavaClassProcessor - Analyzing class 'java/io/BufferedWriter'
16:19:06.516 [main] DEBUG com.tngtech.archunit.core.importer.JavaClassProcessor - Analyzing class 'java/nio/file/spi/FileSystemProvider'
16:19:06.518 [main] DEBUG com.tngtech.archunit.core.importer.JavaClassProcessor - Analyzing class 'java/io/OutputStream'
16:19:06.521 [main] DEBUG com.tngtech.archunit.core.importer.JavaClassProcessor - Analyzing class 'java/nio/channels/SeekableByteChannel'
16:19:06.529 [main] DEBUG com.tngtech.archunit.core.importer.JavaClassProcessor - Analyzing class 'java/nio/file/DirectoryStream'
16:19:06.531 [main] DEBUG com.tngtech.archunit.core.importer.JavaClassProcessor - Analyzing class 'java/io/InputStream'
16:19:06.533 [main] DEBUG com.tngtech.archunit.core.importer.JavaClassProcessor - Analyzing class 'java/nio/file/attribute/FileAttributeView'
16:19:06.535 [main] DEBUG com.tngtech.archunit.core.importer.JavaClassProcessor - Analyzing class 'java/util/function/BiPredicate'
16:19:06.539 [main] DEBUG com.tngtech.archunit.core.importer.JavaClassProcessor - Analyzing class 'java/nio/file/attribute/BasicFileAttributes'
16:19:06.540 [main] DEBUG com.tngtech.archunit.core.importer.JavaClassProcessor - Analyzing class 'java/nio/file/DirectoryStream$Filter'
16:19:06.545 [main] DEBUG com.tngtech.archunit.core.importer.JavaClassProcessor - Analyzing class 'com/fasterxml/jackson/databind/DeserializationConfig'
16:19:06.554 [main] DEBUG com.tngtech.archunit.core.importer.JavaClassProcessor - Analyzing class 'com/fasterxml/jackson/databind/type/TypeFactory'
16:19:06.561 [main] DEBUG com.tngtech.archunit.core.importer.JavaClassProcessor - Analyzing class 'com/fasterxml/jackson/databind/AnnotationIntrospector'
16:19:06.564 [main] DEBUG com.tngtech.archunit.core.importer.JavaClassProcessor - Analyzing class 'com/fasterxml/jackson/databind/deser/DefaultDeserializationContext'
16:19:06.566 [main] DEBUG com.tngtech.archunit.core.importer.JavaClassProcessor - Analyzing class 'com/fasterxml/jackson/databind/introspect/SimpleMixInResolver'
16:19:06.568 [main] DEBUG com.tngtech.archunit.core.importer.JavaClassProcessor - Analyzing class 'com/fasterxml/jackson/databind/cfg/BaseSettings'
16:19:06.570 [main] DEBUG com.tngtech.archunit.core.importer.JavaClassProcessor - Analyzing class 'com/fasterxml/jackson/databind/cfg/CoercionConfigs'
16:19:06.572 [main] DEBUG com.tngtech.archunit.core.importer.JavaClassProcessor - Analyzing class 'java/util/concurrent/ConcurrentHashMap'
16:19:06.578 [main] DEBUG com.tngtech.archunit.core.importer.JavaClassProcessor - Analyzing class 'com/fasterxml/jackson/databind/ser/DefaultSerializerProvider'
16:19:06.581 [main] DEBUG com.tngtech.archunit.core.importer.JavaClassProcessor - Analyzing class 'com/fasterxml/jackson/databind/jsontype/SubtypeResolver'
16:19:06.584 [main] DEBUG com.tngtech.archunit.core.importer.JavaClassProcessor - Analyzing class 'com/fasterxml/jackson/databind/InjectableValues'
16:19:06.586 [main] DEBUG com.tngtech.archunit.core.importer.JavaClassProcessor - Analyzing class 'com/fasterxml/jackson/databind/SerializationConfig'
16:19:06.589 [main] DEBUG com.tngtech.archunit.core.importer.JavaClassProcessor - Analyzing class 'com/fasterxml/jackson/databind/cfg/ConfigOverrides'
16:19:06.592 [main] DEBUG com.tngtech.archunit.core.importer.JavaClassProcessor - Analyzing class 'com/fasterxml/jackson/databind/ser/SerializerFactory'
16:19:06.595 [main] DEBUG com.tngtech.archunit.core.importer.JavaClassProcessor - Analyzing class 'com/fasterxml/jackson/databind/ObjectWriter'
16:19:06.599 [main] DEBUG com.tngtech.archunit.core.importer.JavaClassProcessor - Analyzing class 'com/fasterxml/jackson/core/Base64Variant'
16:19:06.602 [main] DEBUG com.tngtech.archunit.core.importer.JavaClassProcessor - Analyzing class 'java/io/Reader'
16:19:06.604 [main] DEBUG com.tngtech.archunit.core.importer.JavaClassProcessor - Analyzing class 'com/fasterxml/jackson/core/JsonParseException'
16:19:06.606 [main] DEBUG com.tngtech.archunit.core.importer.JavaClassProcessor - Analyzing class 'com/fasterxml/jackson/databind/JsonMappingException'
16:19:06.608 [main] DEBUG com.tngtech.archunit.core.importer.JavaClassProcessor - Analyzing class 'com/fasterxml/jackson/databind/JavaType'
16:19:06.610 [main] DEBUG com.tngtech.archunit.core.importer.JavaClassProcessor - Analyzing class 'java/text/DateFormat'
16:19:06.611 [main] DEBUG com.tngtech.archunit.core.importer.JavaClassProcessor - Analyzing class 'java/io/File'
16:19:06.614 [main] DEBUG com.tngtech.archunit.core.importer.JavaClassProcessor - Analyzing class 'com/fasterxml/jackson/databind/ObjectReader'
16:19:06.618 [main] DEBUG com.tngtech.archunit.core.importer.JavaClassProcessor - Analyzing class 'com/fasterxml/jackson/databind/cfg/ContextAttributes'
16:19:06.620 [main] DEBUG com.tngtech.archunit.core.importer.JavaClassProcessor - Analyzing class 'com/fasterxml/jackson/databind/jsonschema/JsonSchema'
16:19:06.622 [main] DEBUG com.tngtech.archunit.core.importer.JavaClassProcessor - Analyzing class 'com/fasterxml/jackson/databind/introspect/VisibilityChecker'
16:19:06.623 [main] DEBUG com.tngtech.archunit.core.importer.JavaClassProcessor - Analyzing class 'com/fasterxml/jackson/databind/ObjectMapper$DefaultTyping'
16:19:06.625 [main] DEBUG com.tngtech.archunit.core.importer.JavaClassProcessor - Analyzing class 'com/fasterxml/jackson/core/JsonToken'
16:19:06.627 [main] DEBUG com.tngtech.archunit.core.importer.JavaClassProcessor - Analyzing class 'com/fasterxml/jackson/databind/DeserializationFeature'
16:19:06.630 [main] DEBUG com.tngtech.archunit.core.importer.JavaClassProcessor - Analyzing class 'com/fasterxml/jackson/databind/jsontype/PolymorphicTypeValidator'
16:19:06.632 [main] DEBUG com.tngtech.archunit.core.importer.JavaClassProcessor - Analyzing class 'com/fasterxml/jackson/databind/node/JsonNodeFactory'
16:19:06.635 [main] DEBUG com.tngtech.archunit.core.importer.JavaClassProcessor - Analyzing class 'com/fasterxml/jackson/databind/introspect/AccessorNamingStrategy$Provider'
16:19:06.637 [main] DEBUG com.tngtech.archunit.core.importer.JavaClassProcessor - Analyzing class 'com/fasterxml/jackson/databind/jsontype/TypeResolverBuilder'
16:19:06.640 [main] DEBUG com.tngtech.archunit.core.importer.JavaClassProcessor - Analyzing class 'com/fasterxml/jackson/databind/cfg/MutableCoercionConfig'
16:19:06.644 [main] DEBUG com.tngtech.archunit.core.importer.JavaClassProcessor - Analyzing class 'com/fasterxml/jackson/core/JsonGenerationException'
16:19:06.647 [main] DEBUG com.tngtech.archunit.core.importer.JavaClassProcessor - Analyzing class 'com/fasterxml/jackson/databind/MappingIterator'
16:19:06.650 [main] DEBUG com.tngtech.archunit.core.importer.JavaClassProcessor - Analyzing class 'com/fasterxml/jackson/core/StreamWriteFeature'
16:19:06.652 [main] DEBUG com.tngtech.archunit.core.importer.JavaClassProcessor - Analyzing class 'java/net/URL'
16:19:06.654 [main] DEBUG com.tngtech.archunit.core.importer.JavaClassProcessor - Analyzing class 'com/fasterxml/jackson/core/StreamReadFeature'
16:19:06.655 [main] DEBUG com.tngtech.archunit.core.importer.JavaClassProcessor - Analyzing class 'com/fasterxml/jackson/core/JsonEncoding'
16:19:06.658 [main] DEBUG com.tngtech.archunit.core.importer.JavaClassProcessor - Analyzing class 'com/fasterxml/jackson/core/JsonGenerator$Feature'
16:19:06.660 [main] DEBUG com.tngtech.archunit.core.importer.JavaClassProcessor - Analyzing class 'com/fasterxml/jackson/databind/type/LogicalType'
16:19:06.705 [main] DEBUG com.tngtech.archunit.core.importer.JavaClassProcessor - Analyzing class 'com/fasterxml/jackson/databind/deser/DeserializationProblemHandler'
16:19:06.707 [main] DEBUG com.tngtech.archunit.core.importer.JavaClassProcessor - Analyzing class 'com/fasterxml/jackson/databind/cfg/MutableConfigOverride'
16:19:06.711 [main] DEBUG com.tngtech.archunit.core.importer.JavaClassProcessor - Analyzing class 'com/fasterxml/jackson/databind/SerializerProvider'
16:19:06.716 [main] DEBUG com.tngtech.archunit.core.importer.JavaClassProcessor - Analyzing class 'com/fasterxml/jackson/databind/JsonNode'
16:19:06.719 [main] DEBUG com.tngtech.archunit.core.importer.JavaClassProcessor - Analyzing class 'com/fasterxml/jackson/databind/DeserializationContext'
16:19:06.722 [main] DEBUG com.tngtech.archunit.core.importer.JavaClassProcessor - Analyzing class 'com/fasterxml/jackson/annotation/JsonInclude$Value'
16:19:06.725 [main] DEBUG com.tngtech.archunit.core.importer.JavaClassProcessor - Analyzing class 'com/fasterxml/jackson/databind/MapperFeature'
16:19:06.726 [main] DEBUG com.tngtech.archunit.core.importer.JavaClassProcessor - Analyzing class 'java/util/concurrent/atomic/AtomicReference'
16:19:06.728 [main] DEBUG com.tngtech.archunit.core.importer.JavaClassProcessor - Analyzing class 'com/fasterxml/jackson/core/JsonParser$Feature'
16:19:06.730 [main] DEBUG com.tngtech.archunit.core.importer.JavaClassProcessor - Analyzing class 'com/fasterxml/jackson/databind/node/ObjectNode'
16:19:06.742 [main] DEBUG com.tngtech.archunit.core.importer.JavaClassProcessor - Analyzing class 'com/fasterxml/jackson/annotation/JsonTypeInfo$As'
16:19:06.745 [main] DEBUG com.tngtech.archunit.core.importer.JavaClassProcessor - Analyzing class 'java/lang/Boolean'
16:19:06.753 [main] DEBUG com.tngtech.archunit.core.importer.JavaClassProcessor - Analyzing class 'com/fasterxml/jackson/databind/node/ArrayNode'
16:19:06.757 [main] DEBUG com.tngtech.archunit.core.importer.JavaClassProcessor - Analyzing class 'com/fasterxml/jackson/databind/ser/FilterProvider'
16:19:06.758 [main] DEBUG com.tngtech.archunit.core.importer.JavaClassProcessor - Analyzing class 'java/util/TimeZone'
16:19:06.761 [main] DEBUG com.tngtech.archunit.core.importer.JavaClassProcessor - Analyzing class 'com/fasterxml/jackson/databind/cfg/HandlerInstantiator'
16:19:06.762 [main] DEBUG com.tngtech.archunit.core.importer.JavaClassProcessor - Analyzing class 'java/lang/reflect/Type'
16:19:06.763 [main] DEBUG com.tngtech.archunit.core.importer.JavaClassProcessor - Analyzing class 'com/fasterxml/jackson/databind/jsonFormatVisitors/JsonFormatVisitorWrapper'
16:19:06.765 [main] DEBUG com.tngtech.archunit.core.importer.JavaClassProcessor - Analyzing class 'com/fasterxml/jackson/annotation/JsonAutoDetect$Value'
16:19:06.767 [main] DEBUG com.tngtech.archunit.core.importer.JavaClassProcessor - Analyzing class 'java/util/ServiceLoader'
16:19:06.780 [main] DEBUG com.tngtech.archunit.core.importer.JavaClassProcessor - Analyzing class 'com/fasterxml/jackson/core/FormatSchema'
16:19:06.787 [main] DEBUG com.tngtech.archunit.core.importer.JavaClassProcessor - Analyzing class 'java/io/Writer'
16:19:06.790 [main] DEBUG com.tngtech.archunit.core.importer.JavaClassProcessor - Analyzing class 'com/fasterxml/jackson/core/PrettyPrinter'
16:19:06.796 [main] DEBUG com.tngtech.archunit.core.importer.JavaClassProcessor - Analyzing class 'com/fasterxml/jackson/core/JsonFactory$Feature'
16:19:06.798 [main] DEBUG com.tngtech.archunit.core.importer.JavaClassProcessor - Analyzing class 'com/fasterxml/jackson/annotation/JsonSetter$Value'
16:19:06.800 [main] DEBUG com.tngtech.archunit.core.importer.JavaClassProcessor - Analyzing class 'com/fasterxml/jackson/databind/introspect/ClassIntrospector'
16:19:06.802 [main] DEBUG com.tngtech.archunit.core.importer.JavaClassProcessor - Analyzing class 'com/fasterxml/jackson/databind/introspect/ClassIntrospector$MixInResolver'
16:19:06.804 [main] DEBUG com.tngtech.archunit.core.importer.JavaClassProcessor - Analyzing class 'com/fasterxml/jackson/annotation/PropertyAccessor'
16:19:06.807 [main] DEBUG com.tngtech.archunit.core.importer.JavaClassProcessor - Analyzing class 'com/fasterxml/jackson/annotation/JsonAutoDetect$Visibility'
16:19:06.817 [main] DEBUG com.tngtech.archunit.core.importer.JavaClassProcessor - Analyzing class 'com/fasterxml/jackson/databind/cfg/ConstructorDetector'
16:19:06.820 [main] DEBUG com.tngtech.archunit.core.importer.JavaClassProcessor - Analyzing class 'com/fasterxml/jackson/core/io/CharacterEscapes'
16:19:06.826 [main] DEBUG com.tngtech.archunit.core.importer.JavaClassProcessor - Analyzing class 'org/springframework/http/HttpStatus$Series'
16:19:06.830 [main] DEBUG com.tngtech.archunit.core.importer.JavaClassProcessor - Analyzing class 'org/springframework/http/converter/HttpMessageNotWritableException'
16:19:06.831 [main] DEBUG com.tngtech.archunit.core.importer.JavaClassProcessor - Analyzing class 'org/springframework/web/bind/MissingServletRequestParameterException'
16:19:06.833 [main] DEBUG com.tngtech.archunit.core.importer.JavaClassProcessor - Analyzing class 'org/springframework/web/bind/ServletRequestBindingException'
16:19:06.834 [main] DEBUG com.tngtech.archunit.core.importer.JavaClassProcessor - Analyzing class 'org/springframework/web/bind/MissingPathVariableException'
16:19:06.836 [main] DEBUG com.tngtech.archunit.core.importer.JavaClassProcessor - Analyzing class 'org/springframework/validation/BindException'
16:19:06.838 [main] DEBUG com.tngtech.archunit.core.importer.JavaClassProcessor - Analyzing class 'org/springframework/web/servlet/NoHandlerFoundException'
16:19:06.843 [main] DEBUG com.tngtech.archunit.core.importer.JavaClassProcessor - Analyzing class 'org/springframework/http/converter/HttpMessageNotReadableException'
16:19:06.846 [main] DEBUG com.tngtech.archunit.core.importer.JavaClassProcessor - Analyzing class 'org/springframework/beans/TypeMismatchException'
16:19:06.850 [main] DEBUG com.tngtech.archunit.core.importer.JavaClassProcessor - Analyzing class 'org/springframework/web/HttpRequestMethodNotSupportedException'
16:19:06.851 [main] DEBUG com.tngtech.archunit.core.importer.JavaClassProcessor - Analyzing class 'org/springframework/web/HttpMediaTypeNotAcceptableException'
16:19:06.853 [main] DEBUG com.tngtech.archunit.core.importer.JavaClassProcessor - Analyzing class 'org/springframework/beans/ConversionNotSupportedException'
16:19:06.854 [main] DEBUG com.tngtech.archunit.core.importer.JavaClassProcessor - Analyzing class 'org/springframework/web/multipart/support/MissingServletRequestPartException'
16:19:06.857 [main] DEBUG com.tngtech.archunit.core.importer.JavaClassProcessor - Analyzing class 'org/springframework/web/context/request/async/AsyncRequestTimeoutException'
16:19:06.858 [main] DEBUG com.tngtech.archunit.core.importer.JavaClassProcessor - Analyzing class 'org/springframework/web/HttpMediaTypeNotSupportedException'
16:19:06.860 [main] DEBUG com.tngtech.archunit.core.importer.JavaClassProcessor - Analyzing class 'org/springframework/web/bind/MethodArgumentNotValidException'
16:19:06.862 [main] DEBUG com.tngtech.archunit.core.importer.JavaClassProcessor - Analyzing class 'org/springframework/http/ResponseEntity$1'
16:19:06.863 [main] DEBUG com.tngtech.archunit.core.importer.JavaClassProcessor - Analyzing class 'java/lang/InterruptedException'
16:19:06.865 [main] DEBUG com.tngtech.archunit.core.importer.JavaClassProcessor - Analyzing class 'org/springframework/web/util/UriComponents$UriTemplateVariables'
16:19:06.871 [main] DEBUG com.tngtech.archunit.core.importer.JavaClassProcessor - Analyzing class 'org/springframework/web/bind/annotation/ResponseStatus'
16:19:06.882 [main] DEBUG com.tngtech.archunit.core.importer.JavaClassProcessor - Analyzing class 'com/fasterxml/jackson/annotation/JsonProperty'
16:19:06.885 [main] DEBUG com.tngtech.archunit.core.importer.JavaClassProcessor - Analyzing class 'org/springframework/stereotype/Component'
16:19:06.890 [main] DEBUG com.tngtech.archunit.core.importer.JavaClassProcessor - Analyzing class 'org/hibernate/annotations/DynamicUpdate'
16:19:06.892 [main] DEBUG com.tngtech.archunit.core.importer.JavaClassProcessor - Analyzing class 'javax/persistence/Entity'
16:19:06.897 [main] DEBUG com.tngtech.archunit.core.importer.JavaClassProcessor - Analyzing class 'org/hibernate/annotations/Where'
16:19:06.898 [main] DEBUG com.tngtech.archunit.core.importer.JavaClassProcessor - Analyzing class 'javax/persistence/Table'
16:19:06.910 [main] DEBUG com.tngtech.archunit.core.importer.JavaClassProcessor - Analyzing class 'javax/validation/constraints/Size'
16:19:06.913 [main] DEBUG com.tngtech.archunit.core.importer.JavaClassProcessor - Analyzing class 'javax/persistence/Column'
16:19:06.915 [main] DEBUG com.tngtech.archunit.core.importer.JavaClassProcessor - Analyzing class 'javax/validation/constraints/NotBlank'
16:19:06.916 [main] DEBUG com.tngtech.archunit.core.importer.JavaClassProcessor - Analyzing class 'javax/persistence/JoinTable'
16:19:06.919 [main] DEBUG com.tngtech.archunit.core.importer.JavaClassProcessor - Analyzing class 'javax/persistence/JoinColumn'
16:19:06.922 [main] DEBUG com.tngtech.archunit.core.importer.JavaClassProcessor - Analyzing class 'javax/persistence/ManyToMany'
16:19:06.925 [main] DEBUG com.tngtech.archunit.core.importer.JavaClassProcessor - Analyzing class 'javax/persistence/FetchType'
16:19:06.926 [main] DEBUG com.tngtech.archunit.core.importer.JavaClassProcessor - Analyzing class 'javax/persistence/CascadeType'
16:19:06.936 [main] DEBUG com.tngtech.archunit.core.importer.JavaClassProcessor - Analyzing class 'org/springframework/boot/autoconfigure/SpringBootApplication'
16:19:06.940 [main] DEBUG com.tngtech.archunit.core.importer.JavaClassProcessor - Analyzing class 'org/mapstruct/Mapper'
16:19:06.943 [main] DEBUG com.tngtech.archunit.core.importer.JavaClassProcessor - Analyzing class 'org/mapstruct/Named'
16:19:06.944 [main] DEBUG com.tngtech.archunit.core.importer.JavaClassProcessor - Analyzing class 'org/mapstruct/Mapping'
16:19:06.948 [main] DEBUG com.tngtech.archunit.core.importer.JavaClassProcessor - Analyzing class 'org/springframework/web/bind/annotation/RestControllerAdvice'
16:19:06.951 [main] DEBUG com.tngtech.archunit.core.importer.JavaClassProcessor - Analyzing class 'org/springframework/web/bind/annotation/ExceptionHandler'
16:19:06.959 [main] DEBUG com.tngtech.archunit.core.importer.JavaClassProcessor - Analyzing class 'org/springframework/web/bind/annotation/RestController'
16:19:06.965 [main] DEBUG com.tngtech.archunit.core.importer.JavaClassProcessor - Analyzing class 'org/springframework/web/bind/annotation/GetMapping'
16:19:06.978 [main] DEBUG com.tngtech.archunit.core.importer.JavaClassProcessor - Analyzing class 'org/springframework/web/bind/annotation/PutMapping'
16:19:06.981 [main] DEBUG com.tngtech.archunit.core.importer.JavaClassProcessor - Analyzing class 'org/springframework/web/bind/annotation/PostMapping'
16:19:06.986 [main] DEBUG com.tngtech.archunit.core.importer.JavaClassProcessor - Analyzing class 'org/springframework/web/bind/annotation/DeleteMapping'
16:19:06.989 [main] DEBUG com.tngtech.archunit.core.importer.JavaClassProcessor - Analyzing class 'org/springframework/stereotype/Service'
16:19:06.993 [main] DEBUG com.tngtech.archunit.core.importer.JavaClassProcessor - Analyzing class 'org/springframework/transaction/annotation/Transactional'
16:19:06.994 [main] DEBUG com.tngtech.archunit.core.importer.JavaClassProcessor - Analyzing class 'org/springframework/transaction/annotation/Propagation'
16:19:06.997 [main] DEBUG com.tngtech.archunit.core.importer.JavaClassProcessor - Analyzing class 'org/springframework/stereotype/Repository'
16:19:06.998 [main] DEBUG com.tngtech.archunit.core.importer.JavaClassProcessor - Analyzing class 'org/springframework/data/jpa/repository/Query'
16:19:07.001 [main] DEBUG com.tngtech.archunit.core.importer.JavaClassProcessor - Analyzing class 'javax/persistence/metamodel/StaticMetamodel'
16:19:07.003 [main] DEBUG com.tngtech.archunit.core.importer.JavaClassProcessor - Analyzing class 'javax/persistence/EntityListeners'
16:19:07.005 [main] DEBUG com.tngtech.archunit.core.importer.JavaClassProcessor - Analyzing class 'org/springframework/data/jpa/domain/support/AuditingEntityListener'
16:19:07.007 [main] DEBUG com.tngtech.archunit.core.importer.JavaClassProcessor - Analyzing class 'javax/persistence/MappedSuperclass'
16:19:07.009 [main] DEBUG com.tngtech.archunit.core.importer.JavaClassProcessor - Analyzing class 'org/springframework/data/annotation/CreatedDate'
16:19:07.010 [main] DEBUG com.tngtech.archunit.core.importer.JavaClassProcessor - Analyzing class 'javax/persistence/Version'
16:19:07.012 [main] DEBUG com.tngtech.archunit.core.importer.JavaClassProcessor - Analyzing class 'javax/persistence/Id'
16:19:07.013 [main] DEBUG com.tngtech.archunit.core.importer.JavaClassProcessor - Analyzing class 'javax/persistence/GeneratedValue'
16:19:07.015 [main] DEBUG com.tngtech.archunit.core.importer.JavaClassProcessor - Analyzing class 'org/hibernate/annotations/GenericGenerator'
16:19:07.016 [main] DEBUG com.tngtech.archunit.core.importer.JavaClassProcessor - Analyzing class 'org/springframework/data/annotation/LastModifiedDate'
16:19:07.018 [main] DEBUG com.tngtech.archunit.core.importer.JavaClassProcessor - Analyzing class 'java/lang/Deprecated'
16:19:07.019 [main] DEBUG com.tngtech.archunit.core.importer.JavaClassProcessor - Analyzing class 'org/springframework/lang/Nullable'
16:19:07.021 [main] DEBUG com.tngtech.archunit.core.importer.JavaClassProcessor - Analyzing class 'org/springframework/data/repository/NoRepositoryBean'
16:19:07.022 [main] DEBUG com.tngtech.archunit.core.importer.JavaClassProcessor - Analyzing class 'java/lang/SafeVarargs'
16:19:07.023 [main] DEBUG com.tngtech.archunit.core.importer.JavaClassProcessor - Analyzing class 'java/lang/FunctionalInterface'
16:19:07.027 [main] DEBUG com.tngtech.archunit.core.importer.JavaClassProcessor - Analyzing class 'org/springframework/stereotype/Indexed'
16:19:07.085 [main] DEBUG com.tngtech.archunit.core.importer.JavaClassProcessor - Analyzing class 'com/fasterxml/jackson/databind/jsontype/NamedType'
16:19:07.088 [main] DEBUG com.tngtech.archunit.core.importer.JavaClassProcessor - Analyzing class 'java/util/regex/Pattern$GroupHead'
16:19:07.089 [main] DEBUG com.tngtech.archunit.core.importer.JavaClassProcessor - Analyzing class 'org/springframework/context/ApplicationListener'
16:19:07.092 [main] DEBUG com.tngtech.archunit.core.importer.JavaClassProcessor - Analyzing class 'com/fasterxml/jackson/annotation/JsonSetter'
16:19:07.093 [main] DEBUG com.tngtech.archunit.core.importer.JavaClassProcessor - Analyzing class 'java/nio/file/AccessMode'
16:19:07.094 [main] DEBUG com.tngtech.archunit.core.importer.JavaClassProcessor - Analyzing class 'java/nio/file/OpenOption'
16:19:07.096 [main] DEBUG com.tngtech.archunit.core.importer.JavaClassProcessor - Analyzing class 'org/springframework/context/ApplicationContextInitializer'
16:19:07.097 [main] DEBUG com.tngtech.archunit.core.importer.JavaClassProcessor - Analyzing class 'java/io/ObjectStreamField'
16:19:07.098 [main] DEBUG com.tngtech.archunit.core.importer.JavaClassProcessor - Analyzing class 'java/nio/file/attribute/FileAttribute'
16:19:07.100 [main] DEBUG com.tngtech.archunit.core.importer.JavaClassProcessor - Analyzing class 'com/fasterxml/jackson/annotation/JsonAutoDetect'
16:19:07.101 [main] DEBUG com.tngtech.archunit.core.importer.JavaClassProcessor - Analyzing class 'java/nio/file/LinkOption'
16:19:07.102 [main] DEBUG com.tngtech.archunit.core.importer.JavaClassProcessor - Analyzing class 'com/fasterxml/jackson/annotation/JsonTypeInfo'
16:19:07.104 [main] DEBUG com.tngtech.archunit.core.importer.JavaClassProcessor - Analyzing class 'com/fasterxml/jackson/databind/introspect/AccessorNamingStrategy'
16:19:07.105 [main] DEBUG com.tngtech.archunit.core.importer.JavaClassProcessor - Analyzing class 'java/nio/file/CopyOption'
16:19:07.107 [main] DEBUG com.tngtech.archunit.core.importer.JavaClassProcessor - Analyzing class 'java/nio/file/FileVisitOption'
16:19:07.109 [main] DEBUG com.tngtech.archunit.core.importer.JavaClassProcessor - Analyzing class 'org/springframework/boot/ExitCodeGenerator'
16:19:07.110 [main] DEBUG com.tngtech.archunit.core.importer.JavaClassProcessor - Analyzing class 'java/nio/file/FileTreeWalker'
16:19:07.112 [main] DEBUG com.tngtech.archunit.core.importer.JavaClassProcessor - Analyzing class 'com/fasterxml/jackson/annotation/JsonInclude'
16:19:07.115 [main] DEBUG com.tngtech.archunit.core.importer.JavaClassProcessor - Analyzing class 'org/springframework/http/HttpMethod'
]]></system-out>
  </testcase>
  <testcase name="onlyServicesShouldBeAnnotatedWithService" classname="sn.ept.git.seminaire.cicd.demo.I_ArchTest" time="0.004"/>
  <testcase name="onlyResourcesShouldBeAnnotatedWithRestController" classname="sn.ept.git.seminaire.cicd.demo.I_ArchTest" time="0.008"/>
  <testcase name="resourcesShouldNotUseConcreteClassesOnServiceLayer" classname="sn.ept.git.seminaire.cicd.demo.I_ArchTest" time="0.025"/>
  <testcase name="onlyDomaineClassesShouldBeAnnotatedWithEntity" classname="sn.ept.git.seminaire.cicd.demo.I_ArchTest" time="0.004"/>
  <testcase name="servicesClassesNamesShouldEndWithIImpl" classname="sn.ept.git.seminaire.cicd.demo.I_ArchTest" time="0.002"/>
  <testcase name="servicesClassesShouldNotBeDirectlyInServicePackage" classname="sn.ept.git.seminaire.cicd.demo.I_ArchTest" time="0.006"/>
  <testcase name="resourcesNamesShouldEndWithResource" classname="sn.ept.git.seminaire.cicd.demo.I_ArchTest" time="0.006"/>
  <testcase name="servicesComponentsAndRepositoriesShouldNotDependOnWebLayer" classname="sn.ept.git.seminaire.cicd.demo.I_ArchTest" time="0.014"/>
  <testcase name="servicesShouldNotDependOnServiceLayer" classname="sn.ept.git.seminaire.cicd.demo.I_ArchTest" time="0.003"/>
  <testcase name="onlyDomaineClassesShouldBeAnnotatedWithTable" classname="sn.ept.git.seminaire.cicd.demo.I_ArchTest" time="0.005"/>
  <testcase name="servicesInterfacesShouldNotBeInServiceImplPackage" classname="sn.ept.git.seminaire.cicd.demo.I_ArchTest" time="0.005"/>
  <testcase name="resourcesShouldNotDependOnRepositoryLayer" classname="sn.ept.git.seminaire.cicd.demo.I_ArchTest" time="0.003"/>
</testsuite>